[0.071s] Invoking command in '/home/loic/Desktop/Xcar_chidi/raspberryPI3/ros2_ws/build/interfaces': CMAKE_PREFIX_PATH=/opt/ros/humble /usr/bin/cmake /home/loic/Desktop/Xcar_chidi/raspberryPI3/ros2_ws/src/interfaces -DCMAKE_INSTALL_PREFIX=/home/loic/Desktop/Xcar_chidi/raspberryPI3/ros2_ws/install/interfaces
[0.231s] -- The C compiler identification is GNU 11.4.0
[0.350s] -- The CXX compiler identification is GNU 11.4.0
[0.364s] -- Detecting C compiler ABI info
[0.483s] -- Detecting C compiler ABI info - done
[0.493s] -- Check for working C compiler: /usr/bin/cc - skipped
[0.493s] -- Detecting C compile features
[0.494s] -- Detecting C compile features - done
[0.499s] -- Detecting CXX compiler ABI info
[0.621s] -- Detecting CXX compiler ABI info - done
[0.632s] -- Check for working CXX compiler: /usr/bin/c++ - skipped
[0.632s] -- Detecting CXX compile features
[0.633s] -- Detecting CXX compile features - done
[0.638s] -- Found ament_cmake: 1.3.5 (/opt/ros/humble/share/ament_cmake/cmake)
[0.913s] -- Found Python3: /usr/bin/python3.10 (found version "3.10.12") found components: Interpreter 
[1.045s] -- Found rclcpp: 16.0.6 (/opt/ros/humble/share/rclcpp/cmake)
[1.114s] -- Found rosidl_generator_c: 3.1.5 (/opt/ros/humble/share/rosidl_generator_c/cmake)
[1.121s] -- Found rosidl_adapter: 3.1.5 (/opt/ros/humble/share/rosidl_adapter/cmake)
[1.134s] -- Found rosidl_generator_cpp: 3.1.5 (/opt/ros/humble/share/rosidl_generator_cpp/cmake)
[1.157s] -- Using all available rosidl_typesupport_c: rosidl_typesupport_fastrtps_c;rosidl_typesupport_introspection_c
[1.187s] -- Using all available rosidl_typesupport_cpp: rosidl_typesupport_fastrtps_cpp;rosidl_typesupport_introspection_cpp
[1.293s] -- Found rmw_implementation_cmake: 6.1.1 (/opt/ros/humble/share/rmw_implementation_cmake/cmake)
[1.297s] -- Found rmw_fastrtps_cpp: 6.2.4 (/opt/ros/humble/share/rmw_fastrtps_cpp/cmake)
[1.453s] -- Found OpenSSL: /usr/lib/x86_64-linux-gnu/libcrypto.so (found version "3.0.2")  
[1.489s] -- Found FastRTPS: /opt/ros/humble/include  
[1.554s] -- Using RMW implementation 'rmw_fastrtps_cpp' as default
[1.572s] -- Looking for pthread.h
[1.683s] -- Looking for pthread.h - found
[1.683s] -- Performing Test CMAKE_HAVE_LIBC_PTHREAD
[1.795s] -- Performing Test CMAKE_HAVE_LIBC_PTHREAD - Success
[1.797s] -- Found Threads: TRUE  
[2.015s] -- Found rosidl_default_generators: 1.2.0 (/opt/ros/humble/share/rosidl_default_generators/cmake)
[2.489s] -- Found ament_cmake_ros: 0.10.0 (/opt/ros/humble/share/ament_cmake_ros/cmake)
[2.925s] -- Using all available rosidl_typesupport_c: rosidl_typesupport_fastrtps_c;rosidl_typesupport_introspection_c
[3.088s] -- Using all available rosidl_typesupport_cpp: rosidl_typesupport_fastrtps_cpp;rosidl_typesupport_introspection_cpp
[3.118s] -- Found PythonInterp: /usr/bin/python3 (found suitable version "3.10.12", minimum required is "3.6") 
[3.122s] -- Found python_cmake_module: 0.10.0 (/opt/ros/humble/share/python_cmake_module/cmake)
[3.156s] -- Found PythonLibs: /usr/lib/x86_64-linux-gnu/libpython3.10.so (found suitable version "3.10.12", minimum required is "3.5") 
[3.157s] -- Using PYTHON_EXECUTABLE: /usr/bin/python3
[3.157s] -- Using PYTHON_INCLUDE_DIRS: /usr/include/python3.10
[3.157s] -- Using PYTHON_LIBRARIES: /usr/lib/x86_64-linux-gnu/libpython3.10.so
[3.184s] -- Found PythonExtra: .so  
[3.230s] -- Found ament_lint_auto: 0.12.8 (/opt/ros/humble/share/ament_lint_auto/cmake)
[3.270s] -- Added test 'lint_cmake' to check CMake code style
[3.272s] -- Added test 'xmllint' to check XML markup files
[3.276s] -- Configuring done
[3.334s] -- Generating done
[3.339s] -- Build files have been written to: /home/loic/Desktop/Xcar_chidi/raspberryPI3/ros2_ws/build/interfaces
[3.357s] Invoked command in '/home/loic/Desktop/Xcar_chidi/raspberryPI3/ros2_ws/build/interfaces' returned '0': CMAKE_PREFIX_PATH=/opt/ros/humble /usr/bin/cmake /home/loic/Desktop/Xcar_chidi/raspberryPI3/ros2_ws/src/interfaces -DCMAKE_INSTALL_PREFIX=/home/loic/Desktop/Xcar_chidi/raspberryPI3/ros2_ws/install/interfaces
[3.360s] Invoking command in '/home/loic/Desktop/Xcar_chidi/raspberryPI3/ros2_ws/build/interfaces': CMAKE_PREFIX_PATH=/opt/ros/humble /usr/bin/cmake --build /home/loic/Desktop/Xcar_chidi/raspberryPI3/ros2_ws/build/interfaces -- -j8 -l8
[3.454s] [  1%] [34m[1mGenerating C code for ROS interfaces[0m
[3.485s] [  2%] [34m[1mGenerating C++ code for ROS interfaces[0m
[3.491s] [  2%] Built target ament_cmake_python_copy_interfaces
[3.882s] running egg_info
[3.883s] creating interfaces.egg-info
[3.883s] writing interfaces.egg-info/PKG-INFO
[3.883s] writing dependency_links to interfaces.egg-info/dependency_links.txt
[3.884s] writing top-level names to interfaces.egg-info/top_level.txt
[3.884s] writing manifest file 'interfaces.egg-info/SOURCES.txt'
[3.888s] reading manifest file 'interfaces.egg-info/SOURCES.txt'
[3.888s] writing manifest file 'interfaces.egg-info/SOURCES.txt'
[3.941s] [  2%] Built target ament_cmake_python_build_interfaces_egg
[5.104s] [  3%] [32mBuilding C object CMakeFiles/interfaces__rosidl_generator_c.dir/rosidl_generator_c/interfaces/msg/detail/joystick_order__functions.c.o[0m
[5.107s] [  4%] [32mBuilding C object CMakeFiles/interfaces__rosidl_generator_c.dir/rosidl_generator_c/interfaces/msg/detail/motors_order__functions.c.o[0m
[5.111s] [  5%] [32mBuilding C object CMakeFiles/interfaces__rosidl_generator_c.dir/rosidl_generator_c/interfaces/msg/detail/motors_feedback__functions.c.o[0m
[5.131s] [  6%] [32mBuilding C object CMakeFiles/interfaces__rosidl_generator_c.dir/rosidl_generator_c/interfaces/msg/detail/general_data__functions.c.o[0m
[5.136s] [  7%] [32mBuilding C object CMakeFiles/interfaces__rosidl_generator_c.dir/rosidl_generator_c/interfaces/msg/detail/steering_calibration__functions.c.o[0m
[5.155s] [  8%] [32mBuilding C object CMakeFiles/interfaces__rosidl_generator_c.dir/rosidl_generator_c/interfaces/msg/detail/ultrasonic__functions.c.o[0m
[5.187s] [  8%] Built target interfaces__cpp
[5.198s] [  9%] [32mBuilding C object CMakeFiles/interfaces__rosidl_generator_c.dir/rosidl_generator_c/interfaces/msg/detail/gnss__functions.c.o[0m
[5.202s] [ 10%] [32mBuilding C object CMakeFiles/interfaces__rosidl_generator_c.dir/rosidl_generator_c/interfaces/msg/detail/system_check__functions.c.o[0m
[5.207s] [ 11%] [32mBuilding C object CMakeFiles/interfaces__rosidl_generator_c.dir/rosidl_generator_c/interfaces/msg/detail/state__functions.c.o[0m
[5.219s] [ 13%] [34m[1mGenerating C++ type support for eProsima Fast-RTPS[0m
[5.219s] [ 13%] [34m[1mGenerating C++ type support dispatch for ROS interfaces[0m
[5.232s] [ 14%] [34m[1mGenerating C++ introspection for ROS interfaces[0m
[5.314s] [ 15%] [32m[1mLinking C shared library libinterfaces__rosidl_generator_c.so[0m
[5.394s] [ 15%] Built target interfaces__rosidl_generator_c
[5.412s] [ 16%] [34m[1mGenerating C introspection for ROS interfaces[0m
[5.415s] [ 18%] [34m[1mGenerating C type support for eProsima Fast-RTPS[0m
[5.416s] [ 18%] [34m[1mGenerating C type support dispatch for ROS interfaces[0m
[6.862s] [ 20%] [32mBuilding CXX object CMakeFiles/interfaces__rosidl_typesupport_fastrtps_cpp.dir/rosidl_typesupport_fastrtps_cpp/interfaces/msg/detail/dds_fastrtps/motors_order__type_support.cpp.o[0m
[6.864s] [ 21%] [32mBuilding CXX object CMakeFiles/interfaces__rosidl_typesupport_fastrtps_cpp.dir/rosidl_typesupport_fastrtps_cpp/interfaces/msg/detail/dds_fastrtps/motors_feedback__type_support.cpp.o[0m
[6.864s] [ 22%] [32mBuilding CXX object CMakeFiles/interfaces__rosidl_typesupport_fastrtps_cpp.dir/rosidl_typesupport_fastrtps_cpp/interfaces/msg/detail/dds_fastrtps/joystick_order__type_support.cpp.o[0m
[6.898s] [ 23%] [32mBuilding CXX object CMakeFiles/interfaces__rosidl_typesupport_c.dir/rosidl_typesupport_c/interfaces/msg/joystick_order__type_support.cpp.o[0m
[6.988s] [ 24%] [32mBuilding CXX object CMakeFiles/interfaces__rosidl_typesupport_c.dir/rosidl_typesupport_c/interfaces/msg/motors_order__type_support.cpp.o[0m
[7.067s] [ 25%] [32mBuilding CXX object CMakeFiles/interfaces__rosidl_typesupport_c.dir/rosidl_typesupport_c/interfaces/msg/motors_feedback__type_support.cpp.o[0m
[7.146s] [ 26%] [32mBuilding CXX object CMakeFiles/interfaces__rosidl_typesupport_c.dir/rosidl_typesupport_c/interfaces/msg/general_data__type_support.cpp.o[0m
[7.236s] [ 27%] [32mBuilding CXX object CMakeFiles/interfaces__rosidl_typesupport_c.dir/rosidl_typesupport_c/interfaces/msg/steering_calibration__type_support.cpp.o[0m
[7.253s] [ 28%] [32mBuilding CXX object CMakeFiles/interfaces__rosidl_typesupport_cpp.dir/rosidl_typesupport_cpp/interfaces/msg/joystick_order__type_support.cpp.o[0m
[7.329s] [ 29%] [32mBuilding CXX object CMakeFiles/interfaces__rosidl_typesupport_c.dir/rosidl_typesupport_c/interfaces/msg/ultrasonic__type_support.cpp.o[0m
[7.388s] [ 30%] [32mBuilding CXX object CMakeFiles/interfaces__rosidl_typesupport_c.dir/rosidl_typesupport_c/interfaces/msg/gnss__type_support.cpp.o[0m
[7.454s] [ 31%] [32mBuilding CXX object CMakeFiles/interfaces__rosidl_typesupport_c.dir/rosidl_typesupport_c/interfaces/msg/system_check__type_support.cpp.o[0m
[7.513s] [ 32%] [32mBuilding CXX object CMakeFiles/interfaces__rosidl_typesupport_c.dir/rosidl_typesupport_c/interfaces/msg/state__type_support.cpp.o[0m
[7.586s] [ 33%] [32m[1mLinking CXX shared library libinterfaces__rosidl_typesupport_c.so[0m
[7.626s] [ 34%] [32mBuilding C object CMakeFiles/interfaces__rosidl_typesupport_introspection_c.dir/rosidl_typesupport_introspection_c/interfaces/msg/detail/joystick_order__type_support.c.o[0m
[7.655s] [ 35%] [32mBuilding CXX object CMakeFiles/interfaces__rosidl_typesupport_introspection_cpp.dir/rosidl_typesupport_introspection_cpp/interfaces/msg/detail/joystick_order__type_support.cpp.o[0m
[7.707s] [ 35%] Built target interfaces__rosidl_typesupport_c
[7.725s] [ 36%] [32mBuilding CXX object CMakeFiles/interfaces__rosidl_typesupport_cpp.dir/rosidl_typesupport_cpp/interfaces/msg/motors_order__type_support.cpp.o[0m
[7.740s] [ 37%] [32mBuilding C object CMakeFiles/interfaces__rosidl_typesupport_introspection_c.dir/rosidl_typesupport_introspection_c/interfaces/msg/detail/motors_order__type_support.c.o[0m
[7.770s] [ 38%] [32mBuilding CXX object CMakeFiles/interfaces__rosidl_typesupport_fastrtps_cpp.dir/rosidl_typesupport_fastrtps_cpp/interfaces/msg/detail/dds_fastrtps/general_data__type_support.cpp.o[0m
[7.778s] [ 40%] [32mBuilding CXX object CMakeFiles/interfaces__rosidl_typesupport_introspection_cpp.dir/rosidl_typesupport_introspection_cpp/interfaces/msg/detail/motors_order__type_support.cpp.o[0m
[7.803s] [ 41%] [32mBuilding C object CMakeFiles/interfaces__rosidl_typesupport_introspection_c.dir/rosidl_typesupport_introspection_c/interfaces/msg/detail/motors_feedback__type_support.c.o[0m
[7.806s] [ 42%] [32mBuilding CXX object CMakeFiles/interfaces__rosidl_typesupport_introspection_cpp.dir/rosidl_typesupport_introspection_cpp/interfaces/msg/detail/motors_feedback__type_support.cpp.o[0m
[7.812s] [ 43%] [32mBuilding CXX object CMakeFiles/interfaces__rosidl_typesupport_cpp.dir/rosidl_typesupport_cpp/interfaces/msg/motors_feedback__type_support.cpp.o[0m
[7.872s] [ 44%] [32mBuilding C object CMakeFiles/interfaces__rosidl_typesupport_introspection_c.dir/rosidl_typesupport_introspection_c/interfaces/msg/detail/general_data__type_support.c.o[0m
[7.937s] [ 45%] [32mBuilding C object CMakeFiles/interfaces__rosidl_typesupport_introspection_c.dir/rosidl_typesupport_introspection_c/interfaces/msg/detail/steering_calibration__type_support.c.o[0m
[8.020s] [ 46%] [32mBuilding C object CMakeFiles/interfaces__rosidl_typesupport_introspection_c.dir/rosidl_typesupport_introspection_c/interfaces/msg/detail/ultrasonic__type_support.c.o[0m
[8.128s] [ 47%] [32mBuilding C object CMakeFiles/interfaces__rosidl_typesupport_introspection_c.dir/rosidl_typesupport_introspection_c/interfaces/msg/detail/gnss__type_support.c.o[0m
[8.163s] [ 48%] [32mBuilding CXX object CMakeFiles/interfaces__rosidl_typesupport_fastrtps_c.dir/rosidl_typesupport_fastrtps_c/interfaces/msg/detail/joystick_order__type_support_c.cpp.o[0m
[8.221s] [ 49%] [32mBuilding C object CMakeFiles/interfaces__rosidl_typesupport_introspection_c.dir/rosidl_typesupport_introspection_c/interfaces/msg/detail/system_check__type_support.c.o[0m
[8.297s] [ 50%] [32mBuilding CXX object CMakeFiles/interfaces__rosidl_typesupport_fastrtps_c.dir/rosidl_typesupport_fastrtps_c/interfaces/msg/detail/motors_order__type_support_c.cpp.o[0m
[8.315s] [ 51%] [32mBuilding C object CMakeFiles/interfaces__rosidl_typesupport_introspection_c.dir/rosidl_typesupport_introspection_c/interfaces/msg/detail/state__type_support.c.o[0m
[8.406s] [ 52%] [32mBuilding CXX object CMakeFiles/interfaces__rosidl_typesupport_cpp.dir/rosidl_typesupport_cpp/interfaces/msg/general_data__type_support.cpp.o[0m
[8.409s] [ 53%] [32m[1mLinking C shared library libinterfaces__rosidl_typesupport_introspection_c.so[0m
[8.502s] [ 54%] [32mBuilding CXX object CMakeFiles/interfaces__rosidl_typesupport_cpp.dir/rosidl_typesupport_cpp/interfaces/msg/steering_calibration__type_support.cpp.o[0m
[8.502s] [ 54%] Built target interfaces__rosidl_typesupport_introspection_c
[8.523s] [ 55%] [32mBuilding CXX object CMakeFiles/interfaces__rosidl_typesupport_cpp.dir/rosidl_typesupport_cpp/interfaces/msg/ultrasonic__type_support.cpp.o[0m
[8.583s] [ 56%] [32mBuilding CXX object CMakeFiles/interfaces__rosidl_typesupport_introspection_cpp.dir/rosidl_typesupport_introspection_cpp/interfaces/msg/detail/general_data__type_support.cpp.o[0m
[8.631s] [ 57%] [32mBuilding CXX object CMakeFiles/interfaces__rosidl_typesupport_introspection_cpp.dir/rosidl_typesupport_introspection_cpp/interfaces/msg/detail/steering_calibration__type_support.cpp.o[0m
[8.647s] [ 58%] [32mBuilding CXX object CMakeFiles/interfaces__rosidl_typesupport_fastrtps_cpp.dir/rosidl_typesupport_fastrtps_cpp/interfaces/msg/detail/dds_fastrtps/steering_calibration__type_support.cpp.o[0m
[8.915s] [ 60%] [32mBuilding CXX object CMakeFiles/interfaces__rosidl_typesupport_cpp.dir/rosidl_typesupport_cpp/interfaces/msg/gnss__type_support.cpp.o[0m
[8.941s] [ 61%] [32mBuilding CXX object CMakeFiles/interfaces__rosidl_typesupport_fastrtps_c.dir/rosidl_typesupport_fastrtps_c/interfaces/msg/detail/motors_feedback__type_support_c.cpp.o[0m
[9.066s] [ 62%] [32mBuilding CXX object CMakeFiles/interfaces__rosidl_typesupport_fastrtps_c.dir/rosidl_typesupport_fastrtps_c/interfaces/msg/detail/general_data__type_support_c.cpp.o[0m
[9.079s] [ 63%] [32mBuilding CXX object CMakeFiles/interfaces__rosidl_typesupport_cpp.dir/rosidl_typesupport_cpp/interfaces/msg/system_check__type_support.cpp.o[0m
[9.081s] [ 64%] [32mBuilding CXX object CMakeFiles/interfaces__rosidl_typesupport_cpp.dir/rosidl_typesupport_cpp/interfaces/msg/state__type_support.cpp.o[0m
[9.445s] [ 65%] [32mBuilding CXX object CMakeFiles/interfaces__rosidl_typesupport_fastrtps_c.dir/rosidl_typesupport_fastrtps_c/interfaces/msg/detail/steering_calibration__type_support_c.cpp.o[0m
[9.475s] [ 66%] [32mBuilding CXX object CMakeFiles/interfaces__rosidl_typesupport_introspection_cpp.dir/rosidl_typesupport_introspection_cpp/interfaces/msg/detail/ultrasonic__type_support.cpp.o[0m
[9.488s] [ 67%] [32mBuilding CXX object CMakeFiles/interfaces__rosidl_typesupport_introspection_cpp.dir/rosidl_typesupport_introspection_cpp/interfaces/msg/detail/gnss__type_support.cpp.o[0m
[9.497s] [ 68%] [32mBuilding CXX object CMakeFiles/interfaces__rosidl_typesupport_fastrtps_cpp.dir/rosidl_typesupport_fastrtps_cpp/interfaces/msg/detail/dds_fastrtps/ultrasonic__type_support.cpp.o[0m
[9.617s] [ 69%] [32mBuilding CXX object CMakeFiles/interfaces__rosidl_typesupport_fastrtps_cpp.dir/rosidl_typesupport_fastrtps_cpp/interfaces/msg/detail/dds_fastrtps/gnss__type_support.cpp.o[0m
[9.687s] [ 70%] [32m[1mLinking CXX shared library libinterfaces__rosidl_typesupport_cpp.so[0m
[9.732s] [ 71%] [32mBuilding CXX object CMakeFiles/interfaces__rosidl_typesupport_fastrtps_c.dir/rosidl_typesupport_fastrtps_c/interfaces/msg/detail/ultrasonic__type_support_c.cpp.o[0m
[9.822s] [ 71%] Built target interfaces__rosidl_typesupport_cpp
[9.863s] [ 72%] [32mBuilding CXX object CMakeFiles/interfaces__rosidl_typesupport_fastrtps_c.dir/rosidl_typesupport_fastrtps_c/interfaces/msg/detail/gnss__type_support_c.cpp.o[0m
[9.865s] [ 73%] [32mBuilding CXX object CMakeFiles/interfaces__rosidl_typesupport_fastrtps_cpp.dir/rosidl_typesupport_fastrtps_cpp/interfaces/msg/detail/dds_fastrtps/system_check__type_support.cpp.o[0m
[10.237s] [ 74%] [32mBuilding CXX object CMakeFiles/interfaces__rosidl_typesupport_fastrtps_c.dir/rosidl_typesupport_fastrtps_c/interfaces/msg/detail/system_check__type_support_c.cpp.o[0m
[10.385s] [ 75%] [32mBuilding CXX object CMakeFiles/interfaces__rosidl_typesupport_introspection_cpp.dir/rosidl_typesupport_introspection_cpp/interfaces/msg/detail/system_check__type_support.cpp.o[0m
[10.486s] [ 76%] [32mBuilding CXX object CMakeFiles/interfaces__rosidl_typesupport_introspection_cpp.dir/rosidl_typesupport_introspection_cpp/interfaces/msg/detail/state__type_support.cpp.o[0m
[10.534s] [ 77%] [32mBuilding CXX object CMakeFiles/interfaces__rosidl_typesupport_fastrtps_cpp.dir/rosidl_typesupport_fastrtps_cpp/interfaces/msg/detail/dds_fastrtps/state__type_support.cpp.o[0m
[10.611s] [ 78%] [32mBuilding CXX object CMakeFiles/interfaces__rosidl_typesupport_fastrtps_c.dir/rosidl_typesupport_fastrtps_c/interfaces/msg/detail/state__type_support_c.cpp.o[0m
[11.239s] [ 80%] [32m[1mLinking CXX shared library libinterfaces__rosidl_typesupport_introspection_cpp.so[0m
[11.246s] [ 81%] [32m[1mLinking CXX shared library libinterfaces__rosidl_typesupport_fastrtps_c.so[0m
[11.262s] [ 82%] [32m[1mLinking CXX shared library libinterfaces__rosidl_typesupport_fastrtps_cpp.so[0m
[11.425s] [ 82%] Built target interfaces__rosidl_typesupport_introspection_cpp
[11.451s] [ 82%] Built target interfaces__rosidl_typesupport_fastrtps_c
[11.469s] [ 82%] Built target interfaces__rosidl_typesupport_fastrtps_cpp
[11.501s] [ 82%] Built target interfaces
[11.535s] [ 83%] [34m[1mGenerating Python code for ROS interfaces[0m
[13.972s] [ 83%] Built target interfaces__py
[14.005s] [ 87%] [32mBuilding C object CMakeFiles/interfaces__rosidl_generator_py.dir/rosidl_generator_py/interfaces/msg/_general_data_s.c.o[0m
[14.005s] [ 87%] [32mBuilding C object CMakeFiles/interfaces__rosidl_generator_py.dir/rosidl_generator_py/interfaces/msg/_motors_feedback_s.c.o[0m
[14.005s] [ 87%] [32mBuilding C object CMakeFiles/interfaces__rosidl_generator_py.dir/rosidl_generator_py/interfaces/msg/_joystick_order_s.c.o[0m
[14.005s] [ 88%] [32mBuilding C object CMakeFiles/interfaces__rosidl_generator_py.dir/rosidl_generator_py/interfaces/msg/_ultrasonic_s.c.o[0m
[14.006s] [ 89%] [32mBuilding C object CMakeFiles/interfaces__rosidl_generator_py.dir/rosidl_generator_py/interfaces/msg/_steering_calibration_s.c.o[0m
[14.007s] [ 89%] [32mBuilding C object CMakeFiles/interfaces__rosidl_generator_py.dir/rosidl_generator_py/interfaces/msg/_motors_order_s.c.o[0m
[14.007s] [ 91%] [32mBuilding C object CMakeFiles/interfaces__rosidl_generator_py.dir/rosidl_generator_py/interfaces/msg/_gnss_s.c.o[0m
[14.007s] [ 91%] [32mBuilding C object CMakeFiles/interfaces__rosidl_generator_py.dir/rosidl_generator_py/interfaces/msg/_system_check_s.c.o[0m
[14.218s] [ 92%] [32mBuilding C object CMakeFiles/interfaces__rosidl_generator_py.dir/rosidl_generator_py/interfaces/msg/_state_s.c.o[0m
[14.350s] [ 93%] [32m[1mLinking C shared library rosidl_generator_py/interfaces/libinterfaces__rosidl_generator_py.so[0m
[14.417s] [ 93%] Built target interfaces__rosidl_generator_py
[14.448s] [ 96%] [32mBuilding C object CMakeFiles/interfaces__rosidl_typesupport_fastrtps_c__pyext.dir/rosidl_generator_py/interfaces/_interfaces_s.ep.rosidl_typesupport_fastrtps_c.c.o[0m
[14.449s] [ 96%] [32mBuilding C object CMakeFiles/interfaces__rosidl_typesupport_introspection_c__pyext.dir/rosidl_generator_py/interfaces/_interfaces_s.ep.rosidl_typesupport_introspection_c.c.o[0m
[14.449s] [ 96%] [32mBuilding C object CMakeFiles/interfaces__rosidl_typesupport_c__pyext.dir/rosidl_generator_py/interfaces/_interfaces_s.ep.rosidl_typesupport_c.c.o[0m
[14.626s] [ 98%] [32m[1mLinking C shared library rosidl_generator_py/interfaces/interfaces_s__rosidl_typesupport_introspection_c.cpython-310-x86_64-linux-gnu.so[0m
[14.627s] [ 98%] [32m[1mLinking C shared library rosidl_generator_py/interfaces/interfaces_s__rosidl_typesupport_c.cpython-310-x86_64-linux-gnu.so[0m
[14.633s] [100%] [32m[1mLinking C shared library rosidl_generator_py/interfaces/interfaces_s__rosidl_typesupport_fastrtps_c.cpython-310-x86_64-linux-gnu.so[0m
[14.679s] [100%] Built target interfaces__rosidl_typesupport_introspection_c__pyext
[14.679s] [100%] Built target interfaces__rosidl_typesupport_c__pyext
[14.688s] [100%] Built target interfaces__rosidl_typesupport_fastrtps_c__pyext
[14.711s] Invoked command in '/home/loic/Desktop/Xcar_chidi/raspberryPI3/ros2_ws/build/interfaces' returned '0': CMAKE_PREFIX_PATH=/opt/ros/humble /usr/bin/cmake --build /home/loic/Desktop/Xcar_chidi/raspberryPI3/ros2_ws/build/interfaces -- -j8 -l8
[15.001s] Invoking command in '/home/loic/Desktop/Xcar_chidi/raspberryPI3/ros2_ws/build/interfaces': CMAKE_PREFIX_PATH=/opt/ros/humble /usr/bin/cmake --install /home/loic/Desktop/Xcar_chidi/raspberryPI3/ros2_ws/build/interfaces
[15.011s] -- Install configuration: ""
[15.011s] -- Installing: /home/loic/Desktop/Xcar_chidi/raspberryPI3/ros2_ws/install/interfaces/share/ament_index/resource_index/rosidl_interfaces/interfaces
[15.012s] -- Installing: /home/loic/Desktop/Xcar_chidi/raspberryPI3/ros2_ws/install/interfaces/include/interfaces/interfaces
[15.012s] -- Installing: /home/loic/Desktop/Xcar_chidi/raspberryPI3/ros2_ws/install/interfaces/include/interfaces/interfaces/msg
[15.012s] -- Installing: /home/loic/Desktop/Xcar_chidi/raspberryPI3/ros2_ws/install/interfaces/include/interfaces/interfaces/msg/general_data.h
[15.012s] -- Installing: /home/loic/Desktop/Xcar_chidi/raspberryPI3/ros2_ws/install/interfaces/include/interfaces/interfaces/msg/system_check.h
[15.012s] -- Installing: /home/loic/Desktop/Xcar_chidi/raspberryPI3/ros2_ws/install/interfaces/include/interfaces/interfaces/msg/steering_calibration.h
[15.013s] -- Installing: /home/loic/Desktop/Xcar_chidi/raspberryPI3/ros2_ws/install/interfaces/include/interfaces/interfaces/msg/state.h
[15.013s] -- Installing: /home/loic/Desktop/Xcar_chidi/raspberryPI3/ros2_ws/install/interfaces/include/interfaces/interfaces/msg/ultrasonic.h
[15.013s] -- Installing: /home/loic/Desktop/Xcar_chidi/raspberryPI3/ros2_ws/install/interfaces/include/interfaces/interfaces/msg/detail
[15.013s] -- Installing: /home/loic/Desktop/Xcar_chidi/raspberryPI3/ros2_ws/install/interfaces/include/interfaces/interfaces/msg/detail/motors_order__functions.c
[15.014s] -- Installing: /home/loic/Desktop/Xcar_chidi/raspberryPI3/ros2_ws/install/interfaces/include/interfaces/interfaces/msg/detail/motors_feedback__functions.c
[15.014s] -- Installing: /home/loic/Desktop/Xcar_chidi/raspberryPI3/ros2_ws/install/interfaces/include/interfaces/interfaces/msg/detail/ultrasonic__functions.h
[15.014s] -- Installing: /home/loic/Desktop/Xcar_chidi/raspberryPI3/ros2_ws/install/interfaces/include/interfaces/interfaces/msg/detail/gnss__functions.c
[15.014s] -- Installing: /home/loic/Desktop/Xcar_chidi/raspberryPI3/ros2_ws/install/interfaces/include/interfaces/interfaces/msg/detail/motors_feedback__struct.h
[15.015s] -- Installing: /home/loic/Desktop/Xcar_chidi/raspberryPI3/ros2_ws/install/interfaces/include/interfaces/interfaces/msg/detail/steering_calibration__struct.h
[15.015s] -- Installing: /home/loic/Desktop/Xcar_chidi/raspberryPI3/ros2_ws/install/interfaces/include/interfaces/interfaces/msg/detail/state__functions.c
[15.015s] -- Installing: /home/loic/Desktop/Xcar_chidi/raspberryPI3/ros2_ws/install/interfaces/include/interfaces/interfaces/msg/detail/system_check__type_support.h
[15.016s] -- Installing: /home/loic/Desktop/Xcar_chidi/raspberryPI3/ros2_ws/install/interfaces/include/interfaces/interfaces/msg/detail/ultrasonic__struct.h
[15.016s] -- Installing: /home/loic/Desktop/Xcar_chidi/raspberryPI3/ros2_ws/install/interfaces/include/interfaces/interfaces/msg/detail/general_data__functions.h
[15.016s] -- Installing: /home/loic/Desktop/Xcar_chidi/raspberryPI3/ros2_ws/install/interfaces/include/interfaces/interfaces/msg/detail/general_data__functions.c
[15.016s] -- Installing: /home/loic/Desktop/Xcar_chidi/raspberryPI3/ros2_ws/install/interfaces/include/interfaces/interfaces/msg/detail/ultrasonic__functions.c
[15.016s] -- Installing: /home/loic/Desktop/Xcar_chidi/raspberryPI3/ros2_ws/install/interfaces/include/interfaces/interfaces/msg/detail/joystick_order__struct.h
[15.017s] -- Installing: /home/loic/Desktop/Xcar_chidi/raspberryPI3/ros2_ws/install/interfaces/include/interfaces/interfaces/msg/detail/system_check__functions.c
[15.017s] -- Installing: /home/loic/Desktop/Xcar_chidi/raspberryPI3/ros2_ws/install/interfaces/include/interfaces/interfaces/msg/detail/gnss__functions.h
[15.017s] -- Installing: /home/loic/Desktop/Xcar_chidi/raspberryPI3/ros2_ws/install/interfaces/include/interfaces/interfaces/msg/detail/joystick_order__functions.c
[15.017s] -- Installing: /home/loic/Desktop/Xcar_chidi/raspberryPI3/ros2_ws/install/interfaces/include/interfaces/interfaces/msg/detail/motors_order__functions.h
[15.018s] -- Installing: /home/loic/Desktop/Xcar_chidi/raspberryPI3/ros2_ws/install/interfaces/include/interfaces/interfaces/msg/detail/system_check__functions.h
[15.018s] -- Installing: /home/loic/Desktop/Xcar_chidi/raspberryPI3/ros2_ws/install/interfaces/include/interfaces/interfaces/msg/detail/motors_feedback__functions.h
[15.018s] -- Installing: /home/loic/Desktop/Xcar_chidi/raspberryPI3/ros2_ws/install/interfaces/include/interfaces/interfaces/msg/detail/gnss__struct.h
[15.018s] -- Installing: /home/loic/Desktop/Xcar_chidi/raspberryPI3/ros2_ws/install/interfaces/include/interfaces/interfaces/msg/detail/motors_feedback__type_support.h
[15.018s] -- Installing: /home/loic/Desktop/Xcar_chidi/raspberryPI3/ros2_ws/install/interfaces/include/interfaces/interfaces/msg/detail/motors_order__struct.h
[15.019s] -- Installing: /home/loic/Desktop/Xcar_chidi/raspberryPI3/ros2_ws/install/interfaces/include/interfaces/interfaces/msg/detail/motors_order__type_support.h
[15.019s] -- Installing: /home/loic/Desktop/Xcar_chidi/raspberryPI3/ros2_ws/install/interfaces/include/interfaces/interfaces/msg/detail/joystick_order__functions.h
[15.019s] -- Installing: /home/loic/Desktop/Xcar_chidi/raspberryPI3/ros2_ws/install/interfaces/include/interfaces/interfaces/msg/detail/state__type_support.h
[15.019s] -- Installing: /home/loic/Desktop/Xcar_chidi/raspberryPI3/ros2_ws/install/interfaces/include/interfaces/interfaces/msg/detail/state__struct.h
[15.020s] -- Installing: /home/loic/Desktop/Xcar_chidi/raspberryPI3/ros2_ws/install/interfaces/include/interfaces/interfaces/msg/detail/state__functions.h
[15.020s] -- Installing: /home/loic/Desktop/Xcar_chidi/raspberryPI3/ros2_ws/install/interfaces/include/interfaces/interfaces/msg/detail/steering_calibration__type_support.h
[15.020s] -- Installing: /home/loic/Desktop/Xcar_chidi/raspberryPI3/ros2_ws/install/interfaces/include/interfaces/interfaces/msg/detail/steering_calibration__functions.c
[15.020s] -- Installing: /home/loic/Desktop/Xcar_chidi/raspberryPI3/ros2_ws/install/interfaces/include/interfaces/interfaces/msg/detail/joystick_order__type_support.h
[15.020s] -- Installing: /home/loic/Desktop/Xcar_chidi/raspberryPI3/ros2_ws/install/interfaces/include/interfaces/interfaces/msg/detail/steering_calibration__functions.h
[15.021s] -- Installing: /home/loic/Desktop/Xcar_chidi/raspberryPI3/ros2_ws/install/interfaces/include/interfaces/interfaces/msg/detail/gnss__type_support.h
[15.021s] -- Installing: /home/loic/Desktop/Xcar_chidi/raspberryPI3/ros2_ws/install/interfaces/include/interfaces/interfaces/msg/detail/system_check__struct.h
[15.021s] -- Installing: /home/loic/Desktop/Xcar_chidi/raspberryPI3/ros2_ws/install/interfaces/include/interfaces/interfaces/msg/detail/general_data__type_support.h
[15.021s] -- Installing: /home/loic/Desktop/Xcar_chidi/raspberryPI3/ros2_ws/install/interfaces/include/interfaces/interfaces/msg/detail/general_data__struct.h
[15.021s] -- Installing: /home/loic/Desktop/Xcar_chidi/raspberryPI3/ros2_ws/install/interfaces/include/interfaces/interfaces/msg/detail/ultrasonic__type_support.h
[15.021s] -- Installing: /home/loic/Desktop/Xcar_chidi/raspberryPI3/ros2_ws/install/interfaces/include/interfaces/interfaces/msg/motors_feedback.h
[15.022s] -- Installing: /home/loic/Desktop/Xcar_chidi/raspberryPI3/ros2_ws/install/interfaces/include/interfaces/interfaces/msg/gnss.h
[15.022s] -- Installing: /home/loic/Desktop/Xcar_chidi/raspberryPI3/ros2_ws/install/interfaces/include/interfaces/interfaces/msg/joystick_order.h
[15.022s] -- Installing: /home/loic/Desktop/Xcar_chidi/raspberryPI3/ros2_ws/install/interfaces/include/interfaces/interfaces/msg/rosidl_generator_c__visibility_control.h
[15.022s] -- Installing: /home/loic/Desktop/Xcar_chidi/raspberryPI3/ros2_ws/install/interfaces/include/interfaces/interfaces/msg/motors_order.h
[15.022s] -- Installing: /home/loic/Desktop/Xcar_chidi/raspberryPI3/ros2_ws/install/interfaces/share/interfaces/environment/library_path.sh
[15.023s] -- Installing: /home/loic/Desktop/Xcar_chidi/raspberryPI3/ros2_ws/install/interfaces/share/interfaces/environment/library_path.dsv
[15.023s] -- Installing: /home/loic/Desktop/Xcar_chidi/raspberryPI3/ros2_ws/install/interfaces/lib/libinterfaces__rosidl_generator_c.so
[15.023s] -- Set runtime path of "/home/loic/Desktop/Xcar_chidi/raspberryPI3/ros2_ws/install/interfaces/lib/libinterfaces__rosidl_generator_c.so" to ""
[15.024s] -- Up-to-date: /home/loic/Desktop/Xcar_chidi/raspberryPI3/ros2_ws/install/interfaces/include/interfaces/interfaces
[15.024s] -- Up-to-date: /home/loic/Desktop/Xcar_chidi/raspberryPI3/ros2_ws/install/interfaces/include/interfaces/interfaces/msg
[15.024s] -- Up-to-date: /home/loic/Desktop/Xcar_chidi/raspberryPI3/ros2_ws/install/interfaces/include/interfaces/interfaces/msg/detail
[15.024s] -- Installing: /home/loic/Desktop/Xcar_chidi/raspberryPI3/ros2_ws/install/interfaces/include/interfaces/interfaces/msg/detail/ultrasonic__rosidl_typesupport_fastrtps_c.h
[15.024s] -- Installing: /home/loic/Desktop/Xcar_chidi/raspberryPI3/ros2_ws/install/interfaces/include/interfaces/interfaces/msg/detail/gnss__rosidl_typesupport_fastrtps_c.h
[15.024s] -- Installing: /home/loic/Desktop/Xcar_chidi/raspberryPI3/ros2_ws/install/interfaces/include/interfaces/interfaces/msg/detail/joystick_order__rosidl_typesupport_fastrtps_c.h
[15.024s] -- Installing: /home/loic/Desktop/Xcar_chidi/raspberryPI3/ros2_ws/install/interfaces/include/interfaces/interfaces/msg/detail/motors_order__rosidl_typesupport_fastrtps_c.h
[15.024s] -- Installing: /home/loic/Desktop/Xcar_chidi/raspberryPI3/ros2_ws/install/interfaces/include/interfaces/interfaces/msg/detail/motors_feedback__rosidl_typesupport_fastrtps_c.h
[15.025s] -- Installing: /home/loic/Desktop/Xcar_chidi/raspberryPI3/ros2_ws/install/interfaces/include/interfaces/interfaces/msg/detail/steering_calibration__rosidl_typesupport_fastrtps_c.h
[15.025s] -- Installing: /home/loic/Desktop/Xcar_chidi/raspberryPI3/ros2_ws/install/interfaces/include/interfaces/interfaces/msg/detail/system_check__rosidl_typesupport_fastrtps_c.h
[15.025s] -- Installing: /home/loic/Desktop/Xcar_chidi/raspberryPI3/ros2_ws/install/interfaces/include/interfaces/interfaces/msg/detail/state__rosidl_typesupport_fastrtps_c.h
[15.025s] -- Installing: /home/loic/Desktop/Xcar_chidi/raspberryPI3/ros2_ws/install/interfaces/include/interfaces/interfaces/msg/detail/general_data__rosidl_typesupport_fastrtps_c.h
[15.025s] -- Installing: /home/loic/Desktop/Xcar_chidi/raspberryPI3/ros2_ws/install/interfaces/include/interfaces/interfaces/msg/rosidl_typesupport_fastrtps_c__visibility_control.h
[15.026s] -- Installing: /home/loic/Desktop/Xcar_chidi/raspberryPI3/ros2_ws/install/interfaces/lib/libinterfaces__rosidl_typesupport_fastrtps_c.so
[15.026s] -- Set runtime path of "/home/loic/Desktop/Xcar_chidi/raspberryPI3/ros2_ws/install/interfaces/lib/libinterfaces__rosidl_typesupport_fastrtps_c.so" to ""
[15.026s] -- Up-to-date: /home/loic/Desktop/Xcar_chidi/raspberryPI3/ros2_ws/install/interfaces/include/interfaces/interfaces
[15.026s] -- Up-to-date: /home/loic/Desktop/Xcar_chidi/raspberryPI3/ros2_ws/install/interfaces/include/interfaces/interfaces/msg
[15.027s] -- Installing: /home/loic/Desktop/Xcar_chidi/raspberryPI3/ros2_ws/install/interfaces/include/interfaces/interfaces/msg/gnss.hpp
[15.027s] -- Installing: /home/loic/Desktop/Xcar_chidi/raspberryPI3/ros2_ws/install/interfaces/include/interfaces/interfaces/msg/ultrasonic.hpp
[15.027s] -- Installing: /home/loic/Desktop/Xcar_chidi/raspberryPI3/ros2_ws/install/interfaces/include/interfaces/interfaces/msg/steering_calibration.hpp
[15.027s] -- Installing: /home/loic/Desktop/Xcar_chidi/raspberryPI3/ros2_ws/install/interfaces/include/interfaces/interfaces/msg/system_check.hpp
[15.027s] -- Installing: /home/loic/Desktop/Xcar_chidi/raspberryPI3/ros2_ws/install/interfaces/include/interfaces/interfaces/msg/motors_order.hpp
[15.027s] -- Installing: /home/loic/Desktop/Xcar_chidi/raspberryPI3/ros2_ws/install/interfaces/include/interfaces/interfaces/msg/state.hpp
[15.027s] -- Up-to-date: /home/loic/Desktop/Xcar_chidi/raspberryPI3/ros2_ws/install/interfaces/include/interfaces/interfaces/msg/detail
[15.027s] -- Installing: /home/loic/Desktop/Xcar_chidi/raspberryPI3/ros2_ws/install/interfaces/include/interfaces/interfaces/msg/detail/ultrasonic__struct.hpp
[15.027s] -- Installing: /home/loic/Desktop/Xcar_chidi/raspberryPI3/ros2_ws/install/interfaces/include/interfaces/interfaces/msg/detail/steering_calibration__struct.hpp
[15.028s] -- Installing: /home/loic/Desktop/Xcar_chidi/raspberryPI3/ros2_ws/install/interfaces/include/interfaces/interfaces/msg/detail/steering_calibration__builder.hpp
[15.028s] -- Installing: /home/loic/Desktop/Xcar_chidi/raspberryPI3/ros2_ws/install/interfaces/include/interfaces/interfaces/msg/detail/steering_calibration__traits.hpp
[15.028s] -- Installing: /home/loic/Desktop/Xcar_chidi/raspberryPI3/ros2_ws/install/interfaces/include/interfaces/interfaces/msg/detail/joystick_order__struct.hpp
[15.028s] -- Installing: /home/loic/Desktop/Xcar_chidi/raspberryPI3/ros2_ws/install/interfaces/include/interfaces/interfaces/msg/detail/state__struct.hpp
[15.028s] -- Installing: /home/loic/Desktop/Xcar_chidi/raspberryPI3/ros2_ws/install/interfaces/include/interfaces/interfaces/msg/detail/system_check__builder.hpp
[15.029s] -- Installing: /home/loic/Desktop/Xcar_chidi/raspberryPI3/ros2_ws/install/interfaces/include/interfaces/interfaces/msg/detail/motors_feedback__traits.hpp
[15.029s] -- Installing: /home/loic/Desktop/Xcar_chidi/raspberryPI3/ros2_ws/install/interfaces/include/interfaces/interfaces/msg/detail/general_data__traits.hpp
[15.029s] -- Installing: /home/loic/Desktop/Xcar_chidi/raspberryPI3/ros2_ws/install/interfaces/include/interfaces/interfaces/msg/detail/state__traits.hpp
[15.029s] -- Installing: /home/loic/Desktop/Xcar_chidi/raspberryPI3/ros2_ws/install/interfaces/include/interfaces/interfaces/msg/detail/gnss__builder.hpp
[15.029s] -- Installing: /home/loic/Desktop/Xcar_chidi/raspberryPI3/ros2_ws/install/interfaces/include/interfaces/interfaces/msg/detail/joystick_order__builder.hpp
[15.029s] -- Installing: /home/loic/Desktop/Xcar_chidi/raspberryPI3/ros2_ws/install/interfaces/include/interfaces/interfaces/msg/detail/ultrasonic__builder.hpp
[15.030s] -- Installing: /home/loic/Desktop/Xcar_chidi/raspberryPI3/ros2_ws/install/interfaces/include/interfaces/interfaces/msg/detail/state__builder.hpp
[15.030s] -- Installing: /home/loic/Desktop/Xcar_chidi/raspberryPI3/ros2_ws/install/interfaces/include/interfaces/interfaces/msg/detail/gnss__traits.hpp
[15.030s] -- Installing: /home/loic/Desktop/Xcar_chidi/raspberryPI3/ros2_ws/install/interfaces/include/interfaces/interfaces/msg/detail/motors_order__builder.hpp
[15.030s] -- Installing: /home/loic/Desktop/Xcar_chidi/raspberryPI3/ros2_ws/install/interfaces/include/interfaces/interfaces/msg/detail/motors_feedback__struct.hpp
[15.030s] -- Installing: /home/loic/Desktop/Xcar_chidi/raspberryPI3/ros2_ws/install/interfaces/include/interfaces/interfaces/msg/detail/ultrasonic__traits.hpp
[15.031s] -- Installing: /home/loic/Desktop/Xcar_chidi/raspberryPI3/ros2_ws/install/interfaces/include/interfaces/interfaces/msg/detail/joystick_order__traits.hpp
[15.031s] -- Installing: /home/loic/Desktop/Xcar_chidi/raspberryPI3/ros2_ws/install/interfaces/include/interfaces/interfaces/msg/detail/system_check__traits.hpp
[15.031s] -- Installing: /home/loic/Desktop/Xcar_chidi/raspberryPI3/ros2_ws/install/interfaces/include/interfaces/interfaces/msg/detail/gnss__struct.hpp
[15.031s] -- Installing: /home/loic/Desktop/Xcar_chidi/raspberryPI3/ros2_ws/install/interfaces/include/interfaces/interfaces/msg/detail/general_data__builder.hpp
[15.031s] -- Installing: /home/loic/Desktop/Xcar_chidi/raspberryPI3/ros2_ws/install/interfaces/include/interfaces/interfaces/msg/detail/motors_order__struct.hpp
[15.032s] -- Installing: /home/loic/Desktop/Xcar_chidi/raspberryPI3/ros2_ws/install/interfaces/include/interfaces/interfaces/msg/detail/system_check__struct.hpp
[15.032s] -- Installing: /home/loic/Desktop/Xcar_chidi/raspberryPI3/ros2_ws/install/interfaces/include/interfaces/interfaces/msg/detail/motors_feedback__builder.hpp
[15.033s] -- Installing: /home/loic/Desktop/Xcar_chidi/raspberryPI3/ros2_ws/install/interfaces/include/interfaces/interfaces/msg/detail/general_data__struct.hpp
[15.033s] -- Installing: /home/loic/Desktop/Xcar_chidi/raspberryPI3/ros2_ws/install/interfaces/include/interfaces/interfaces/msg/detail/motors_order__traits.hpp
[15.033s] -- Installing: /home/loic/Desktop/Xcar_chidi/raspberryPI3/ros2_ws/install/interfaces/include/interfaces/interfaces/msg/general_data.hpp
[15.033s] -- Installing: /home/loic/Desktop/Xcar_chidi/raspberryPI3/ros2_ws/install/interfaces/include/interfaces/interfaces/msg/joystick_order.hpp
[15.033s] -- Installing: /home/loic/Desktop/Xcar_chidi/raspberryPI3/ros2_ws/install/interfaces/include/interfaces/interfaces/msg/motors_feedback.hpp
[15.033s] -- Up-to-date: /home/loic/Desktop/Xcar_chidi/raspberryPI3/ros2_ws/install/interfaces/include/interfaces/interfaces
[15.034s] -- Up-to-date: /home/loic/Desktop/Xcar_chidi/raspberryPI3/ros2_ws/install/interfaces/include/interfaces/interfaces/msg
[15.034s] -- Up-to-date: /home/loic/Desktop/Xcar_chidi/raspberryPI3/ros2_ws/install/interfaces/include/interfaces/interfaces/msg/detail
[15.034s] -- Installing: /home/loic/Desktop/Xcar_chidi/raspberryPI3/ros2_ws/install/interfaces/include/interfaces/interfaces/msg/detail/system_check__rosidl_typesupport_fastrtps_cpp.hpp
[15.034s] -- Installing: /home/loic/Desktop/Xcar_chidi/raspberryPI3/ros2_ws/install/interfaces/include/interfaces/interfaces/msg/detail/gnss__rosidl_typesupport_fastrtps_cpp.hpp
[15.034s] -- Installing: /home/loic/Desktop/Xcar_chidi/raspberryPI3/ros2_ws/install/interfaces/include/interfaces/interfaces/msg/detail/joystick_order__rosidl_typesupport_fastrtps_cpp.hpp
[15.034s] -- Installing: /home/loic/Desktop/Xcar_chidi/raspberryPI3/ros2_ws/install/interfaces/include/interfaces/interfaces/msg/detail/motors_order__rosidl_typesupport_fastrtps_cpp.hpp
[15.034s] -- Installing: /home/loic/Desktop/Xcar_chidi/raspberryPI3/ros2_ws/install/interfaces/include/interfaces/interfaces/msg/detail/general_data__rosidl_typesupport_fastrtps_cpp.hpp
[15.035s] -- Installing: /home/loic/Desktop/Xcar_chidi/raspberryPI3/ros2_ws/install/interfaces/include/interfaces/interfaces/msg/detail/dds_fastrtps
[15.035s] -- Installing: /home/loic/Desktop/Xcar_chidi/raspberryPI3/ros2_ws/install/interfaces/include/interfaces/interfaces/msg/detail/ultrasonic__rosidl_typesupport_fastrtps_cpp.hpp
[15.035s] -- Installing: /home/loic/Desktop/Xcar_chidi/raspberryPI3/ros2_ws/install/interfaces/include/interfaces/interfaces/msg/detail/state__rosidl_typesupport_fastrtps_cpp.hpp
[15.035s] -- Installing: /home/loic/Desktop/Xcar_chidi/raspberryPI3/ros2_ws/install/interfaces/include/interfaces/interfaces/msg/detail/steering_calibration__rosidl_typesupport_fastrtps_cpp.hpp
[15.035s] -- Installing: /home/loic/Desktop/Xcar_chidi/raspberryPI3/ros2_ws/install/interfaces/include/interfaces/interfaces/msg/detail/motors_feedback__rosidl_typesupport_fastrtps_cpp.hpp
[15.035s] -- Installing: /home/loic/Desktop/Xcar_chidi/raspberryPI3/ros2_ws/install/interfaces/include/interfaces/interfaces/msg/rosidl_typesupport_fastrtps_cpp__visibility_control.h
[15.036s] -- Installing: /home/loic/Desktop/Xcar_chidi/raspberryPI3/ros2_ws/install/interfaces/lib/libinterfaces__rosidl_typesupport_fastrtps_cpp.so
[15.036s] -- Set runtime path of "/home/loic/Desktop/Xcar_chidi/raspberryPI3/ros2_ws/install/interfaces/lib/libinterfaces__rosidl_typesupport_fastrtps_cpp.so" to ""
[15.036s] -- Up-to-date: /home/loic/Desktop/Xcar_chidi/raspberryPI3/ros2_ws/install/interfaces/include/interfaces/interfaces
[15.037s] -- Up-to-date: /home/loic/Desktop/Xcar_chidi/raspberryPI3/ros2_ws/install/interfaces/include/interfaces/interfaces/msg
[15.037s] -- Installing: /home/loic/Desktop/Xcar_chidi/raspberryPI3/ros2_ws/install/interfaces/include/interfaces/interfaces/msg/rosidl_typesupport_introspection_c__visibility_control.h
[15.037s] -- Up-to-date: /home/loic/Desktop/Xcar_chidi/raspberryPI3/ros2_ws/install/interfaces/include/interfaces/interfaces/msg/detail
[15.037s] -- Installing: /home/loic/Desktop/Xcar_chidi/raspberryPI3/ros2_ws/install/interfaces/include/interfaces/interfaces/msg/detail/general_data__rosidl_typesupport_introspection_c.h
[15.037s] -- Installing: /home/loic/Desktop/Xcar_chidi/raspberryPI3/ros2_ws/install/interfaces/include/interfaces/interfaces/msg/detail/motors_order__rosidl_typesupport_introspection_c.h
[15.037s] -- Installing: /home/loic/Desktop/Xcar_chidi/raspberryPI3/ros2_ws/install/interfaces/include/interfaces/interfaces/msg/detail/joystick_order__rosidl_typesupport_introspection_c.h
[15.037s] -- Installing: /home/loic/Desktop/Xcar_chidi/raspberryPI3/ros2_ws/install/interfaces/include/interfaces/interfaces/msg/detail/steering_calibration__rosidl_typesupport_introspection_c.h
[15.037s] -- Installing: /home/loic/Desktop/Xcar_chidi/raspberryPI3/ros2_ws/install/interfaces/include/interfaces/interfaces/msg/detail/system_check__rosidl_typesupport_introspection_c.h
[15.038s] -- Installing: /home/loic/Desktop/Xcar_chidi/raspberryPI3/ros2_ws/install/interfaces/include/interfaces/interfaces/msg/detail/motors_order__type_support.c
[15.038s] -- Installing: /home/loic/Desktop/Xcar_chidi/raspberryPI3/ros2_ws/install/interfaces/include/interfaces/interfaces/msg/detail/motors_feedback__type_support.c
[15.038s] -- Installing: /home/loic/Desktop/Xcar_chidi/raspberryPI3/ros2_ws/install/interfaces/include/interfaces/interfaces/msg/detail/gnss__type_support.c
[15.038s] -- Installing: /home/loic/Desktop/Xcar_chidi/raspberryPI3/ros2_ws/install/interfaces/include/interfaces/interfaces/msg/detail/ultrasonic__rosidl_typesupport_introspection_c.h
[15.038s] -- Installing: /home/loic/Desktop/Xcar_chidi/raspberryPI3/ros2_ws/install/interfaces/include/interfaces/interfaces/msg/detail/system_check__type_support.c
[15.039s] -- Installing: /home/loic/Desktop/Xcar_chidi/raspberryPI3/ros2_ws/install/interfaces/include/interfaces/interfaces/msg/detail/general_data__type_support.c
[15.039s] -- Installing: /home/loic/Desktop/Xcar_chidi/raspberryPI3/ros2_ws/install/interfaces/include/interfaces/interfaces/msg/detail/joystick_order__type_support.c
[15.039s] -- Installing: /home/loic/Desktop/Xcar_chidi/raspberryPI3/ros2_ws/install/interfaces/include/interfaces/interfaces/msg/detail/ultrasonic__type_support.c
[15.039s] -- Installing: /home/loic/Desktop/Xcar_chidi/raspberryPI3/ros2_ws/install/interfaces/include/interfaces/interfaces/msg/detail/steering_calibration__type_support.c
[15.039s] -- Installing: /home/loic/Desktop/Xcar_chidi/raspberryPI3/ros2_ws/install/interfaces/include/interfaces/interfaces/msg/detail/motors_feedback__rosidl_typesupport_introspection_c.h
[15.039s] -- Installing: /home/loic/Desktop/Xcar_chidi/raspberryPI3/ros2_ws/install/interfaces/include/interfaces/interfaces/msg/detail/state__type_support.c
[15.040s] -- Installing: /home/loic/Desktop/Xcar_chidi/raspberryPI3/ros2_ws/install/interfaces/include/interfaces/interfaces/msg/detail/gnss__rosidl_typesupport_introspection_c.h
[15.040s] -- Installing: /home/loic/Desktop/Xcar_chidi/raspberryPI3/ros2_ws/install/interfaces/include/interfaces/interfaces/msg/detail/state__rosidl_typesupport_introspection_c.h
[15.040s] -- Installing: /home/loic/Desktop/Xcar_chidi/raspberryPI3/ros2_ws/install/interfaces/lib/libinterfaces__rosidl_typesupport_introspection_c.so
[15.041s] -- Set runtime path of "/home/loic/Desktop/Xcar_chidi/raspberryPI3/ros2_ws/install/interfaces/lib/libinterfaces__rosidl_typesupport_introspection_c.so" to ""
[15.041s] -- Installing: /home/loic/Desktop/Xcar_chidi/raspberryPI3/ros2_ws/install/interfaces/lib/libinterfaces__rosidl_typesupport_c.so
[15.041s] -- Set runtime path of "/home/loic/Desktop/Xcar_chidi/raspberryPI3/ros2_ws/install/interfaces/lib/libinterfaces__rosidl_typesupport_c.so" to ""
[15.041s] -- Up-to-date: /home/loic/Desktop/Xcar_chidi/raspberryPI3/ros2_ws/install/interfaces/include/interfaces/interfaces
[15.042s] -- Up-to-date: /home/loic/Desktop/Xcar_chidi/raspberryPI3/ros2_ws/install/interfaces/include/interfaces/interfaces/msg
[15.042s] -- Up-to-date: /home/loic/Desktop/Xcar_chidi/raspberryPI3/ros2_ws/install/interfaces/include/interfaces/interfaces/msg/detail
[15.042s] -- Installing: /home/loic/Desktop/Xcar_chidi/raspberryPI3/ros2_ws/install/interfaces/include/interfaces/interfaces/msg/detail/motors_feedback__type_support.cpp
[15.042s] -- Installing: /home/loic/Desktop/Xcar_chidi/raspberryPI3/ros2_ws/install/interfaces/include/interfaces/interfaces/msg/detail/joystick_order__rosidl_typesupport_introspection_cpp.hpp
[15.042s] -- Installing: /home/loic/Desktop/Xcar_chidi/raspberryPI3/ros2_ws/install/interfaces/include/interfaces/interfaces/msg/detail/gnss__rosidl_typesupport_introspection_cpp.hpp
[15.042s] -- Installing: /home/loic/Desktop/Xcar_chidi/raspberryPI3/ros2_ws/install/interfaces/include/interfaces/interfaces/msg/detail/ultrasonic__rosidl_typesupport_introspection_cpp.hpp
[15.042s] -- Installing: /home/loic/Desktop/Xcar_chidi/raspberryPI3/ros2_ws/install/interfaces/include/interfaces/interfaces/msg/detail/motors_feedback__rosidl_typesupport_introspection_cpp.hpp
[15.042s] -- Installing: /home/loic/Desktop/Xcar_chidi/raspberryPI3/ros2_ws/install/interfaces/include/interfaces/interfaces/msg/detail/motors_order__rosidl_typesupport_introspection_cpp.hpp
[15.043s] -- Installing: /home/loic/Desktop/Xcar_chidi/raspberryPI3/ros2_ws/install/interfaces/include/interfaces/interfaces/msg/detail/system_check__type_support.cpp
[15.043s] -- Installing: /home/loic/Desktop/Xcar_chidi/raspberryPI3/ros2_ws/install/interfaces/include/interfaces/interfaces/msg/detail/state__type_support.cpp
[15.043s] -- Installing: /home/loic/Desktop/Xcar_chidi/raspberryPI3/ros2_ws/install/interfaces/include/interfaces/interfaces/msg/detail/gnss__type_support.cpp
[15.043s] -- Installing: /home/loic/Desktop/Xcar_chidi/raspberryPI3/ros2_ws/install/interfaces/include/interfaces/interfaces/msg/detail/steering_calibration__rosidl_typesupport_introspection_cpp.hpp
[15.043s] -- Installing: /home/loic/Desktop/Xcar_chidi/raspberryPI3/ros2_ws/install/interfaces/include/interfaces/interfaces/msg/detail/state__rosidl_typesupport_introspection_cpp.hpp
[15.044s] -- Installing: /home/loic/Desktop/Xcar_chidi/raspberryPI3/ros2_ws/install/interfaces/include/interfaces/interfaces/msg/detail/general_data__rosidl_typesupport_introspection_cpp.hpp
[15.044s] -- Installing: /home/loic/Desktop/Xcar_chidi/raspberryPI3/ros2_ws/install/interfaces/include/interfaces/interfaces/msg/detail/general_data__type_support.cpp
[15.044s] -- Installing: /home/loic/Desktop/Xcar_chidi/raspberryPI3/ros2_ws/install/interfaces/include/interfaces/interfaces/msg/detail/ultrasonic__type_support.cpp
[15.044s] -- Installing: /home/loic/Desktop/Xcar_chidi/raspberryPI3/ros2_ws/install/interfaces/include/interfaces/interfaces/msg/detail/motors_order__type_support.cpp
[15.044s] -- Installing: /home/loic/Desktop/Xcar_chidi/raspberryPI3/ros2_ws/install/interfaces/include/interfaces/interfaces/msg/detail/system_check__rosidl_typesupport_introspection_cpp.hpp
[15.044s] -- Installing: /home/loic/Desktop/Xcar_chidi/raspberryPI3/ros2_ws/install/interfaces/include/interfaces/interfaces/msg/detail/steering_calibration__type_support.cpp
[15.045s] -- Installing: /home/loic/Desktop/Xcar_chidi/raspberryPI3/ros2_ws/install/interfaces/include/interfaces/interfaces/msg/detail/joystick_order__type_support.cpp
[15.045s] -- Installing: /home/loic/Desktop/Xcar_chidi/raspberryPI3/ros2_ws/install/interfaces/lib/libinterfaces__rosidl_typesupport_introspection_cpp.so
[15.046s] -- Set runtime path of "/home/loic/Desktop/Xcar_chidi/raspberryPI3/ros2_ws/install/interfaces/lib/libinterfaces__rosidl_typesupport_introspection_cpp.so" to ""
[15.046s] -- Installing: /home/loic/Desktop/Xcar_chidi/raspberryPI3/ros2_ws/install/interfaces/lib/libinterfaces__rosidl_typesupport_cpp.so
[15.047s] -- Set runtime path of "/home/loic/Desktop/Xcar_chidi/raspberryPI3/ros2_ws/install/interfaces/lib/libinterfaces__rosidl_typesupport_cpp.so" to ""
[15.047s] -- Installing: /home/loic/Desktop/Xcar_chidi/raspberryPI3/ros2_ws/install/interfaces/share/interfaces/environment/pythonpath.sh
[15.047s] -- Installing: /home/loic/Desktop/Xcar_chidi/raspberryPI3/ros2_ws/install/interfaces/share/interfaces/environment/pythonpath.dsv
[15.047s] -- Installing: /home/loic/Desktop/Xcar_chidi/raspberryPI3/ros2_ws/install/interfaces/local/lib/python3.10/dist-packages/interfaces-0.0.0-py3.10.egg-info
[15.047s] -- Installing: /home/loic/Desktop/Xcar_chidi/raspberryPI3/ros2_ws/install/interfaces/local/lib/python3.10/dist-packages/interfaces-0.0.0-py3.10.egg-info/top_level.txt
[15.048s] -- Installing: /home/loic/Desktop/Xcar_chidi/raspberryPI3/ros2_ws/install/interfaces/local/lib/python3.10/dist-packages/interfaces-0.0.0-py3.10.egg-info/PKG-INFO
[15.048s] -- Installing: /home/loic/Desktop/Xcar_chidi/raspberryPI3/ros2_ws/install/interfaces/local/lib/python3.10/dist-packages/interfaces-0.0.0-py3.10.egg-info/dependency_links.txt
[15.048s] -- Installing: /home/loic/Desktop/Xcar_chidi/raspberryPI3/ros2_ws/install/interfaces/local/lib/python3.10/dist-packages/interfaces-0.0.0-py3.10.egg-info/SOURCES.txt
[15.048s] -- Installing: /home/loic/Desktop/Xcar_chidi/raspberryPI3/ros2_ws/install/interfaces/local/lib/python3.10/dist-packages/interfaces
[15.048s] -- Installing: /home/loic/Desktop/Xcar_chidi/raspberryPI3/ros2_ws/install/interfaces/local/lib/python3.10/dist-packages/interfaces/msg
[15.048s] -- Installing: /home/loic/Desktop/Xcar_chidi/raspberryPI3/ros2_ws/install/interfaces/local/lib/python3.10/dist-packages/interfaces/msg/_general_data.py
[15.049s] -- Installing: /home/loic/Desktop/Xcar_chidi/raspberryPI3/ros2_ws/install/interfaces/local/lib/python3.10/dist-packages/interfaces/msg/_motors_order_s.c
[15.049s] -- Installing: /home/loic/Desktop/Xcar_chidi/raspberryPI3/ros2_ws/install/interfaces/local/lib/python3.10/dist-packages/interfaces/msg/_steering_calibration_s.c
[15.049s] -- Installing: /home/loic/Desktop/Xcar_chidi/raspberryPI3/ros2_ws/install/interfaces/local/lib/python3.10/dist-packages/interfaces/msg/_motors_order.py
[15.049s] -- Installing: /home/loic/Desktop/Xcar_chidi/raspberryPI3/ros2_ws/install/interfaces/local/lib/python3.10/dist-packages/interfaces/msg/_gnss.py
[15.049s] -- Installing: /home/loic/Desktop/Xcar_chidi/raspberryPI3/ros2_ws/install/interfaces/local/lib/python3.10/dist-packages/interfaces/msg/_motors_feedback.py
[15.049s] -- Installing: /home/loic/Desktop/Xcar_chidi/raspberryPI3/ros2_ws/install/interfaces/local/lib/python3.10/dist-packages/interfaces/msg/_ultrasonic.py
[15.050s] -- Installing: /home/loic/Desktop/Xcar_chidi/raspberryPI3/ros2_ws/install/interfaces/local/lib/python3.10/dist-packages/interfaces/msg/_state.py
[15.050s] -- Installing: /home/loic/Desktop/Xcar_chidi/raspberryPI3/ros2_ws/install/interfaces/local/lib/python3.10/dist-packages/interfaces/msg/__init__.py
[15.050s] -- Installing: /home/loic/Desktop/Xcar_chidi/raspberryPI3/ros2_ws/install/interfaces/local/lib/python3.10/dist-packages/interfaces/msg/_gnss_s.c
[15.050s] -- Installing: /home/loic/Desktop/Xcar_chidi/raspberryPI3/ros2_ws/install/interfaces/local/lib/python3.10/dist-packages/interfaces/msg/_system_check_s.c
[15.050s] -- Installing: /home/loic/Desktop/Xcar_chidi/raspberryPI3/ros2_ws/install/interfaces/local/lib/python3.10/dist-packages/interfaces/msg/_motors_feedback_s.c
[15.051s] -- Installing: /home/loic/Desktop/Xcar_chidi/raspberryPI3/ros2_ws/install/interfaces/local/lib/python3.10/dist-packages/interfaces/msg/_state_s.c
[15.051s] -- Installing: /home/loic/Desktop/Xcar_chidi/raspberryPI3/ros2_ws/install/interfaces/local/lib/python3.10/dist-packages/interfaces/msg/_ultrasonic_s.c
[15.051s] -- Installing: /home/loic/Desktop/Xcar_chidi/raspberryPI3/ros2_ws/install/interfaces/local/lib/python3.10/dist-packages/interfaces/msg/_system_check.py
[15.051s] -- Installing: /home/loic/Desktop/Xcar_chidi/raspberryPI3/ros2_ws/install/interfaces/local/lib/python3.10/dist-packages/interfaces/msg/_general_data_s.c
[15.051s] -- Installing: /home/loic/Desktop/Xcar_chidi/raspberryPI3/ros2_ws/install/interfaces/local/lib/python3.10/dist-packages/interfaces/msg/_joystick_order_s.c
[15.052s] -- Installing: /home/loic/Desktop/Xcar_chidi/raspberryPI3/ros2_ws/install/interfaces/local/lib/python3.10/dist-packages/interfaces/msg/_joystick_order.py
[15.052s] -- Installing: /home/loic/Desktop/Xcar_chidi/raspberryPI3/ros2_ws/install/interfaces/local/lib/python3.10/dist-packages/interfaces/msg/_steering_calibration.py
[15.052s] -- Installing: /home/loic/Desktop/Xcar_chidi/raspberryPI3/ros2_ws/install/interfaces/local/lib/python3.10/dist-packages/interfaces/_interfaces_s.ep.rosidl_typesupport_c.c
[15.052s] -- Installing: /home/loic/Desktop/Xcar_chidi/raspberryPI3/ros2_ws/install/interfaces/local/lib/python3.10/dist-packages/interfaces/_interfaces_s.ep.rosidl_typesupport_fastrtps_c.c
[15.052s] -- Installing: /home/loic/Desktop/Xcar_chidi/raspberryPI3/ros2_ws/install/interfaces/local/lib/python3.10/dist-packages/interfaces/interfaces_s__rosidl_typesupport_introspection_c.cpython-310-x86_64-linux-gnu.so
[15.053s] -- Installing: /home/loic/Desktop/Xcar_chidi/raspberryPI3/ros2_ws/install/interfaces/local/lib/python3.10/dist-packages/interfaces/interfaces_s__rosidl_typesupport_c.cpython-310-x86_64-linux-gnu.so
[15.053s] -- Installing: /home/loic/Desktop/Xcar_chidi/raspberryPI3/ros2_ws/install/interfaces/local/lib/python3.10/dist-packages/interfaces/__init__.py
[15.053s] -- Installing: /home/loic/Desktop/Xcar_chidi/raspberryPI3/ros2_ws/install/interfaces/local/lib/python3.10/dist-packages/interfaces/_interfaces_s.ep.rosidl_typesupport_introspection_c.c
[15.053s] -- Installing: /home/loic/Desktop/Xcar_chidi/raspberryPI3/ros2_ws/install/interfaces/local/lib/python3.10/dist-packages/interfaces/interfaces_s__rosidl_typesupport_fastrtps_c.cpython-310-x86_64-linux-gnu.so
[15.054s] -- Installing: /home/loic/Desktop/Xcar_chidi/raspberryPI3/ros2_ws/install/interfaces/local/lib/python3.10/dist-packages/interfaces/libinterfaces__rosidl_generator_py.so
[15.110s] Listing '/home/loic/Desktop/Xcar_chidi/raspberryPI3/ros2_ws/install/interfaces/local/lib/python3.10/dist-packages/interfaces'...
[15.110s] Compiling '/home/loic/Desktop/Xcar_chidi/raspberryPI3/ros2_ws/install/interfaces/local/lib/python3.10/dist-packages/interfaces/__init__.py'...
[15.110s] Listing '/home/loic/Desktop/Xcar_chidi/raspberryPI3/ros2_ws/install/interfaces/local/lib/python3.10/dist-packages/interfaces/msg'...
[15.110s] Compiling '/home/loic/Desktop/Xcar_chidi/raspberryPI3/ros2_ws/install/interfaces/local/lib/python3.10/dist-packages/interfaces/msg/__init__.py'...
[15.110s] Compiling '/home/loic/Desktop/Xcar_chidi/raspberryPI3/ros2_ws/install/interfaces/local/lib/python3.10/dist-packages/interfaces/msg/_general_data.py'...
[15.110s] Compiling '/home/loic/Desktop/Xcar_chidi/raspberryPI3/ros2_ws/install/interfaces/local/lib/python3.10/dist-packages/interfaces/msg/_gnss.py'...
[15.110s] Compiling '/home/loic/Desktop/Xcar_chidi/raspberryPI3/ros2_ws/install/interfaces/local/lib/python3.10/dist-packages/interfaces/msg/_joystick_order.py'...
[15.110s] Compiling '/home/loic/Desktop/Xcar_chidi/raspberryPI3/ros2_ws/install/interfaces/local/lib/python3.10/dist-packages/interfaces/msg/_motors_feedback.py'...
[15.111s] Compiling '/home/loic/Desktop/Xcar_chidi/raspberryPI3/ros2_ws/install/interfaces/local/lib/python3.10/dist-packages/interfaces/msg/_motors_order.py'...
[15.111s] Compiling '/home/loic/Desktop/Xcar_chidi/raspberryPI3/ros2_ws/install/interfaces/local/lib/python3.10/dist-packages/interfaces/msg/_state.py'...
[15.111s] Compiling '/home/loic/Desktop/Xcar_chidi/raspberryPI3/ros2_ws/install/interfaces/local/lib/python3.10/dist-packages/interfaces/msg/_steering_calibration.py'...
[15.111s] Compiling '/home/loic/Desktop/Xcar_chidi/raspberryPI3/ros2_ws/install/interfaces/local/lib/python3.10/dist-packages/interfaces/msg/_system_check.py'...
[15.111s] Compiling '/home/loic/Desktop/Xcar_chidi/raspberryPI3/ros2_ws/install/interfaces/local/lib/python3.10/dist-packages/interfaces/msg/_ultrasonic.py'...
[15.117s] -- Installing: /home/loic/Desktop/Xcar_chidi/raspberryPI3/ros2_ws/install/interfaces/local/lib/python3.10/dist-packages/interfaces/interfaces_s__rosidl_typesupport_fastrtps_c.cpython-310-x86_64-linux-gnu.so
[15.117s] -- Set runtime path of "/home/loic/Desktop/Xcar_chidi/raspberryPI3/ros2_ws/install/interfaces/local/lib/python3.10/dist-packages/interfaces/interfaces_s__rosidl_typesupport_fastrtps_c.cpython-310-x86_64-linux-gnu.so" to ""
[15.118s] -- Installing: /home/loic/Desktop/Xcar_chidi/raspberryPI3/ros2_ws/install/interfaces/local/lib/python3.10/dist-packages/interfaces/interfaces_s__rosidl_typesupport_introspection_c.cpython-310-x86_64-linux-gnu.so
[15.118s] -- Set runtime path of "/home/loic/Desktop/Xcar_chidi/raspberryPI3/ros2_ws/install/interfaces/local/lib/python3.10/dist-packages/interfaces/interfaces_s__rosidl_typesupport_introspection_c.cpython-310-x86_64-linux-gnu.so" to ""
[15.119s] -- Installing: /home/loic/Desktop/Xcar_chidi/raspberryPI3/ros2_ws/install/interfaces/local/lib/python3.10/dist-packages/interfaces/interfaces_s__rosidl_typesupport_c.cpython-310-x86_64-linux-gnu.so
[15.120s] -- Set runtime path of "/home/loic/Desktop/Xcar_chidi/raspberryPI3/ros2_ws/install/interfaces/local/lib/python3.10/dist-packages/interfaces/interfaces_s__rosidl_typesupport_c.cpython-310-x86_64-linux-gnu.so" to ""
[15.121s] -- Installing: /home/loic/Desktop/Xcar_chidi/raspberryPI3/ros2_ws/install/interfaces/lib/libinterfaces__rosidl_generator_py.so
[15.122s] -- Set runtime path of "/home/loic/Desktop/Xcar_chidi/raspberryPI3/ros2_ws/install/interfaces/lib/libinterfaces__rosidl_generator_py.so" to ""
[15.122s] -- Installing: /home/loic/Desktop/Xcar_chidi/raspberryPI3/ros2_ws/install/interfaces/share/interfaces/msg/JoystickOrder.idl
[15.123s] -- Installing: /home/loic/Desktop/Xcar_chidi/raspberryPI3/ros2_ws/install/interfaces/share/interfaces/msg/MotorsOrder.idl
[15.123s] -- Installing: /home/loic/Desktop/Xcar_chidi/raspberryPI3/ros2_ws/install/interfaces/share/interfaces/msg/MotorsFeedback.idl
[15.124s] -- Installing: /home/loic/Desktop/Xcar_chidi/raspberryPI3/ros2_ws/install/interfaces/share/interfaces/msg/GeneralData.idl
[15.124s] -- Installing: /home/loic/Desktop/Xcar_chidi/raspberryPI3/ros2_ws/install/interfaces/share/interfaces/msg/SteeringCalibration.idl
[15.125s] -- Installing: /home/loic/Desktop/Xcar_chidi/raspberryPI3/ros2_ws/install/interfaces/share/interfaces/msg/Ultrasonic.idl
[15.125s] -- Installing: /home/loic/Desktop/Xcar_chidi/raspberryPI3/ros2_ws/install/interfaces/share/interfaces/msg/Gnss.idl
[15.126s] -- Installing: /home/loic/Desktop/Xcar_chidi/raspberryPI3/ros2_ws/install/interfaces/share/interfaces/msg/SystemCheck.idl
[15.126s] -- Installing: /home/loic/Desktop/Xcar_chidi/raspberryPI3/ros2_ws/install/interfaces/share/interfaces/msg/State.idl
[15.127s] -- Installing: /home/loic/Desktop/Xcar_chidi/raspberryPI3/ros2_ws/install/interfaces/share/interfaces/msg/JoystickOrder.msg
[15.127s] -- Installing: /home/loic/Desktop/Xcar_chidi/raspberryPI3/ros2_ws/install/interfaces/share/interfaces/msg/MotorsOrder.msg
[15.128s] -- Installing: /home/loic/Desktop/Xcar_chidi/raspberryPI3/ros2_ws/install/interfaces/share/interfaces/msg/MotorsFeedback.msg
[15.129s] -- Installing: /home/loic/Desktop/Xcar_chidi/raspberryPI3/ros2_ws/install/interfaces/share/interfaces/msg/GeneralData.msg
[15.129s] -- Installing: /home/loic/Desktop/Xcar_chidi/raspberryPI3/ros2_ws/install/interfaces/share/interfaces/msg/SteeringCalibration.msg
[15.130s] -- Installing: /home/loic/Desktop/Xcar_chidi/raspberryPI3/ros2_ws/install/interfaces/share/interfaces/msg/Ultrasonic.msg
[15.131s] -- Installing: /home/loic/Desktop/Xcar_chidi/raspberryPI3/ros2_ws/install/interfaces/share/interfaces/msg/Gnss.msg
[15.131s] -- Installing: /home/loic/Desktop/Xcar_chidi/raspberryPI3/ros2_ws/install/interfaces/share/interfaces/msg/SystemCheck.msg
[15.131s] -- Installing: /home/loic/Desktop/Xcar_chidi/raspberryPI3/ros2_ws/install/interfaces/share/interfaces/msg/State.msg
[15.132s] -- Installing: /home/loic/Desktop/Xcar_chidi/raspberryPI3/ros2_ws/install/interfaces/share/ament_index/resource_index/package_run_dependencies/interfaces
[15.133s] -- Installing: /home/loic/Desktop/Xcar_chidi/raspberryPI3/ros2_ws/install/interfaces/share/ament_index/resource_index/parent_prefix_path/interfaces
[15.133s] -- Installing: /home/loic/Desktop/Xcar_chidi/raspberryPI3/ros2_ws/install/interfaces/share/interfaces/environment/ament_prefix_path.sh
[15.134s] -- Installing: /home/loic/Desktop/Xcar_chidi/raspberryPI3/ros2_ws/install/interfaces/share/interfaces/environment/ament_prefix_path.dsv
[15.134s] -- Installing: /home/loic/Desktop/Xcar_chidi/raspberryPI3/ros2_ws/install/interfaces/share/interfaces/environment/path.sh
[15.135s] -- Installing: /home/loic/Desktop/Xcar_chidi/raspberryPI3/ros2_ws/install/interfaces/share/interfaces/environment/path.dsv
[15.135s] -- Installing: /home/loic/Desktop/Xcar_chidi/raspberryPI3/ros2_ws/install/interfaces/share/interfaces/local_setup.bash
[15.136s] -- Installing: /home/loic/Desktop/Xcar_chidi/raspberryPI3/ros2_ws/install/interfaces/share/interfaces/local_setup.sh
[15.136s] -- Installing: /home/loic/Desktop/Xcar_chidi/raspberryPI3/ros2_ws/install/interfaces/share/interfaces/local_setup.zsh
[15.137s] -- Installing: /home/loic/Desktop/Xcar_chidi/raspberryPI3/ros2_ws/install/interfaces/share/interfaces/local_setup.dsv
[15.137s] -- Installing: /home/loic/Desktop/Xcar_chidi/raspberryPI3/ros2_ws/install/interfaces/share/interfaces/package.dsv
[15.138s] -- Installing: /home/loic/Desktop/Xcar_chidi/raspberryPI3/ros2_ws/install/interfaces/share/ament_index/resource_index/packages/interfaces
[15.138s] -- Installing: /home/loic/Desktop/Xcar_chidi/raspberryPI3/ros2_ws/install/interfaces/share/interfaces/cmake/export_interfaces__rosidl_generator_cExport.cmake
[15.139s] -- Installing: /home/loic/Desktop/Xcar_chidi/raspberryPI3/ros2_ws/install/interfaces/share/interfaces/cmake/export_interfaces__rosidl_generator_cExport-noconfig.cmake
[15.139s] -- Installing: /home/loic/Desktop/Xcar_chidi/raspberryPI3/ros2_ws/install/interfaces/share/interfaces/cmake/export_interfaces__rosidl_typesupport_fastrtps_cExport.cmake
[15.140s] -- Installing: /home/loic/Desktop/Xcar_chidi/raspberryPI3/ros2_ws/install/interfaces/share/interfaces/cmake/export_interfaces__rosidl_typesupport_fastrtps_cExport-noconfig.cmake
[15.140s] -- Installing: /home/loic/Desktop/Xcar_chidi/raspberryPI3/ros2_ws/install/interfaces/share/interfaces/cmake/export_interfaces__rosidl_generator_cppExport.cmake
[15.141s] -- Installing: /home/loic/Desktop/Xcar_chidi/raspberryPI3/ros2_ws/install/interfaces/share/interfaces/cmake/export_interfaces__rosidl_typesupport_fastrtps_cppExport.cmake
[15.141s] -- Installing: /home/loic/Desktop/Xcar_chidi/raspberryPI3/ros2_ws/install/interfaces/share/interfaces/cmake/export_interfaces__rosidl_typesupport_fastrtps_cppExport-noconfig.cmake
[15.142s] -- Installing: /home/loic/Desktop/Xcar_chidi/raspberryPI3/ros2_ws/install/interfaces/share/interfaces/cmake/interfaces__rosidl_typesupport_introspection_cExport.cmake
[15.142s] -- Installing: /home/loic/Desktop/Xcar_chidi/raspberryPI3/ros2_ws/install/interfaces/share/interfaces/cmake/interfaces__rosidl_typesupport_introspection_cExport-noconfig.cmake
[15.143s] -- Installing: /home/loic/Desktop/Xcar_chidi/raspberryPI3/ros2_ws/install/interfaces/share/interfaces/cmake/interfaces__rosidl_typesupport_cExport.cmake
[15.144s] -- Installing: /home/loic/Desktop/Xcar_chidi/raspberryPI3/ros2_ws/install/interfaces/share/interfaces/cmake/interfaces__rosidl_typesupport_cExport-noconfig.cmake
[15.144s] -- Installing: /home/loic/Desktop/Xcar_chidi/raspberryPI3/ros2_ws/install/interfaces/share/interfaces/cmake/interfaces__rosidl_typesupport_introspection_cppExport.cmake
[15.145s] -- Installing: /home/loic/Desktop/Xcar_chidi/raspberryPI3/ros2_ws/install/interfaces/share/interfaces/cmake/interfaces__rosidl_typesupport_introspection_cppExport-noconfig.cmake
[15.145s] -- Installing: /home/loic/Desktop/Xcar_chidi/raspberryPI3/ros2_ws/install/interfaces/share/interfaces/cmake/interfaces__rosidl_typesupport_cppExport.cmake
[15.146s] -- Installing: /home/loic/Desktop/Xcar_chidi/raspberryPI3/ros2_ws/install/interfaces/share/interfaces/cmake/interfaces__rosidl_typesupport_cppExport-noconfig.cmake
[15.146s] -- Installing: /home/loic/Desktop/Xcar_chidi/raspberryPI3/ros2_ws/install/interfaces/share/interfaces/cmake/export_interfaces__rosidl_generator_pyExport.cmake
[15.147s] -- Installing: /home/loic/Desktop/Xcar_chidi/raspberryPI3/ros2_ws/install/interfaces/share/interfaces/cmake/export_interfaces__rosidl_generator_pyExport-noconfig.cmake
[15.147s] -- Installing: /home/loic/Desktop/Xcar_chidi/raspberryPI3/ros2_ws/install/interfaces/share/interfaces/cmake/rosidl_cmake-extras.cmake
[15.148s] -- Installing: /home/loic/Desktop/Xcar_chidi/raspberryPI3/ros2_ws/install/interfaces/share/interfaces/cmake/ament_cmake_export_include_directories-extras.cmake
[15.148s] -- Installing: /home/loic/Desktop/Xcar_chidi/raspberryPI3/ros2_ws/install/interfaces/share/interfaces/cmake/ament_cmake_export_libraries-extras.cmake
[15.149s] -- Installing: /home/loic/Desktop/Xcar_chidi/raspberryPI3/ros2_ws/install/interfaces/share/interfaces/cmake/ament_cmake_export_targets-extras.cmake
[15.149s] -- Installing: /home/loic/Desktop/Xcar_chidi/raspberryPI3/ros2_ws/install/interfaces/share/interfaces/cmake/rosidl_cmake_export_typesupport_targets-extras.cmake
[15.150s] -- Installing: /home/loic/Desktop/Xcar_chidi/raspberryPI3/ros2_ws/install/interfaces/share/interfaces/cmake/ament_cmake_export_dependencies-extras.cmake
[15.150s] -- Installing: /home/loic/Desktop/Xcar_chidi/raspberryPI3/ros2_ws/install/interfaces/share/interfaces/cmake/rosidl_cmake_export_typesupport_libraries-extras.cmake
[15.151s] -- Installing: /home/loic/Desktop/Xcar_chidi/raspberryPI3/ros2_ws/install/interfaces/share/interfaces/cmake/interfacesConfig.cmake
[15.151s] -- Installing: /home/loic/Desktop/Xcar_chidi/raspberryPI3/ros2_ws/install/interfaces/share/interfaces/cmake/interfacesConfig-version.cmake
[15.152s] -- Installing: /home/loic/Desktop/Xcar_chidi/raspberryPI3/ros2_ws/install/interfaces/share/interfaces/package.xml
[15.159s] Invoked command in '/home/loic/Desktop/Xcar_chidi/raspberryPI3/ros2_ws/build/interfaces' returned '0': CMAKE_PREFIX_PATH=/opt/ros/humble /usr/bin/cmake --install /home/loic/Desktop/Xcar_chidi/raspberryPI3/ros2_ws/build/interfaces
