[2.068s] DEBUG:colcon:Command line arguments: ['/usr/bin/colcon', 'build', '--packages-select', 'state_machine']
[2.068s] DEBUG:colcon:Parsed command line arguments: Namespace(log_base=None, log_level=None, verb_name='build', build_base='build', install_base='install', merge_install=False, symlink_install=False, test_result_base=None, continue_on_error=False, executor='parallel', parallel_workers=8, event_handlers=None, ignore_user_meta=False, metas=['./colcon.meta'], base_paths=['.'], packages_ignore=None, packages_ignore_regex=None, paths=None, packages_up_to=None, packages_up_to_regex=None, packages_above=None, packages_above_and_dependencies=None, packages_above_depth=None, packages_select_by_dep=None, packages_skip_by_dep=None, packages_skip_up_to=None, packages_select_build_failed=False, packages_skip_build_finished=False, packages_select_test_failures=False, packages_skip_test_passed=False, packages_select=['state_machine'], packages_skip=None, packages_select_regex=None, packages_skip_regex=None, packages_start=None, packages_end=None, allow_overriding=[], cmake_args=None, cmake_target=None, cmake_target_skip_unavailable=False, cmake_clean_cache=False, cmake_clean_first=False, cmake_force_configure=False, ament_cmake_args=None, catkin_cmake_args=None, catkin_skip_building_tests=False, verb_parser=<colcon_defaults.argument_parser.defaults.DefaultArgumentsDecorator object at 0x7ff6b36c8eb0>, verb_extension=<colcon_core.verb.build.BuildVerb object at 0x7ff6b36c80d0>, main=<bound method BuildVerb.main of <colcon_core.verb.build.BuildVerb object at 0x7ff6b36c80d0>>)
[2.164s] Level 1:colcon.colcon_core.package_discovery:discover_packages(colcon_meta) check parameters
[2.164s] Level 1:colcon.colcon_core.package_discovery:discover_packages(recursive) check parameters
[2.164s] Level 1:colcon.colcon_core.package_discovery:discover_packages(ignore) check parameters
[2.164s] Level 1:colcon.colcon_core.package_discovery:discover_packages(path) check parameters
[2.164s] Level 1:colcon.colcon_core.package_discovery:discover_packages(colcon_meta) discover
[2.164s] Level 1:colcon.colcon_core.package_discovery:discover_packages(recursive) discover
[2.164s] INFO:colcon.colcon_core.package_discovery:Crawling recursively for packages in '/home/loic/Desktop/Xcar_chidi/raspberryPI3/ros2_ws'
[2.165s] Level 1:colcon.colcon_core.package_identification:_identify(.) by extensions ['ignore', 'ignore_ament_install']
[2.165s] Level 1:colcon.colcon_core.package_identification:_identify(.) by extension 'ignore'
[2.165s] Level 1:colcon.colcon_core.package_identification:_identify(.) by extension 'ignore_ament_install'
[2.165s] Level 1:colcon.colcon_core.package_identification:_identify(.) by extensions ['colcon_pkg']
[2.165s] Level 1:colcon.colcon_core.package_identification:_identify(.) by extension 'colcon_pkg'
[2.165s] Level 1:colcon.colcon_core.package_identification:_identify(.) by extensions ['colcon_meta']
[2.166s] Level 1:colcon.colcon_core.package_identification:_identify(.) by extension 'colcon_meta'
[2.166s] Level 1:colcon.colcon_core.package_identification:_identify(.) by extensions ['ros']
[2.166s] Level 1:colcon.colcon_core.package_identification:_identify(.) by extension 'ros'
[2.201s] Level 1:colcon.colcon_core.package_identification:_identify(.) by extensions ['cmake', 'python']
[2.201s] Level 1:colcon.colcon_core.package_identification:_identify(.) by extension 'cmake'
[2.201s] Level 1:colcon.colcon_core.package_identification:_identify(.) by extension 'python'
[2.201s] Level 1:colcon.colcon_core.package_identification:_identify(.) by extensions ['python_setup_py']
[2.201s] Level 1:colcon.colcon_core.package_identification:_identify(.) by extension 'python_setup_py'
[2.202s] Level 1:colcon.colcon_core.package_identification:_identify(build) by extensions ['ignore', 'ignore_ament_install']
[2.202s] Level 1:colcon.colcon_core.package_identification:_identify(build) by extension 'ignore'
[2.202s] Level 1:colcon.colcon_core.package_identification:_identify(build) ignored
[2.203s] Level 1:colcon.colcon_core.package_identification:_identify(install) by extensions ['ignore', 'ignore_ament_install']
[2.203s] Level 1:colcon.colcon_core.package_identification:_identify(install) by extension 'ignore'
[2.203s] Level 1:colcon.colcon_core.package_identification:_identify(install) ignored
[2.204s] Level 1:colcon.colcon_core.package_identification:_identify(log) by extensions ['ignore', 'ignore_ament_install']
[2.204s] Level 1:colcon.colcon_core.package_identification:_identify(log) by extension 'ignore'
[2.204s] Level 1:colcon.colcon_core.package_identification:_identify(log) ignored
[2.204s] Level 1:colcon.colcon_core.package_identification:_identify(src) by extensions ['ignore', 'ignore_ament_install']
[2.204s] Level 1:colcon.colcon_core.package_identification:_identify(src) by extension 'ignore'
[2.204s] Level 1:colcon.colcon_core.package_identification:_identify(src) by extension 'ignore_ament_install'
[2.204s] Level 1:colcon.colcon_core.package_identification:_identify(src) by extensions ['colcon_pkg']
[2.205s] Level 1:colcon.colcon_core.package_identification:_identify(src) by extension 'colcon_pkg'
[2.205s] Level 1:colcon.colcon_core.package_identification:_identify(src) by extensions ['colcon_meta']
[2.205s] Level 1:colcon.colcon_core.package_identification:_identify(src) by extension 'colcon_meta'
[2.205s] Level 1:colcon.colcon_core.package_identification:_identify(src) by extensions ['ros']
[2.205s] Level 1:colcon.colcon_core.package_identification:_identify(src) by extension 'ros'
[2.205s] Level 1:colcon.colcon_core.package_identification:_identify(src) by extensions ['cmake', 'python']
[2.205s] Level 1:colcon.colcon_core.package_identification:_identify(src) by extension 'cmake'
[2.205s] Level 1:colcon.colcon_core.package_identification:_identify(src) by extension 'python'
[2.205s] Level 1:colcon.colcon_core.package_identification:_identify(src) by extensions ['python_setup_py']
[2.205s] Level 1:colcon.colcon_core.package_identification:_identify(src) by extension 'python_setup_py'
[2.205s] Level 1:colcon.colcon_core.package_identification:_identify(src/can) by extensions ['ignore', 'ignore_ament_install']
[2.206s] Level 1:colcon.colcon_core.package_identification:_identify(src/can) by extension 'ignore'
[2.206s] Level 1:colcon.colcon_core.package_identification:_identify(src/can) by extension 'ignore_ament_install'
[2.206s] Level 1:colcon.colcon_core.package_identification:_identify(src/can) by extensions ['colcon_pkg']
[2.206s] Level 1:colcon.colcon_core.package_identification:_identify(src/can) by extension 'colcon_pkg'
[2.206s] Level 1:colcon.colcon_core.package_identification:_identify(src/can) by extensions ['colcon_meta']
[2.206s] Level 1:colcon.colcon_core.package_identification:_identify(src/can) by extension 'colcon_meta'
[2.206s] Level 1:colcon.colcon_core.package_identification:_identify(src/can) by extensions ['ros']
[2.206s] Level 1:colcon.colcon_core.package_identification:_identify(src/can) by extension 'ros'
[2.211s] DEBUG:colcon.colcon_core.package_identification:Package 'src/can' with type 'ros.ament_cmake' and name 'can'
[2.212s] Level 1:colcon.colcon_core.package_identification:_identify(src/car_control) by extensions ['ignore', 'ignore_ament_install']
[2.212s] Level 1:colcon.colcon_core.package_identification:_identify(src/car_control) by extension 'ignore'
[2.212s] Level 1:colcon.colcon_core.package_identification:_identify(src/car_control) by extension 'ignore_ament_install'
[2.212s] Level 1:colcon.colcon_core.package_identification:_identify(src/car_control) by extensions ['colcon_pkg']
[2.212s] Level 1:colcon.colcon_core.package_identification:_identify(src/car_control) by extension 'colcon_pkg'
[2.212s] Level 1:colcon.colcon_core.package_identification:_identify(src/car_control) by extensions ['colcon_meta']
[2.212s] Level 1:colcon.colcon_core.package_identification:_identify(src/car_control) by extension 'colcon_meta'
[2.212s] Level 1:colcon.colcon_core.package_identification:_identify(src/car_control) by extensions ['ros']
[2.212s] Level 1:colcon.colcon_core.package_identification:_identify(src/car_control) by extension 'ros'
[2.214s] DEBUG:colcon.colcon_core.package_identification:Package 'src/car_control' with type 'ros.ament_cmake' and name 'car_control'
[2.214s] Level 1:colcon.colcon_core.package_identification:_identify(src/carla_msgs) by extensions ['ignore', 'ignore_ament_install']
[2.214s] Level 1:colcon.colcon_core.package_identification:_identify(src/carla_msgs) by extension 'ignore'
[2.214s] Level 1:colcon.colcon_core.package_identification:_identify(src/carla_msgs) by extension 'ignore_ament_install'
[2.214s] Level 1:colcon.colcon_core.package_identification:_identify(src/carla_msgs) by extensions ['colcon_pkg']
[2.214s] Level 1:colcon.colcon_core.package_identification:_identify(src/carla_msgs) by extension 'colcon_pkg'
[2.214s] Level 1:colcon.colcon_core.package_identification:_identify(src/carla_msgs) by extensions ['colcon_meta']
[2.215s] Level 1:colcon.colcon_core.package_identification:_identify(src/carla_msgs) by extension 'colcon_meta'
[2.215s] Level 1:colcon.colcon_core.package_identification:_identify(src/carla_msgs) by extensions ['ros']
[2.215s] Level 1:colcon.colcon_core.package_identification:_identify(src/carla_msgs) by extension 'ros'
[2.216s] DEBUG:colcon.colcon_core.package_identification:Package 'src/carla_msgs' with type 'ros.ament_cmake' and name 'carla_msgs'
[2.216s] Level 1:colcon.colcon_core.package_identification:_identify(src/geicar_start) by extensions ['ignore', 'ignore_ament_install']
[2.216s] Level 1:colcon.colcon_core.package_identification:_identify(src/geicar_start) by extension 'ignore'
[2.216s] Level 1:colcon.colcon_core.package_identification:_identify(src/geicar_start) by extension 'ignore_ament_install'
[2.217s] Level 1:colcon.colcon_core.package_identification:_identify(src/geicar_start) by extensions ['colcon_pkg']
[2.217s] Level 1:colcon.colcon_core.package_identification:_identify(src/geicar_start) by extension 'colcon_pkg'
[2.217s] Level 1:colcon.colcon_core.package_identification:_identify(src/geicar_start) by extensions ['colcon_meta']
[2.217s] Level 1:colcon.colcon_core.package_identification:_identify(src/geicar_start) by extension 'colcon_meta'
[2.217s] Level 1:colcon.colcon_core.package_identification:_identify(src/geicar_start) by extensions ['ros']
[2.217s] Level 1:colcon.colcon_core.package_identification:_identify(src/geicar_start) by extension 'ros'
[2.218s] DEBUG:colcon.colcon_core.package_identification:Package 'src/geicar_start' with type 'ros.ament_cmake' and name 'geicar_start'
[2.219s] Level 1:colcon.colcon_core.package_identification:_identify(src/imu_tools) by extensions ['ignore', 'ignore_ament_install']
[2.219s] Level 1:colcon.colcon_core.package_identification:_identify(src/imu_tools) by extension 'ignore'
[2.220s] Level 1:colcon.colcon_core.package_identification:_identify(src/imu_tools) by extension 'ignore_ament_install'
[2.220s] Level 1:colcon.colcon_core.package_identification:_identify(src/imu_tools) by extensions ['colcon_pkg']
[2.220s] Level 1:colcon.colcon_core.package_identification:_identify(src/imu_tools) by extension 'colcon_pkg'
[2.220s] Level 1:colcon.colcon_core.package_identification:_identify(src/imu_tools) by extensions ['colcon_meta']
[2.220s] Level 1:colcon.colcon_core.package_identification:_identify(src/imu_tools) by extension 'colcon_meta'
[2.220s] Level 1:colcon.colcon_core.package_identification:_identify(src/imu_tools) by extensions ['ros']
[2.220s] Level 1:colcon.colcon_core.package_identification:_identify(src/imu_tools) by extension 'ros'
[2.221s] Level 1:colcon.colcon_core.package_identification:_identify(src/imu_tools) by extensions ['cmake', 'python']
[2.221s] Level 1:colcon.colcon_core.package_identification:_identify(src/imu_tools) by extension 'cmake'
[2.221s] Level 1:colcon.colcon_core.package_identification:_identify(src/imu_tools) by extension 'python'
[2.221s] Level 1:colcon.colcon_core.package_identification:_identify(src/imu_tools) by extensions ['python_setup_py']
[2.221s] Level 1:colcon.colcon_core.package_identification:_identify(src/imu_tools) by extension 'python_setup_py'
[2.221s] Level 1:colcon.colcon_core.package_identification:_identify(src/imu_tools/imu_complementary_filter) by extensions ['ignore', 'ignore_ament_install']
[2.222s] Level 1:colcon.colcon_core.package_identification:_identify(src/imu_tools/imu_complementary_filter) by extension 'ignore'
[2.222s] Level 1:colcon.colcon_core.package_identification:_identify(src/imu_tools/imu_complementary_filter) by extension 'ignore_ament_install'
[2.222s] Level 1:colcon.colcon_core.package_identification:_identify(src/imu_tools/imu_complementary_filter) by extensions ['colcon_pkg']
[2.222s] Level 1:colcon.colcon_core.package_identification:_identify(src/imu_tools/imu_complementary_filter) by extension 'colcon_pkg'
[2.222s] Level 1:colcon.colcon_core.package_identification:_identify(src/imu_tools/imu_complementary_filter) by extensions ['colcon_meta']
[2.222s] Level 1:colcon.colcon_core.package_identification:_identify(src/imu_tools/imu_complementary_filter) by extension 'colcon_meta'
[2.222s] Level 1:colcon.colcon_core.package_identification:_identify(src/imu_tools/imu_complementary_filter) by extensions ['ros']
[2.222s] Level 1:colcon.colcon_core.package_identification:_identify(src/imu_tools/imu_complementary_filter) by extension 'ros'
[2.224s] DEBUG:colcon.colcon_core.package_identification:Package 'src/imu_tools/imu_complementary_filter' with type 'ros.ament_cmake' and name 'imu_complementary_filter'
[2.225s] Level 1:colcon.colcon_core.package_identification:_identify(src/imu_tools/imu_filter_madgwick) by extensions ['ignore', 'ignore_ament_install']
[2.225s] Level 1:colcon.colcon_core.package_identification:_identify(src/imu_tools/imu_filter_madgwick) by extension 'ignore'
[2.225s] Level 1:colcon.colcon_core.package_identification:_identify(src/imu_tools/imu_filter_madgwick) by extension 'ignore_ament_install'
[2.225s] Level 1:colcon.colcon_core.package_identification:_identify(src/imu_tools/imu_filter_madgwick) by extensions ['colcon_pkg']
[2.225s] Level 1:colcon.colcon_core.package_identification:_identify(src/imu_tools/imu_filter_madgwick) by extension 'colcon_pkg'
[2.225s] Level 1:colcon.colcon_core.package_identification:_identify(src/imu_tools/imu_filter_madgwick) by extensions ['colcon_meta']
[2.225s] Level 1:colcon.colcon_core.package_identification:_identify(src/imu_tools/imu_filter_madgwick) by extension 'colcon_meta'
[2.225s] Level 1:colcon.colcon_core.package_identification:_identify(src/imu_tools/imu_filter_madgwick) by extensions ['ros']
[2.226s] Level 1:colcon.colcon_core.package_identification:_identify(src/imu_tools/imu_filter_madgwick) by extension 'ros'
[2.228s] DEBUG:colcon.colcon_core.package_identification:Package 'src/imu_tools/imu_filter_madgwick' with type 'ros.ament_cmake' and name 'imu_filter_madgwick'
[2.228s] Level 1:colcon.colcon_core.package_identification:_identify(src/imu_tools/imu_tools) by extensions ['ignore', 'ignore_ament_install']
[2.228s] Level 1:colcon.colcon_core.package_identification:_identify(src/imu_tools/imu_tools) by extension 'ignore'
[2.229s] Level 1:colcon.colcon_core.package_identification:_identify(src/imu_tools/imu_tools) by extension 'ignore_ament_install'
[2.229s] Level 1:colcon.colcon_core.package_identification:_identify(src/imu_tools/imu_tools) by extensions ['colcon_pkg']
[2.229s] Level 1:colcon.colcon_core.package_identification:_identify(src/imu_tools/imu_tools) by extension 'colcon_pkg'
[2.229s] Level 1:colcon.colcon_core.package_identification:_identify(src/imu_tools/imu_tools) by extensions ['colcon_meta']
[2.229s] Level 1:colcon.colcon_core.package_identification:_identify(src/imu_tools/imu_tools) by extension 'colcon_meta'
[2.229s] Level 1:colcon.colcon_core.package_identification:_identify(src/imu_tools/imu_tools) by extensions ['ros']
[2.229s] Level 1:colcon.colcon_core.package_identification:_identify(src/imu_tools/imu_tools) by extension 'ros'
[2.230s] DEBUG:colcon.colcon_core.package_identification:Package 'src/imu_tools/imu_tools' with type 'ros.ament_cmake' and name 'imu_tools'
[2.230s] Level 1:colcon.colcon_core.package_identification:_identify(src/imu_tools/rviz_imu_plugin) by extensions ['ignore', 'ignore_ament_install']
[2.230s] Level 1:colcon.colcon_core.package_identification:_identify(src/imu_tools/rviz_imu_plugin) by extension 'ignore'
[2.230s] Level 1:colcon.colcon_core.package_identification:_identify(src/imu_tools/rviz_imu_plugin) by extension 'ignore_ament_install'
[2.230s] Level 1:colcon.colcon_core.package_identification:_identify(src/imu_tools/rviz_imu_plugin) by extensions ['colcon_pkg']
[2.230s] Level 1:colcon.colcon_core.package_identification:_identify(src/imu_tools/rviz_imu_plugin) by extension 'colcon_pkg'
[2.230s] Level 1:colcon.colcon_core.package_identification:_identify(src/imu_tools/rviz_imu_plugin) by extensions ['colcon_meta']
[2.230s] Level 1:colcon.colcon_core.package_identification:_identify(src/imu_tools/rviz_imu_plugin) by extension 'colcon_meta'
[2.231s] Level 1:colcon.colcon_core.package_identification:_identify(src/imu_tools/rviz_imu_plugin) by extensions ['ros']
[2.231s] Level 1:colcon.colcon_core.package_identification:_identify(src/imu_tools/rviz_imu_plugin) by extension 'ros'
[2.233s] DEBUG:colcon.colcon_core.package_identification:Package 'src/imu_tools/rviz_imu_plugin' with type 'ros.ament_cmake' and name 'rviz_imu_plugin'
[2.234s] Level 1:colcon.colcon_core.package_identification:_identify(src/interfaces) by extensions ['ignore', 'ignore_ament_install']
[2.234s] Level 1:colcon.colcon_core.package_identification:_identify(src/interfaces) by extension 'ignore'
[2.234s] Level 1:colcon.colcon_core.package_identification:_identify(src/interfaces) by extension 'ignore_ament_install'
[2.234s] Level 1:colcon.colcon_core.package_identification:_identify(src/interfaces) by extensions ['colcon_pkg']
[2.234s] Level 1:colcon.colcon_core.package_identification:_identify(src/interfaces) by extension 'colcon_pkg'
[2.234s] Level 1:colcon.colcon_core.package_identification:_identify(src/interfaces) by extensions ['colcon_meta']
[2.234s] Level 1:colcon.colcon_core.package_identification:_identify(src/interfaces) by extension 'colcon_meta'
[2.234s] Level 1:colcon.colcon_core.package_identification:_identify(src/interfaces) by extensions ['ros']
[2.234s] Level 1:colcon.colcon_core.package_identification:_identify(src/interfaces) by extension 'ros'
[2.237s] DEBUG:colcon.colcon_core.package_identification:Package 'src/interfaces' with type 'ros.ament_cmake' and name 'interfaces'
[2.237s] Level 1:colcon.colcon_core.package_identification:_identify(src/joystick) by extensions ['ignore', 'ignore_ament_install']
[2.238s] Level 1:colcon.colcon_core.package_identification:_identify(src/joystick) by extension 'ignore'
[2.238s] Level 1:colcon.colcon_core.package_identification:_identify(src/joystick) by extension 'ignore_ament_install'
[2.238s] Level 1:colcon.colcon_core.package_identification:_identify(src/joystick) by extensions ['colcon_pkg']
[2.238s] Level 1:colcon.colcon_core.package_identification:_identify(src/joystick) by extension 'colcon_pkg'
[2.238s] Level 1:colcon.colcon_core.package_identification:_identify(src/joystick) by extensions ['colcon_meta']
[2.238s] Level 1:colcon.colcon_core.package_identification:_identify(src/joystick) by extension 'colcon_meta'
[2.238s] Level 1:colcon.colcon_core.package_identification:_identify(src/joystick) by extensions ['ros']
[2.238s] Level 1:colcon.colcon_core.package_identification:_identify(src/joystick) by extension 'ros'
[2.240s] DEBUG:colcon.colcon_core.package_identification:Package 'src/joystick' with type 'ros.ament_cmake' and name 'joystick'
[2.240s] Level 1:colcon.colcon_core.package_identification:_identify(src/simulation) by extensions ['ignore', 'ignore_ament_install']
[2.240s] Level 1:colcon.colcon_core.package_identification:_identify(src/simulation) by extension 'ignore'
[2.240s] Level 1:colcon.colcon_core.package_identification:_identify(src/simulation) by extension 'ignore_ament_install'
[2.240s] Level 1:colcon.colcon_core.package_identification:_identify(src/simulation) by extensions ['colcon_pkg']
[2.240s] Level 1:colcon.colcon_core.package_identification:_identify(src/simulation) by extension 'colcon_pkg'
[2.240s] Level 1:colcon.colcon_core.package_identification:_identify(src/simulation) by extensions ['colcon_meta']
[2.241s] Level 1:colcon.colcon_core.package_identification:_identify(src/simulation) by extension 'colcon_meta'
[2.241s] Level 1:colcon.colcon_core.package_identification:_identify(src/simulation) by extensions ['ros']
[2.241s] Level 1:colcon.colcon_core.package_identification:_identify(src/simulation) by extension 'ros'
[2.242s] DEBUG:colcon.colcon_core.package_identification:Package 'src/simulation' with type 'ros.ament_cmake' and name 'simulation'
[2.242s] Level 1:colcon.colcon_core.package_identification:_identify(src/state_machine) by extensions ['ignore', 'ignore_ament_install']
[2.242s] Level 1:colcon.colcon_core.package_identification:_identify(src/state_machine) by extension 'ignore'
[2.242s] Level 1:colcon.colcon_core.package_identification:_identify(src/state_machine) by extension 'ignore_ament_install'
[2.242s] Level 1:colcon.colcon_core.package_identification:_identify(src/state_machine) by extensions ['colcon_pkg']
[2.242s] Level 1:colcon.colcon_core.package_identification:_identify(src/state_machine) by extension 'colcon_pkg'
[2.242s] Level 1:colcon.colcon_core.package_identification:_identify(src/state_machine) by extensions ['colcon_meta']
[2.243s] Level 1:colcon.colcon_core.package_identification:_identify(src/state_machine) by extension 'colcon_meta'
[2.243s] Level 1:colcon.colcon_core.package_identification:_identify(src/state_machine) by extensions ['ros']
[2.243s] Level 1:colcon.colcon_core.package_identification:_identify(src/state_machine) by extension 'ros'
[2.243s] DEBUG:colcon.colcon_core.package_identification:Package 'src/state_machine' with type 'ros.ament_cmake' and name 'state_machine'
[2.244s] Level 1:colcon.colcon_core.package_identification:_identify(src/system_check) by extensions ['ignore', 'ignore_ament_install']
[2.244s] Level 1:colcon.colcon_core.package_identification:_identify(src/system_check) by extension 'ignore'
[2.244s] Level 1:colcon.colcon_core.package_identification:_identify(src/system_check) by extension 'ignore_ament_install'
[2.244s] Level 1:colcon.colcon_core.package_identification:_identify(src/system_check) by extensions ['colcon_pkg']
[2.244s] Level 1:colcon.colcon_core.package_identification:_identify(src/system_check) by extension 'colcon_pkg'
[2.244s] Level 1:colcon.colcon_core.package_identification:_identify(src/system_check) by extensions ['colcon_meta']
[2.244s] Level 1:colcon.colcon_core.package_identification:_identify(src/system_check) by extension 'colcon_meta'
[2.244s] Level 1:colcon.colcon_core.package_identification:_identify(src/system_check) by extensions ['ros']
[2.244s] Level 1:colcon.colcon_core.package_identification:_identify(src/system_check) by extension 'ros'
[2.245s] DEBUG:colcon.colcon_core.package_identification:Package 'src/system_check' with type 'ros.ament_cmake' and name 'system_check'
[2.246s] Level 1:colcon.colcon_core.package_discovery:discover_packages(recursive) using defaults
[2.246s] Level 1:colcon.colcon_core.package_discovery:discover_packages(ignore) discover
[2.246s] Level 1:colcon.colcon_core.package_discovery:discover_packages(ignore) using defaults
[2.246s] Level 1:colcon.colcon_core.package_discovery:discover_packages(path) discover
[2.246s] Level 1:colcon.colcon_core.package_discovery:discover_packages(path) using defaults
[2.386s] INFO:colcon.colcon_core.package_selection:Skipping not selected package 'carla_msgs' in 'src/carla_msgs'
[2.387s] INFO:colcon.colcon_core.package_selection:Skipping not selected package 'imu_complementary_filter' in 'src/imu_tools/imu_complementary_filter'
[2.387s] INFO:colcon.colcon_core.package_selection:Skipping not selected package 'imu_filter_madgwick' in 'src/imu_tools/imu_filter_madgwick'
[2.387s] INFO:colcon.colcon_core.package_selection:Skipping not selected package 'interfaces' in 'src/interfaces'
[2.387s] INFO:colcon.colcon_core.package_selection:Skipping not selected package 'rviz_imu_plugin' in 'src/imu_tools/rviz_imu_plugin'
[2.387s] INFO:colcon.colcon_core.package_selection:Skipping not selected package 'can' in 'src/can'
[2.387s] INFO:colcon.colcon_core.package_selection:Skipping not selected package 'car_control' in 'src/car_control'
[2.387s] INFO:colcon.colcon_core.package_selection:Skipping not selected package 'imu_tools' in 'src/imu_tools/imu_tools'
[2.387s] INFO:colcon.colcon_core.package_selection:Skipping not selected package 'joystick' in 'src/joystick'
[2.387s] INFO:colcon.colcon_core.package_selection:Skipping not selected package 'simulation' in 'src/simulation'
[2.387s] INFO:colcon.colcon_core.package_selection:Skipping not selected package 'system_check' in 'src/system_check'
[2.387s] INFO:colcon.colcon_core.package_selection:Skipping not selected package 'geicar_start' in 'src/geicar_start'
[2.454s] Level 1:colcon.colcon_core.package_discovery:discover_packages(prefix_path) check parameters
[2.454s] Level 1:colcon.colcon_core.package_discovery:discover_packages(prefix_path) discover
[2.538s] DEBUG:colcon.colcon_installed_package_information.package_discovery:Found 270 installed packages in /opt/ros/humble
[2.541s] Level 1:colcon.colcon_core.package_discovery:discover_packages(prefix_path) using defaults
[2.842s] Level 5:colcon.colcon_core.verb:set package 'state_machine' build argument 'cmake_args' from command line to 'None'
[2.842s] Level 5:colcon.colcon_core.verb:set package 'state_machine' build argument 'cmake_target' from command line to 'None'
[2.843s] Level 5:colcon.colcon_core.verb:set package 'state_machine' build argument 'cmake_target_skip_unavailable' from command line to 'False'
[2.843s] Level 5:colcon.colcon_core.verb:set package 'state_machine' build argument 'cmake_clean_cache' from command line to 'False'
[2.843s] Level 5:colcon.colcon_core.verb:set package 'state_machine' build argument 'cmake_clean_first' from command line to 'False'
[2.843s] Level 5:colcon.colcon_core.verb:set package 'state_machine' build argument 'cmake_force_configure' from command line to 'False'
[2.843s] Level 5:colcon.colcon_core.verb:set package 'state_machine' build argument 'ament_cmake_args' from command line to 'None'
[2.843s] Level 5:colcon.colcon_core.verb:set package 'state_machine' build argument 'catkin_cmake_args' from command line to 'None'
[2.843s] Level 5:colcon.colcon_core.verb:set package 'state_machine' build argument 'catkin_skip_building_tests' from command line to 'False'
[2.843s] DEBUG:colcon.colcon_core.verb:Building package 'state_machine' with the following arguments: {'ament_cmake_args': None, 'build_base': '/home/loic/Desktop/Xcar_chidi/raspberryPI3/ros2_ws/build/state_machine', 'catkin_cmake_args': None, 'catkin_skip_building_tests': False, 'cmake_args': None, 'cmake_clean_cache': False, 'cmake_clean_first': False, 'cmake_force_configure': False, 'cmake_target': None, 'cmake_target_skip_unavailable': False, 'install_base': '/home/loic/Desktop/Xcar_chidi/raspberryPI3/ros2_ws/install/state_machine', 'merge_install': False, 'path': '/home/loic/Desktop/Xcar_chidi/raspberryPI3/ros2_ws/src/state_machine', 'symlink_install': False, 'test_result_base': None}
[2.879s] INFO:colcon.colcon_core.executor:Executing jobs using 'parallel' executor
[2.914s] DEBUG:colcon.colcon_parallel_executor.executor.parallel:run_until_complete
[2.914s] INFO:colcon.colcon_ros.task.ament_cmake.build:Building ROS package in '/home/loic/Desktop/Xcar_chidi/raspberryPI3/ros2_ws/src/state_machine' with build type 'ament_cmake'
[2.915s] INFO:colcon.colcon_cmake.task.cmake.build:Building CMake package in '/home/loic/Desktop/Xcar_chidi/raspberryPI3/ros2_ws/src/state_machine'
[2.958s] INFO:colcon.colcon_core.plugin_system:Skipping extension 'colcon_core.shell.bat': Not used on non-Windows systems
[2.959s] INFO:colcon.colcon_core.shell:Skip shell extension 'powershell' for command environment: Not usable outside of PowerShell
[2.959s] DEBUG:colcon.colcon_core.shell:Skip shell extension 'dsv' for command environment
[3.055s] DEBUG:colcon.colcon_core.event_handler.log_command:Invoking command in '/home/loic/Desktop/Xcar_chidi/raspberryPI3/ros2_ws/build/state_machine': CMAKE_PREFIX_PATH=/opt/ros/humble /usr/bin/cmake --build /home/loic/Desktop/Xcar_chidi/raspberryPI3/ros2_ws/build/state_machine -- -j8 -l8
[13.591s] DEBUG:colcon.colcon_core.event_handler.log_command:Invoked command in '/home/loic/Desktop/Xcar_chidi/raspberryPI3/ros2_ws/build/state_machine' returned '2': CMAKE_PREFIX_PATH=/opt/ros/humble /usr/bin/cmake --build /home/loic/Desktop/Xcar_chidi/raspberryPI3/ros2_ws/build/state_machine -- -j8 -l8
[13.677s] Level 1:colcon.colcon_core.environment:create_environment_scripts_only(state_machine)
[13.703s] Level 1:colcon.colcon_core.environment:checking '/home/loic/Desktop/Xcar_chidi/raspberryPI3/ros2_ws/install/state_machine' for CMake module files
[13.704s] Level 1:colcon.colcon_core.environment:checking '/home/loic/Desktop/Xcar_chidi/raspberryPI3/ros2_ws/install/state_machine' for CMake config files
[13.704s] Level 1:colcon.colcon_core.shell:create_environment_hook('state_machine', 'cmake_prefix_path')
[13.724s] INFO:colcon.colcon_core.shell:Creating environment hook '/home/loic/Desktop/Xcar_chidi/raspberryPI3/ros2_ws/install/state_machine/share/state_machine/hook/cmake_prefix_path.ps1'
[13.725s] INFO:colcon.colcon_core.shell:Creating environment descriptor '/home/loic/Desktop/Xcar_chidi/raspberryPI3/ros2_ws/install/state_machine/share/state_machine/hook/cmake_prefix_path.dsv'
[13.725s] INFO:colcon.colcon_core.shell:Creating environment hook '/home/loic/Desktop/Xcar_chidi/raspberryPI3/ros2_ws/install/state_machine/share/state_machine/hook/cmake_prefix_path.sh'
[13.726s] Level 1:colcon.colcon_core.environment:checking '/home/loic/Desktop/Xcar_chidi/raspberryPI3/ros2_ws/install/state_machine/lib'
[13.727s] Level 1:colcon.colcon_core.environment:checking '/home/loic/Desktop/Xcar_chidi/raspberryPI3/ros2_ws/install/state_machine/bin'
[13.727s] Level 1:colcon.colcon_core.environment:checking '/home/loic/Desktop/Xcar_chidi/raspberryPI3/ros2_ws/install/state_machine/lib/pkgconfig/state_machine.pc'
[13.727s] Level 1:colcon.colcon_core.environment:checking '/home/loic/Desktop/Xcar_chidi/raspberryPI3/ros2_ws/install/state_machine/lib/python3.10/site-packages'
[13.727s] Level 1:colcon.colcon_core.environment:checking '/home/loic/Desktop/Xcar_chidi/raspberryPI3/ros2_ws/install/state_machine/bin'
[13.748s] INFO:colcon.colcon_core.shell:Creating package script '/home/loic/Desktop/Xcar_chidi/raspberryPI3/ros2_ws/install/state_machine/share/state_machine/package.ps1'
[13.751s] INFO:colcon.colcon_core.shell:Creating package descriptor '/home/loic/Desktop/Xcar_chidi/raspberryPI3/ros2_ws/install/state_machine/share/state_machine/package.dsv'
[13.752s] INFO:colcon.colcon_core.shell:Creating package script '/home/loic/Desktop/Xcar_chidi/raspberryPI3/ros2_ws/install/state_machine/share/state_machine/package.sh'
[13.753s] INFO:colcon.colcon_core.shell:Creating package script '/home/loic/Desktop/Xcar_chidi/raspberryPI3/ros2_ws/install/state_machine/share/state_machine/package.bash'
[13.753s] INFO:colcon.colcon_core.shell:Creating package script '/home/loic/Desktop/Xcar_chidi/raspberryPI3/ros2_ws/install/state_machine/share/state_machine/package.zsh'
[13.754s] Level 1:colcon.colcon_core.environment:create_file_with_runtime_dependencies(/home/loic/Desktop/Xcar_chidi/raspberryPI3/ros2_ws/install/state_machine/share/colcon-core/packages/state_machine)
[13.765s] DEBUG:colcon.colcon_parallel_executor.executor.parallel:closing loop
[13.765s] DEBUG:colcon.colcon_parallel_executor.executor.parallel:loop closed
[13.765s] DEBUG:colcon.colcon_parallel_executor.executor.parallel:run_until_complete finished with '2'
[13.765s] DEBUG:colcon.colcon_core.event_reactor:joining thread
[13.796s] INFO:colcon.colcon_core.plugin_system:Skipping extension 'colcon_notification.desktop_notification.terminal_notifier': Not used on non-Darwin systems
[13.796s] INFO:colcon.colcon_core.plugin_system:Skipping extension 'colcon_notification.desktop_notification.win32': Not used on non-Windows systems
[13.796s] INFO:colcon.colcon_notification.desktop_notification:Sending desktop notification using 'notify2'
[13.817s] DEBUG:colcon.colcon_core.event_reactor:joined thread
[13.842s] INFO:colcon.colcon_core.shell:Creating prefix script '/home/loic/Desktop/Xcar_chidi/raspberryPI3/ros2_ws/install/local_setup.ps1'
[13.844s] INFO:colcon.colcon_core.shell:Creating prefix util module '/home/loic/Desktop/Xcar_chidi/raspberryPI3/ros2_ws/install/_local_setup_util_ps1.py'
[13.846s] INFO:colcon.colcon_core.shell:Creating prefix chain script '/home/loic/Desktop/Xcar_chidi/raspberryPI3/ros2_ws/install/setup.ps1'
[13.869s] INFO:colcon.colcon_core.shell:Creating prefix script '/home/loic/Desktop/Xcar_chidi/raspberryPI3/ros2_ws/install/local_setup.sh'
[13.870s] INFO:colcon.colcon_core.shell:Creating prefix util module '/home/loic/Desktop/Xcar_chidi/raspberryPI3/ros2_ws/install/_local_setup_util_sh.py'
[13.870s] INFO:colcon.colcon_core.shell:Creating prefix chain script '/home/loic/Desktop/Xcar_chidi/raspberryPI3/ros2_ws/install/setup.sh'
[13.891s] INFO:colcon.colcon_core.shell:Creating prefix script '/home/loic/Desktop/Xcar_chidi/raspberryPI3/ros2_ws/install/local_setup.bash'
[13.892s] INFO:colcon.colcon_core.shell:Creating prefix chain script '/home/loic/Desktop/Xcar_chidi/raspberryPI3/ros2_ws/install/setup.bash'
[13.913s] INFO:colcon.colcon_core.shell:Creating prefix script '/home/loic/Desktop/Xcar_chidi/raspberryPI3/ros2_ws/install/local_setup.zsh'
[13.914s] INFO:colcon.colcon_core.shell:Creating prefix chain script '/home/loic/Desktop/Xcar_chidi/raspberryPI3/ros2_ws/install/setup.zsh'
