[01m[K/home/loic/Desktop/Xcar_chidi/raspberryPI3/ros2_ws/src/state_machine/src/state_machine_node.cpp:41:95:[m[K [01;31m[Kerror: [m[K‘[01m[KUltrasonic[m[K’ in namespace ‘[01m[Kinterfaces::msg[m[K’ does not name a type
   41 | faces::msg::JoystickOrder &joyOrder, const interfaces::msg::[01;31m[KUltrasonic[m[K &ultrasonic)
      |                                                             [01;31m[K^~~~~~~~~~[m[K

In file included from [01m[K/usr/include/c++/11/pstl/glue_algorithm_defs.h:13[m[K,
                 from [01m[K/usr/include/c++/11/algorithm:74[m[K,
                 from [01m[K/opt/ros/humble/include/rclcpp/rclcpp/executor.hpp:18[m[K,
                 from [01m[K/opt/ros/humble/include/rclcpp/rclcpp/executors/multi_threaded_executor.hpp:25[m[K,
                 from [01m[K/opt/ros/humble/include/rclcpp/rclcpp/executors.hpp:21[m[K,
                 from [01m[K/opt/ros/humble/include/rclcpp/rclcpp/rclcpp.hpp:155[m[K,
                 from [01m[K/home/loic/Desktop/Xcar_chidi/raspberryPI3/ros2_ws/src/state_machine/src/state_machine_node.cpp:2[m[K:
/usr/include/c++/11/functional: In instantiation of ‘[01m[Kstruct std::_Bind_check_arity<void (state_machine::*)(const interfaces::msg::JoystickOrder_<std::allocator<void> >&, const int&), state_machine*, const std::_Placeholder<1>&>[m[K’:
[01m[K/usr/include/c++/11/functional:768:12:[m[K   required from ‘[01m[Kstruct std::_Bind_helper<false, void (state_machine::*)(const interfaces::msg::JoystickOrder_<std::allocator<void> >&, const int&), state_machine*, const std::_Placeholder<1>&>[m[K’
[01m[K/usr/include/c++/11/functional:789:5:[m[K   required by substitution of ‘[01m[Ktemplate<class _Func, class ... _BoundArgs> typename std::_Bind_helper<std::__is_socketlike<_Func>::value, _Func, _BoundArgs ...>::type std::bind(_Func&&, _BoundArgs&& ...) [with _Func = void (state_machine::*)(const interfaces::msg::JoystickOrder_<std::allocator<void> >&, const int&); _BoundArgs = {state_machine*, const std::_Placeholder<1>&}][m[K’
[01m[K/home/loic/Desktop/Xcar_chidi/raspberryPI3/ros2_ws/src/state_machine/src/state_machine_node.cpp:23:40:[m[K   required from here
[01m[K/usr/include/c++/11/functional:756:21:[m[K [01;31m[Kerror: [m[Kstatic assertion failed: Wrong number of arguments for pointer-to-member
  755 |       static_assert(_Varargs::[01;31m[Kvalue[m[K
      |                               [01;31m[K~~~~~[m[K
  756 | [01;31m[K                    ? sizeof...(_BoundArgs) >= _Arity::value + 1[m[K
      |                     [01;31m[K^~~~~~~~~~~~~~~~~~~~~~~~~~~~~~~~~~~~~~~~~~~~[m[K
  757 | [01;31m[K                    : sizeof...(_BoundArgs) == _Arity::value + 1[m[K,
      |                     [01;31m[K~~~~~~~~~~~~~~~~~~~~~~~~~~~~~~~~~~~~~~~~~~~~[m[K
[01m[K/usr/include/c++/11/functional:756:21:[m[K [01;36m[Knote: [m[K‘[01m[K(false ? (2 >= (((long unsigned int)std::integral_constant<long unsigned int, 2>::value) + 1)) : (2 == (((long unsigned int)std::integral_constant<long unsigned int, 2>::value) + 1)))[m[K’ evaluates to false
[01m[K/home/loic/Desktop/Xcar_chidi/raspberryPI3/ros2_ws/src/state_machine/src/state_machine_node.cpp:[m[K In constructor ‘[01m[Kstate_machine::state_machine()[m[K’:
[01m[K/home/loic/Desktop/Xcar_chidi/raspberryPI3/ros2_ws/src/state_machine/src/state_machine_node.cpp:25:84:[m[K [01;31m[Kerror: [m[K‘[01m[KUltrasonic[m[K’ is not a member of ‘[01m[Kinterfaces::msg[m[K’
   25 | asonic_sensor_ = this->create_subscription<interfaces::msg::[01;31m[KUltrasonic[m[K>(
      |                                                             [01;31m[K^~~~~~~~~~[m[K

[01m[K/home/loic/Desktop/Xcar_chidi/raspberryPI3/ros2_ws/src/state_machine/src/state_machine_node.cpp:25:95:[m[K [01;31m[Kerror: [m[Kno matching function for call to ‘[01m[Kstate_machine::create_subscription<<expression error> >(const char [8], int, std::_Bind_helper<false, void (state_machine::*)(const interfaces::msg::JoystickOrder_<std::allocator<void> >&, const int&), state_machine*, const std::_Placeholder<1>&>::type)[m[K’
   25 | sonic_sensor_ = [01;31m[Kthis->create_subscription<interfaces::msg::Ultrasonic>([m[K
      |                 [01;31m[K~~~~~~~~~~~~~~~~~~~~~~~~~~~~~~~~~~~~~~~~~~~~~~~~~~~~~~^[m[K

   26 | [01;31m[Ktd::bind(&state_machine::stateCallback, this, _1))[m[K;
      | [01;31m[K~~~~~~~~~~~~~~~~~~~~~~~~~~~~~~~~~~~~~~~~~~~~~~~~~~[m[K                     

In file included from [01m[K/opt/ros/humble/include/rclcpp/rclcpp/node.hpp:1321[m[K,
                 from [01m[K/opt/ros/humble/include/rclcpp/rclcpp/executors/single_threaded_executor.hpp:28[m[K,
                 from [01m[K/opt/ros/humble/include/rclcpp/rclcpp/executors.hpp:22[m[K,
                 from [01m[K/opt/ros/humble/include/rclcpp/rclcpp/rclcpp.hpp:155[m[K,
                 from [01m[K/home/loic/Desktop/Xcar_chidi/raspberryPI3/ros2_ws/src/state_machine/src/state_machine_node.cpp:2[m[K:
[01m[K/opt/ros/humble/include/rclcpp/rclcpp/node_impl.hpp:92:1:[m[K [01;36m[Knote: [m[Kcandidate: ‘[01m[Ktemplate<class MessageT, class CallbackT, class AllocatorT, class SubscriptionT, class MessageMemoryStrategyT> std::shared_ptr<ROSMessageT> rclcpp::Node::create_subscription(const string&, const rclcpp::QoS&, CallbackT&&, const rclcpp::SubscriptionOptionsWithAllocator<AllocatorT>&, typename MessageMemoryStrategyT::SharedPtr)[m[K’
   92 | [01;36m[KNode[m[K::create_subscription(
      | [01;36m[K^~~~[m[K
[01m[K/opt/ros/humble/include/rclcpp/rclcpp/node_impl.hpp:92:1:[m[K [01;36m[Knote: [m[K  template argument deduction/substitution failed:
[01m[K/home/loic/Desktop/Xcar_chidi/raspberryPI3/ros2_ws/src/state_machine/src/state_machine_node.cpp:25:95:[m[K [01;31m[Kerror: [m[Ktemplate argument 1 is invalid
   25 | sonic_sensor_ = [01;31m[Kthis->create_subscription<interfaces::msg::Ultrasonic>([m[K
      |                 [01;31m[K~~~~~~~~~~~~~~~~~~~~~~~~~~~~~~~~~~~~~~~~~~~~~~~~~~~~~~^[m[K

   26 | [01;31m[Ktd::bind(&state_machine::stateCallback, this, _1))[m[K;
      | [01;31m[K~~~~~~~~~~~~~~~~~~~~~~~~~~~~~~~~~~~~~~~~~~~~~~~~~~[m[K                     

[01m[K/home/loic/Desktop/Xcar_chidi/raspberryPI3/ros2_ws/src/state_machine/src/state_machine_node.cpp:[m[K In member function ‘[01m[Kvoid state_machine::stateCallback(const JoystickOrder&, const int&)[m[K’:
[01m[K/home/loic/Desktop/Xcar_chidi/raspberryPI3/ros2_ws/src/state_machine/src/state_machine_node.cpp:50:51:[m[K [01;31m[Kerror: [m[Krequest for member ‘[01m[Kfrontcenter[m[K’ in ‘[01m[Kultrasonic[m[K’, which is of non-class type ‘[01m[Kconst int[m[K’
   50 |       else if (joyOrder.throttle>0 and ultrasonic.[01;31m[Kfrontcenter[m[K<=20)
      |                                                   [01;31m[K^~~~~~~~~~~[m[K
In file included from [01m[K/opt/ros/humble/include/rclcpp/rclcpp/subscription_base.hpp:32[m[K,
                 from [01m[K/opt/ros/humble/include/rclcpp/rclcpp/callback_group.hpp:29[m[K,
                 from [01m[K/opt/ros/humble/include/rclcpp/rclcpp/any_executable.hpp:20[m[K,
                 from [01m[K/opt/ros/humble/include/rclcpp/rclcpp/memory_strategy.hpp:25[m[K,
                 from [01m[K/opt/ros/humble/include/rclcpp/rclcpp/memory_strategies.hpp:18[m[K,
                 from [01m[K/opt/ros/humble/include/rclcpp/rclcpp/executor_options.hpp:20[m[K,
                 from [01m[K/opt/ros/humble/include/rclcpp/rclcpp/executor.hpp:37[m[K,
                 from [01m[K/opt/ros/humble/include/rclcpp/rclcpp/executors/multi_threaded_executor.hpp:25[m[K,
                 from [01m[K/opt/ros/humble/include/rclcpp/rclcpp/executors.hpp:21[m[K,
                 from [01m[K/opt/ros/humble/include/rclcpp/rclcpp/rclcpp.hpp:155[m[K,
                 from [01m[K/home/loic/Desktop/Xcar_chidi/raspberryPI3/ros2_ws/src/state_machine/src/state_machine_node.cpp:2[m[K:
/opt/ros/humble/include/rclcpp/rclcpp/any_subscription_callback.hpp: In instantiation of ‘[01m[Krclcpp::AnySubscriptionCallback<MessageT, AllocatorT> rclcpp::AnySubscriptionCallback<MessageT, AllocatorT>::set(CallbackT) [with CallbackT = std::_Bind<void (state_machine::*(state_machine*, std::_Placeholder<1>))(const interfaces::msg::JoystickOrder_<std::allocator<void> >&, const int&)>; MessageT = interfaces::msg::JoystickOrder_<std::allocator<void> >; AllocatorT = std::allocator<void>][m[K’:
[01m[K/opt/ros/humble/include/rclcpp/rclcpp/subscription_factory.hpp:94:32:[m[K   required from ‘[01m[Krclcpp::SubscriptionFactory rclcpp::create_subscription_factory(CallbackT&&, const rclcpp::SubscriptionOptionsWithAllocator<AllocatorT>&, typename MessageMemoryStrategyT::SharedPtr, std::shared_ptr<rclcpp::topic_statistics::SubscriptionTopicStatistics<ROSMessageType> >) [with MessageT = interfaces::msg::JoystickOrder_<std::allocator<void> >; CallbackT = std::_Bind<void (state_machine::*(state_machine*, std::_Placeholder<1>))(const interfaces::msg::JoystickOrder_<std::allocator<void> >&, const int&)>; AllocatorT = std::allocator<void>; SubscriptionT = rclcpp::Subscription<interfaces::msg::JoystickOrder_<std::allocator<void> > >; MessageMemoryStrategyT = rclcpp::message_memory_strategy::MessageMemoryStrategy<interfaces::msg::JoystickOrder_<std::allocator<void> >, std::allocator<void> >; ROSMessageType = interfaces::msg::JoystickOrder_<std::allocator<void> >; typename MessageMemoryStrategyT::SharedPtr = std::shared_ptr<rclcpp::message_memory_strategy::MessageMemoryStrategy<interfaces::msg::JoystickOrder_<std::allocator<void> >, std::allocator<void> > >][m[K’
[01m[K/opt/ros/humble/include/rclcpp/rclcpp/create_subscription.hpp:122:63:[m[K   required from ‘[01m[Kstd::shared_ptr<ROSMessageT> rclcpp::detail::create_subscription(NodeParametersT&, NodeTopicsT&, const string&, const rclcpp::QoS&, CallbackT&&, const rclcpp::SubscriptionOptionsWithAllocator<AllocatorT>&, typename MessageMemoryStrategyT::SharedPtr) [with MessageT = interfaces::msg::JoystickOrder_<std::allocator<void> >; CallbackT = std::_Bind<void (state_machine::*(state_machine*, std::_Placeholder<1>))(const interfaces::msg::JoystickOrder_<std::allocator<void> >&, const int&)>; AllocatorT = std::allocator<void>; SubscriptionT = rclcpp::Subscription<interfaces::msg::JoystickOrder_<std::allocator<void> > >; MessageMemoryStrategyT = rclcpp::message_memory_strategy::MessageMemoryStrategy<interfaces::msg::JoystickOrder_<std::allocator<void> >, std::allocator<void> >; NodeParametersT = rclcpp::Node; NodeTopicsT = rclcpp::Node; ROSMessageType = interfaces::msg::JoystickOrder_<std::allocator<void> >; std::string = std::__cxx11::basic_string<char>; typename MessageMemoryStrategyT::SharedPtr = std::shared_ptr<rclcpp::message_memory_strategy::MessageMemoryStrategy<interfaces::msg::JoystickOrder_<std::allocator<void> >, std::allocator<void> > >][m[K’
[01m[K/opt/ros/humble/include/rclcpp/rclcpp/create_subscription.hpp:191:76:[m[K   required from ‘[01m[Kstd::shared_ptr<ROSMessageT> rclcpp::create_subscription(NodeT&, const string&, const rclcpp::QoS&, CallbackT&&, const rclcpp::SubscriptionOptionsWithAllocator<AllocatorT>&, typename MessageMemoryStrategyT::SharedPtr) [with MessageT = interfaces::msg::JoystickOrder_<std::allocator<void> >; CallbackT = std::_Bind<void (state_machine::*(state_machine*, std::_Placeholder<1>))(const interfaces::msg::JoystickOrder_<std::allocator<void> >&, const int&)>; AllocatorT = std::allocator<void>; SubscriptionT = rclcpp::Subscription<interfaces::msg::JoystickOrder_<std::allocator<void> > >; MessageMemoryStrategyT = rclcpp::message_memory_strategy::MessageMemoryStrategy<interfaces::msg::JoystickOrder_<std::allocator<void> >, std::allocator<void> >; NodeT = rclcpp::Node; std::string = std::__cxx11::basic_string<char>; typename MessageMemoryStrategyT::SharedPtr = std::shared_ptr<rclcpp::message_memory_strategy::MessageMemoryStrategy<interfaces::msg::JoystickOrder_<std::allocator<void> >, std::allocator<void> > >][m[K’
[01m[K/opt/ros/humble/include/rclcpp/rclcpp/node_impl.hpp:99:47:[m[K   required from ‘[01m[Kstd::shared_ptr<ROSMessageT> rclcpp::Node::create_subscription(const string&, const rclcpp::QoS&, CallbackT&&, const rclcpp::SubscriptionOptionsWithAllocator<AllocatorT>&, typename MessageMemoryStrategyT::SharedPtr) [with MessageT = interfaces::msg::JoystickOrder_<std::allocator<void> >; CallbackT = std::_Bind<void (state_machine::*(state_machine*, std::_Placeholder<1>))(const interfaces::msg::JoystickOrder_<std::allocator<void> >&, const int&)>; AllocatorT = std::allocator<void>; SubscriptionT = rclcpp::Subscription<interfaces::msg::JoystickOrder_<std::allocator<void> > >; MessageMemoryStrategyT = rclcpp::message_memory_strategy::MessageMemoryStrategy<interfaces::msg::JoystickOrder_<std::allocator<void> >, std::allocator<void> >; std::string = std::__cxx11::basic_string<char>; typename MessageMemoryStrategyT::SharedPtr = std::shared_ptr<rclcpp::message_memory_strategy::MessageMemoryStrategy<interfaces::msg::JoystickOrder_<std::allocator<void> >, std::allocator<void> > >][m[K’
[01m[K/home/loic/Desktop/Xcar_chidi/raspberryPI3/ros2_ws/src/state_machine/src/state_machine_node.cpp:22:95:[m[K   required from here
[01m[K/opt/ros/humble/include/rclcpp/rclcpp/any_subscription_callback.hpp:394:27:[m[K [01;31m[Kerror: [m[Kno matching function for call to ‘[01m[Kstd::function<void(const interfaces::msg::JoystickOrder_<std::allocator<void> >&, const int&)>::function(std::_Bind<void (state_machine::*(state_machine*, std::_Placeholder<1>))(const interfaces::msg::JoystickOrder_<std::allocator<void> >&, const int&)>&)[m[K’
  394 |       callback_variant_ = [01;31m[Kstatic_cast<typename scbth::callback_type>(callback)[m[K;
      |                           [01;31m[K^~~~~~~~~~~~~~~~~~~~~~~~~~~~~~~~~~~~~~~~~~~~~~~~~~~~[m[K
In file included from [01m[K/usr/include/c++/11/future:47[m[K,
                 from [01m[K/opt/ros/humble/include/rclcpp/rclcpp/executors.hpp:18[m[K,
                 from [01m[K/opt/ros/humble/include/rclcpp/rclcpp/rclcpp.hpp:155[m[K,
                 from [01m[K/home/loic/Desktop/Xcar_chidi/raspberryPI3/ros2_ws/src/state_machine/src/state_machine_node.cpp:2[m[K:
[01m[K/usr/include/c++/11/bits/std_function.h:435:9:[m[K [01;36m[Knote: [m[Kcandidate: ‘[01m[Ktemplate<class _Functor, class _Constraints> std::function<_Res(_ArgTypes ...)>::function(_Functor&&) [with _Functor = _Functor; _Constraints = _Constraints; _Res = void; _ArgTypes = {const interfaces::msg::JoystickOrder_<std::allocator<void> >&, const int&}][m[K’
  435 |         [01;36m[Kfunction[m[K(_Functor&& __f)
      |         [01;36m[K^~~~~~~~[m[K
[01m[K/usr/include/c++/11/bits/std_function.h:435:9:[m[K [01;36m[Knote: [m[K  template argument deduction/substitution failed:
In file included from [01m[K/usr/include/c++/11/bits/move.h:57[m[K,
                 from [01m[K/usr/include/c++/11/bits/stl_pair.h:59[m[K,
                 from [01m[K/usr/include/c++/11/bits/stl_algobase.h:64[m[K,
                 from [01m[K/usr/include/c++/11/memory:63[m[K,
                 from [01m[K/opt/ros/humble/include/rclcpp/rclcpp/rclcpp.hpp:153[m[K,
                 from [01m[K/home/loic/Desktop/Xcar_chidi/raspberryPI3/ros2_ws/src/state_machine/src/state_machine_node.cpp:2[m[K:
/usr/include/c++/11/type_traits: In substitution of ‘[01m[Ktemplate<bool _Cond, class _Tp> using __enable_if_t = typename std::enable_if::type [with bool _Cond = false; _Tp = void][m[K’:
[01m[K/usr/include/c++/11/bits/std_function.h:353:8:[m[K   required by substitution of ‘[01m[Ktemplate<class _Res, class ... _ArgTypes> template<class _Cond, class _Tp> using _Requires = std::__enable_if_t<_Cond::value, _Tp> [with _Cond = std::function<void(const interfaces::msg::JoystickOrder_<std::allocator<void> >&, const int&)>::_Callable<std::_Bind<void (state_machine::*(state_machine*, std::_Placeholder<1>))(const interfaces::msg::JoystickOrder_<std::allocator<void> >&, const int&)>&, std::_Bind<void (state_machine::*(state_machine*, std::_Placeholder<1>))(const interfaces::msg::JoystickOrder_<std::allocator<void> >&, const int&)>, std::__invoke_result<std::_Bind<void (state_machine::*(state_machine*, std::_Placeholder<1>))(const interfaces::msg::JoystickOrder_<std::allocator<void> >&, const int&)>&, const interfaces::msg::JoystickOrder_<std::allocator<void> >&, const int&> >; _Tp = void; _Res = void; _ArgTypes = {const interfaces::msg::JoystickOrder_<std::allocator<void> >&, const int&}][m[K’
[01m[K/usr/include/c++/11/bits/std_function.h:434:9:[m[K   required from ‘[01m[Krclcpp::AnySubscriptionCallback<MessageT, AllocatorT> rclcpp::AnySubscriptionCallback<MessageT, AllocatorT>::set(CallbackT) [with CallbackT = std::_Bind<void (state_machine::*(state_machine*, std::_Placeholder<1>))(const interfaces::msg::JoystickOrder_<std::allocator<void> >&, const int&)>; MessageT = interfaces::msg::JoystickOrder_<std::allocator<void> >; AllocatorT = std::allocator<void>][m[K’
[01m[K/opt/ros/humble/include/rclcpp/rclcpp/subscription_factory.hpp:94:32:[m[K   required from ‘[01m[Krclcpp::SubscriptionFactory rclcpp::create_subscription_factory(CallbackT&&, const rclcpp::SubscriptionOptionsWithAllocator<AllocatorT>&, typename MessageMemoryStrategyT::SharedPtr, std::shared_ptr<rclcpp::topic_statistics::SubscriptionTopicStatistics<ROSMessageType> >) [with MessageT = interfaces::msg::JoystickOrder_<std::allocator<void> >; CallbackT = std::_Bind<void (state_machine::*(state_machine*, std::_Placeholder<1>))(const interfaces::msg::JoystickOrder_<std::allocator<void> >&, const int&)>; AllocatorT = std::allocator<void>; SubscriptionT = rclcpp::Subscription<interfaces::msg::JoystickOrder_<std::allocator<void> > >; MessageMemoryStrategyT = rclcpp::message_memory_strategy::MessageMemoryStrategy<interfaces::msg::JoystickOrder_<std::allocator<void> >, std::allocator<void> >; ROSMessageType = interfaces::msg::JoystickOrder_<std::allocator<void> >; typename MessageMemoryStrategyT::SharedPtr = std::shared_ptr<rclcpp::message_memory_strategy::MessageMemoryStrategy<interfaces::msg::JoystickOrder_<std::allocator<void> >, std::allocator<void> > >][m[K’
[01m[K/opt/ros/humble/include/rclcpp/rclcpp/create_subscription.hpp:122:63:[m[K   required from ‘[01m[Kstd::shared_ptr<ROSMessageT> rclcpp::detail::create_subscription(NodeParametersT&, NodeTopicsT&, const string&, const rclcpp::QoS&, CallbackT&&, const rclcpp::SubscriptionOptionsWithAllocator<AllocatorT>&, typename MessageMemoryStrategyT::SharedPtr) [with MessageT = interfaces::msg::JoystickOrder_<std::allocator<void> >; CallbackT = std::_Bind<void (state_machine::*(state_machine*, std::_Placeholder<1>))(const interfaces::msg::JoystickOrder_<std::allocator<void> >&, const int&)>; AllocatorT = std::allocator<void>; SubscriptionT = rclcpp::Subscription<interfaces::msg::JoystickOrder_<std::allocator<void> > >; MessageMemoryStrategyT = rclcpp::message_memory_strategy::MessageMemoryStrategy<interfaces::msg::JoystickOrder_<std::allocator<void> >, std::allocator<void> >; NodeParametersT = rclcpp::Node; NodeTopicsT = rclcpp::Node; ROSMessageType = interfaces::msg::JoystickOrder_<std::allocator<void> >; std::string = std::__cxx11::basic_string<char>; typename MessageMemoryStrategyT::SharedPtr = std::shared_ptr<rclcpp::message_memory_strategy::MessageMemoryStrategy<interfaces::msg::JoystickOrder_<std::allocator<void> >, std::allocator<void> > >][m[K’
[01m[K/opt/ros/humble/include/rclcpp/rclcpp/create_subscription.hpp:191:76:[m[K   required from ‘[01m[Kstd::shared_ptr<ROSMessageT> rclcpp::create_subscription(NodeT&, const string&, const rclcpp::QoS&, CallbackT&&, const rclcpp::SubscriptionOptionsWithAllocator<AllocatorT>&, typename MessageMemoryStrategyT::SharedPtr) [with MessageT = interfaces::msg::JoystickOrder_<std::allocator<void> >; CallbackT = std::_Bind<void (state_machine::*(state_machine*, std::_Placeholder<1>))(const interfaces::msg::JoystickOrder_<std::allocator<void> >&, const int&)>; AllocatorT = std::allocator<void>; SubscriptionT = rclcpp::Subscription<interfaces::msg::JoystickOrder_<std::allocator<void> > >; MessageMemoryStrategyT = rclcpp::message_memory_strategy::MessageMemoryStrategy<interfaces::msg::JoystickOrder_<std::allocator<void> >, std::allocator<void> >; NodeT = rclcpp::Node; std::string = std::__cxx11::basic_string<char>; typename MessageMemoryStrategyT::SharedPtr = std::shared_ptr<rclcpp::message_memory_strategy::MessageMemoryStrategy<interfaces::msg::JoystickOrder_<std::allocator<void> >, std::allocator<void> > >][m[K’
[01m[K/opt/ros/humble/include/rclcpp/rclcpp/node_impl.hpp:99:47:[m[K   required from ‘[01m[Kstd::shared_ptr<ROSMessageT> rclcpp::Node::create_subscription(const string&, const rclcpp::QoS&, CallbackT&&, const rclcpp::SubscriptionOptionsWithAllocator<AllocatorT>&, typename MessageMemoryStrategyT::SharedPtr) [with MessageT = interfaces::msg::JoystickOrder_<std::allocator<void> >; CallbackT = std::_Bind<void (state_machine::*(state_machine*, std::_Placeholder<1>))(const interfaces::msg::JoystickOrder_<std::allocator<void> >&, const int&)>; AllocatorT = std::allocator<void>; SubscriptionT = rclcpp::Subscription<interfaces::msg::JoystickOrder_<std::allocator<void> > >; MessageMemoryStrategyT = rclcpp::message_memory_strategy::MessageMemoryStrategy<interfaces::msg::JoystickOrder_<std::allocator<void> >, std::allocator<void> >; std::string = std::__cxx11::basic_string<char>; typename MessageMemoryStrategyT::SharedPtr = std::shared_ptr<rclcpp::message_memory_strategy::MessageMemoryStrategy<interfaces::msg::JoystickOrder_<std::allocator<void> >, std::allocator<void> > >][m[K’
[01m[K/home/loic/Desktop/Xcar_chidi/raspberryPI3/ros2_ws/src/state_machine/src/state_machine_node.cpp:22:95:[m[K   required from here
[01m[K/usr/include/c++/11/type_traits:2205:11:[m[K [01;31m[Kerror: [m[Kno type named ‘[01m[Ktype[m[K’ in ‘[01m[Kstruct std::enable_if<false, void>[m[K’
 2205 |     using [01;31m[K__enable_if_t[m[K = typename enable_if<_Cond, _Tp>::type;
      |           [01;31m[K^~~~~~~~~~~~~[m[K
In file included from [01m[K/usr/include/c++/11/future:47[m[K,
                 from [01m[K/opt/ros/humble/include/rclcpp/rclcpp/executors.hpp:18[m[K,
                 from [01m[K/opt/ros/humble/include/rclcpp/rclcpp/rclcpp.hpp:155[m[K,
                 from [01m[K/home/loic/Desktop/Xcar_chidi/raspberryPI3/ros2_ws/src/state_machine/src/state_machine_node.cpp:2[m[K:
/opt/ros/humble/include/rclcpp/rclcpp/any_subscription_callback.hpp: In instantiation of ‘[01m[Krclcpp::AnySubscriptionCallback<MessageT, AllocatorT> rclcpp::AnySubscriptionCallback<MessageT, AllocatorT>::set(CallbackT) [with CallbackT = std::_Bind<void (state_machine::*(state_machine*, std::_Placeholder<1>))(const interfaces::msg::JoystickOrder_<std::allocator<void> >&, const int&)>; MessageT = interfaces::msg::JoystickOrder_<std::allocator<void> >; AllocatorT = std::allocator<void>][m[K’:
[01m[K/opt/ros/humble/include/rclcpp/rclcpp/subscription_factory.hpp:94:32:[m[K   required from ‘[01m[Krclcpp::SubscriptionFactory rclcpp::create_subscription_factory(CallbackT&&, const rclcpp::SubscriptionOptionsWithAllocator<AllocatorT>&, typename MessageMemoryStrategyT::SharedPtr, std::shared_ptr<rclcpp::topic_statistics::SubscriptionTopicStatistics<ROSMessageType> >) [with MessageT = interfaces::msg::JoystickOrder_<std::allocator<void> >; CallbackT = std::_Bind<void (state_machine::*(state_machine*, std::_Placeholder<1>))(const interfaces::msg::JoystickOrder_<std::allocator<void> >&, const int&)>; AllocatorT = std::allocator<void>; SubscriptionT = rclcpp::Subscription<interfaces::msg::JoystickOrder_<std::allocator<void> > >; MessageMemoryStrategyT = rclcpp::message_memory_strategy::MessageMemoryStrategy<interfaces::msg::JoystickOrder_<std::allocator<void> >, std::allocator<void> >; ROSMessageType = interfaces::msg::JoystickOrder_<std::allocator<void> >; typename MessageMemoryStrategyT::SharedPtr = std::shared_ptr<rclcpp::message_memory_strategy::MessageMemoryStrategy<interfaces::msg::JoystickOrder_<std::allocator<void> >, std::allocator<void> > >][m[K’
[01m[K/opt/ros/humble/include/rclcpp/rclcpp/create_subscription.hpp:122:63:[m[K   required from ‘[01m[Kstd::shared_ptr<ROSMessageT> rclcpp::detail::create_subscription(NodeParametersT&, NodeTopicsT&, const string&, const rclcpp::QoS&, CallbackT&&, const rclcpp::SubscriptionOptionsWithAllocator<AllocatorT>&, typename MessageMemoryStrategyT::SharedPtr) [with MessageT = interfaces::msg::JoystickOrder_<std::allocator<void> >; CallbackT = std::_Bind<void (state_machine::*(state_machine*, std::_Placeholder<1>))(const interfaces::msg::JoystickOrder_<std::allocator<void> >&, const int&)>; AllocatorT = std::allocator<void>; SubscriptionT = rclcpp::Subscription<interfaces::msg::JoystickOrder_<std::allocator<void> > >; MessageMemoryStrategyT = rclcpp::message_memory_strategy::MessageMemoryStrategy<interfaces::msg::JoystickOrder_<std::allocator<void> >, std::allocator<void> >; NodeParametersT = rclcpp::Node; NodeTopicsT = rclcpp::Node; ROSMessageType = interfaces::msg::JoystickOrder_<std::allocator<void> >; std::string = std::__cxx11::basic_string<char>; typename MessageMemoryStrategyT::SharedPtr = std::shared_ptr<rclcpp::message_memory_strategy::MessageMemoryStrategy<interfaces::msg::JoystickOrder_<std::allocator<void> >, std::allocator<void> > >][m[K’
[01m[K/opt/ros/humble/include/rclcpp/rclcpp/create_subscription.hpp:191:76:[m[K   required from ‘[01m[Kstd::shared_ptr<ROSMessageT> rclcpp::create_subscription(NodeT&, const string&, const rclcpp::QoS&, CallbackT&&, const rclcpp::SubscriptionOptionsWithAllocator<AllocatorT>&, typename MessageMemoryStrategyT::SharedPtr) [with MessageT = interfaces::msg::JoystickOrder_<std::allocator<void> >; CallbackT = std::_Bind<void (state_machine::*(state_machine*, std::_Placeholder<1>))(const interfaces::msg::JoystickOrder_<std::allocator<void> >&, const int&)>; AllocatorT = std::allocator<void>; SubscriptionT = rclcpp::Subscription<interfaces::msg::JoystickOrder_<std::allocator<void> > >; MessageMemoryStrategyT = rclcpp::message_memory_strategy::MessageMemoryStrategy<interfaces::msg::JoystickOrder_<std::allocator<void> >, std::allocator<void> >; NodeT = rclcpp::Node; std::string = std::__cxx11::basic_string<char>; typename MessageMemoryStrategyT::SharedPtr = std::shared_ptr<rclcpp::message_memory_strategy::MessageMemoryStrategy<interfaces::msg::JoystickOrder_<std::allocator<void> >, std::allocator<void> > >][m[K’
[01m[K/opt/ros/humble/include/rclcpp/rclcpp/node_impl.hpp:99:47:[m[K   required from ‘[01m[Kstd::shared_ptr<ROSMessageT> rclcpp::Node::create_subscription(const string&, const rclcpp::QoS&, CallbackT&&, const rclcpp::SubscriptionOptionsWithAllocator<AllocatorT>&, typename MessageMemoryStrategyT::SharedPtr) [with MessageT = interfaces::msg::JoystickOrder_<std::allocator<void> >; CallbackT = std::_Bind<void (state_machine::*(state_machine*, std::_Placeholder<1>))(const interfaces::msg::JoystickOrder_<std::allocator<void> >&, const int&)>; AllocatorT = std::allocator<void>; SubscriptionT = rclcpp::Subscription<interfaces::msg::JoystickOrder_<std::allocator<void> > >; MessageMemoryStrategyT = rclcpp::message_memory_strategy::MessageMemoryStrategy<interfaces::msg::JoystickOrder_<std::allocator<void> >, std::allocator<void> >; std::string = std::__cxx11::basic_string<char>; typename MessageMemoryStrategyT::SharedPtr = std::shared_ptr<rclcpp::message_memory_strategy::MessageMemoryStrategy<interfaces::msg::JoystickOrder_<std::allocator<void> >, std::allocator<void> > >][m[K’
[01m[K/home/loic/Desktop/Xcar_chidi/raspberryPI3/ros2_ws/src/state_machine/src/state_machine_node.cpp:22:95:[m[K   required from here
[01m[K/usr/include/c++/11/bits/std_function.h:404:7:[m[K [01;36m[Knote: [m[Kcandidate: ‘[01m[Kstd::function<_Res(_ArgTypes ...)>::function(std::function<_Res(_ArgTypes ...)>&&) [with _Res = void; _ArgTypes = {const interfaces::msg::JoystickOrder_<std::allocator<void> >&, const int&}][m[K’
  404 |       [01;36m[Kfunction[m[K(function&& __x) noexcept
      |       [01;36m[K^~~~~~~~[m[K
[01m[K/usr/include/c++/11/bits/std_function.h:404:27:[m[K [01;36m[Knote: [m[K  no known conversion for argument 1 from ‘[01m[Kstd::_Bind<void (state_machine::*(state_machine*, std::_Placeholder<1>))(const interfaces::msg::JoystickOrder_<std::allocator<void> >&, const int&)>[m[K’ to ‘[01m[Kstd::function<void(const interfaces::msg::JoystickOrder_<std::allocator<void> >&, const int&)>&&[m[K’
  404 |       function([01;36m[Kfunction&& __x[m[K) noexcept
      |                [01;36m[K~~~~~~~~~~~^~~[m[K
[01m[K/usr/include/c++/11/bits/std_function.h:386:7:[m[K [01;36m[Knote: [m[Kcandidate: ‘[01m[Kstd::function<_Res(_ArgTypes ...)>::function(const std::function<_Res(_ArgTypes ...)>&) [with _Res = void; _ArgTypes = {const interfaces::msg::JoystickOrder_<std::allocator<void> >&, const int&}][m[K’
  386 |       [01;36m[Kfunction[m[K(const function& __x)
      |       [01;36m[K^~~~~~~~[m[K
[01m[K/usr/include/c++/11/bits/std_function.h:386:32:[m[K [01;36m[Knote: [m[K  no known conversion for argument 1 from ‘[01m[Kstd::_Bind<void (state_machine::*(state_machine*, std::_Placeholder<1>))(const interfaces::msg::JoystickOrder_<std::allocator<void> >&, const int&)>[m[K’ to ‘[01m[Kconst std::function<void(const interfaces::msg::JoystickOrder_<std::allocator<void> >&, const int&)>&[m[K’
  386 |       function([01;36m[Kconst function& __x[m[K)
      |                [01;36m[K~~~~~~~~~~~~~~~~^~~[m[K
[01m[K/usr/include/c++/11/bits/std_function.h:375:7:[m[K [01;36m[Knote: [m[Kcandidate: ‘[01m[Kstd::function<_Res(_ArgTypes ...)>::function(std::nullptr_t) [with _Res = void; _ArgTypes = {const interfaces::msg::JoystickOrder_<std::allocator<void> >&, const int&}; std::nullptr_t = std::nullptr_t][m[K’
  375 |       [01;36m[Kfunction[m[K(nullptr_t) noexcept
      |       [01;36m[K^~~~~~~~[m[K
[01m[K/usr/include/c++/11/bits/std_function.h:375:16:[m[K [01;36m[Knote: [m[K  no known conversion for argument 1 from ‘[01m[Kstd::_Bind<void (state_machine::*(state_machine*, std::_Placeholder<1>))(const interfaces::msg::JoystickOrder_<std::allocator<void> >&, const int&)>[m[K’ to ‘[01m[Kstd::nullptr_t[m[K’
  375 |       function([01;36m[Knullptr_t[m[K) noexcept
      |                [01;36m[K^~~~~~~~~[m[K
[01m[K/usr/include/c++/11/bits/std_function.h:368:7:[m[K [01;36m[Knote: [m[Kcandidate: ‘[01m[Kstd::function<_Res(_ArgTypes ...)>::function() [with _Res = void; _ArgTypes = {const interfaces::msg::JoystickOrder_<std::allocator<void> >&, const int&}][m[K’
  368 |       [01;36m[Kfunction[m[K() noexcept
      |       [01;36m[K^~~~~~~~[m[K
[01m[K/usr/include/c++/11/bits/std_function.h:368:7:[m[K [01;36m[Knote: [m[K  candidate expects 0 arguments, 1 provided
gmake[2]: *** [CMakeFiles/state_machine_node.dir/build.make:76: CMakeFiles/state_machine_node.dir/src/state_machine_node.cpp.o] Error 1
gmake[1]: *** [CMakeFiles/Makefile2:137: CMakeFiles/state_machine_node.dir/all] Error 2
gmake: *** [Makefile:146: all] Error 2
