[0.082s] Invoking command in '/home/loic/Desktop/Xcar_chidi/raspberryPI3/ros2_ws/build/state_machine': CMAKE_PREFIX_PATH=${CMAKE_PREFIX_PATH}:/opt/ros/humble /usr/bin/cmake --build /home/loic/Desktop/Xcar_chidi/raspberryPI3/ros2_ws/build/state_machine -- -j8 -l8
[0.181s] [35m[1mConsolidate compiler generated dependencies of target state_machine_node[0m
[0.215s] [ 50%] [32mBuilding CXX object CMakeFiles/state_machine_node.dir/src/state_machine_node.cpp.o[0m
[9.635s] [100%] [32m[1mLinking CXX executable state_machine_node[0m
[10.296s] [100%] Built target state_machine_node
[10.314s] Invoked command in '/home/loic/Desktop/Xcar_chidi/raspberryPI3/ros2_ws/build/state_machine' returned '0': CMAKE_PREFIX_PATH=${CMAKE_PREFIX_PATH}:/opt/ros/humble /usr/bin/cmake --build /home/loic/Desktop/Xcar_chidi/raspberryPI3/ros2_ws/build/state_machine -- -j8 -l8
[10.371s] Invoking command in '/home/loic/Desktop/Xcar_chidi/raspberryPI3/ros2_ws/build/state_machine': CMAKE_PREFIX_PATH=${CMAKE_PREFIX_PATH}:/opt/ros/humble /usr/bin/cmake --install /home/loic/Desktop/Xcar_chidi/raspberryPI3/ros2_ws/build/state_machine
[10.383s] -- Install configuration: ""
[10.383s] -- Installing: /home/loic/Desktop/Xcar_chidi/raspberryPI3/ros2_ws/install/state_machine/lib/state_machine/state_machine_node
[10.390s] -- Set runtime path of "/home/loic/Desktop/Xcar_chidi/raspberryPI3/ros2_ws/install/state_machine/lib/state_machine/state_machine_node" to ""
[10.391s] -- Installing: /home/loic/Desktop/Xcar_chidi/raspberryPI3/ros2_ws/install/state_machine/share/ament_index/resource_index/package_run_dependencies/state_machine
[10.391s] -- Installing: /home/loic/Desktop/Xcar_chidi/raspberryPI3/ros2_ws/install/state_machine/share/ament_index/resource_index/parent_prefix_path/state_machine
[10.391s] -- Installing: /home/loic/Desktop/Xcar_chidi/raspberryPI3/ros2_ws/install/state_machine/share/state_machine/environment/ament_prefix_path.sh
[10.391s] -- Installing: /home/loic/Desktop/Xcar_chidi/raspberryPI3/ros2_ws/install/state_machine/share/state_machine/environment/ament_prefix_path.dsv
[10.392s] -- Installing: /home/loic/Desktop/Xcar_chidi/raspberryPI3/ros2_ws/install/state_machine/share/state_machine/environment/path.sh
[10.392s] -- Installing: /home/loic/Desktop/Xcar_chidi/raspberryPI3/ros2_ws/install/state_machine/share/state_machine/environment/path.dsv
[10.392s] -- Installing: /home/loic/Desktop/Xcar_chidi/raspberryPI3/ros2_ws/install/state_machine/share/state_machine/local_setup.bash
[10.392s] -- Installing: /home/loic/Desktop/Xcar_chidi/raspberryPI3/ros2_ws/install/state_machine/share/state_machine/local_setup.sh
[10.393s] -- Installing: /home/loic/Desktop/Xcar_chidi/raspberryPI3/ros2_ws/install/state_machine/share/state_machine/local_setup.zsh
[10.393s] -- Installing: /home/loic/Desktop/Xcar_chidi/raspberryPI3/ros2_ws/install/state_machine/share/state_machine/local_setup.dsv
[10.393s] -- Installing: /home/loic/Desktop/Xcar_chidi/raspberryPI3/ros2_ws/install/state_machine/share/state_machine/package.dsv
[10.394s] -- Installing: /home/loic/Desktop/Xcar_chidi/raspberryPI3/ros2_ws/install/state_machine/share/ament_index/resource_index/packages/state_machine
[10.394s] -- Installing: /home/loic/Desktop/Xcar_chidi/raspberryPI3/ros2_ws/install/state_machine/share/state_machine/cmake/ament_cmake_export_include_directories-extras.cmake
[10.394s] -- Installing: /home/loic/Desktop/Xcar_chidi/raspberryPI3/ros2_ws/install/state_machine/share/state_machine/cmake/state_machineConfig.cmake
[10.395s] -- Installing: /home/loic/Desktop/Xcar_chidi/raspberryPI3/ros2_ws/install/state_machine/share/state_machine/cmake/state_machineConfig-version.cmake
[10.395s] -- Installing: /home/loic/Desktop/Xcar_chidi/raspberryPI3/ros2_ws/install/state_machine/share/state_machine/package.xml
[10.399s] Invoked command in '/home/loic/Desktop/Xcar_chidi/raspberryPI3/ros2_ws/build/state_machine' returned '0': CMAKE_PREFIX_PATH=${CMAKE_PREFIX_PATH}:/opt/ros/humble /usr/bin/cmake --install /home/loic/Desktop/Xcar_chidi/raspberryPI3/ros2_ws/build/state_machine
