[0.125s] Invoking command in '/home/loic/Desktop/Xcar_chidi/raspberryPI3/ros2_ws/build/state_machine': CMAKE_PREFIX_PATH=/opt/ros/humble /usr/bin/cmake --build /home/loic/Desktop/Xcar_chidi/raspberryPI3/ros2_ws/build/state_machine -- -j8 -l8
[0.257s] [35m[1mConsolidate compiler generated dependencies of target state_machine_node[0m
[0.305s] [ 50%] [32mBuilding CXX object CMakeFiles/state_machine_node.dir/src/state_machine_node.cpp.o[0m
[5.645s] [01m[K/home/loic/Desktop/Xcar_chidi/raspberryPI3/ros2_ws/src/state_machine/src/state_machine_node.cpp:44:43:[m[K [01;31m[Kerror: [m[K‘[01m[KUltrasonic[m[K’ is not a member of ‘[01m[Kinterfaces::msg[m[K’
[5.645s]    44 |     rclcpp::Subscription<interfaces::msg::[01;31m[KUltrasonic[m[K>::SharedPtr subscription_ultrasonic_sensor_;
[5.646s]       |                                           [01;31m[K^~~~~~~~~~[m[K
[5.646s] [01m[K/home/loic/Desktop/Xcar_chidi/raspberryPI3/ros2_ws/src/state_machine/src/state_machine_node.cpp:44:53:[m[K [01;31m[Kerror: [m[Ktemplate argument 1 is invalid
[5.646s]    44 |     rclcpp::Subscription<interfaces::msg::Ultrasonic[01;31m[K>[m[K::SharedPtr subscription_ultrasonic_sensor_;
[5.647s]       |                                                     [01;31m[K^[m[K
[5.647s] [01m[K/home/loic/Desktop/Xcar_chidi/raspberryPI3/ros2_ws/src/state_machine/src/state_machine_node.cpp:44:53:[m[K [01;31m[Kerror: [m[Ktemplate argument 3 is invalid
[5.647s] [01m[K/home/loic/Desktop/Xcar_chidi/raspberryPI3/ros2_ws/src/state_machine/src/state_machine_node.cpp:44:53:[m[K [01;31m[Kerror: [m[Ktemplate argument 4 is invalid
[5.648s] [01m[K/home/loic/Desktop/Xcar_chidi/raspberryPI3/ros2_ws/src/state_machine/src/state_machine_node.cpp:44:53:[m[K [01;31m[Kerror: [m[Ktemplate argument 5 is invalid
[5.648s] [01m[K/home/loic/Desktop/Xcar_chidi/raspberryPI3/ros2_ws/src/state_machine/src/state_machine_node.cpp:44:56:[m[K [01;31m[Kerror: [m[Kexpected ‘[01m[K;[m[K’ at end of member declaration
[5.648s]    44 |     rclcpp::Subscription<interfaces::msg::Ultrasonic>::[01;31m[KSharedPtr[m[K subscription_ultrasonic_sensor_;
[5.648s]       |                                                        [01;31m[K^~~~~~~~~[m[K
[5.649s]       |                                                                 [32m[K;[m[K
[5.654s] [01m[K/home/loic/Desktop/Xcar_chidi/raspberryPI3/ros2_ws/src/state_machine/src/state_machine_node.cpp:44:66:[m[K [01;31m[Kerror: [m[K‘[01m[Ksubscription_ultrasonic_sensor_[m[K’ does not name a type
[5.655s]    44 | clcpp::Subscription<interfaces::msg::Ultrasonic>::SharedPtr [01;31m[Ksubscription_ultrasonic_sensor_[m[K;
[5.655s]       |                                                             [01;31m[K^~~~~~~~~~~~~~~~~~~~~~~~~~~~~~~[m[K
[5.655s] 
[5.664s] [01m[K/home/loic/Desktop/Xcar_chidi/raspberryPI3/ros2_ws/src/state_machine/src/state_machine_node.cpp:47:21:[m[K [01;31m[Kerror: [m[K‘[01m[Kstd_srvs[m[K’ was not declared in this scope
[5.664s]    47 |     rclcpp::Service<[01;31m[Kstd_srvs[m[K::srv::Empty>::SharedPtr state_service_;
[5.664s]       |                     [01;31m[K^~~~~~~~[m[K
[5.665s] [01m[K/home/loic/Desktop/Xcar_chidi/raspberryPI3/ros2_ws/src/state_machine/src/state_machine_node.cpp:47:41:[m[K [01;31m[Kerror: [m[Ktemplate argument 1 is invalid
[5.665s]    47 |     rclcpp::Service<std_srvs::srv::Empty[01;31m[K>[m[K::SharedPtr state_service_;
[5.665s]       |                                         [01;31m[K^[m[K
[5.666s] [01m[K/home/loic/Desktop/Xcar_chidi/raspberryPI3/ros2_ws/src/state_machine/src/state_machine_node.cpp:47:44:[m[K [01;31m[Kerror: [m[Kexpected ‘[01m[K;[m[K’ at end of member declaration
[5.666s]    47 |     rclcpp::Service<std_srvs::srv::Empty>::[01;31m[KSharedPtr[m[K state_service_;
[5.666s]       |                                            [01;31m[K^~~~~~~~~[m[K
[5.667s]       |                                                     [32m[K;[m[K
[5.667s] [01m[K/home/loic/Desktop/Xcar_chidi/raspberryPI3/ros2_ws/src/state_machine/src/state_machine_node.cpp:47:44:[m[K [01;31m[Kerror: [m[Kredeclaration of ‘[01m[Kint state_machine::SharedPtr[m[K’
[5.667s] [01m[K/home/loic/Desktop/Xcar_chidi/raspberryPI3/ros2_ws/src/state_machine/src/state_machine_node.cpp:44:56:[m[K [01;36m[Knote: [m[Kprevious declaration ‘[01m[Kint state_machine::SharedPtr[m[K’
[5.668s]    44 |     rclcpp::Subscription<interfaces::msg::Ultrasonic>::[01;36m[KSharedPtr[m[K subscription_ultrasonic_sensor_;
[5.668s]       |                                                        [01;36m[K^~~~~~~~~[m[K
[5.671s] [01m[K/home/loic/Desktop/Xcar_chidi/raspberryPI3/ros2_ws/src/state_machine/src/state_machine_node.cpp:47:54:[m[K [01;31m[Kerror: [m[K‘[01m[Kstate_service_[m[K’ does not name a type
[5.672s]    47 |     rclcpp::Service<std_srvs::srv::Empty>::SharedPtr [01;31m[Kstate_service_[m[K;
[5.672s]       |                                                      [01;31m[K^~~~~~~~~~~~~~[m[K
[5.672s] [01m[K/home/loic/Desktop/Xcar_chidi/raspberryPI3/ros2_ws/src/state_machine/src/state_machine_node.cpp:65:48:[m[K [01;31m[Kerror: [m[K‘[01m[KUltrasonic[m[K’ in namespace ‘[01m[Kinterfaces::msg[m[K’ does not name a type
[5.673s]    65 |     void stateCallback2(const interfaces::msg::[01;31m[KUltrasonic[m[K &ultrasonic)
[5.673s]       |                                                [01;31m[K^~~~~~~~~~[m[K
[5.713s] [01m[K/home/loic/Desktop/Xcar_chidi/raspberryPI3/ros2_ws/src/state_machine/src/state_machine_node.cpp:[m[K In constructor ‘[01m[Kstate_machine::state_machine()[m[K’:
[5.714s] [01m[K/home/loic/Desktop/Xcar_chidi/raspberryPI3/ros2_ws/src/state_machine/src/state_machine_node.cpp:26:7:[m[K [01;31m[Kerror: [m[K‘[01m[Ksubscription_ultrasonic_sensor_[m[K’ was not declared in this scope
[5.714s]    26 |       [01;31m[Ksubscription_ultrasonic_sensor_[m[K = this->create_subscription<interfaces::msg::Ultrasonic>(
[5.714s]       |       [01;31m[K^~~~~~~~~~~~~~~~~~~~~~~~~~~~~~~[m[K
[5.715s] [01m[K/home/loic/Desktop/Xcar_chidi/raspberryPI3/ros2_ws/src/state_machine/src/state_machine_node.cpp:26:84:[m[K [01;31m[Kerror: [m[K‘[01m[KUltrasonic[m[K’ is not a member of ‘[01m[Kinterfaces::msg[m[K’
[5.716s]    26 | asonic_sensor_ = this->create_subscription<interfaces::msg::[01;31m[KUltrasonic[m[K>(
[5.716s]       |                                                             [01;31m[K^~~~~~~~~~[m[K
[5.716s] 
[5.716s] [01m[K/home/loic/Desktop/Xcar_chidi/raspberryPI3/ros2_ws/src/state_machine/src/state_machine_node.cpp:26:95:[m[K [01;31m[Kerror: [m[Kno matching function for call to ‘[01m[Kstate_machine::create_subscription<<expression error> >(const char [8], int, std::_Bind_helper<false, void (state_machine::*)(const interfaces::msg::JoystickOrder_<std::allocator<void> >&), state_machine*, const std::_Placeholder<1>&>::type)[m[K’
[5.717s]    26 | sonic_sensor_ = [01;31m[Kthis->create_subscription<interfaces::msg::Ultrasonic>([m[K
[5.717s]       |                 [01;31m[K~~~~~~~~~~~~~~~~~~~~~~~~~~~~~~~~~~~~~~~~~~~~~~~~~~~~~~^[m[K
[5.717s] 
[5.717s]    27 | [01;31m[Ktd::bind(&state_machine::stateCallback, this, _1))[m[K;
[5.717s]       | [01;31m[K~~~~~~~~~~~~~~~~~~~~~~~~~~~~~~~~~~~~~~~~~~~~~~~~~~[m[K                     
[5.717s] 
[5.717s] In file included from [01m[K/opt/ros/humble/include/rclcpp/rclcpp/node.hpp:1321[m[K,
[5.718s]                  from [01m[K/opt/ros/humble/include/rclcpp/rclcpp/executors/single_threaded_executor.hpp:28[m[K,
[5.718s]                  from [01m[K/opt/ros/humble/include/rclcpp/rclcpp/executors.hpp:22[m[K,
[5.718s]                  from [01m[K/opt/ros/humble/include/rclcpp/rclcpp/rclcpp.hpp:155[m[K,
[5.718s]                  from [01m[K/home/loic/Desktop/Xcar_chidi/raspberryPI3/ros2_ws/src/state_machine/src/state_machine_node.cpp:2[m[K:
[5.718s] [01m[K/opt/ros/humble/include/rclcpp/rclcpp/node_impl.hpp:92:1:[m[K [01;36m[Knote: [m[Kcandidate: ‘[01m[Ktemplate<class MessageT, class CallbackT, class AllocatorT, class SubscriptionT, class MessageMemoryStrategyT> std::shared_ptr<ROSMessageT> rclcpp::Node::create_subscription(const string&, const rclcpp::QoS&, CallbackT&&, const rclcpp::SubscriptionOptionsWithAllocator<AllocatorT>&, typename MessageMemoryStrategyT::SharedPtr)[m[K’
[5.718s]    92 | [01;36m[KNode[m[K::create_subscription(
[5.718s]       | [01;36m[K^~~~[m[K
[5.718s] [01m[K/opt/ros/humble/include/rclcpp/rclcpp/node_impl.hpp:92:1:[m[K [01;36m[Knote: [m[K  template argument deduction/substitution failed:
[5.718s] [01m[K/home/loic/Desktop/Xcar_chidi/raspberryPI3/ros2_ws/src/state_machine/src/state_machine_node.cpp:26:95:[m[K [01;31m[Kerror: [m[Ktemplate argument 1 is invalid
[5.719s]    26 | sonic_sensor_ = [01;31m[Kthis->create_subscription<interfaces::msg::Ultrasonic>([m[K
[5.719s]       |                 [01;31m[K~~~~~~~~~~~~~~~~~~~~~~~~~~~~~~~~~~~~~~~~~~~~~~~~~~~~~~^[m[K
[5.719s] 
[5.719s]    27 | [01;31m[Ktd::bind(&state_machine::stateCallback, this, _1))[m[K;
[5.719s]       | [01;31m[K~~~~~~~~~~~~~~~~~~~~~~~~~~~~~~~~~~~~~~~~~~~~~~~~~~[m[K                     
[5.719s] 
[5.729s] [01m[K/home/loic/Desktop/Xcar_chidi/raspberryPI3/ros2_ws/src/state_machine/src/state_machine_node.cpp:30:7:[m[K [01;31m[Kerror: [m[K‘[01m[Kstate_service_[m[K’ was not declared in this scope; did you mean ‘[01m[Kcreate_service[m[K’?
[5.729s]    30 |       [01;31m[Kstate_service_[m[K = this->create_service<std_srvs::srv::Empty>(
[5.730s]       |       [01;31m[K^~~~~~~~~~~~~~[m[K
[5.730s]       |       [32m[Kcreate_service[m[K
[5.741s] [01m[K/home/loic/Desktop/Xcar_chidi/raspberryPI3/ros2_ws/src/state_machine/src/state_machine_node.cpp:30:45:[m[K [01;31m[Kerror: [m[K‘[01m[Kstd_srvs[m[K’ was not declared in this scope
[5.741s]    30 |       state_service_ = this->create_service<[01;31m[Kstd_srvs[m[K::srv::Empty>(
[5.741s]       |                                             [01;31m[K^~~~~~~~[m[K
[5.742s] [01m[K/home/loic/Desktop/Xcar_chidi/raspberryPI3/ros2_ws/src/state_machine/src/state_machine_node.cpp:30:30:[m[K [01;31m[Kerror: [m[Kparse error in template argument list
[5.742s]    30 |       state_service_ = this->[01;31m[Kcreate_service<std_srvs::srv::Empty>[m[K(
[5.742s]       |                              [01;31m[K^~~~~~~~~~~~~~~~~~~~~~~~~~~~~~~~~~~~[m[K
[5.743s] In file included from [01m[K/usr/include/c++/11/pstl/glue_algorithm_defs.h:13[m[K,
[5.743s]                  from [01m[K/usr/include/c++/11/algorithm:74[m[K,
[5.743s]                  from [01m[K/opt/ros/humble/include/rclcpp/rclcpp/executor.hpp:18[m[K,
[5.744s]                  from [01m[K/opt/ros/humble/include/rclcpp/rclcpp/executors/multi_threaded_executor.hpp:25[m[K,
[5.744s]                  from [01m[K/opt/ros/humble/include/rclcpp/rclcpp/executors.hpp:21[m[K,
[5.744s]                  from [01m[K/opt/ros/humble/include/rclcpp/rclcpp/rclcpp.hpp:155[m[K,
[5.744s]                  from [01m[K/home/loic/Desktop/Xcar_chidi/raspberryPI3/ros2_ws/src/state_machine/src/state_machine_node.cpp:2[m[K:
[5.745s] /usr/include/c++/11/functional: In instantiation of ‘[01m[Kstruct std::_Bind_check_arity<void (state_machine::*)(const interfaces::msg::JoystickOrder_<std::allocator<void> >&), state_machine*, const std::_Placeholder<1>&, const std::_Placeholder<2>&>[m[K’:
[5.745s] [01m[K/usr/include/c++/11/functional:768:12:[m[K   required from ‘[01m[Kstruct std::_Bind_helper<false, void (state_machine::*)(const interfaces::msg::JoystickOrder_<std::allocator<void> >&), state_machine*, const std::_Placeholder<1>&, const std::_Placeholder<2>&>[m[K’
[5.745s] [01m[K/usr/include/c++/11/functional:789:5:[m[K   required by substitution of ‘[01m[Ktemplate<class _Func, class ... _BoundArgs> typename std::_Bind_helper<std::__is_socketlike<_Func>::value, _Func, _BoundArgs ...>::type std::bind(_Func&&, _BoundArgs&& ...) [with _Func = void (state_machine::*)(const interfaces::msg::JoystickOrder_<std::allocator<void> >&); _BoundArgs = {state_machine*, const std::_Placeholder<1>&, const std::_Placeholder<2>&}][m[K’
[5.746s] [01m[K/home/loic/Desktop/Xcar_chidi/raspberryPI3/ros2_ws/src/state_machine/src/state_machine_node.cpp:31:33:[m[K   required from here
[5.746s] [01m[K/usr/include/c++/11/functional:756:21:[m[K [01;31m[Kerror: [m[Kstatic assertion failed: Wrong number of arguments for pointer-to-member
[5.746s]   755 |       static_assert(_Varargs::[01;31m[Kvalue[m[K
[5.747s]       |                               [01;31m[K~~~~~[m[K
[5.747s]   756 | [01;31m[K                    ? sizeof...(_BoundArgs) >= _Arity::value + 1[m[K
[5.747s]       |                     [01;31m[K^~~~~~~~~~~~~~~~~~~~~~~~~~~~~~~~~~~~~~~~~~~~[m[K
[5.748s]   757 | [01;31m[K                    : sizeof...(_BoundArgs) == _Arity::value + 1[m[K,
[5.748s]       |                     [01;31m[K~~~~~~~~~~~~~~~~~~~~~~~~~~~~~~~~~~~~~~~~~~~~[m[K
[5.748s] [01m[K/usr/include/c++/11/functional:756:21:[m[K [01;36m[Knote: [m[K‘[01m[K(false ? (3 >= (((long unsigned int)std::integral_constant<long unsigned int, 1>::value) + 1)) : (3 == (((long unsigned int)std::integral_constant<long unsigned int, 1>::value) + 1)))[m[K’ evaluates to false
[5.752s] [01m[K/home/loic/Desktop/Xcar_chidi/raspberryPI3/ros2_ws/src/state_machine/src/state_machine_node.cpp:30:66:[m[K [01;31m[Kerror: [m[Kno matching function for call to ‘[01m[Kstate_machine::create_service<<expression error> >(const char [14], std::_Bind_helper<false, void (state_machine::*)(const interfaces::msg::JoystickOrder_<std::allocator<void> >&), state_machine*, const std::_Placeholder<1>&, const std::_Placeholder<2>&>::type)[m[K’
[5.752s]    30 |       state_service_ = [01;31m[Kthis->create_service<std_srvs::srv::Empty>([m[K
[5.752s]       |                        [01;31m[K~~~~~~~~~~~~~~~~~~~~~~~~~~~~~~~~~~~~~~~~~~^[m[K
[5.752s]    31 | [01;31m[K      "state_service", std::bind(&state_machine::stateCallback, this, std::placeholders::_1, std::placeholders::_2))[m[K;
[5.752s]       |       [01;31m[K~~~~~~~~~~~~~~~~~~~~~~~~~~~~~~~~~~~~~~~~~~~~~~~~~~~~~~~~~~~~~~~~~~~~~~~~~~~~~~~~~~~~~~~~~~~~~~~~~~~~~~~~~~~~~~[m[K
[5.752s] In file included from [01m[K/opt/ros/humble/include/rclcpp/rclcpp/executors/single_threaded_executor.hpp:28[m[K,
[5.753s]                  from [01m[K/opt/ros/humble/include/rclcpp/rclcpp/executors.hpp:22[m[K,
[5.753s]                  from [01m[K/opt/ros/humble/include/rclcpp/rclcpp/rclcpp.hpp:155[m[K,
[5.753s]                  from [01m[K/home/loic/Desktop/Xcar_chidi/raspberryPI3/ros2_ws/src/state_machine/src/state_machine_node.cpp:2[m[K:
[5.753s] [01m[K/opt/ros/humble/include/rclcpp/rclcpp/node.hpp:267:3:[m[K [01;36m[Knote: [m[Kcandidate: ‘[01m[Ktemplate<class ServiceT, class CallbackT> typename rclcpp::Service<ServiceT>::SharedPtr rclcpp::Node::create_service(const string&, CallbackT&&, const rmw_qos_profile_t&, rclcpp::CallbackGroup::SharedPtr)[m[K’
[5.753s]   267 |   [01;36m[Kcreate_service[m[K(
[5.753s]       |   [01;36m[K^~~~~~~~~~~~~~[m[K
[5.753s] [01m[K/opt/ros/humble/include/rclcpp/rclcpp/node.hpp:267:3:[m[K [01;36m[Knote: [m[K  template argument deduction/substitution failed:
[5.753s] [01m[K/home/loic/Desktop/Xcar_chidi/raspberryPI3/ros2_ws/src/state_machine/src/state_machine_node.cpp:30:66:[m[K [01;31m[Kerror: [m[Ktemplate argument 1 is invalid
[5.754s]    30 |       state_service_ = [01;31m[Kthis->create_service<std_srvs::srv::Empty>([m[K
[5.754s]       |                        [01;31m[K~~~~~~~~~~~~~~~~~~~~~~~~~~~~~~~~~~~~~~~~~~^[m[K
[5.754s]    31 | [01;31m[K      "state_service", std::bind(&state_machine::stateCallback, this, std::placeholders::_1, std::placeholders::_2))[m[K;
[5.754s]       |       [01;31m[K~~~~~~~~~~~~~~~~~~~~~~~~~~~~~~~~~~~~~~~~~~~~~~~~~~~~~~~~~~~~~~~~~~~~~~~~~~~~~~~~~~~~~~~~~~~~~~~~~~~~~~~~~~~~~~[m[K
[5.754s] [01m[K/home/loic/Desktop/Xcar_chidi/raspberryPI3/ros2_ws/src/state_machine/src/state_machine_node.cpp:[m[K In member function ‘[01m[Kvoid state_machine::stateCallback2(const int&)[m[K’:
[5.754s] [01m[K/home/loic/Desktop/Xcar_chidi/raspberryPI3/ros2_ws/src/state_machine/src/state_machine_node.cpp:68:22:[m[K [01;31m[Kerror: [m[Krequest for member ‘[01m[Kfrontcenter[m[K’ in ‘[01m[Kultrasonic[m[K’, which is of non-class type ‘[01m[Kconst int[m[K’
[5.754s]    68 |       if (ultrasonic.[01;31m[Kfrontcenter[m[K<=20)
[5.754s]       |                      [01;31m[K^~~~~~~~~~~[m[K
[11.177s] gmake[2]: *** [CMakeFiles/state_machine_node.dir/build.make:76: CMakeFiles/state_machine_node.dir/src/state_machine_node.cpp.o] Error 1
[11.177s] gmake[1]: *** [CMakeFiles/Makefile2:137: CMakeFiles/state_machine_node.dir/all] Error 2
[11.178s] gmake: *** [Makefile:146: all] Error 2
[11.183s] Invoked command in '/home/loic/Desktop/Xcar_chidi/raspberryPI3/ros2_ws/build/state_machine' returned '2': CMAKE_PREFIX_PATH=/opt/ros/humble /usr/bin/cmake --build /home/loic/Desktop/Xcar_chidi/raspberryPI3/ros2_ws/build/state_machine -- -j8 -l8
