[0.063s] Invoking command in '/home/pi/ros2_ws/src/build/state_machine': CMAKE_PREFIX_PATH=${CMAKE_PREFIX_PATH}:/opt/ros/humble /usr/bin/cmake /home/pi/ros2_ws/src/state_machine -DCMAKE_INSTALL_PREFIX=/home/pi/ros2_ws/src/install/state_machine
[0.350s] -- The C compiler identification is GNU 11.4.0
[0.744s] -- The CXX compiler identification is GNU 11.4.0
[0.796s] -- Detecting C compiler ABI info
[1.199s] -- Detecting C compiler ABI info - done
[1.224s] -- Check for working C compiler: /usr/bin/cc - skipped
[1.225s] -- Detecting C compile features
[1.227s] -- Detecting C compile features - done
[1.237s] -- Detecting CXX compiler ABI info
[1.753s] -- Detecting CXX compiler ABI info - done
[1.794s] -- Check for working CXX compiler: /usr/bin/c++ - skipped
[1.796s] -- Detecting CXX compile features
[1.798s] -- Detecting CXX compile features - done
[1.845s] -- Found rclcpp: 16.0.1 (/opt/ros/humble/share/rclcpp/cmake)
[2.845s] -- Found Python3: /usr/bin/python3.10 (found version "3.10.12") found components: Interpreter 
[4.222s] -- Found rosidl_generator_c: 3.1.3 (/opt/ros/humble/share/rosidl_generator_c/cmake)
[4.293s] -- Found rosidl_adapter: 3.1.3 (/opt/ros/humble/share/rosidl_adapter/cmake)
[4.377s] -- Found rosidl_generator_cpp: 3.1.3 (/opt/ros/humble/share/rosidl_generator_cpp/cmake)
[4.504s] -- Using all available rosidl_typesupport_c: rosidl_typesupport_fastrtps_c;rosidl_typesupport_introspection_c
[4.661s] -- Using all available rosidl_typesupport_cpp: rosidl_typesupport_fastrtps_cpp;rosidl_typesupport_introspection_cpp
[5.122s] -- Found rmw_implementation_cmake: 6.1.0 (/opt/ros/humble/share/rmw_implementation_cmake/cmake)
[5.159s] -- Found rmw_fastrtps_cpp: 6.2.1 (/opt/ros/humble/share/rmw_fastrtps_cpp/cmake)
[5.832s] -- Found OpenSSL: /usr/lib/aarch64-linux-gnu/libcrypto.so (found version "3.0.2")  
[6.051s] -- Found FastRTPS: /opt/ros/humble/include  
[6.439s] -- Using RMW implementation 'rmw_fastrtps_cpp' as default
[7.205s] -- Found interfaces: 0.0.0 (/home/pi/ros2_ws/install/interfaces/share/interfaces/cmake)
[7.327s] -- Found ament_lint_auto: 0.12.4 (/opt/ros/humble/share/ament_lint_auto/cmake)
[7.899s] -- Added test 'cppcheck' to perform static code analysis on C / C++ code
[7.899s] -- Configured cppcheck include dirs: $<BUILD_INTERFACE:/home/pi/ros2_ws/src/state_machine/include>
[7.899s] -- Configured cppcheck exclude dirs and/or files: 
[7.905s] -- Added test 'lint_cmake' to check CMake code style
[7.915s] -- Added test 'uncrustify' to check C / C++ code style
[7.916s] -- Configured uncrustify additional arguments: 
[7.920s] -- Added test 'xmllint' to check XML markup files
[7.932s] -- Configuring done
[7.987s] -- Generating done
[7.993s] -- Build files have been written to: /home/pi/ros2_ws/src/build/state_machine
[8.029s] Invoked command in '/home/pi/ros2_ws/src/build/state_machine' returned '0': CMAKE_PREFIX_PATH=${CMAKE_PREFIX_PATH}:/opt/ros/humble /usr/bin/cmake /home/pi/ros2_ws/src/state_machine -DCMAKE_INSTALL_PREFIX=/home/pi/ros2_ws/src/install/state_machine
[8.041s] Invoking command in '/home/pi/ros2_ws/src/build/state_machine': CMAKE_PREFIX_PATH=${CMAKE_PREFIX_PATH}:/opt/ros/humble /usr/bin/cmake --build /home/pi/ros2_ws/src/build/state_machine -- -j4 -l4
[8.276s] [ 50%] [32mBuilding CXX object CMakeFiles/state_machine_node.dir/src/state_machine_node.cpp.o[0m
[52.257s] [100%] [32m[1mLinking CXX executable state_machine_node[0m
[54.711s] [100%] Built target state_machine_node
[54.752s] Invoked command in '/home/pi/ros2_ws/src/build/state_machine' returned '0': CMAKE_PREFIX_PATH=${CMAKE_PREFIX_PATH}:/opt/ros/humble /usr/bin/cmake --build /home/pi/ros2_ws/src/build/state_machine -- -j4 -l4
[54.958s] Invoking command in '/home/pi/ros2_ws/src/build/state_machine': CMAKE_PREFIX_PATH=${CMAKE_PREFIX_PATH}:/opt/ros/humble /usr/bin/cmake --install /home/pi/ros2_ws/src/build/state_machine
[54.989s] -- Install configuration: ""
[54.989s] -- Installing: /home/pi/ros2_ws/src/install/state_machine/lib/state_machine/state_machine_node
[55.029s] -- Set runtime path of "/home/pi/ros2_ws/src/install/state_machine/lib/state_machine/state_machine_node" to ""
[55.030s] -- Installing: /home/pi/ros2_ws/src/install/state_machine/share/ament_index/resource_index/package_run_dependencies/state_machine
[55.032s] -- Installing: /home/pi/ros2_ws/src/install/state_machine/share/ament_index/resource_index/parent_prefix_path/state_machine
[55.033s] -- Installing: /home/pi/ros2_ws/src/install/state_machine/share/state_machine/environment/ament_prefix_path.sh
[55.034s] -- Installing: /home/pi/ros2_ws/src/install/state_machine/share/state_machine/environment/ament_prefix_path.dsv
[55.035s] -- Installing: /home/pi/ros2_ws/src/install/state_machine/share/state_machine/environment/path.sh
[55.036s] -- Installing: /home/pi/ros2_ws/src/install/state_machine/share/state_machine/environment/path.dsv
[55.037s] -- Installing: /home/pi/ros2_ws/src/install/state_machine/share/state_machine/local_setup.bash
[55.039s] -- Installing: /home/pi/ros2_ws/src/install/state_machine/share/state_machine/local_setup.sh
[55.040s] -- Installing: /home/pi/ros2_ws/src/install/state_machine/share/state_machine/local_setup.zsh
[55.041s] -- Installing: /home/pi/ros2_ws/src/install/state_machine/share/state_machine/local_setup.dsv
[55.042s] -- Installing: /home/pi/ros2_ws/src/install/state_machine/share/state_machine/package.dsv
[55.043s] -- Installing: /home/pi/ros2_ws/src/install/state_machine/share/ament_index/resource_index/packages/state_machine
[55.045s] -- Installing: /home/pi/ros2_ws/src/install/state_machine/share/state_machine/cmake/ament_cmake_export_include_directories-extras.cmake
[55.046s] -- Installing: /home/pi/ros2_ws/src/install/state_machine/share/state_machine/cmake/state_machineConfig.cmake
[55.047s] -- Installing: /home/pi/ros2_ws/src/install/state_machine/share/state_machine/cmake/state_machineConfig-version.cmake
[55.048s] -- Installing: /home/pi/ros2_ws/src/install/state_machine/share/state_machine/package.xml
[55.056s] Invoked command in '/home/pi/ros2_ws/src/build/state_machine' returned '0': CMAKE_PREFIX_PATH=${CMAKE_PREFIX_PATH}:/opt/ros/humble /usr/bin/cmake --install /home/pi/ros2_ws/src/build/state_machine
