[0.138s] Invoking command in '/home/loic/Desktop/Xcar_chidi/raspberryPI3/ros2_ws/build/state_machine': CMAKE_PREFIX_PATH=/opt/ros/humble /usr/bin/cmake --build /home/loic/Desktop/Xcar_chidi/raspberryPI3/ros2_ws/build/state_machine -- -j8 -l8
[0.266s] [35m[1mConsolidate compiler generated dependencies of target state_machine_node[0m
[0.314s] [ 50%] [32mBuilding CXX object CMakeFiles/state_machine_node.dir/src/state_machine_node.cpp.o[0m
[5.788s] [01m[K/home/loic/Desktop/Xcar_chidi/raspberryPI3/ros2_ws/src/state_machine/src/state_machine_node.cpp:44:43:[m[K [01;31m[Kerror: [m[K‘[01m[KUltrasonic[m[K’ is not a member of ‘[01m[Kinterfaces::msg[m[K’
[5.788s]    44 |     rclcpp::Subscription<interfaces::msg::[01;31m[KUltrasonic[m[K>::SharedPtr subscription_ultrasonic_sensor_;
[5.788s]       |                                           [01;31m[K^~~~~~~~~~[m[K
[5.788s] [01m[K/home/loic/Desktop/Xcar_chidi/raspberryPI3/ros2_ws/src/state_machine/src/state_machine_node.cpp:44:53:[m[K [01;31m[Kerror: [m[Ktemplate argument 1 is invalid
[5.788s]    44 |     rclcpp::Subscription<interfaces::msg::Ultrasonic[01;31m[K>[m[K::SharedPtr subscription_ultrasonic_sensor_;
[5.788s]       |                                                     [01;31m[K^[m[K
[5.789s] [01m[K/home/loic/Desktop/Xcar_chidi/raspberryPI3/ros2_ws/src/state_machine/src/state_machine_node.cpp:44:53:[m[K [01;31m[Kerror: [m[Ktemplate argument 3 is invalid
[5.789s] [01m[K/home/loic/Desktop/Xcar_chidi/raspberryPI3/ros2_ws/src/state_machine/src/state_machine_node.cpp:44:53:[m[K [01;31m[Kerror: [m[Ktemplate argument 4 is invalid
[5.789s] [01m[K/home/loic/Desktop/Xcar_chidi/raspberryPI3/ros2_ws/src/state_machine/src/state_machine_node.cpp:44:53:[m[K [01;31m[Kerror: [m[Ktemplate argument 5 is invalid
[5.789s] [01m[K/home/loic/Desktop/Xcar_chidi/raspberryPI3/ros2_ws/src/state_machine/src/state_machine_node.cpp:44:56:[m[K [01;31m[Kerror: [m[Kexpected ‘[01m[K;[m[K’ at end of member declaration
[5.789s]    44 |     rclcpp::Subscription<interfaces::msg::Ultrasonic>::[01;31m[KSharedPtr[m[K subscription_ultrasonic_sensor_;
[5.789s]       |                                                        [01;31m[K^~~~~~~~~[m[K
[5.789s]       |                                                                 [32m[K;[m[K
[5.798s] [01m[K/home/loic/Desktop/Xcar_chidi/raspberryPI3/ros2_ws/src/state_machine/src/state_machine_node.cpp:44:66:[m[K [01;31m[Kerror: [m[K‘[01m[Ksubscription_ultrasonic_sensor_[m[K’ does not name a type
[5.799s]    44 | clcpp::Subscription<interfaces::msg::Ultrasonic>::SharedPtr [01;31m[Ksubscription_ultrasonic_sensor_[m[K;
[5.799s]       |                                                             [01;31m[K^~~~~~~~~~~~~~~~~~~~~~~~~~~~~~~[m[K
[5.799s] 
[5.800s] [01m[K/home/loic/Desktop/Xcar_chidi/raspberryPI3/ros2_ws/src/state_machine/src/state_machine_node.cpp:65:48:[m[K [01;31m[Kerror: [m[K‘[01m[KUltrasonic[m[K’ in namespace ‘[01m[Kinterfaces::msg[m[K’ does not name a type
[5.800s]    65 |     void stateCallback2(const interfaces::msg::[01;31m[KUltrasonic[m[K &ultrasonic)
[5.800s]       |                                                [01;31m[K^~~~~~~~~~[m[K
[5.844s] [01m[K/home/loic/Desktop/Xcar_chidi/raspberryPI3/ros2_ws/src/state_machine/src/state_machine_node.cpp:[m[K In constructor ‘[01m[Kstate_machine::state_machine()[m[K’:
[5.845s] [01m[K/home/loic/Desktop/Xcar_chidi/raspberryPI3/ros2_ws/src/state_machine/src/state_machine_node.cpp:26:7:[m[K [01;31m[Kerror: [m[K‘[01m[Ksubscription_ultrasonic_sensor_[m[K’ was not declared in this scope
[5.845s]    26 |       [01;31m[Ksubscription_ultrasonic_sensor_[m[K = this->create_subscription<interfaces::msg::Ultrasonic>(
[5.845s]       |       [01;31m[K^~~~~~~~~~~~~~~~~~~~~~~~~~~~~~~[m[K
[5.846s] [01m[K/home/loic/Desktop/Xcar_chidi/raspberryPI3/ros2_ws/src/state_machine/src/state_machine_node.cpp:26:84:[m[K [01;31m[Kerror: [m[K‘[01m[KUltrasonic[m[K’ is not a member of ‘[01m[Kinterfaces::msg[m[K’
[5.846s]    26 | asonic_sensor_ = this->create_subscription<interfaces::msg::[01;31m[KUltrasonic[m[K>(
[5.847s]       |                                                             [01;31m[K^~~~~~~~~~[m[K
[5.847s] 
[5.847s] [01m[K/home/loic/Desktop/Xcar_chidi/raspberryPI3/ros2_ws/src/state_machine/src/state_machine_node.cpp:26:95:[m[K [01;31m[Kerror: [m[Kno matching function for call to ‘[01m[Kstate_machine::create_subscription<<expression error> >(const char [8], int, std::_Bind_helper<false, void (state_machine::*)(const interfaces::msg::JoystickOrder_<std::allocator<void> >&), state_machine*, const std::_Placeholder<1>&>::type)[m[K’
[5.848s]    26 | sonic_sensor_ = [01;31m[Kthis->create_subscription<interfaces::msg::Ultrasonic>([m[K
[5.848s]       |                 [01;31m[K~~~~~~~~~~~~~~~~~~~~~~~~~~~~~~~~~~~~~~~~~~~~~~~~~~~~~~^[m[K
[5.848s] 
[5.849s]    27 | [01;31m[Ktd::bind(&state_machine::stateCallback, this, _1))[m[K;
[5.849s]       | [01;31m[K~~~~~~~~~~~~~~~~~~~~~~~~~~~~~~~~~~~~~~~~~~~~~~~~~~[m[K                     
[5.849s] 
[5.850s] In file included from [01m[K/opt/ros/humble/include/rclcpp/rclcpp/node.hpp:1321[m[K,
[5.850s]                  from [01m[K/opt/ros/humble/include/rclcpp/rclcpp/executors/single_threaded_executor.hpp:28[m[K,
[5.850s]                  from [01m[K/opt/ros/humble/include/rclcpp/rclcpp/executors.hpp:22[m[K,
[5.850s]                  from [01m[K/opt/ros/humble/include/rclcpp/rclcpp/rclcpp.hpp:155[m[K,
[5.851s]                  from [01m[K/home/loic/Desktop/Xcar_chidi/raspberryPI3/ros2_ws/src/state_machine/src/state_machine_node.cpp:2[m[K:
[5.851s] [01m[K/opt/ros/humble/include/rclcpp/rclcpp/node_impl.hpp:92:1:[m[K [01;36m[Knote: [m[Kcandidate: ‘[01m[Ktemplate<class MessageT, class CallbackT, class AllocatorT, class SubscriptionT, class MessageMemoryStrategyT> std::shared_ptr<ROSMessageT> rclcpp::Node::create_subscription(const string&, const rclcpp::QoS&, CallbackT&&, const rclcpp::SubscriptionOptionsWithAllocator<AllocatorT>&, typename MessageMemoryStrategyT::SharedPtr)[m[K’
[5.851s]    92 | [01;36m[KNode[m[K::create_subscription(
[5.852s]       | [01;36m[K^~~~[m[K
[5.852s] [01m[K/opt/ros/humble/include/rclcpp/rclcpp/node_impl.hpp:92:1:[m[K [01;36m[Knote: [m[K  template argument deduction/substitution failed:
[5.852s] [01m[K/home/loic/Desktop/Xcar_chidi/raspberryPI3/ros2_ws/src/state_machine/src/state_machine_node.cpp:26:95:[m[K [01;31m[Kerror: [m[Ktemplate argument 1 is invalid
[5.853s]    26 | sonic_sensor_ = [01;31m[Kthis->create_subscription<interfaces::msg::Ultrasonic>([m[K
[5.853s]       |                 [01;31m[K~~~~~~~~~~~~~~~~~~~~~~~~~~~~~~~~~~~~~~~~~~~~~~~~~~~~~~^[m[K
[5.853s] 
[5.853s]    27 | [01;31m[Ktd::bind(&state_machine::stateCallback, this, _1))[m[K;
[5.854s]       | [01;31m[K~~~~~~~~~~~~~~~~~~~~~~~~~~~~~~~~~~~~~~~~~~~~~~~~~~[m[K                     
[5.854s] 
[5.854s] [01m[K/home/loic/Desktop/Xcar_chidi/raspberryPI3/ros2_ws/src/state_machine/src/state_machine_node.cpp:[m[K In member function ‘[01m[Kvoid state_machine::stateCallback2(const int&)[m[K’:
[5.855s] [01m[K/home/loic/Desktop/Xcar_chidi/raspberryPI3/ros2_ws/src/state_machine/src/state_machine_node.cpp:68:22:[m[K [01;31m[Kerror: [m[Krequest for member ‘[01m[Kfront_center[m[K’ in ‘[01m[Kultrasonic[m[K’, which is of non-class type ‘[01m[Kconst int[m[K’
[5.855s]    68 |       if (ultrasonic.[01;31m[Kfront_center[m[K<=20)
[5.855s]       |                      [01;31m[K^~~~~~~~~~~~[m[K
[10.667s] gmake[2]: *** [CMakeFiles/state_machine_node.dir/build.make:76: CMakeFiles/state_machine_node.dir/src/state_machine_node.cpp.o] Error 1
[10.668s] gmake[1]: *** [CMakeFiles/Makefile2:137: CMakeFiles/state_machine_node.dir/all] Error 2
[10.668s] gmake: *** [Makefile:146: all] Error 2
[10.673s] Invoked command in '/home/loic/Desktop/Xcar_chidi/raspberryPI3/ros2_ws/build/state_machine' returned '2': CMAKE_PREFIX_PATH=/opt/ros/humble /usr/bin/cmake --build /home/loic/Desktop/Xcar_chidi/raspberryPI3/ros2_ws/build/state_machine -- -j8 -l8
