[0.542s] Invoking command in '/root/Xcar_chidi/jetsonNano/ros2_ws/build/geicar_start_jetson': AMENT_PREFIX_PATH=/root/Xcar_chidi/jetsonNano/ros2_ws/install/usb_cam:/root/Xcar_chidi/jetsonNano/ros2_ws/install/rplidar_ros:${AMENT_PREFIX_PATH} CMAKE_PREFIX_PATH=/root/Xcar_chidi/jetsonNano/ros2_ws/install/usb_cam:/root/Xcar_chidi/jetsonNano/ros2_ws/install/rplidar_ros:/opt/ros/humble LD_LIBRARY_PATH=/root/Xcar_chidi/jetsonNano/ros2_ws/install/usb_cam/lib:/root/Xcar_chidi/jetsonNano/ros2_ws/install/rplidar_ros/lib:${LD_LIBRARY_PATH} /usr/bin/cmake /root/Xcar_chidi/jetsonNano/ros2_ws/src/geicar_start_jetson -DCMAKE_INSTALL_PREFIX=/root/Xcar_chidi/jetsonNano/ros2_ws/install/geicar_start_jetson
[1.042s] -- The C compiler identification is GNU 11.4.0
[1.543s] -- The CXX compiler identification is GNU 11.4.0
[1.604s] -- Detecting C compiler ABI info
[2.213s] -- Detecting C compiler ABI info - done
[2.282s] -- Check for working C compiler: /usr/bin/cc - skipped
[2.283s] -- Detecting C compile features
[2.285s] -- Detecting C compile features - done
[2.310s] -- Detecting CXX compiler ABI info
[2.984s] -- Detecting CXX compiler ABI info - done
[3.074s] -- Check for working CXX compiler: /usr/bin/c++ - skipped
[3.076s] -- Detecting CXX compile features
[3.079s] -- Detecting CXX compile features - done
[3.118s] -- Found ament_cmake: 1.3.5 (/opt/ros/humble/share/ament_cmake/cmake)
[4.326s] -- Found Python3: /usr/bin/python3.10 (found version "3.10.12") found components: Interpreter 
[5.246s] -- Found ament_lint_auto: 0.12.8 (/opt/ros/humble/share/ament_lint_auto/cmake)
[5.756s] -- Added test 'flake8' to check Python code syntax and style conventions
[5.764s] -- Added test 'lint_cmake' to check CMake code style
[5.766s] -- Added test 'pep257' to check Python code against some of the docstring style conventions in PEP 257
[5.770s] -- Added test 'xmllint' to check XML markup files
[5.786s] -- Configuring done
[5.812s] -- Generating done
[5.817s] -- Build files have been written to: /root/Xcar_chidi/jetsonNano/ros2_ws/build/geicar_start_jetson
[5.871s] Invoked command in '/root/Xcar_chidi/jetsonNano/ros2_ws/build/geicar_start_jetson' returned '0': AMENT_PREFIX_PATH=/root/Xcar_chidi/jetsonNano/ros2_ws/install/usb_cam:/root/Xcar_chidi/jetsonNano/ros2_ws/install/rplidar_ros:${AMENT_PREFIX_PATH} CMAKE_PREFIX_PATH=/root/Xcar_chidi/jetsonNano/ros2_ws/install/usb_cam:/root/Xcar_chidi/jetsonNano/ros2_ws/install/rplidar_ros:/opt/ros/humble LD_LIBRARY_PATH=/root/Xcar_chidi/jetsonNano/ros2_ws/install/usb_cam/lib:/root/Xcar_chidi/jetsonNano/ros2_ws/install/rplidar_ros/lib:${LD_LIBRARY_PATH} /usr/bin/cmake /root/Xcar_chidi/jetsonNano/ros2_ws/src/geicar_start_jetson -DCMAKE_INSTALL_PREFIX=/root/Xcar_chidi/jetsonNano/ros2_ws/install/geicar_start_jetson
[5.872s] Invoking command in '/root/Xcar_chidi/jetsonNano/ros2_ws/build/geicar_start_jetson': AMENT_PREFIX_PATH=/root/Xcar_chidi/jetsonNano/ros2_ws/install/usb_cam:/root/Xcar_chidi/jetsonNano/ros2_ws/install/rplidar_ros:${AMENT_PREFIX_PATH} CMAKE_PREFIX_PATH=/root/Xcar_chidi/jetsonNano/ros2_ws/install/usb_cam:/root/Xcar_chidi/jetsonNano/ros2_ws/install/rplidar_ros:/opt/ros/humble LD_LIBRARY_PATH=/root/Xcar_chidi/jetsonNano/ros2_ws/install/usb_cam/lib:/root/Xcar_chidi/jetsonNano/ros2_ws/install/rplidar_ros/lib:${LD_LIBRARY_PATH} /usr/bin/cmake --build /root/Xcar_chidi/jetsonNano/ros2_ws/build/geicar_start_jetson -- -j4 -l4
[6.224s] Invoked command in '/root/Xcar_chidi/jetsonNano/ros2_ws/build/geicar_start_jetson' returned '0': AMENT_PREFIX_PATH=/root/Xcar_chidi/jetsonNano/ros2_ws/install/usb_cam:/root/Xcar_chidi/jetsonNano/ros2_ws/install/rplidar_ros:${AMENT_PREFIX_PATH} CMAKE_PREFIX_PATH=/root/Xcar_chidi/jetsonNano/ros2_ws/install/usb_cam:/root/Xcar_chidi/jetsonNano/ros2_ws/install/rplidar_ros:/opt/ros/humble LD_LIBRARY_PATH=/root/Xcar_chidi/jetsonNano/ros2_ws/install/usb_cam/lib:/root/Xcar_chidi/jetsonNano/ros2_ws/install/rplidar_ros/lib:${LD_LIBRARY_PATH} /usr/bin/cmake --build /root/Xcar_chidi/jetsonNano/ros2_ws/build/geicar_start_jetson -- -j4 -l4
[6.435s] Invoking command in '/root/Xcar_chidi/jetsonNano/ros2_ws/build/geicar_start_jetson': AMENT_PREFIX_PATH=/root/Xcar_chidi/jetsonNano/ros2_ws/install/usb_cam:/root/Xcar_chidi/jetsonNano/ros2_ws/install/rplidar_ros:${AMENT_PREFIX_PATH} CMAKE_PREFIX_PATH=/root/Xcar_chidi/jetsonNano/ros2_ws/install/usb_cam:/root/Xcar_chidi/jetsonNano/ros2_ws/install/rplidar_ros:/opt/ros/humble LD_LIBRARY_PATH=/root/Xcar_chidi/jetsonNano/ros2_ws/install/usb_cam/lib:/root/Xcar_chidi/jetsonNano/ros2_ws/install/rplidar_ros/lib:${LD_LIBRARY_PATH} /usr/bin/cmake --install /root/Xcar_chidi/jetsonNano/ros2_ws/build/geicar_start_jetson
[6.488s] -- Install configuration: ""
[6.489s] -- Installing: /root/Xcar_chidi/jetsonNano/ros2_ws/install/geicar_start_jetson/share/geicar_start_jetson/launch
[6.492s] -- Installing: /root/Xcar_chidi/jetsonNano/ros2_ws/install/geicar_start_jetson/share/geicar_start_jetson/launch/geicar.jetson.launch.py
[6.500s] -- Installing: /root/Xcar_chidi/jetsonNano/ros2_ws/install/geicar_start_jetson/share/ament_index/resource_index/package_run_dependencies/geicar_start_jetson
[6.507s] -- Installing: /root/Xcar_chidi/jetsonNano/ros2_ws/install/geicar_start_jetson/share/ament_index/resource_index/parent_prefix_path/geicar_start_jetson
[6.510s] -- Installing: /root/Xcar_chidi/jetsonNano/ros2_ws/install/geicar_start_jetson/share/geicar_start_jetson/environment/ament_prefix_path.sh
[6.511s] -- Installing: /root/Xcar_chidi/jetsonNano/ros2_ws/install/geicar_start_jetson/share/geicar_start_jetson/environment/ament_prefix_path.dsv
[6.512s] -- Installing: /root/Xcar_chidi/jetsonNano/ros2_ws/install/geicar_start_jetson/share/geicar_start_jetson/environment/path.sh
[6.512s] -- Installing: /root/Xcar_chidi/jetsonNano/ros2_ws/install/geicar_start_jetson/share/geicar_start_jetson/environment/path.dsv
[6.513s] -- Installing: /root/Xcar_chidi/jetsonNano/ros2_ws/install/geicar_start_jetson/share/geicar_start_jetson/local_setup.bash
[6.530s] -- Installing: /root/Xcar_chidi/jetsonNano/ros2_ws/install/geicar_start_jetson/share/geicar_start_jetson/local_setup.sh
[6.536s] -- Installing: /root/Xcar_chidi/jetsonNano/ros2_ws/install/geicar_start_jetson/share/geicar_start_jetson/local_setup.zsh
[6.541s] -- Installing: /root/Xcar_chidi/jetsonNano/ros2_ws/install/geicar_start_jetson/share/geicar_start_jetson/local_setup.dsv
[6.548s] -- Installing: /root/Xcar_chidi/jetsonNano/ros2_ws/install/geicar_start_jetson/share/geicar_start_jetson/package.dsv
[6.553s] -- Installing: /root/Xcar_chidi/jetsonNano/ros2_ws/install/geicar_start_jetson/share/ament_index/resource_index/packages/geicar_start_jetson
[6.556s] -- Installing: /root/Xcar_chidi/jetsonNano/ros2_ws/install/geicar_start_jetson/share/geicar_start_jetson/cmake/geicar_start_jetsonConfig.cmake
[6.557s] -- Installing: /root/Xcar_chidi/jetsonNano/ros2_ws/install/geicar_start_jetson/share/geicar_start_jetson/cmake/geicar_start_jetsonConfig-version.cmake
[6.557s] -- Installing: /root/Xcar_chidi/jetsonNano/ros2_ws/install/geicar_start_jetson/share/geicar_start_jetson/package.xml
[6.587s] Invoked command in '/root/Xcar_chidi/jetsonNano/ros2_ws/build/geicar_start_jetson' returned '0': AMENT_PREFIX_PATH=/root/Xcar_chidi/jetsonNano/ros2_ws/install/usb_cam:/root/Xcar_chidi/jetsonNano/ros2_ws/install/rplidar_ros:${AMENT_PREFIX_PATH} CMAKE_PREFIX_PATH=/root/Xcar_chidi/jetsonNano/ros2_ws/install/usb_cam:/root/Xcar_chidi/jetsonNano/ros2_ws/install/rplidar_ros:/opt/ros/humble LD_LIBRARY_PATH=/root/Xcar_chidi/jetsonNano/ros2_ws/install/usb_cam/lib:/root/Xcar_chidi/jetsonNano/ros2_ws/install/rplidar_ros/lib:${LD_LIBRARY_PATH} /usr/bin/cmake --install /root/Xcar_chidi/jetsonNano/ros2_ws/build/geicar_start_jetson
