[2.147s] DEBUG:colcon:Command line arguments: ['/usr/bin/colcon', 'build', '--packages-select', 'state_machine']
[2.147s] DEBUG:colcon:Parsed command line arguments: Namespace(log_base=None, log_level=None, verb_name='build', build_base='build', install_base='install', merge_install=False, symlink_install=False, test_result_base=None, continue_on_error=False, executor='parallel', parallel_workers=8, event_handlers=None, ignore_user_meta=False, metas=['./colcon.meta'], base_paths=['.'], packages_ignore=None, packages_ignore_regex=None, paths=None, packages_up_to=None, packages_up_to_regex=None, packages_above=None, packages_above_and_dependencies=None, packages_above_depth=None, packages_select_by_dep=None, packages_skip_by_dep=None, packages_skip_up_to=None, packages_select_build_failed=False, packages_skip_build_finished=False, packages_select_test_failures=False, packages_skip_test_passed=False, packages_select=['state_machine'], packages_skip=None, packages_select_regex=None, packages_skip_regex=None, packages_start=None, packages_end=None, allow_overriding=[], cmake_args=None, cmake_target=None, cmake_target_skip_unavailable=False, cmake_clean_cache=False, cmake_clean_first=False, cmake_force_configure=False, ament_cmake_args=None, catkin_cmake_args=None, catkin_skip_building_tests=False, verb_parser=<colcon_defaults.argument_parser.defaults.DefaultArgumentsDecorator object at 0x7f68d62b8e80>, verb_extension=<colcon_core.verb.build.BuildVerb object at 0x7f68d62b8100>, main=<bound method BuildVerb.main of <colcon_core.verb.build.BuildVerb object at 0x7f68d62b8100>>)
[2.279s] Level 1:colcon.colcon_core.package_discovery:discover_packages(colcon_meta) check parameters
[2.279s] Level 1:colcon.colcon_core.package_discovery:discover_packages(recursive) check parameters
[2.279s] Level 1:colcon.colcon_core.package_discovery:discover_packages(ignore) check parameters
[2.279s] Level 1:colcon.colcon_core.package_discovery:discover_packages(path) check parameters
[2.279s] Level 1:colcon.colcon_core.package_discovery:discover_packages(colcon_meta) discover
[2.280s] Level 1:colcon.colcon_core.package_discovery:discover_packages(recursive) discover
[2.280s] INFO:colcon.colcon_core.package_discovery:Crawling recursively for packages in '/home/loic/Desktop/Xcar_chidi/raspberryPI3/ros2_ws'
[2.280s] Level 1:colcon.colcon_core.package_identification:_identify(.) by extensions ['ignore', 'ignore_ament_install']
[2.280s] Level 1:colcon.colcon_core.package_identification:_identify(.) by extension 'ignore'
[2.280s] Level 1:colcon.colcon_core.package_identification:_identify(.) by extension 'ignore_ament_install'
[2.280s] Level 1:colcon.colcon_core.package_identification:_identify(.) by extensions ['colcon_pkg']
[2.280s] Level 1:colcon.colcon_core.package_identification:_identify(.) by extension 'colcon_pkg'
[2.280s] Level 1:colcon.colcon_core.package_identification:_identify(.) by extensions ['colcon_meta']
[2.281s] Level 1:colcon.colcon_core.package_identification:_identify(.) by extension 'colcon_meta'
[2.281s] Level 1:colcon.colcon_core.package_identification:_identify(.) by extensions ['ros']
[2.281s] Level 1:colcon.colcon_core.package_identification:_identify(.) by extension 'ros'
[2.310s] Level 1:colcon.colcon_core.package_identification:_identify(.) by extensions ['cmake', 'python']
[2.310s] Level 1:colcon.colcon_core.package_identification:_identify(.) by extension 'cmake'
[2.310s] Level 1:colcon.colcon_core.package_identification:_identify(.) by extension 'python'
[2.310s] Level 1:colcon.colcon_core.package_identification:_identify(.) by extensions ['python_setup_py']
[2.310s] Level 1:colcon.colcon_core.package_identification:_identify(.) by extension 'python_setup_py'
[2.311s] Level 1:colcon.colcon_core.package_identification:_identify(build) by extensions ['ignore', 'ignore_ament_install']
[2.311s] Level 1:colcon.colcon_core.package_identification:_identify(build) by extension 'ignore'
[2.311s] Level 1:colcon.colcon_core.package_identification:_identify(build) ignored
[2.311s] Level 1:colcon.colcon_core.package_identification:_identify(install) by extensions ['ignore', 'ignore_ament_install']
[2.311s] Level 1:colcon.colcon_core.package_identification:_identify(install) by extension 'ignore'
[2.311s] Level 1:colcon.colcon_core.package_identification:_identify(install) ignored
[2.312s] Level 1:colcon.colcon_core.package_identification:_identify(log) by extensions ['ignore', 'ignore_ament_install']
[2.312s] Level 1:colcon.colcon_core.package_identification:_identify(log) by extension 'ignore'
[2.312s] Level 1:colcon.colcon_core.package_identification:_identify(log) ignored
[2.312s] Level 1:colcon.colcon_core.package_identification:_identify(src) by extensions ['ignore', 'ignore_ament_install']
[2.312s] Level 1:colcon.colcon_core.package_identification:_identify(src) by extension 'ignore'
[2.312s] Level 1:colcon.colcon_core.package_identification:_identify(src) by extension 'ignore_ament_install'
[2.312s] Level 1:colcon.colcon_core.package_identification:_identify(src) by extensions ['colcon_pkg']
[2.312s] Level 1:colcon.colcon_core.package_identification:_identify(src) by extension 'colcon_pkg'
[2.312s] Level 1:colcon.colcon_core.package_identification:_identify(src) by extensions ['colcon_meta']
[2.312s] Level 1:colcon.colcon_core.package_identification:_identify(src) by extension 'colcon_meta'
[2.313s] Level 1:colcon.colcon_core.package_identification:_identify(src) by extensions ['ros']
[2.313s] Level 1:colcon.colcon_core.package_identification:_identify(src) by extension 'ros'
[2.313s] Level 1:colcon.colcon_core.package_identification:_identify(src) by extensions ['cmake', 'python']
[2.313s] Level 1:colcon.colcon_core.package_identification:_identify(src) by extension 'cmake'
[2.313s] Level 1:colcon.colcon_core.package_identification:_identify(src) by extension 'python'
[2.313s] Level 1:colcon.colcon_core.package_identification:_identify(src) by extensions ['python_setup_py']
[2.313s] Level 1:colcon.colcon_core.package_identification:_identify(src) by extension 'python_setup_py'
[2.313s] Level 1:colcon.colcon_core.package_identification:_identify(src/can) by extensions ['ignore', 'ignore_ament_install']
[2.313s] Level 1:colcon.colcon_core.package_identification:_identify(src/can) by extension 'ignore'
[2.313s] Level 1:colcon.colcon_core.package_identification:_identify(src/can) by extension 'ignore_ament_install'
[2.313s] Level 1:colcon.colcon_core.package_identification:_identify(src/can) by extensions ['colcon_pkg']
[2.314s] Level 1:colcon.colcon_core.package_identification:_identify(src/can) by extension 'colcon_pkg'
[2.314s] Level 1:colcon.colcon_core.package_identification:_identify(src/can) by extensions ['colcon_meta']
[2.314s] Level 1:colcon.colcon_core.package_identification:_identify(src/can) by extension 'colcon_meta'
[2.314s] Level 1:colcon.colcon_core.package_identification:_identify(src/can) by extensions ['ros']
[2.314s] Level 1:colcon.colcon_core.package_identification:_identify(src/can) by extension 'ros'
[2.319s] DEBUG:colcon.colcon_core.package_identification:Package 'src/can' with type 'ros.ament_cmake' and name 'can'
[2.320s] Level 1:colcon.colcon_core.package_identification:_identify(src/car_control) by extensions ['ignore', 'ignore_ament_install']
[2.320s] Level 1:colcon.colcon_core.package_identification:_identify(src/car_control) by extension 'ignore'
[2.320s] Level 1:colcon.colcon_core.package_identification:_identify(src/car_control) by extension 'ignore_ament_install'
[2.320s] Level 1:colcon.colcon_core.package_identification:_identify(src/car_control) by extensions ['colcon_pkg']
[2.320s] Level 1:colcon.colcon_core.package_identification:_identify(src/car_control) by extension 'colcon_pkg'
[2.320s] Level 1:colcon.colcon_core.package_identification:_identify(src/car_control) by extensions ['colcon_meta']
[2.321s] Level 1:colcon.colcon_core.package_identification:_identify(src/car_control) by extension 'colcon_meta'
[2.321s] Level 1:colcon.colcon_core.package_identification:_identify(src/car_control) by extensions ['ros']
[2.321s] Level 1:colcon.colcon_core.package_identification:_identify(src/car_control) by extension 'ros'
[2.323s] DEBUG:colcon.colcon_core.package_identification:Package 'src/car_control' with type 'ros.ament_cmake' and name 'car_control'
[2.323s] Level 1:colcon.colcon_core.package_identification:_identify(src/carla_msgs) by extensions ['ignore', 'ignore_ament_install']
[2.324s] Level 1:colcon.colcon_core.package_identification:_identify(src/carla_msgs) by extension 'ignore'
[2.324s] Level 1:colcon.colcon_core.package_identification:_identify(src/carla_msgs) by extension 'ignore_ament_install'
[2.324s] Level 1:colcon.colcon_core.package_identification:_identify(src/carla_msgs) by extensions ['colcon_pkg']
[2.324s] Level 1:colcon.colcon_core.package_identification:_identify(src/carla_msgs) by extension 'colcon_pkg'
[2.324s] Level 1:colcon.colcon_core.package_identification:_identify(src/carla_msgs) by extensions ['colcon_meta']
[2.324s] Level 1:colcon.colcon_core.package_identification:_identify(src/carla_msgs) by extension 'colcon_meta'
[2.324s] Level 1:colcon.colcon_core.package_identification:_identify(src/carla_msgs) by extensions ['ros']
[2.324s] Level 1:colcon.colcon_core.package_identification:_identify(src/carla_msgs) by extension 'ros'
[2.327s] DEBUG:colcon.colcon_core.package_identification:Package 'src/carla_msgs' with type 'ros.ament_cmake' and name 'carla_msgs'
[2.328s] Level 1:colcon.colcon_core.package_identification:_identify(src/geicar_start) by extensions ['ignore', 'ignore_ament_install']
[2.328s] Level 1:colcon.colcon_core.package_identification:_identify(src/geicar_start) by extension 'ignore'
[2.328s] Level 1:colcon.colcon_core.package_identification:_identify(src/geicar_start) by extension 'ignore_ament_install'
[2.328s] Level 1:colcon.colcon_core.package_identification:_identify(src/geicar_start) by extensions ['colcon_pkg']
[2.328s] Level 1:colcon.colcon_core.package_identification:_identify(src/geicar_start) by extension 'colcon_pkg'
[2.328s] Level 1:colcon.colcon_core.package_identification:_identify(src/geicar_start) by extensions ['colcon_meta']
[2.328s] Level 1:colcon.colcon_core.package_identification:_identify(src/geicar_start) by extension 'colcon_meta'
[2.328s] Level 1:colcon.colcon_core.package_identification:_identify(src/geicar_start) by extensions ['ros']
[2.328s] Level 1:colcon.colcon_core.package_identification:_identify(src/geicar_start) by extension 'ros'
[2.330s] DEBUG:colcon.colcon_core.package_identification:Package 'src/geicar_start' with type 'ros.ament_cmake' and name 'geicar_start'
[2.330s] Level 1:colcon.colcon_core.package_identification:_identify(src/imu_tools) by extensions ['ignore', 'ignore_ament_install']
[2.330s] Level 1:colcon.colcon_core.package_identification:_identify(src/imu_tools) by extension 'ignore'
[2.330s] Level 1:colcon.colcon_core.package_identification:_identify(src/imu_tools) by extension 'ignore_ament_install'
[2.330s] Level 1:colcon.colcon_core.package_identification:_identify(src/imu_tools) by extensions ['colcon_pkg']
[2.330s] Level 1:colcon.colcon_core.package_identification:_identify(src/imu_tools) by extension 'colcon_pkg'
[2.330s] Level 1:colcon.colcon_core.package_identification:_identify(src/imu_tools) by extensions ['colcon_meta']
[2.330s] Level 1:colcon.colcon_core.package_identification:_identify(src/imu_tools) by extension 'colcon_meta'
[2.331s] Level 1:colcon.colcon_core.package_identification:_identify(src/imu_tools) by extensions ['ros']
[2.331s] Level 1:colcon.colcon_core.package_identification:_identify(src/imu_tools) by extension 'ros'
[2.331s] Level 1:colcon.colcon_core.package_identification:_identify(src/imu_tools) by extensions ['cmake', 'python']
[2.331s] Level 1:colcon.colcon_core.package_identification:_identify(src/imu_tools) by extension 'cmake'
[2.331s] Level 1:colcon.colcon_core.package_identification:_identify(src/imu_tools) by extension 'python'
[2.331s] Level 1:colcon.colcon_core.package_identification:_identify(src/imu_tools) by extensions ['python_setup_py']
[2.331s] Level 1:colcon.colcon_core.package_identification:_identify(src/imu_tools) by extension 'python_setup_py'
[2.331s] Level 1:colcon.colcon_core.package_identification:_identify(src/imu_tools/imu_complementary_filter) by extensions ['ignore', 'ignore_ament_install']
[2.331s] Level 1:colcon.colcon_core.package_identification:_identify(src/imu_tools/imu_complementary_filter) by extension 'ignore'
[2.331s] Level 1:colcon.colcon_core.package_identification:_identify(src/imu_tools/imu_complementary_filter) by extension 'ignore_ament_install'
[2.332s] Level 1:colcon.colcon_core.package_identification:_identify(src/imu_tools/imu_complementary_filter) by extensions ['colcon_pkg']
[2.332s] Level 1:colcon.colcon_core.package_identification:_identify(src/imu_tools/imu_complementary_filter) by extension 'colcon_pkg'
[2.332s] Level 1:colcon.colcon_core.package_identification:_identify(src/imu_tools/imu_complementary_filter) by extensions ['colcon_meta']
[2.332s] Level 1:colcon.colcon_core.package_identification:_identify(src/imu_tools/imu_complementary_filter) by extension 'colcon_meta'
[2.332s] Level 1:colcon.colcon_core.package_identification:_identify(src/imu_tools/imu_complementary_filter) by extensions ['ros']
[2.332s] Level 1:colcon.colcon_core.package_identification:_identify(src/imu_tools/imu_complementary_filter) by extension 'ros'
[2.333s] DEBUG:colcon.colcon_core.package_identification:Package 'src/imu_tools/imu_complementary_filter' with type 'ros.ament_cmake' and name 'imu_complementary_filter'
[2.333s] Level 1:colcon.colcon_core.package_identification:_identify(src/imu_tools/imu_filter_madgwick) by extensions ['ignore', 'ignore_ament_install']
[2.333s] Level 1:colcon.colcon_core.package_identification:_identify(src/imu_tools/imu_filter_madgwick) by extension 'ignore'
[2.333s] Level 1:colcon.colcon_core.package_identification:_identify(src/imu_tools/imu_filter_madgwick) by extension 'ignore_ament_install'
[2.333s] Level 1:colcon.colcon_core.package_identification:_identify(src/imu_tools/imu_filter_madgwick) by extensions ['colcon_pkg']
[2.333s] Level 1:colcon.colcon_core.package_identification:_identify(src/imu_tools/imu_filter_madgwick) by extension 'colcon_pkg'
[2.334s] Level 1:colcon.colcon_core.package_identification:_identify(src/imu_tools/imu_filter_madgwick) by extensions ['colcon_meta']
[2.334s] Level 1:colcon.colcon_core.package_identification:_identify(src/imu_tools/imu_filter_madgwick) by extension 'colcon_meta'
[2.334s] Level 1:colcon.colcon_core.package_identification:_identify(src/imu_tools/imu_filter_madgwick) by extensions ['ros']
[2.334s] Level 1:colcon.colcon_core.package_identification:_identify(src/imu_tools/imu_filter_madgwick) by extension 'ros'
[2.336s] DEBUG:colcon.colcon_core.package_identification:Package 'src/imu_tools/imu_filter_madgwick' with type 'ros.ament_cmake' and name 'imu_filter_madgwick'
[2.336s] Level 1:colcon.colcon_core.package_identification:_identify(src/imu_tools/imu_tools) by extensions ['ignore', 'ignore_ament_install']
[2.336s] Level 1:colcon.colcon_core.package_identification:_identify(src/imu_tools/imu_tools) by extension 'ignore'
[2.336s] Level 1:colcon.colcon_core.package_identification:_identify(src/imu_tools/imu_tools) by extension 'ignore_ament_install'
[2.336s] Level 1:colcon.colcon_core.package_identification:_identify(src/imu_tools/imu_tools) by extensions ['colcon_pkg']
[2.336s] Level 1:colcon.colcon_core.package_identification:_identify(src/imu_tools/imu_tools) by extension 'colcon_pkg'
[2.336s] Level 1:colcon.colcon_core.package_identification:_identify(src/imu_tools/imu_tools) by extensions ['colcon_meta']
[2.336s] Level 1:colcon.colcon_core.package_identification:_identify(src/imu_tools/imu_tools) by extension 'colcon_meta'
[2.337s] Level 1:colcon.colcon_core.package_identification:_identify(src/imu_tools/imu_tools) by extensions ['ros']
[2.337s] Level 1:colcon.colcon_core.package_identification:_identify(src/imu_tools/imu_tools) by extension 'ros'
[2.338s] DEBUG:colcon.colcon_core.package_identification:Package 'src/imu_tools/imu_tools' with type 'ros.ament_cmake' and name 'imu_tools'
[2.338s] Level 1:colcon.colcon_core.package_identification:_identify(src/imu_tools/rviz_imu_plugin) by extensions ['ignore', 'ignore_ament_install']
[2.338s] Level 1:colcon.colcon_core.package_identification:_identify(src/imu_tools/rviz_imu_plugin) by extension 'ignore'
[2.338s] Level 1:colcon.colcon_core.package_identification:_identify(src/imu_tools/rviz_imu_plugin) by extension 'ignore_ament_install'
[2.338s] Level 1:colcon.colcon_core.package_identification:_identify(src/imu_tools/rviz_imu_plugin) by extensions ['colcon_pkg']
[2.339s] Level 1:colcon.colcon_core.package_identification:_identify(src/imu_tools/rviz_imu_plugin) by extension 'colcon_pkg'
[2.339s] Level 1:colcon.colcon_core.package_identification:_identify(src/imu_tools/rviz_imu_plugin) by extensions ['colcon_meta']
[2.339s] Level 1:colcon.colcon_core.package_identification:_identify(src/imu_tools/rviz_imu_plugin) by extension 'colcon_meta'
[2.339s] Level 1:colcon.colcon_core.package_identification:_identify(src/imu_tools/rviz_imu_plugin) by extensions ['ros']
[2.339s] Level 1:colcon.colcon_core.package_identification:_identify(src/imu_tools/rviz_imu_plugin) by extension 'ros'
[2.342s] DEBUG:colcon.colcon_core.package_identification:Package 'src/imu_tools/rviz_imu_plugin' with type 'ros.ament_cmake' and name 'rviz_imu_plugin'
[2.342s] Level 1:colcon.colcon_core.package_identification:_identify(src/interfaces) by extensions ['ignore', 'ignore_ament_install']
[2.343s] Level 1:colcon.colcon_core.package_identification:_identify(src/interfaces) by extension 'ignore'
[2.343s] Level 1:colcon.colcon_core.package_identification:_identify(src/interfaces) by extension 'ignore_ament_install'
[2.343s] Level 1:colcon.colcon_core.package_identification:_identify(src/interfaces) by extensions ['colcon_pkg']
[2.343s] Level 1:colcon.colcon_core.package_identification:_identify(src/interfaces) by extension 'colcon_pkg'
[2.343s] Level 1:colcon.colcon_core.package_identification:_identify(src/interfaces) by extensions ['colcon_meta']
[2.343s] Level 1:colcon.colcon_core.package_identification:_identify(src/interfaces) by extension 'colcon_meta'
[2.343s] Level 1:colcon.colcon_core.package_identification:_identify(src/interfaces) by extensions ['ros']
[2.343s] Level 1:colcon.colcon_core.package_identification:_identify(src/interfaces) by extension 'ros'
[2.345s] DEBUG:colcon.colcon_core.package_identification:Package 'src/interfaces' with type 'ros.ament_cmake' and name 'interfaces'
[2.345s] Level 1:colcon.colcon_core.package_identification:_identify(src/joystick) by extensions ['ignore', 'ignore_ament_install']
[2.345s] Level 1:colcon.colcon_core.package_identification:_identify(src/joystick) by extension 'ignore'
[2.345s] Level 1:colcon.colcon_core.package_identification:_identify(src/joystick) by extension 'ignore_ament_install'
[2.345s] Level 1:colcon.colcon_core.package_identification:_identify(src/joystick) by extensions ['colcon_pkg']
[2.345s] Level 1:colcon.colcon_core.package_identification:_identify(src/joystick) by extension 'colcon_pkg'
[2.345s] Level 1:colcon.colcon_core.package_identification:_identify(src/joystick) by extensions ['colcon_meta']
[2.345s] Level 1:colcon.colcon_core.package_identification:_identify(src/joystick) by extension 'colcon_meta'
[2.345s] Level 1:colcon.colcon_core.package_identification:_identify(src/joystick) by extensions ['ros']
[2.345s] Level 1:colcon.colcon_core.package_identification:_identify(src/joystick) by extension 'ros'
[2.347s] DEBUG:colcon.colcon_core.package_identification:Package 'src/joystick' with type 'ros.ament_cmake' and name 'joystick'
[2.347s] Level 1:colcon.colcon_core.package_identification:_identify(src/simulation) by extensions ['ignore', 'ignore_ament_install']
[2.347s] Level 1:colcon.colcon_core.package_identification:_identify(src/simulation) by extension 'ignore'
[2.347s] Level 1:colcon.colcon_core.package_identification:_identify(src/simulation) by extension 'ignore_ament_install'
[2.347s] Level 1:colcon.colcon_core.package_identification:_identify(src/simulation) by extensions ['colcon_pkg']
[2.347s] Level 1:colcon.colcon_core.package_identification:_identify(src/simulation) by extension 'colcon_pkg'
[2.347s] Level 1:colcon.colcon_core.package_identification:_identify(src/simulation) by extensions ['colcon_meta']
[2.347s] Level 1:colcon.colcon_core.package_identification:_identify(src/simulation) by extension 'colcon_meta'
[2.347s] Level 1:colcon.colcon_core.package_identification:_identify(src/simulation) by extensions ['ros']
[2.348s] Level 1:colcon.colcon_core.package_identification:_identify(src/simulation) by extension 'ros'
[2.349s] DEBUG:colcon.colcon_core.package_identification:Package 'src/simulation' with type 'ros.ament_cmake' and name 'simulation'
[2.349s] Level 1:colcon.colcon_core.package_identification:_identify(src/state_machine) by extensions ['ignore', 'ignore_ament_install']
[2.349s] Level 1:colcon.colcon_core.package_identification:_identify(src/state_machine) by extension 'ignore'
[2.349s] Level 1:colcon.colcon_core.package_identification:_identify(src/state_machine) by extension 'ignore_ament_install'
[2.349s] Level 1:colcon.colcon_core.package_identification:_identify(src/state_machine) by extensions ['colcon_pkg']
[2.349s] Level 1:colcon.colcon_core.package_identification:_identify(src/state_machine) by extension 'colcon_pkg'
[2.349s] Level 1:colcon.colcon_core.package_identification:_identify(src/state_machine) by extensions ['colcon_meta']
[2.349s] Level 1:colcon.colcon_core.package_identification:_identify(src/state_machine) by extension 'colcon_meta'
[2.349s] Level 1:colcon.colcon_core.package_identification:_identify(src/state_machine) by extensions ['ros']
[2.349s] Level 1:colcon.colcon_core.package_identification:_identify(src/state_machine) by extension 'ros'
[2.350s] DEBUG:colcon.colcon_core.package_identification:Package 'src/state_machine' with type 'ros.ament_cmake' and name 'state_machine'
[2.350s] Level 1:colcon.colcon_core.package_identification:_identify(src/system_check) by extensions ['ignore', 'ignore_ament_install']
[2.350s] Level 1:colcon.colcon_core.package_identification:_identify(src/system_check) by extension 'ignore'
[2.350s] Level 1:colcon.colcon_core.package_identification:_identify(src/system_check) by extension 'ignore_ament_install'
[2.351s] Level 1:colcon.colcon_core.package_identification:_identify(src/system_check) by extensions ['colcon_pkg']
[2.351s] Level 1:colcon.colcon_core.package_identification:_identify(src/system_check) by extension 'colcon_pkg'
[2.351s] Level 1:colcon.colcon_core.package_identification:_identify(src/system_check) by extensions ['colcon_meta']
[2.351s] Level 1:colcon.colcon_core.package_identification:_identify(src/system_check) by extension 'colcon_meta'
[2.351s] Level 1:colcon.colcon_core.package_identification:_identify(src/system_check) by extensions ['ros']
[2.351s] Level 1:colcon.colcon_core.package_identification:_identify(src/system_check) by extension 'ros'
[2.352s] DEBUG:colcon.colcon_core.package_identification:Package 'src/system_check' with type 'ros.ament_cmake' and name 'system_check'
[2.352s] Level 1:colcon.colcon_core.package_discovery:discover_packages(recursive) using defaults
[2.352s] Level 1:colcon.colcon_core.package_discovery:discover_packages(ignore) discover
[2.352s] Level 1:colcon.colcon_core.package_discovery:discover_packages(ignore) using defaults
[2.352s] Level 1:colcon.colcon_core.package_discovery:discover_packages(path) discover
[2.352s] Level 1:colcon.colcon_core.package_discovery:discover_packages(path) using defaults
[2.485s] INFO:colcon.colcon_core.package_selection:Skipping not selected package 'carla_msgs' in 'src/carla_msgs'
[2.486s] INFO:colcon.colcon_core.package_selection:Skipping not selected package 'imu_complementary_filter' in 'src/imu_tools/imu_complementary_filter'
[2.486s] INFO:colcon.colcon_core.package_selection:Skipping not selected package 'imu_filter_madgwick' in 'src/imu_tools/imu_filter_madgwick'
[2.486s] INFO:colcon.colcon_core.package_selection:Skipping not selected package 'interfaces' in 'src/interfaces'
[2.486s] INFO:colcon.colcon_core.package_selection:Skipping not selected package 'rviz_imu_plugin' in 'src/imu_tools/rviz_imu_plugin'
[2.486s] INFO:colcon.colcon_core.package_selection:Skipping not selected package 'can' in 'src/can'
[2.486s] INFO:colcon.colcon_core.package_selection:Skipping not selected package 'car_control' in 'src/car_control'
[2.486s] INFO:colcon.colcon_core.package_selection:Skipping not selected package 'imu_tools' in 'src/imu_tools/imu_tools'
[2.486s] INFO:colcon.colcon_core.package_selection:Skipping not selected package 'joystick' in 'src/joystick'
[2.486s] INFO:colcon.colcon_core.package_selection:Skipping not selected package 'simulation' in 'src/simulation'
[2.486s] INFO:colcon.colcon_core.package_selection:Skipping not selected package 'system_check' in 'src/system_check'
[2.486s] INFO:colcon.colcon_core.package_selection:Skipping not selected package 'geicar_start' in 'src/geicar_start'
[2.542s] Level 1:colcon.colcon_core.package_discovery:discover_packages(prefix_path) check parameters
[2.542s] Level 1:colcon.colcon_core.package_discovery:discover_packages(prefix_path) discover
[2.617s] DEBUG:colcon.colcon_installed_package_information.package_discovery:Found 270 installed packages in /opt/ros/humble
[2.620s] Level 1:colcon.colcon_core.package_discovery:discover_packages(prefix_path) using defaults
[2.839s] Level 5:colcon.colcon_core.verb:set package 'state_machine' build argument 'cmake_args' from command line to 'None'
[2.839s] Level 5:colcon.colcon_core.verb:set package 'state_machine' build argument 'cmake_target' from command line to 'None'
[2.839s] Level 5:colcon.colcon_core.verb:set package 'state_machine' build argument 'cmake_target_skip_unavailable' from command line to 'False'
[2.840s] Level 5:colcon.colcon_core.verb:set package 'state_machine' build argument 'cmake_clean_cache' from command line to 'False'
[2.840s] Level 5:colcon.colcon_core.verb:set package 'state_machine' build argument 'cmake_clean_first' from command line to 'False'
[2.840s] Level 5:colcon.colcon_core.verb:set package 'state_machine' build argument 'cmake_force_configure' from command line to 'False'
[2.840s] Level 5:colcon.colcon_core.verb:set package 'state_machine' build argument 'ament_cmake_args' from command line to 'None'
[2.840s] Level 5:colcon.colcon_core.verb:set package 'state_machine' build argument 'catkin_cmake_args' from command line to 'None'
[2.840s] Level 5:colcon.colcon_core.verb:set package 'state_machine' build argument 'catkin_skip_building_tests' from command line to 'False'
[2.840s] DEBUG:colcon.colcon_core.verb:Building package 'state_machine' with the following arguments: {'ament_cmake_args': None, 'build_base': '/home/loic/Desktop/Xcar_chidi/raspberryPI3/ros2_ws/build/state_machine', 'catkin_cmake_args': None, 'catkin_skip_building_tests': False, 'cmake_args': None, 'cmake_clean_cache': False, 'cmake_clean_first': False, 'cmake_force_configure': False, 'cmake_target': None, 'cmake_target_skip_unavailable': False, 'install_base': '/home/loic/Desktop/Xcar_chidi/raspberryPI3/ros2_ws/install/state_machine', 'merge_install': False, 'path': '/home/loic/Desktop/Xcar_chidi/raspberryPI3/ros2_ws/src/state_machine', 'symlink_install': False, 'test_result_base': None}
[2.871s] INFO:colcon.colcon_core.executor:Executing jobs using 'parallel' executor
[2.907s] DEBUG:colcon.colcon_parallel_executor.executor.parallel:run_until_complete
[2.908s] INFO:colcon.colcon_ros.task.ament_cmake.build:Building ROS package in '/home/loic/Desktop/Xcar_chidi/raspberryPI3/ros2_ws/src/state_machine' with build type 'ament_cmake'
[2.909s] INFO:colcon.colcon_cmake.task.cmake.build:Building CMake package in '/home/loic/Desktop/Xcar_chidi/raspberryPI3/ros2_ws/src/state_machine'
[2.964s] INFO:colcon.colcon_core.plugin_system:Skipping extension 'colcon_core.shell.bat': Not used on non-Windows systems
[2.964s] INFO:colcon.colcon_core.shell:Skip shell extension 'powershell' for command environment: Not usable outside of PowerShell
[2.964s] DEBUG:colcon.colcon_core.shell:Skip shell extension 'dsv' for command environment
[3.046s] DEBUG:colcon.colcon_core.event_handler.log_command:Invoking command in '/home/loic/Desktop/Xcar_chidi/raspberryPI3/ros2_ws/build/state_machine': CMAKE_PREFIX_PATH=/opt/ros/humble /usr/bin/cmake --build /home/loic/Desktop/Xcar_chidi/raspberryPI3/ros2_ws/build/state_machine -- -j8 -l8
[13.960s] DEBUG:colcon.colcon_core.event_handler.log_command:Invoked command in '/home/loic/Desktop/Xcar_chidi/raspberryPI3/ros2_ws/build/state_machine' returned '2': CMAKE_PREFIX_PATH=/opt/ros/humble /usr/bin/cmake --build /home/loic/Desktop/Xcar_chidi/raspberryPI3/ros2_ws/build/state_machine -- -j8 -l8
[14.048s] Level 1:colcon.colcon_core.environment:create_environment_scripts_only(state_machine)
[14.101s] Level 1:colcon.colcon_core.environment:checking '/home/loic/Desktop/Xcar_chidi/raspberryPI3/ros2_ws/install/state_machine' for CMake module files
[14.102s] Level 1:colcon.colcon_core.environment:checking '/home/loic/Desktop/Xcar_chidi/raspberryPI3/ros2_ws/install/state_machine' for CMake config files
[14.103s] Level 1:colcon.colcon_core.shell:create_environment_hook('state_machine', 'cmake_prefix_path')
[14.132s] INFO:colcon.colcon_core.shell:Creating environment hook '/home/loic/Desktop/Xcar_chidi/raspberryPI3/ros2_ws/install/state_machine/share/state_machine/hook/cmake_prefix_path.ps1'
[14.133s] INFO:colcon.colcon_core.shell:Creating environment descriptor '/home/loic/Desktop/Xcar_chidi/raspberryPI3/ros2_ws/install/state_machine/share/state_machine/hook/cmake_prefix_path.dsv'
[14.134s] INFO:colcon.colcon_core.shell:Creating environment hook '/home/loic/Desktop/Xcar_chidi/raspberryPI3/ros2_ws/install/state_machine/share/state_machine/hook/cmake_prefix_path.sh'
[14.136s] Level 1:colcon.colcon_core.environment:checking '/home/loic/Desktop/Xcar_chidi/raspberryPI3/ros2_ws/install/state_machine/lib'
[14.137s] Level 1:colcon.colcon_core.environment:checking '/home/loic/Desktop/Xcar_chidi/raspberryPI3/ros2_ws/install/state_machine/bin'
[14.137s] Level 1:colcon.colcon_core.environment:checking '/home/loic/Desktop/Xcar_chidi/raspberryPI3/ros2_ws/install/state_machine/lib/pkgconfig/state_machine.pc'
[14.138s] Level 1:colcon.colcon_core.environment:checking '/home/loic/Desktop/Xcar_chidi/raspberryPI3/ros2_ws/install/state_machine/lib/python3.10/site-packages'
[14.139s] Level 1:colcon.colcon_core.environment:checking '/home/loic/Desktop/Xcar_chidi/raspberryPI3/ros2_ws/install/state_machine/bin'
[14.166s] INFO:colcon.colcon_core.shell:Creating package script '/home/loic/Desktop/Xcar_chidi/raspberryPI3/ros2_ws/install/state_machine/share/state_machine/package.ps1'
[14.168s] INFO:colcon.colcon_core.shell:Creating package descriptor '/home/loic/Desktop/Xcar_chidi/raspberryPI3/ros2_ws/install/state_machine/share/state_machine/package.dsv'
[14.170s] INFO:colcon.colcon_core.shell:Creating package script '/home/loic/Desktop/Xcar_chidi/raspberryPI3/ros2_ws/install/state_machine/share/state_machine/package.sh'
[14.172s] INFO:colcon.colcon_core.shell:Creating package script '/home/loic/Desktop/Xcar_chidi/raspberryPI3/ros2_ws/install/state_machine/share/state_machine/package.bash'
[14.174s] INFO:colcon.colcon_core.shell:Creating package script '/home/loic/Desktop/Xcar_chidi/raspberryPI3/ros2_ws/install/state_machine/share/state_machine/package.zsh'
[14.176s] Level 1:colcon.colcon_core.environment:create_file_with_runtime_dependencies(/home/loic/Desktop/Xcar_chidi/raspberryPI3/ros2_ws/install/state_machine/share/colcon-core/packages/state_machine)
[14.187s] DEBUG:colcon.colcon_parallel_executor.executor.parallel:closing loop
[14.187s] DEBUG:colcon.colcon_parallel_executor.executor.parallel:loop closed
[14.187s] DEBUG:colcon.colcon_parallel_executor.executor.parallel:run_until_complete finished with '2'
[14.187s] DEBUG:colcon.colcon_core.event_reactor:joining thread
[14.232s] INFO:colcon.colcon_core.plugin_system:Skipping extension 'colcon_notification.desktop_notification.terminal_notifier': Not used on non-Darwin systems
[14.232s] INFO:colcon.colcon_core.plugin_system:Skipping extension 'colcon_notification.desktop_notification.win32': Not used on non-Windows systems
[14.232s] INFO:colcon.colcon_notification.desktop_notification:Sending desktop notification using 'notify2'
[14.265s] DEBUG:colcon.colcon_core.event_reactor:joined thread
[14.300s] INFO:colcon.colcon_core.shell:Creating prefix script '/home/loic/Desktop/Xcar_chidi/raspberryPI3/ros2_ws/install/local_setup.ps1'
[14.302s] INFO:colcon.colcon_core.shell:Creating prefix util module '/home/loic/Desktop/Xcar_chidi/raspberryPI3/ros2_ws/install/_local_setup_util_ps1.py'
[14.304s] INFO:colcon.colcon_core.shell:Creating prefix chain script '/home/loic/Desktop/Xcar_chidi/raspberryPI3/ros2_ws/install/setup.ps1'
[14.337s] INFO:colcon.colcon_core.shell:Creating prefix script '/home/loic/Desktop/Xcar_chidi/raspberryPI3/ros2_ws/install/local_setup.sh'
[14.338s] INFO:colcon.colcon_core.shell:Creating prefix util module '/home/loic/Desktop/Xcar_chidi/raspberryPI3/ros2_ws/install/_local_setup_util_sh.py'
[14.339s] INFO:colcon.colcon_core.shell:Creating prefix chain script '/home/loic/Desktop/Xcar_chidi/raspberryPI3/ros2_ws/install/setup.sh'
[14.372s] INFO:colcon.colcon_core.shell:Creating prefix script '/home/loic/Desktop/Xcar_chidi/raspberryPI3/ros2_ws/install/local_setup.bash'
[14.374s] INFO:colcon.colcon_core.shell:Creating prefix chain script '/home/loic/Desktop/Xcar_chidi/raspberryPI3/ros2_ws/install/setup.bash'
[14.406s] INFO:colcon.colcon_core.shell:Creating prefix script '/home/loic/Desktop/Xcar_chidi/raspberryPI3/ros2_ws/install/local_setup.zsh'
[14.408s] INFO:colcon.colcon_core.shell:Creating prefix chain script '/home/loic/Desktop/Xcar_chidi/raspberryPI3/ros2_ws/install/setup.zsh'
