[0.640s] Invoking command in '/root/Xcar_chidi/jetsonNano/ros2_ws/build/rplidar_ros': CMAKE_PREFIX_PATH=/opt/ros/humble /usr/bin/cmake /root/Xcar_chidi/jetsonNano/ros2_ws/src/rplidar_ros2 -DCMAKE_INSTALL_PREFIX=/root/Xcar_chidi/jetsonNano/ros2_ws/install/rplidar_ros
[1.704s] -- The C compiler identification is GNU 11.4.0
[2.214s] -- The CXX compiler identification is GNU 11.4.0
[2.260s] -- Detecting C compiler ABI info
[2.589s] -- Detecting C compiler ABI info - done
[2.665s] -- Check for working C compiler: /usr/bin/cc - skipped
[2.666s] -- Detecting C compile features
[2.666s] -- Detecting C compile features - done
[2.683s] -- Detecting CXX compiler ABI info
[3.094s] -- Detecting CXX compiler ABI info - done
[3.168s] -- Check for working CXX compiler: /usr/bin/c++ - skipped
[3.175s] -- Detecting CXX compile features
[3.178s] -- Detecting CXX compile features - done
[3.200s] -- Found ament_cmake_auto: 1.3.5 (/opt/ros/humble/share/ament_cmake_auto/cmake)
[4.009s] -- Found Python3: /usr/bin/python3.10 (found version "3.10.12") found components: Interpreter 
[4.589s] -- Found ament_cmake_ros: 0.10.0 (/opt/ros/humble/share/ament_cmake_ros/cmake)
[5.236s] -- Found rosidl_generator_c: 3.1.5 (/opt/ros/humble/share/rosidl_generator_c/cmake)
[5.271s] -- Found rosidl_adapter: 3.1.5 (/opt/ros/humble/share/rosidl_adapter/cmake)
[5.316s] -- Found rosidl_generator_cpp: 3.1.5 (/opt/ros/humble/share/rosidl_generator_cpp/cmake)
[5.393s] -- Using all available rosidl_typesupport_c: rosidl_typesupport_fastrtps_c;rosidl_typesupport_introspection_c
[5.499s] -- Using all available rosidl_typesupport_cpp: rosidl_typesupport_fastrtps_cpp;rosidl_typesupport_introspection_cpp
[5.867s] -- Found rmw_implementation_cmake: 6.1.1 (/opt/ros/humble/share/rmw_implementation_cmake/cmake)
[5.882s] -- Found rmw_fastrtps_cpp: 6.2.4 (/opt/ros/humble/share/rmw_fastrtps_cpp/cmake)
[6.394s] -- Found OpenSSL: /usr/lib/aarch64-linux-gnu/libcrypto.so (found version "3.0.2")  
[6.597s] -- Found FastRTPS: /opt/ros/humble/include  
[6.914s] -- Using RMW implementation 'rmw_fastrtps_cpp' as default
[6.984s] -- Looking for pthread.h
[7.274s] -- Looking for pthread.h - found
[7.275s] -- Performing Test CMAKE_HAVE_LIBC_PTHREAD
[7.601s] -- Performing Test CMAKE_HAVE_LIBC_PTHREAD - Success
[7.602s] -- Found Threads: TRUE  
[9.639s] -- Configuring done
[9.716s] -- Generating done
[9.727s] -- Build files have been written to: /root/Xcar_chidi/jetsonNano/ros2_ws/build/rplidar_ros
[9.768s] Invoked command in '/root/Xcar_chidi/jetsonNano/ros2_ws/build/rplidar_ros' returned '0': CMAKE_PREFIX_PATH=/opt/ros/humble /usr/bin/cmake /root/Xcar_chidi/jetsonNano/ros2_ws/src/rplidar_ros2 -DCMAKE_INSTALL_PREFIX=/root/Xcar_chidi/jetsonNano/ros2_ws/install/rplidar_ros
[9.775s] Invoking command in '/root/Xcar_chidi/jetsonNano/ros2_ws/build/rplidar_ros': CMAKE_PREFIX_PATH=/opt/ros/humble /usr/bin/cmake --build /root/Xcar_chidi/jetsonNano/ros2_ws/build/rplidar_ros -- -j4 -l4
[9.947s] [ 11%] [32mBuilding CXX object CMakeFiles/rplidar_composition_node.dir/src/rplidar_node.cpp.o[0m
[9.955s] [ 22%] [32mBuilding CXX object CMakeFiles/rplidar_composition_node.dir/sdk/src/arch/linux/net_serial.cpp.o[0m
[9.986s] [ 33%] [32mBuilding CXX object CMakeFiles/rplidar_composition_node.dir/sdk/src/arch/linux/net_socket.cpp.o[0m
[9.989s] [ 44%] [32mBuilding CXX object CMakeFiles/rplidar_composition_node.dir/sdk/src/arch/linux/timer.cpp.o[0m
[12.597s] In file included from [01m[K/root/Xcar_chidi/jetsonNano/ros2_ws/src/rplidar_ros2/src/rplidar_node.cpp:36[m[K:
[12.598s] [01m[K/root/Xcar_chidi/jetsonNano/ros2_ws/src/rplidar_ros2/include/rplidar_node.hpp:50:[m[K [01;35m[Kwarning: [m[K"M_PI" redefined
[12.598s]    50 | #define M_PI 3.1415926535897932384626433832795
[12.599s]       | 
[12.599s] In file included from [01m[K/usr/include/c++/11/cmath:45[m[K,
[12.600s]                  from [01m[K/opt/ros/humble/include/libstatistics_collector/libstatistics_collector/moving_average_statistics/types.hpp:18[m[K,
[12.600s]                  from [01m[K/opt/ros/humble/include/libstatistics_collector/libstatistics_collector/collector/generate_statistics_message.hpp:24[m[K,
[12.600s]                  from [01m[K/opt/ros/humble/include/rclcpp/rclcpp/topic_statistics/subscription_topic_statistics.hpp:23[m[K,
[12.601s]                  from [01m[K/opt/ros/humble/include/rclcpp/rclcpp/subscription.hpp:50[m[K,
[12.601s]                  from [01m[K/opt/ros/humble/include/rclcpp/rclcpp/any_executable.hpp:25[m[K,
[12.602s]                  from [01m[K/opt/ros/humble/include/rclcpp/rclcpp/memory_strategy.hpp:25[m[K,
[12.602s]                  from [01m[K/opt/ros/humble/include/rclcpp/rclcpp/memory_strategies.hpp:18[m[K,
[12.603s]                  from [01m[K/opt/ros/humble/include/rclcpp/rclcpp/executor_options.hpp:20[m[K,
[12.603s]                  from [01m[K/opt/ros/humble/include/rclcpp/rclcpp/executor.hpp:37[m[K,
[12.604s]                  from [01m[K/opt/ros/humble/include/rclcpp/rclcpp/executors/multi_threaded_executor.hpp:25[m[K,
[12.604s]                  from [01m[K/opt/ros/humble/include/rclcpp/rclcpp/executors.hpp:21[m[K,
[12.606s]                  from [01m[K/opt/ros/humble/include/rclcpp/rclcpp/rclcpp.hpp:155[m[K,
[12.607s]                  from [01m[K/root/Xcar_chidi/jetsonNano/ros2_ws/src/rplidar_ros2/include/rplidar_node.hpp:34[m[K,
[12.607s]                  from [01m[K/root/Xcar_chidi/jetsonNano/ros2_ws/src/rplidar_ros2/src/rplidar_node.cpp:36[m[K:
[12.607s] [01m[K/usr/include/math.h:1151:[m[K [01;36m[Knote: [m[Kthis is the location of the previous definition
[12.608s]  1151 | # define M_PI           3.14159265358979323846  /* pi */
[12.608s]       | 
[13.034s] In file included from [01m[K/root/Xcar_chidi/jetsonNano/ros2_ws/src/rplidar_ros2/./sdk/include/rplidar.h:39[m[K,
[13.034s]                  from [01m[K/root/Xcar_chidi/jetsonNano/ros2_ws/src/rplidar_ros2/./sdk/src/sdkcommon.h:48[m[K,
[13.035s]                  from [01m[K/root/Xcar_chidi/jetsonNano/ros2_ws/src/rplidar_ros2/sdk/src/arch/linux/net_socket.cpp:10[m[K:
[13.035s] [01m[K/root/Xcar_chidi/jetsonNano/ros2_ws/src/rplidar_ros2/./sdk/include/rplidar_protocol.h:59:14:[m[K [01;35m[Kwarning: [m[KISO C++ forbids zero-size array ‘[01m[Kdata[m[K’ [[01;35m[K-Wpedantic[m[K]
[13.035s]    59 |     _u8 data[[01;35m[K0[m[K];
[13.036s]       |              [01;35m[K^[m[K
[13.038s] In file included from [01m[K/root/Xcar_chidi/jetsonNano/ros2_ws/src/rplidar_ros2/./sdk/include/rplidar.h:40[m[K,
[13.039s]                  from [01m[K/root/Xcar_chidi/jetsonNano/ros2_ws/src/rplidar_ros2/./sdk/src/sdkcommon.h:48[m[K,
[13.039s]                  from [01m[K/root/Xcar_chidi/jetsonNano/ros2_ws/src/rplidar_ros2/sdk/src/arch/linux/net_socket.cpp:10[m[K:
[13.039s] [01m[K/root/Xcar_chidi/jetsonNano/ros2_ws/src/rplidar_ros2/./sdk/include/rplidar_cmd.h:260:18:[m[K [01;35m[Kwarning: [m[KISO C++ forbids zero-size array ‘[01m[Kpayload[m[K’ [[01;35m[K-Wpedantic[m[K]
[13.040s]   260 |     _u8  payload[[01;35m[K0[m[K];
[13.040s]       |                  [01;35m[K^[m[K
[13.090s] [01m[K/root/Xcar_chidi/jetsonNano/ros2_ws/src/rplidar_ros2/sdk/src/arch/linux/net_socket.cpp:[m[K In member function ‘[01m[Kvirtual u_result rp::arch::net::StreamSocketImpl::send(const void*, size_t)[m[K’:
[13.091s] [01m[K/root/Xcar_chidi/jetsonNano/ros2_ws/src/rplidar_ros2/sdk/src/arch/linux/net_socket.cpp:438:17:[m[K [01;35m[Kwarning: [m[Kcomparison of integer expressions of different signedness: ‘[01m[Ksize_t[m[K’ {aka ‘[01m[Klong unsigned int[m[K’} and ‘[01m[Kint[m[K’ [[01;35m[K-Wsign-compare[m[K]
[13.092s]   438 |         if ([01;35m[Kans == (int)len[m[K) {
[13.093s]       |             [01;35m[K~~~~^~~~~~~~~~~[m[K
[13.107s] In file included from [01m[K/root/Xcar_chidi/jetsonNano/ros2_ws/src/rplidar_ros2/./sdk/src/arch/linux/arch_linux.h:42[m[K,
[13.108s]                  from [01m[K/root/Xcar_chidi/jetsonNano/ros2_ws/src/rplidar_ros2/./sdk/src/sdkcommon.h:40[m[K,
[13.108s]                  from [01m[K/root/Xcar_chidi/jetsonNano/ros2_ws/src/rplidar_ros2/sdk/src/arch/linux/net_socket.cpp:10[m[K:
[13.109s] [01m[K/root/Xcar_chidi/jetsonNano/ros2_ws/src/rplidar_ros2/sdk/src/arch/linux/net_socket.cpp:[m[K In member function ‘[01m[Kvirtual u_result rp::arch::net::DGramSocketImpl::sendTo(const rp::net::SocketAddress&, const void*, size_t)[m[K’:
[13.110s] [01m[K/root/Xcar_chidi/jetsonNano/ros2_ws/src/rplidar_ros2/sdk/src/arch/linux/net_socket.cpp:726:24:[m[K [01;35m[Kwarning: [m[Kcomparison of integer expressions of different signedness: ‘[01m[Ksize_t[m[K’ {aka ‘[01m[Klong unsigned int[m[K’} and ‘[01m[Kint[m[K’ [[01;35m[K-Wsign-compare[m[K]
[13.110s]   726 |             assert([01;35m[Kans == (int)len[m[K);
[13.110s]       |                    [01;35m[K~~~~^~~~~~~~~~~[m[K
[13.441s] [ 55%] [32mBuilding CXX object CMakeFiles/rplidar_composition_node.dir/sdk/src/hal/thread.cpp.o[0m
[13.921s] [01m[K/root/Xcar_chidi/jetsonNano/ros2_ws/src/rplidar_ros2/sdk/src/arch/linux/net_serial.cpp:[m[K In member function ‘[01m[Kbool rp::arch::net::raw_serial::open(const char*, uint32_t, uint32_t)[m[K’:
[13.921s] [01m[K/root/Xcar_chidi/jetsonNano/ros2_ws/src/rplidar_ros2/sdk/src/arch/linux/net_serial.cpp:97:74:[m[K [01;35m[Kwarning: [m[Kunused parameter ‘[01m[Kflags[m[K’ [[01;35m[K-Wunused-parameter[m[K]
[13.922s]    97 | bool raw_serial::open(const char * portname, uint32_t baudrate, [01;35m[Kuint32_t flags[m[K)
[13.922s]       |                                                                 [01;35m[K~~~~~~~~~^~~~~[m[K
[13.923s] [01m[K/root/Xcar_chidi/jetsonNano/ros2_ws/src/rplidar_ros2/sdk/src/arch/linux/net_serial.cpp:[m[K In member function ‘[01m[Kvirtual void rp::arch::net::raw_serial::flush(_u32)[m[K’:
[13.923s] [01m[K/root/Xcar_chidi/jetsonNano/ros2_ws/src/rplidar_ros2/sdk/src/arch/linux/net_serial.cpp:281:30:[m[K [01;35m[Kwarning: [m[Kunused parameter ‘[01m[Kflags[m[K’ [[01;35m[K-Wunused-parameter[m[K]
[13.924s]   281 | void raw_serial::flush( [01;35m[K_u32 flags[m[K)
[13.924s]       |                         [01;35m[K~~~~~^~~~~[m[K
[13.925s] [01m[K/root/Xcar_chidi/jetsonNano/ros2_ws/src/rplidar_ros2/sdk/src/arch/linux/net_serial.cpp:[m[K In member function ‘[01m[Kvirtual int rp::arch::net::raw_serial::waitforsent(_u32, size_t*)[m[K’:
[13.925s] [01m[K/root/Xcar_chidi/jetsonNano/ros2_ws/src/rplidar_ros2/sdk/src/arch/linux/net_serial.cpp:286:34:[m[K [01;35m[Kwarning: [m[Kunused parameter ‘[01m[Ktimeout[m[K’ [[01;35m[K-Wunused-parameter[m[K]
[13.926s]   286 | int raw_serial::waitforsent([01;35m[K_u32 timeout[m[K, size_t * returned_size)
[13.926s]       |                             [01;35m[K~~~~~^~~~~~~[m[K
[13.927s] [01m[K/root/Xcar_chidi/jetsonNano/ros2_ws/src/rplidar_ros2/sdk/src/arch/linux/net_serial.cpp:[m[K In member function ‘[01m[Kvirtual int rp::arch::net::raw_serial::waitforrecv(_u32, size_t*)[m[K’:
[13.927s] [01m[K/root/Xcar_chidi/jetsonNano/ros2_ws/src/rplidar_ros2/sdk/src/arch/linux/net_serial.cpp:292:34:[m[K [01;35m[Kwarning: [m[Kunused parameter ‘[01m[Ktimeout[m[K’ [[01;35m[K-Wunused-parameter[m[K]
[13.928s]   292 | int raw_serial::waitforrecv([01;35m[K_u32 timeout[m[K, size_t * returned_size)
[13.928s]       |                             [01;35m[K~~~~~^~~~~~~[m[K
[14.801s] [ 66%] [32mBuilding CXX object CMakeFiles/rplidar_composition_node.dir/sdk/src/rplidar_driver.cpp.o[0m
[15.730s] In file included from [01m[K/root/Xcar_chidi/jetsonNano/ros2_ws/src/rplidar_ros2/./sdk/include/rplidar.h:39[m[K,
[15.731s]                  from [01m[K/root/Xcar_chidi/jetsonNano/ros2_ws/src/rplidar_ros2/./sdk/src/sdkcommon.h:48[m[K,
[15.731s]                  from [01m[K/root/Xcar_chidi/jetsonNano/ros2_ws/src/rplidar_ros2/sdk/src/hal/thread.cpp:35[m[K:
[15.732s] [01m[K/root/Xcar_chidi/jetsonNano/ros2_ws/src/rplidar_ros2/./sdk/include/rplidar_protocol.h:59:14:[m[K [01;35m[Kwarning: [m[KISO C++ forbids zero-size array ‘[01m[Kdata[m[K’ [[01;35m[K-Wpedantic[m[K]
[15.732s]    59 |     _u8 data[[01;35m[K0[m[K];
[15.733s]       |              [01;35m[K^[m[K
[15.733s] In file included from [01m[K/root/Xcar_chidi/jetsonNano/ros2_ws/src/rplidar_ros2/./sdk/include/rplidar.h:40[m[K,
[15.734s]                  from [01m[K/root/Xcar_chidi/jetsonNano/ros2_ws/src/rplidar_ros2/./sdk/src/sdkcommon.h:48[m[K,
[15.734s]                  from [01m[K/root/Xcar_chidi/jetsonNano/ros2_ws/src/rplidar_ros2/sdk/src/hal/thread.cpp:35[m[K:
[15.735s] [01m[K/root/Xcar_chidi/jetsonNano/ros2_ws/src/rplidar_ros2/./sdk/include/rplidar_cmd.h:260:18:[m[K [01;35m[Kwarning: [m[KISO C++ forbids zero-size array ‘[01m[Kpayload[m[K’ [[01;35m[K-Wpedantic[m[K]
[15.735s]   260 |     _u8  payload[[01;35m[K0[m[K];
[15.736s]       |                  [01;35m[K^[m[K
[15.751s] In file included from [01m[K/root/Xcar_chidi/jetsonNano/ros2_ws/src/rplidar_ros2/sdk/src/hal/thread.cpp:43[m[K:
[15.751s] [01m[K/root/Xcar_chidi/jetsonNano/ros2_ws/src/rplidar_ros2/./sdk/src/arch/linux/thread.hpp:[m[K In static member function ‘[01m[Kstatic rp::hal::Thread rp::hal::Thread::create(thread_proc_t, void*)[m[K’:
[15.752s] [01m[K/root/Xcar_chidi/jetsonNano/ros2_ws/src/rplidar_ros2/./sdk/src/arch/linux/thread.hpp:48:57:[m[K [01;35m[Kwarning: [m[Kcast between incompatible function types from ‘[01m[Kthread_proc_t[m[K’ {aka ‘[01m[Klong unsigned int (*)(void*)[m[K’} to ‘[01m[Kvoid* (*)(void*)[m[K’ [[01;35m[K-Wcast-function-type[m[K]
[15.752s]    48 |     pthread_create((pthread_t *)&newborn._handle, NULL, [01;35m[K(void * (*)(void *))proc[m[K, data);
[15.752s]       |                                                         [01;35m[K^~~~~~~~~~~~~~~~~~~~~~~~[m[K
[15.753s] [01m[K/root/Xcar_chidi/jetsonNano/ros2_ws/src/rplidar_ros2/./sdk/src/arch/linux/thread.hpp:[m[K In member function ‘[01m[Ku_result rp::hal::Thread::join(long unsigned int)[m[K’:
[15.754s] [01m[K/root/Xcar_chidi/jetsonNano/ros2_ws/src/rplidar_ros2/./sdk/src/arch/linux/thread.hpp:129:37:[m[K [01;35m[Kwarning: [m[Kunused parameter ‘[01m[Ktimeout[m[K’ [[01;35m[K-Wunused-parameter[m[K]
[15.754s]   129 | u_result Thread::join([01;35m[Kunsigned long timeout[m[K)
[15.755s]       |                       [01;35m[K~~~~~~~~~~~~~~^~~~~~~[m[K
[18.210s] In file included from [01m[K/root/Xcar_chidi/jetsonNano/ros2_ws/src/rplidar_ros2/./sdk/include/rplidar.h:39[m[K,
[18.210s]                  from [01m[K/root/Xcar_chidi/jetsonNano/ros2_ws/src/rplidar_ros2/sdk/src/sdkcommon.h:48[m[K,
[18.211s]                  from [01m[K/root/Xcar_chidi/jetsonNano/ros2_ws/src/rplidar_ros2/sdk/src/rplidar_driver.cpp:35[m[K:
[18.211s] [01m[K/root/Xcar_chidi/jetsonNano/ros2_ws/src/rplidar_ros2/./sdk/include/rplidar_protocol.h:59:14:[m[K [01;35m[Kwarning: [m[KISO C++ forbids zero-size array ‘[01m[Kdata[m[K’ [[01;35m[K-Wpedantic[m[K]
[18.212s]    59 |     _u8 data[[01;35m[K0[m[K];
[18.212s]       |              [01;35m[K^[m[K
[18.215s] In file included from [01m[K/root/Xcar_chidi/jetsonNano/ros2_ws/src/rplidar_ros2/./sdk/include/rplidar.h:40[m[K,
[18.215s]                  from [01m[K/root/Xcar_chidi/jetsonNano/ros2_ws/src/rplidar_ros2/sdk/src/sdkcommon.h:48[m[K,
[18.216s]                  from [01m[K/root/Xcar_chidi/jetsonNano/ros2_ws/src/rplidar_ros2/sdk/src/rplidar_driver.cpp:35[m[K:
[18.216s] [01m[K/root/Xcar_chidi/jetsonNano/ros2_ws/src/rplidar_ros2/./sdk/include/rplidar_cmd.h:260:18:[m[K [01;35m[Kwarning: [m[KISO C++ forbids zero-size array ‘[01m[Kpayload[m[K’ [[01;35m[K-Wpedantic[m[K]
[18.216s]   260 |     _u8  payload[[01;35m[K0[m[K];
[18.217s]       |                  [01;35m[K^[m[K
[19.342s] [01m[K/root/Xcar_chidi/jetsonNano/ros2_ws/src/rplidar_ros2/sdk/src/rplidar_driver.cpp:[m[K In member function ‘[01m[Kvirtual u_result rp::standalone::rplidar::RPlidarDriverImplCommon::reset(_u32)[m[K’:
[19.343s] [01m[K/root/Xcar_chidi/jetsonNano/ros2_ws/src/rplidar_ros2/sdk/src/rplidar_driver.cpp:121:46:[m[K [01;35m[Kwarning: [m[Kunused parameter ‘[01m[Ktimeout[m[K’ [[01;35m[K-Wunused-parameter[m[K]
[19.343s]   121 | u_result RPlidarDriverImplCommon::reset([01;35m[K_u32 timeout[m[K)
[19.344s]       |                                         [01;35m[K~~~~~^~~~~~~[m[K
[19.351s] [01m[K/root/Xcar_chidi/jetsonNano/ros2_ws/src/rplidar_ros2/sdk/src/rplidar_driver.cpp:[m[K In member function ‘[01m[Kvirtual u_result rp::standalone::rplidar::RPlidarDriverImplCommon::checkIfTofLidar(bool&, _u32)[m[K’:
[19.351s] [01m[K/root/Xcar_chidi/jetsonNano/ros2_ws/src/rplidar_ros2/sdk/src/rplidar_driver.cpp:275:75:[m[K [01;35m[Kwarning: [m[Kunused parameter ‘[01m[Ktimeout[m[K’ [[01;35m[K-Wunused-parameter[m[K]
[19.352s]   275 | u_result RPlidarDriverImplCommon::checkIfTofLidar(bool & isTofLidar, [01;35m[K_u32 timeout[m[K)
[19.353s]       |                                                                      [01;35m[K~~~~~^~~~~~~[m[K
[19.387s] [01m[K/root/Xcar_chidi/jetsonNano/ros2_ws/src/rplidar_ros2/sdk/src/rplidar_driver.cpp:[m[K In member function ‘[01m[Kvirtual int rp::standalone::rplidar::RPlidarDriverImplCommon::_getSyncBitByAngle(int, int)[m[K’:
[19.387s] [01m[K/root/Xcar_chidi/jetsonNano/ros2_ws/src/rplidar_ros2/sdk/src/rplidar_driver.cpp:671:16:[m[K [01;35m[Kwarning: [m[Kvariable ‘[01m[Klast_angleInc_q16[m[K’ set but not used [[01;35m[K-Wunused-but-set-variable[m[K]
[19.388s]   671 |     static int [01;35m[Klast_angleInc_q16[m[K = 0;
[19.389s]       |                [01;35m[K^~~~~~~~~~~~~~~~~[m[K
[19.390s] [01m[K/root/Xcar_chidi/jetsonNano/ros2_ws/src/rplidar_ros2/sdk/src/rplidar_driver.cpp:673:9:[m[K [01;35m[Kwarning: [m[Kunused variable ‘[01m[KsyncBit_check_threshold[m[K’ [[01;35m[K-Wunused-variable[m[K]
[19.390s]   673 |     int [01;35m[KsyncBit_check_threshold[m[K = (int)((5 << 16) / angleInc_q16) + 1;//find syncBit in 0~3 degree
[19.391s]       |         [01;35m[K^~~~~~~~~~~~~~~~~~~~~~~[m[K
[19.404s] [01m[K/root/Xcar_chidi/jetsonNano/ros2_ws/src/rplidar_ros2/sdk/src/rplidar_driver.cpp:[m[K In member function ‘[01m[Kvirtual u_result rp::standalone::rplidar::RPlidarDriverImplCommon::_cacheUltraCapsuledScanData()[m[K’:
[19.406s] [01m[K/root/Xcar_chidi/jetsonNano/ros2_ws/src/rplidar_ros2/sdk/src/rplidar_driver.cpp:771:46:[m[K [01;35m[Kwarning: [m[Kunused variable ‘[01m[Klast_scan_count[m[K’ [[01;35m[K-Wunused-variable[m[K]
[19.407s]   771 |     size_t                                   [01;35m[Klast_scan_count[m[K = 0;
[19.407s]       |                                              [01;35m[K^~~~~~~~~~~~~~~[m[K
[19.421s] [01m[K/root/Xcar_chidi/jetsonNano/ros2_ws/src/rplidar_ros2/sdk/src/rplidar_driver.cpp:[m[K In member function ‘[01m[Kvirtual void rp::standalone::rplidar::RPlidarDriverImplCommon::_capsuleToNormal(const rplidar_response_capsule_measurement_nodes_t&, rplidar_response_measurement_node_hq_t*, size_t&)[m[K’:
[19.422s] [01m[K/root/Xcar_chidi/jetsonNano/ros2_ws/src/rplidar_ros2/sdk/src/rplidar_driver.cpp:850:17:[m[K [01;35m[Kwarning: [m[Kunused variable ‘[01m[KsyncBit_check_threshold[m[K’ [[01;35m[K-Wunused-variable[m[K]
[19.423s]   850 |             int [01;35m[KsyncBit_check_threshold[m[K = (int)((2 << 16) / angleInc_q16) + 1;//find syncBit in 0~1 degree
[19.424s]       |                 [01;35m[K^~~~~~~~~~~~~~~~~~~~~~~[m[K
[19.427s] [01m[K/root/Xcar_chidi/jetsonNano/ros2_ws/src/rplidar_ros2/sdk/src/rplidar_driver.cpp:[m[K In member function ‘[01m[Kvirtual void rp::standalone::rplidar::RPlidarDriverImplCommon::_dense_capsuleToNormal(const rplidar_response_capsule_measurement_nodes_t&, rplidar_response_measurement_node_hq_t*, size_t&)[m[K’:
[19.427s] [01m[K/root/Xcar_chidi/jetsonNano/ros2_ws/src/rplidar_ros2/sdk/src/rplidar_driver.cpp:903:30:[m[K [01;35m[Kwarning: [m[Ktype qualifiers ignored on cast result type [[01;35m[K-Wignored-qualifiers[m[K]
[19.428s]   903 |             const int dist = [01;35m[Kstatic_cast<const int>(_cached_previous_dense_capsuledata.cabins[pos].distance)[m[K;
[19.429s]       |                              [01;35m[K^~~~~~~~~~~~~~~~~~~~~~~~~~~~~~~~~~~~~~~~~~~~~~~~~~~~~~~~~~~~~~~~~~~~~~~~~~~~~~~[m[K
[19.441s] [01m[K/root/Xcar_chidi/jetsonNano/ros2_ws/src/rplidar_ros2/sdk/src/rplidar_driver.cpp:[m[K In function ‘[01m[K_u32 rp::standalone::rplidar::_crc32cal(_u32, void*, _u16)[m[K’:
[19.442s] [01m[K/root/Xcar_chidi/jetsonNano/ros2_ws/src/rplidar_ros2/sdk/src/rplidar_driver.cpp:1027:23:[m[K [01;35m[Kwarning: [m[Ksuggest parentheses around ‘[01m[K-[m[K’ in operand of ‘[01m[K&[m[K’ [[01;35m[K-Wparentheses[m[K]
[19.443s]  1027 |     _u8 leftBytes = [01;35m[K4 - len[m[K & 0x3;
[19.444s]       |                     [01;35m[K~~^~~~~[m[K
[19.461s] [01m[K/root/Xcar_chidi/jetsonNano/ros2_ws/src/rplidar_ros2/sdk/src/rplidar_driver.cpp:[m[K In member function ‘[01m[Kvirtual void rp::standalone::rplidar::RPlidarDriverImplCommon::_ultraCapsuleToNormal(const rplidar_response_ultra_capsule_measurement_nodes_t&, rplidar_response_measurement_node_hq_t*, size_t&)[m[K’:
[19.462s] [01m[K/root/Xcar_chidi/jetsonNano/ros2_ws/src/rplidar_ros2/sdk/src/rplidar_driver.cpp:1238:32:[m[K [01;35m[Kwarning: [m[Kcomparison of integer expressions of different signedness: ‘[01m[Kint[m[K’ and ‘[01m[Kunsigned int[m[K’ [[01;35m[K-Wsign-compare[m[K]
[19.463s]  1238 |             if (([01;35m[Kdist_predict1 == 0xFFFFFE00[m[K) || (dist_predict1 == 0x1FF)) {
[19.463s]       |                  [01;35m[K~~~~~~~~~~~~~~^~~~~~~~~~~~~[m[K
[19.465s] [01m[K/root/Xcar_chidi/jetsonNano/ros2_ws/src/rplidar_ros2/sdk/src/rplidar_driver.cpp:1246:32:[m[K [01;35m[Kwarning: [m[Kcomparison of integer expressions of different signedness: ‘[01m[Kint[m[K’ and ‘[01m[Kunsigned int[m[K’ [[01;35m[K-Wsign-compare[m[K]
[19.465s]  1246 |             if (([01;35m[Kdist_predict2 == 0xFFFFFE00[m[K) || (dist_predict2 == 0x1FF)) {
[19.466s]       |                  [01;35m[K~~~~~~~~~~~~~~^~~~~~~~~~~~~[m[K
[19.469s] [01m[K/root/Xcar_chidi/jetsonNano/ros2_ws/src/rplidar_ros2/sdk/src/rplidar_driver.cpp:1256:21:[m[K [01;35m[Kwarning: [m[Kunused variable ‘[01m[KsyncBit_check_threshold[m[K’ [[01;35m[K-Wunused-variable[m[K]
[19.470s]  1256 |                 int [01;35m[KsyncBit_check_threshold[m[K = (int)((3 << 16) / angleInc_q16)+1;//find syncBit in 0~1 degree
[19.471s]       |                     [01;35m[K^~~~~~~~~~~~~~~~~~~~~~~[m[K
[19.524s] [01m[K/root/Xcar_chidi/jetsonNano/ros2_ws/src/rplidar_ros2/sdk/src/rplidar_driver.cpp:[m[K In member function ‘[01m[Kvirtual u_result rp::standalone::rplidar::RPlidarDriverImplCommon::getAllSupportedScanModes(std::vector<rp::standalone::rplidar::RplidarScanMode>&, _u32)[m[K’:
[19.525s] [01m[K/root/Xcar_chidi/jetsonNano/ros2_ws/src/rplidar_ros2/sdk/src/rplidar_driver.cpp:1484:105:[m[K [01;35m[Kwarning: [m[Kunused parameter ‘[01m[KtimeoutInMs[m[K’ [[01;35m[K-Wunused-parameter[m[K]
[19.525s]  1484 | u_result RPlidarDriverImplCommon::getAllSupportedScanModes(std::vector<RplidarScanMode>& outModes, [01;35m[K_u32 timeoutInMs[m[K)
[19.526s]       |                                                                                                    [01;35m[K~~~~~^~~~~~~~~~~[m[K
[19.541s] [01m[K/root/Xcar_chidi/jetsonNano/ros2_ws/src/rplidar_ros2/sdk/src/rplidar_driver.cpp:[m[K In member function ‘[01m[Kvirtual u_result rp::standalone::rplidar::RPlidarDriverImplCommon::startScan(bool, bool, _u32, rp::standalone::rplidar::RplidarScanMode*)[m[K’:
[19.542s] [01m[K/root/Xcar_chidi/jetsonNano/ros2_ws/src/rplidar_ros2/sdk/src/rplidar_driver.cpp:1581:83:[m[K [01;35m[Kwarning: [m[Kunused parameter ‘[01m[Koptions[m[K’ [[01;35m[K-Wunused-parameter[m[K]
[19.543s]  1581 | u_result RPlidarDriverImplCommon::startScan(bool force, bool useTypicalScan, [01;35m[K_u32 options[m[K, RplidarScanMode* outUsedScanMode)
[19.543s]       |                                                                              [01;35m[K~~~~~^~~~~~~[m[K
[19.551s] [01m[K/root/Xcar_chidi/jetsonNano/ros2_ws/src/rplidar_ros2/sdk/src/rplidar_driver.cpp:[m[K In member function ‘[01m[Kvirtual u_result rp::standalone::rplidar::RPlidarDriverImplCommon::stop(_u32)[m[K’:
[19.552s] [01m[K/root/Xcar_chidi/jetsonNano/ros2_ws/src/rplidar_ros2/sdk/src/rplidar_driver.cpp:1805:45:[m[K [01;35m[Kwarning: [m[Kunused parameter ‘[01m[Ktimeout[m[K’ [[01;35m[K-Wunused-parameter[m[K]
[19.553s]  1805 | u_result RPlidarDriverImplCommon::stop([01;35m[K_u32 timeout[m[K)
[19.554s]       |                                        [01;35m[K~~~~~^~~~~~~[m[K
[19.573s] [01m[K/root/Xcar_chidi/jetsonNano/ros2_ws/src/rplidar_ros2/sdk/src/rplidar_driver.cpp:[m[K In member function ‘[01m[Kvirtual u_result rp::standalone::rplidar::RPlidarDriverImplCommon::setLidarSpinSpeed(_u16, _u32)[m[K’:
[19.574s] [01m[K/root/Xcar_chidi/jetsonNano/ros2_ws/src/rplidar_ros2/sdk/src/rplidar_driver.cpp:2193:68:[m[K [01;35m[Kwarning: [m[Kunused parameter ‘[01m[Ktimeout[m[K’ [[01;35m[K-Wunused-parameter[m[K]
[19.574s]  2193 | u_result RPlidarDriverImplCommon::setLidarSpinSpeed(_u16 rpm, [01;35m[K_u32 timeout[m[K)
[19.575s]       |                                                               [01;35m[K~~~~~^~~~~~~[m[K
[19.580s] [01m[K/root/Xcar_chidi/jetsonNano/ros2_ws/src/rplidar_ros2/sdk/src/rplidar_driver.cpp:[m[K In member function ‘[01m[Kvirtual u_result rp::standalone::rplidar::RPlidarDriverSerial::connect(const char*, _u32, _u32)[m[K’:
[19.581s] [01m[K/root/Xcar_chidi/jetsonNano/ros2_ws/src/rplidar_ros2/sdk/src/rplidar_driver.cpp:2270:83:[m[K [01;35m[Kwarning: [m[Kunused parameter ‘[01m[Kflag[m[K’ [[01;35m[K-Wunused-parameter[m[K]
[19.582s]  2270 | u_result RPlidarDriverSerial::connect(const char * port_path, _u32 baudrate, [01;35m[K_u32 flag[m[K)
[19.583s]       |                                                                              [01;35m[K~~~~~^~~~[m[K
[19.586s] [01m[K/root/Xcar_chidi/jetsonNano/ros2_ws/src/rplidar_ros2/sdk/src/rplidar_driver.cpp:[m[K In member function ‘[01m[Kvirtual u_result rp::standalone::rplidar::RPlidarDriverTCP::connect(const char*, _u32, _u32)[m[K’:
[19.587s] [01m[K/root/Xcar_chidi/jetsonNano/ros2_ws/src/rplidar_ros2/sdk/src/rplidar_driver.cpp:2312:72:[m[K [01;35m[Kwarning: [m[Kunused parameter ‘[01m[Kflag[m[K’ [[01;35m[K-Wunused-parameter[m[K]
[19.588s]  2312 | u_result RPlidarDriverTCP::connect(const char * ipStr, _u32 port, [01;35m[K_u32 flag[m[K)
[19.588s]       |                                                                   [01;35m[K~~~~~^~~~[m[K
[19.723s] /root/Xcar_chidi/jetsonNano/ros2_ws/src/rplidar_ros2/sdk/src/rplidar_driver.cpp: In instantiation of ‘[01m[Ku_result rp::standalone::rplidar::ascendScanData_(TNode*, size_t) [with TNode = _rplidar_response_measurement_node_t; u_result = unsigned int; size_t = long unsigned int][m[K’:
[19.724s] [01m[K/root/Xcar_chidi/jetsonNano/ros2_ws/src/rplidar_ros2/sdk/src/rplidar_driver.cpp:2025:64:[m[K   required from here
[19.725s] [01m[K/root/Xcar_chidi/jetsonNano/ros2_ws/src/rplidar_ros2/sdk/src/rplidar_driver.cpp:1991:27:[m[K [01;35m[Kwarning: [m[Kcomparison of unsigned expression in ‘[01m[K>= 0[m[K’ is always true [[01;35m[K-Wtype-limits[m[K]
[19.726s]  1991 |     for (i = count - 1; [01;35m[Ki >= 0[m[K; i--) {
[19.727s]       |                         [01;35m[K~~^~~~[m[K
[19.730s] /root/Xcar_chidi/jetsonNano/ros2_ws/src/rplidar_ros2/sdk/src/rplidar_driver.cpp: In instantiation of ‘[01m[Ku_result rp::standalone::rplidar::ascendScanData_(TNode*, size_t) [with TNode = rplidar_response_measurement_node_hq_t; u_result = unsigned int; size_t = long unsigned int][m[K’:
[19.731s] [01m[K/root/Xcar_chidi/jetsonNano/ros2_ws/src/rplidar_ros2/sdk/src/rplidar_driver.cpp:2030:67:[m[K   required from here
[19.732s] [01m[K/root/Xcar_chidi/jetsonNano/ros2_ws/src/rplidar_ros2/sdk/src/rplidar_driver.cpp:1991:27:[m[K [01;35m[Kwarning: [m[Kcomparison of unsigned expression in ‘[01m[K>= 0[m[K’ is always true [[01;35m[K-Wtype-limits[m[K]
[20.067s] [01m[K/root/Xcar_chidi/jetsonNano/ros2_ws/src/rplidar_ros2/sdk/src/rplidar_driver.cpp:[m[K In member function ‘[01m[Kvirtual u_result rp::standalone::rplidar::RPlidarDriverImplCommon::startMotor()[m[K’:
[20.067s] [01m[K/root/Xcar_chidi/jetsonNano/ros2_ws/src/rplidar_ros2/sdk/src/rplidar_driver.cpp:2225:1:[m[K [01;35m[Kwarning: [m[Kcontrol reaches end of non-void function [[01;35m[K-Wreturn-type[m[K]
[20.068s]  2225 | [01;35m[K}[m[K
[20.069s]       | [01;35m[K^[m[K
[28.213s] In file included from [01m[K/root/Xcar_chidi/jetsonNano/ros2_ws/src/rplidar_ros2/./sdk/include/rplidar.h:39[m[K,
[28.214s]                  from [01m[K/root/Xcar_chidi/jetsonNano/ros2_ws/src/rplidar_ros2/include/rplidar_node.hpp:41[m[K,
[28.214s]                  from [01m[K/root/Xcar_chidi/jetsonNano/ros2_ws/src/rplidar_ros2/src/rplidar_node.cpp:36[m[K:
[28.215s] [01m[K/root/Xcar_chidi/jetsonNano/ros2_ws/src/rplidar_ros2/./sdk/include/rplidar_protocol.h:59:14:[m[K [01;35m[Kwarning: [m[KISO C++ forbids zero-size array ‘[01m[Kdata[m[K’ [[01;35m[K-Wpedantic[m[K]
[28.216s]    59 |     _u8 data[[01;35m[K0[m[K];
[28.217s]       |              [01;35m[K^[m[K
[28.219s] In file included from [01m[K/root/Xcar_chidi/jetsonNano/ros2_ws/src/rplidar_ros2/./sdk/include/rplidar.h:40[m[K,
[28.220s]                  from [01m[K/root/Xcar_chidi/jetsonNano/ros2_ws/src/rplidar_ros2/include/rplidar_node.hpp:41[m[K,
[28.221s]                  from [01m[K/root/Xcar_chidi/jetsonNano/ros2_ws/src/rplidar_ros2/src/rplidar_node.cpp:36[m[K:
[28.221s] [01m[K/root/Xcar_chidi/jetsonNano/ros2_ws/src/rplidar_ros2/./sdk/include/rplidar_cmd.h:260:18:[m[K [01;35m[Kwarning: [m[KISO C++ forbids zero-size array ‘[01m[Kpayload[m[K’ [[01;35m[K-Wpedantic[m[K]
[28.222s]   260 |     _u8  payload[[01;35m[K0[m[K];
[28.223s]       |                  [01;35m[K^[m[K
[28.627s] [01m[K/root/Xcar_chidi/jetsonNano/ros2_ws/src/rplidar_ros2/src/rplidar_node.cpp:[m[K In member function ‘[01m[Kvoid rplidar_ros::rplidar_node::stop_motor({anonymous}::EmptyRequest, {anonymous}::EmptyResponse)[m[K’:
[28.628s] [01m[K/root/Xcar_chidi/jetsonNano/ros2_ws/src/rplidar_ros2/src/rplidar_node.cpp:248:50:[m[K [01;35m[Kwarning: [m[Kunused parameter ‘[01m[Kreq[m[K’ [[01;35m[K-Wunused-parameter[m[K]
[28.628s]   248 | void rplidar_node::stop_motor([01;35m[Kconst EmptyRequest req[m[K, EmptyResponse res)
[28.629s]       |                               [01;35m[K~~~~~~~~~~~~~~~~~~~^~~[m[K
[28.630s] [01m[K/root/Xcar_chidi/jetsonNano/ros2_ws/src/rplidar_ros2/src/rplidar_node.cpp:248:69:[m[K [01;35m[Kwarning: [m[Kunused parameter ‘[01m[Kres[m[K’ [[01;35m[K-Wunused-parameter[m[K]
[28.630s]   248 | void rplidar_node::stop_motor(const EmptyRequest req, [01;35m[KEmptyResponse res[m[K)
[28.631s]       |                                                       [01;35m[K~~~~~~~~~~~~~~^~~[m[K
[28.634s] [01m[K/root/Xcar_chidi/jetsonNano/ros2_ws/src/rplidar_ros2/src/rplidar_node.cpp:[m[K In member function ‘[01m[Kvoid rplidar_ros::rplidar_node::start_motor({anonymous}::EmptyRequest, {anonymous}::EmptyResponse)[m[K’:
[28.635s] [01m[K/root/Xcar_chidi/jetsonNano/ros2_ws/src/rplidar_ros2/src/rplidar_node.cpp:259:51:[m[K [01;35m[Kwarning: [m[Kunused parameter ‘[01m[Kreq[m[K’ [[01;35m[K-Wunused-parameter[m[K]
[28.636s]   259 | void rplidar_node::start_motor([01;35m[Kconst EmptyRequest req[m[K, EmptyResponse res)
[28.636s]       |                                [01;35m[K~~~~~~~~~~~~~~~~~~~^~~[m[K
[28.637s] [01m[K/root/Xcar_chidi/jetsonNano/ros2_ws/src/rplidar_ros2/src/rplidar_node.cpp:259:70:[m[K [01;35m[Kwarning: [m[Kunused parameter ‘[01m[Kres[m[K’ [[01;35m[K-Wunused-parameter[m[K]
[28.638s]   259 | void rplidar_node::start_motor(const EmptyRequest req, [01;35m[KEmptyResponse res[m[K)
[28.639s]       |                                                        [01;35m[K~~~~~~~~~~~~~~^~~[m[K
[28.669s] [01m[K/root/Xcar_chidi/jetsonNano/ros2_ws/src/rplidar_ros2/src/rplidar_node.cpp:[m[K In member function ‘[01m[Kvoid rplidar_ros::rplidar_node::publish_loop()[m[K’:
[28.670s] [01m[K/root/Xcar_chidi/jetsonNano/ros2_ws/src/rplidar_ros2/src/rplidar_node.cpp:362:25:[m[K [01;35m[Kwarning: [m[Kcomparison of integer expressions of different signedness: ‘[01m[Ksize_t[m[K’ {aka ‘[01m[Klong unsigned int[m[K’} and ‘[01m[Kint[m[K’ [[01;35m[K-Wsign-compare[m[K]
[28.671s]   362 |           for (j = 0; [01;35m[Kj < m_angle_compensate_multiple[m[K; j++) {
[28.672s]       |                       [01;35m[K~~^~~~~~~~~~~~~~~~~~~~~~~~~~~~~[m[K
[28.675s] [01m[K/root/Xcar_chidi/jetsonNano/ros2_ws/src/rplidar_ros2/src/rplidar_node.cpp:383:44:[m[K [01;35m[Kwarning: [m[Kcomparison of integer expressions of different signedness: ‘[01m[Ksize_t[m[K’ {aka ‘[01m[Klong unsigned int[m[K’} and ‘[01m[Kint[m[K’ [[01;35m[K-Wsign-compare[m[K]
[28.676s]   383 |       for (size_t x = start_node, y = 0; [01;35m[Kx < end_node[m[K; ++x, ++y) {
[28.677s]       |                                          [01;35m[K~~^~~~~~~~~~[m[K
[28.679s] [01m[K/root/Xcar_chidi/jetsonNano/ros2_ws/src/rplidar_ros2/src/rplidar_node.cpp:390:11:[m[K [01;35m[Kwarning: [m[Kunused variable ‘[01m[Kangle_min[m[K’ [[01;35m[K-Wunused-variable[m[K]
[28.680s]   390 |     float [01;35m[Kangle_min[m[K = deg_2_rad(0.0f);
[28.680s]       |           [01;35m[K^~~~~~~~~[m[K
[28.681s] [01m[K/root/Xcar_chidi/jetsonNano/ros2_ws/src/rplidar_ros2/src/rplidar_node.cpp:391:11:[m[K [01;35m[Kwarning: [m[Kunused variable ‘[01m[Kangle_max[m[K’ [[01;35m[K-Wunused-variable[m[K]
[28.682s]   391 |     float [01;35m[Kangle_max[m[K = deg_2_rad(359.0f);
[28.682s]       |           [01;35m[K^~~~~~~~~[m[K
[46.497s] [ 77%] [32m[1mLinking CXX shared library librplidar_composition_node.so[0m
[48.625s] [ 77%] Built target rplidar_composition_node
[48.809s] [ 88%] [32mBuilding CXX object CMakeFiles/rplidar_composition.dir/src/standalone_rplidar.cpp.o[0m
[50.894s] In file included from [01m[K/root/Xcar_chidi/jetsonNano/ros2_ws/src/rplidar_ros2/src/standalone_rplidar.cpp:16[m[K:
[50.895s] [01m[K/root/Xcar_chidi/jetsonNano/ros2_ws/src/rplidar_ros2/include/rplidar_node.hpp:50:[m[K [01;35m[Kwarning: [m[K"M_PI" redefined
[50.895s]    50 | #define M_PI 3.1415926535897932384626433832795
[50.895s]       | 
[50.896s] In file included from [01m[K/usr/include/c++/11/cmath:45[m[K,
[50.897s]                  from [01m[K/opt/ros/humble/include/libstatistics_collector/libstatistics_collector/moving_average_statistics/types.hpp:18[m[K,
[50.897s]                  from [01m[K/opt/ros/humble/include/libstatistics_collector/libstatistics_collector/collector/generate_statistics_message.hpp:24[m[K,
[50.897s]                  from [01m[K/opt/ros/humble/include/rclcpp/rclcpp/topic_statistics/subscription_topic_statistics.hpp:23[m[K,
[50.898s]                  from [01m[K/opt/ros/humble/include/rclcpp/rclcpp/subscription.hpp:50[m[K,
[50.898s]                  from [01m[K/opt/ros/humble/include/rclcpp/rclcpp/any_executable.hpp:25[m[K,
[50.899s]                  from [01m[K/opt/ros/humble/include/rclcpp/rclcpp/memory_strategy.hpp:25[m[K,
[50.899s]                  from [01m[K/opt/ros/humble/include/rclcpp/rclcpp/memory_strategies.hpp:18[m[K,
[50.899s]                  from [01m[K/opt/ros/humble/include/rclcpp/rclcpp/executor_options.hpp:20[m[K,
[50.900s]                  from [01m[K/opt/ros/humble/include/rclcpp/rclcpp/executor.hpp:37[m[K,
[50.900s]                  from [01m[K/opt/ros/humble/include/rclcpp/rclcpp/executors/multi_threaded_executor.hpp:25[m[K,
[50.900s]                  from [01m[K/opt/ros/humble/include/rclcpp/rclcpp/executors.hpp:21[m[K,
[50.901s]                  from [01m[K/opt/ros/humble/include/rclcpp/rclcpp/rclcpp.hpp:155[m[K,
[50.901s]                  from [01m[K/root/Xcar_chidi/jetsonNano/ros2_ws/src/rplidar_ros2/include/rplidar_node.hpp:34[m[K,
[50.902s]                  from [01m[K/root/Xcar_chidi/jetsonNano/ros2_ws/src/rplidar_ros2/src/standalone_rplidar.cpp:16[m[K:
[50.902s] [01m[K/usr/include/math.h:1151:[m[K [01;36m[Knote: [m[Kthis is the location of the previous definition
[50.902s]  1151 | # define M_PI           3.14159265358979323846  /* pi */
[50.903s]       | 
[64.515s] In file included from [01m[K/root/Xcar_chidi/jetsonNano/ros2_ws/src/rplidar_ros2/./sdk/include/rplidar.h:39[m[K,
[64.516s]                  from [01m[K/root/Xcar_chidi/jetsonNano/ros2_ws/src/rplidar_ros2/include/rplidar_node.hpp:41[m[K,
[64.517s]                  from [01m[K/root/Xcar_chidi/jetsonNano/ros2_ws/src/rplidar_ros2/src/standalone_rplidar.cpp:16[m[K:
[64.518s] [01m[K/root/Xcar_chidi/jetsonNano/ros2_ws/src/rplidar_ros2/./sdk/include/rplidar_protocol.h:59:14:[m[K [01;35m[Kwarning: [m[KISO C++ forbids zero-size array ‘[01m[Kdata[m[K’ [[01;35m[K-Wpedantic[m[K]
[64.519s]    59 |     _u8 data[[01;35m[K0[m[K];
[64.520s]       |              [01;35m[K^[m[K
[64.522s] In file included from [01m[K/root/Xcar_chidi/jetsonNano/ros2_ws/src/rplidar_ros2/./sdk/include/rplidar.h:40[m[K,
[64.523s]                  from [01m[K/root/Xcar_chidi/jetsonNano/ros2_ws/src/rplidar_ros2/include/rplidar_node.hpp:41[m[K,
[64.524s]                  from [01m[K/root/Xcar_chidi/jetsonNano/ros2_ws/src/rplidar_ros2/src/standalone_rplidar.cpp:16[m[K:
[64.525s] [01m[K/root/Xcar_chidi/jetsonNano/ros2_ws/src/rplidar_ros2/./sdk/include/rplidar_cmd.h:260:18:[m[K [01;35m[Kwarning: [m[KISO C++ forbids zero-size array ‘[01m[Kpayload[m[K’ [[01;35m[K-Wpedantic[m[K]
[64.526s]   260 |     _u8  payload[[01;35m[K0[m[K];
[64.526s]       |                  [01;35m[K^[m[K
[67.659s] In file included from [01m[K/root/Xcar_chidi/jetsonNano/ros2_ws/src/rplidar_ros2/src/standalone_rplidar.cpp:16[m[K:
[67.660s] [01m[K/root/Xcar_chidi/jetsonNano/ros2_ws/src/rplidar_ros2/include/rplidar_node.hpp:76:14:[m[K [01;35m[Kwarning: [m[K‘[01m[Kfloat rplidar_ros::getAngle(const rplidar_response_measurement_node_hq_t&)[m[K’ defined but not used [[01;35m[K-Wunused-function[m[K]
[67.660s]    76 | static float [01;35m[KgetAngle[m[K(const rplidar_response_measurement_node_hq_t & node)
[67.663s]       |              [01;35m[K^~~~~~~~[m[K
[68.465s] [100%] [32m[1mLinking CXX executable rplidar_composition[0m
[69.681s] [100%] Built target rplidar_composition
[70.120s] Invoked command in '/root/Xcar_chidi/jetsonNano/ros2_ws/build/rplidar_ros' returned '0': CMAKE_PREFIX_PATH=/opt/ros/humble /usr/bin/cmake --build /root/Xcar_chidi/jetsonNano/ros2_ws/build/rplidar_ros -- -j4 -l4
[70.714s] Invoking command in '/root/Xcar_chidi/jetsonNano/ros2_ws/build/rplidar_ros': CMAKE_PREFIX_PATH=/opt/ros/humble /usr/bin/cmake --install /root/Xcar_chidi/jetsonNano/ros2_ws/build/rplidar_ros
[70.762s] -- Install configuration: ""
[70.763s] -- Installing: /root/Xcar_chidi/jetsonNano/ros2_ws/install/rplidar_ros/lib/rplidar_ros/rplidar_composition
[70.765s] -- Set runtime path of "/root/Xcar_chidi/jetsonNano/ros2_ws/install/rplidar_ros/lib/rplidar_ros/rplidar_composition" to ""
[70.766s] -- Installing: /root/Xcar_chidi/jetsonNano/ros2_ws/install/rplidar_ros/share/rplidar_ros/launch
[70.766s] -- Installing: /root/Xcar_chidi/jetsonNano/ros2_ws/install/rplidar_ros/share/rplidar_ros/launch/rplidar_s1.launch.py
[70.767s] -- Installing: /root/Xcar_chidi/jetsonNano/ros2_ws/install/rplidar_ros/share/rplidar_ros/launch/view_rplidar_s1.launch.py
[70.768s] -- Installing: /root/Xcar_chidi/jetsonNano/ros2_ws/install/rplidar_ros/share/rplidar_ros/launch/rplidar_a3.launch.py
[70.768s] -- Installing: /root/Xcar_chidi/jetsonNano/ros2_ws/install/rplidar_ros/share/rplidar_ros/launch/view_rplidar_s1_tcp.launch.py
[70.768s] -- Installing: /root/Xcar_chidi/jetsonNano/ros2_ws/install/rplidar_ros/share/rplidar_ros/launch/view_rplidar_a3.launch.py
[70.769s] -- Installing: /root/Xcar_chidi/jetsonNano/ros2_ws/install/rplidar_ros/share/rplidar_ros/launch/rplidar.launch.py
[70.770s] -- Installing: /root/Xcar_chidi/jetsonNano/ros2_ws/install/rplidar_ros/share/rplidar_ros/launch/test_rplidar_a3.launch.py
[70.770s] -- Installing: /root/Xcar_chidi/jetsonNano/ros2_ws/install/rplidar_ros/share/rplidar_ros/launch/rplidar_s1_tcp.launch.py
[70.771s] -- Installing: /root/Xcar_chidi/jetsonNano/ros2_ws/install/rplidar_ros/share/rplidar_ros/launch/view_rplidar.launch.py
[70.771s] -- Installing: /root/Xcar_chidi/jetsonNano/ros2_ws/install/rplidar_ros/share/rplidar_ros/rviz
[70.772s] -- Installing: /root/Xcar_chidi/jetsonNano/ros2_ws/install/rplidar_ros/share/rplidar_ros/rviz/rplidar.rviz
[70.786s] -- Installing: /root/Xcar_chidi/jetsonNano/ros2_ws/install/rplidar_ros/lib/librplidar_composition_node.so
[70.818s] -- Set runtime path of "/root/Xcar_chidi/jetsonNano/ros2_ws/install/rplidar_ros/lib/librplidar_composition_node.so" to ""
[70.818s] -- Installing: /root/Xcar_chidi/jetsonNano/ros2_ws/install/rplidar_ros/include
[70.820s] -- Installing: /root/Xcar_chidi/jetsonNano/ros2_ws/install/rplidar_ros/include/rplidar_node.hpp
[70.820s] -- Installing: /root/Xcar_chidi/jetsonNano/ros2_ws/install/rplidar_ros/include/visibility.h
[70.821s] -- Up-to-date: /root/Xcar_chidi/jetsonNano/ros2_ws/install/rplidar_ros/lib/rplidar_ros/rplidar_composition
[70.822s] -- Installing: /root/Xcar_chidi/jetsonNano/ros2_ws/install/rplidar_ros/share/ament_index/resource_index/package_run_dependencies/rplidar_ros
[70.822s] -- Installing: /root/Xcar_chidi/jetsonNano/ros2_ws/install/rplidar_ros/share/ament_index/resource_index/parent_prefix_path/rplidar_ros
[70.823s] -- Installing: /root/Xcar_chidi/jetsonNano/ros2_ws/install/rplidar_ros/share/rplidar_ros/environment/ament_prefix_path.sh
[70.824s] -- Installing: /root/Xcar_chidi/jetsonNano/ros2_ws/install/rplidar_ros/share/rplidar_ros/environment/ament_prefix_path.dsv
[70.824s] -- Installing: /root/Xcar_chidi/jetsonNano/ros2_ws/install/rplidar_ros/share/rplidar_ros/environment/path.sh
[70.825s] -- Installing: /root/Xcar_chidi/jetsonNano/ros2_ws/install/rplidar_ros/share/rplidar_ros/environment/path.dsv
[70.825s] -- Installing: /root/Xcar_chidi/jetsonNano/ros2_ws/install/rplidar_ros/share/rplidar_ros/local_setup.bash
[70.826s] -- Installing: /root/Xcar_chidi/jetsonNano/ros2_ws/install/rplidar_ros/share/rplidar_ros/local_setup.sh
[70.827s] -- Installing: /root/Xcar_chidi/jetsonNano/ros2_ws/install/rplidar_ros/share/rplidar_ros/local_setup.zsh
[70.827s] -- Installing: /root/Xcar_chidi/jetsonNano/ros2_ws/install/rplidar_ros/share/rplidar_ros/local_setup.dsv
[70.828s] -- Installing: /root/Xcar_chidi/jetsonNano/ros2_ws/install/rplidar_ros/share/rplidar_ros/package.dsv
[70.829s] -- Installing: /root/Xcar_chidi/jetsonNano/ros2_ws/install/rplidar_ros/share/ament_index/resource_index/packages/rplidar_ros
[70.838s] -- Installing: /root/Xcar_chidi/jetsonNano/ros2_ws/install/rplidar_ros/share/ament_index/resource_index/rclcpp_components/rplidar_ros
[70.839s] -- Installing: /root/Xcar_chidi/jetsonNano/ros2_ws/install/rplidar_ros/share/rplidar_ros/cmake/ament_cmake_export_dependencies-extras.cmake
[70.840s] -- Installing: /root/Xcar_chidi/jetsonNano/ros2_ws/install/rplidar_ros/share/rplidar_ros/cmake/ament_cmake_export_include_directories-extras.cmake
[70.841s] -- Installing: /root/Xcar_chidi/jetsonNano/ros2_ws/install/rplidar_ros/share/rplidar_ros/cmake/rplidar_rosConfig.cmake
[70.841s] -- Installing: /root/Xcar_chidi/jetsonNano/ros2_ws/install/rplidar_ros/share/rplidar_ros/cmake/rplidar_rosConfig-version.cmake
[70.850s] -- Installing: /root/Xcar_chidi/jetsonNano/ros2_ws/install/rplidar_ros/share/rplidar_ros/package.xml
[70.862s] Invoked command in '/root/Xcar_chidi/jetsonNano/ros2_ws/build/rplidar_ros' returned '0': CMAKE_PREFIX_PATH=/opt/ros/humble /usr/bin/cmake --install /root/Xcar_chidi/jetsonNano/ros2_ws/build/rplidar_ros
