[1.203s] Invoking command in '/home/loic/Desktop/Xcar_chidi/jetsonNano/ros2_ws/src/img_processing': PYTHONPATH=/home/loic/Desktop/Xcar_chidi/build/img_processing/prefix_override:/home/loic/Desktop/Xcar_chidi/install/img_processing/lib/python3.10/site-packages:${PYTHONPATH} /usr/bin/python3 setup.py egg_info --egg-base ../../../../build/img_processing build --build-base /home/loic/Desktop/Xcar_chidi/build/img_processing/build install --record /home/loic/Desktop/Xcar_chidi/build/img_processing/install.log --single-version-externally-managed
[1.482s] running egg_info
[1.482s] creating ../../../../build/img_processing/img_processing.egg-info
[1.502s] writing ../../../../build/img_processing/img_processing.egg-info/PKG-INFO
[1.503s] writing dependency_links to ../../../../build/img_processing/img_processing.egg-info/dependency_links.txt
[1.503s] writing entry points to ../../../../build/img_processing/img_processing.egg-info/entry_points.txt
[1.503s] writing requirements to ../../../../build/img_processing/img_processing.egg-info/requires.txt
[1.503s] writing top-level names to ../../../../build/img_processing/img_processing.egg-info/top_level.txt
[1.504s] writing manifest file '../../../../build/img_processing/img_processing.egg-info/SOURCES.txt'
[1.544s] reading manifest file '../../../../build/img_processing/img_processing.egg-info/SOURCES.txt'
[1.546s] writing manifest file '../../../../build/img_processing/img_processing.egg-info/SOURCES.txt'
[1.546s] running build
[1.547s] running build_py
[1.547s] creating /home/loic/Desktop/Xcar_chidi/build/img_processing/build
[1.547s] creating /home/loic/Desktop/Xcar_chidi/build/img_processing/build/lib
[1.548s] creating /home/loic/Desktop/Xcar_chidi/build/img_processing/build/lib/img_processing
[1.548s] copying img_processing/__init__.py -> /home/loic/Desktop/Xcar_chidi/build/img_processing/build/lib/img_processing
[1.548s] copying img_processing/img_processing_node.py -> /home/loic/Desktop/Xcar_chidi/build/img_processing/build/lib/img_processing
[1.548s] running install
[1.549s] /home/loic/.local/lib/python3.10/site-packages/setuptools/_distutils/cmd.py:66: SetuptoolsDeprecationWarning: setup.py install is deprecated.
[1.549s] !!
[1.549s] 
[1.549s]         ********************************************************************************
[1.549s]         Please avoid running ``setup.py`` directly.
[1.549s]         Instead, use pypa/build, pypa/installer or other
[1.550s]         standards-based tools.
[1.550s] 
[1.550s]         See https://blog.ganssle.io/articles/2021/10/setup-py-deprecated.html for details.
[1.550s]         ********************************************************************************
[1.550s] 
[1.551s] !!
[1.551s]   self.initialize_options()
[1.555s] running install_lib
[1.575s] creating /home/loic/Desktop/Xcar_chidi/install/img_processing/lib/python3.10/site-packages/img_processing
[1.575s] copying /home/loic/Desktop/Xcar_chidi/build/img_processing/build/lib/img_processing/__init__.py -> /home/loic/Desktop/Xcar_chidi/install/img_processing/lib/python3.10/site-packages/img_processing
[1.575s] copying /home/loic/Desktop/Xcar_chidi/build/img_processing/build/lib/img_processing/img_processing_node.py -> /home/loic/Desktop/Xcar_chidi/install/img_processing/lib/python3.10/site-packages/img_processing
[1.576s] byte-compiling /home/loic/Desktop/Xcar_chidi/install/img_processing/lib/python3.10/site-packages/img_processing/__init__.py to __init__.cpython-310.pyc
[1.576s] byte-compiling /home/loic/Desktop/Xcar_chidi/install/img_processing/lib/python3.10/site-packages/img_processing/img_processing_node.py to img_processing_node.cpython-310.pyc
[1.577s] running install_data
[1.599s] creating /home/loic/Desktop/Xcar_chidi/install/img_processing/share/ament_index
[1.599s] creating /home/loic/Desktop/Xcar_chidi/install/img_processing/share/ament_index/resource_index
[1.599s] creating /home/loic/Desktop/Xcar_chidi/install/img_processing/share/ament_index/resource_index/packages
[1.599s] copying resource/img_processing -> /home/loic/Desktop/Xcar_chidi/install/img_processing/share/ament_index/resource_index/packages
[1.600s] copying package.xml -> /home/loic/Desktop/Xcar_chidi/install/img_processing/share/img_processing
[1.600s] running install_egg_info
[1.623s] Copying ../../../../build/img_processing/img_processing.egg-info to /home/loic/Desktop/Xcar_chidi/install/img_processing/lib/python3.10/site-packages/img_processing-0.0.0-py3.10.egg-info
[1.625s] running install_scripts
[1.821s] Installing img_processing_node script to /home/loic/Desktop/Xcar_chidi/install/img_processing/lib/img_processing
[1.821s] writing list of installed files to '/home/loic/Desktop/Xcar_chidi/build/img_processing/install.log'
[1.882s] Invoked command in '/home/loic/Desktop/Xcar_chidi/jetsonNano/ros2_ws/src/img_processing' returned '0': PYTHONPATH=/home/loic/Desktop/Xcar_chidi/build/img_processing/prefix_override:/home/loic/Desktop/Xcar_chidi/install/img_processing/lib/python3.10/site-packages:${PYTHONPATH} /usr/bin/python3 setup.py egg_info --egg-base ../../../../build/img_processing build --build-base /home/loic/Desktop/Xcar_chidi/build/img_processing/build install --record /home/loic/Desktop/Xcar_chidi/build/img_processing/install.log --single-version-externally-managed
