[0.073s] Invoking command in '/home/loic/Desktop/Xcar_chidi/raspberryPI3/ros2_ws/build/state_machine': CMAKE_PREFIX_PATH=/opt/ros/humble /usr/bin/cmake --build /home/loic/Desktop/Xcar_chidi/raspberryPI3/ros2_ws/build/state_machine -- -j8 -l8
[0.143s] [35m[1mConsolidate compiler generated dependencies of target state_machine_node[0m
[0.175s] [ 50%] [32mBuilding CXX object CMakeFiles/state_machine_node.dir/src/state_machine_node.cpp.o[0m
[13.101s] [100%] [32m[1mLinking CXX executable state_machine_node[0m
[13.999s] [100%] Built target state_machine_node
[14.017s] Invoked command in '/home/loic/Desktop/Xcar_chidi/raspberryPI3/ros2_ws/build/state_machine' returned '0': CMAKE_PREFIX_PATH=/opt/ros/humble /usr/bin/cmake --build /home/loic/Desktop/Xcar_chidi/raspberryPI3/ros2_ws/build/state_machine -- -j8 -l8
[14.067s] Invoking command in '/home/loic/Desktop/Xcar_chidi/raspberryPI3/ros2_ws/build/state_machine': CMAKE_PREFIX_PATH=/opt/ros/humble /usr/bin/cmake --install /home/loic/Desktop/Xcar_chidi/raspberryPI3/ros2_ws/build/state_machine
[14.078s] -- Install configuration: ""
[14.078s] -- Installing: /home/loic/Desktop/Xcar_chidi/raspberryPI3/ros2_ws/install/state_machine/lib/state_machine/state_machine_node
[14.092s] -- Set runtime path of "/home/loic/Desktop/Xcar_chidi/raspberryPI3/ros2_ws/install/state_machine/lib/state_machine/state_machine_node" to ""
[14.092s] -- Up-to-date: /home/loic/Desktop/Xcar_chidi/raspberryPI3/ros2_ws/install/state_machine/share/ament_index/resource_index/package_run_dependencies/state_machine
[14.093s] -- Up-to-date: /home/loic/Desktop/Xcar_chidi/raspberryPI3/ros2_ws/install/state_machine/share/ament_index/resource_index/parent_prefix_path/state_machine
[14.093s] -- Up-to-date: /home/loic/Desktop/Xcar_chidi/raspberryPI3/ros2_ws/install/state_machine/share/state_machine/environment/ament_prefix_path.sh
[14.093s] -- Up-to-date: /home/loic/Desktop/Xcar_chidi/raspberryPI3/ros2_ws/install/state_machine/share/state_machine/environment/ament_prefix_path.dsv
[14.093s] -- Up-to-date: /home/loic/Desktop/Xcar_chidi/raspberryPI3/ros2_ws/install/state_machine/share/state_machine/environment/path.sh
[14.093s] -- Up-to-date: /home/loic/Desktop/Xcar_chidi/raspberryPI3/ros2_ws/install/state_machine/share/state_machine/environment/path.dsv
[14.093s] -- Up-to-date: /home/loic/Desktop/Xcar_chidi/raspberryPI3/ros2_ws/install/state_machine/share/state_machine/local_setup.bash
[14.093s] -- Up-to-date: /home/loic/Desktop/Xcar_chidi/raspberryPI3/ros2_ws/install/state_machine/share/state_machine/local_setup.sh
[14.094s] -- Up-to-date: /home/loic/Desktop/Xcar_chidi/raspberryPI3/ros2_ws/install/state_machine/share/state_machine/local_setup.zsh
[14.094s] -- Up-to-date: /home/loic/Desktop/Xcar_chidi/raspberryPI3/ros2_ws/install/state_machine/share/state_machine/local_setup.dsv
[14.094s] -- Installing: /home/loic/Desktop/Xcar_chidi/raspberryPI3/ros2_ws/install/state_machine/share/state_machine/package.dsv
[14.094s] -- Up-to-date: /home/loic/Desktop/Xcar_chidi/raspberryPI3/ros2_ws/install/state_machine/share/ament_index/resource_index/packages/state_machine
[14.094s] -- Up-to-date: /home/loic/Desktop/Xcar_chidi/raspberryPI3/ros2_ws/install/state_machine/share/state_machine/cmake/ament_cmake_export_include_directories-extras.cmake
[14.094s] -- Up-to-date: /home/loic/Desktop/Xcar_chidi/raspberryPI3/ros2_ws/install/state_machine/share/state_machine/cmake/state_machineConfig.cmake
[14.094s] -- Up-to-date: /home/loic/Desktop/Xcar_chidi/raspberryPI3/ros2_ws/install/state_machine/share/state_machine/cmake/state_machineConfig-version.cmake
[14.095s] -- Up-to-date: /home/loic/Desktop/Xcar_chidi/raspberryPI3/ros2_ws/install/state_machine/share/state_machine/package.xml
[14.097s] Invoked command in '/home/loic/Desktop/Xcar_chidi/raspberryPI3/ros2_ws/build/state_machine' returned '0': CMAKE_PREFIX_PATH=/opt/ros/humble /usr/bin/cmake --install /home/loic/Desktop/Xcar_chidi/raspberryPI3/ros2_ws/build/state_machine
