[1.124s] DEBUG:colcon:Command line arguments: ['/usr/bin/colcon', 'build', '--packages-select', 'carla_msgs']
[1.124s] DEBUG:colcon:Parsed command line arguments: Namespace(log_base=None, log_level=None, verb_name='build', build_base='build', install_base='install', merge_install=False, symlink_install=False, test_result_base=None, continue_on_error=False, executor='parallel', parallel_workers=8, event_handlers=None, ignore_user_meta=False, metas=['./colcon.meta'], base_paths=['.'], packages_ignore=None, packages_ignore_regex=None, paths=None, packages_up_to=None, packages_up_to_regex=None, packages_above=None, packages_above_and_dependencies=None, packages_above_depth=None, packages_select_by_dep=None, packages_skip_by_dep=None, packages_skip_up_to=None, packages_select_build_failed=False, packages_skip_build_finished=False, packages_select_test_failures=False, packages_skip_test_passed=False, packages_select=['carla_msgs'], packages_skip=None, packages_select_regex=None, packages_skip_regex=None, packages_start=None, packages_end=None, allow_overriding=[], cmake_args=None, cmake_target=None, cmake_target_skip_unavailable=False, cmake_clean_cache=False, cmake_clean_first=False, cmake_force_configure=False, ament_cmake_args=None, catkin_cmake_args=None, catkin_skip_building_tests=False, verb_parser=<colcon_defaults.argument_parser.defaults.DefaultArgumentsDecorator object at 0x7fd27fdb4e80>, verb_extension=<colcon_core.verb.build.BuildVerb object at 0x7fd27fdb4100>, main=<bound method BuildVerb.main of <colcon_core.verb.build.BuildVerb object at 0x7fd27fdb4100>>)
[1.190s] Level 1:colcon.colcon_core.package_discovery:discover_packages(colcon_meta) check parameters
[1.190s] Level 1:colcon.colcon_core.package_discovery:discover_packages(recursive) check parameters
[1.190s] Level 1:colcon.colcon_core.package_discovery:discover_packages(ignore) check parameters
[1.190s] Level 1:colcon.colcon_core.package_discovery:discover_packages(path) check parameters
[1.190s] Level 1:colcon.colcon_core.package_discovery:discover_packages(colcon_meta) discover
[1.191s] Level 1:colcon.colcon_core.package_discovery:discover_packages(recursive) discover
[1.191s] INFO:colcon.colcon_core.package_discovery:Crawling recursively for packages in '/home/loic/Desktop/Xcar_chidi/raspberryPI3/ros2_ws'
[1.191s] Level 1:colcon.colcon_core.package_identification:_identify(.) by extensions ['ignore', 'ignore_ament_install']
[1.191s] Level 1:colcon.colcon_core.package_identification:_identify(.) by extension 'ignore'
[1.191s] Level 1:colcon.colcon_core.package_identification:_identify(.) by extension 'ignore_ament_install'
[1.191s] Level 1:colcon.colcon_core.package_identification:_identify(.) by extensions ['colcon_pkg']
[1.191s] Level 1:colcon.colcon_core.package_identification:_identify(.) by extension 'colcon_pkg'
[1.191s] Level 1:colcon.colcon_core.package_identification:_identify(.) by extensions ['colcon_meta']
[1.191s] Level 1:colcon.colcon_core.package_identification:_identify(.) by extension 'colcon_meta'
[1.191s] Level 1:colcon.colcon_core.package_identification:_identify(.) by extensions ['ros']
[1.191s] Level 1:colcon.colcon_core.package_identification:_identify(.) by extension 'ros'
[1.206s] Level 1:colcon.colcon_core.package_identification:_identify(.) by extensions ['cmake', 'python']
[1.206s] Level 1:colcon.colcon_core.package_identification:_identify(.) by extension 'cmake'
[1.206s] Level 1:colcon.colcon_core.package_identification:_identify(.) by extension 'python'
[1.206s] Level 1:colcon.colcon_core.package_identification:_identify(.) by extensions ['python_setup_py']
[1.206s] Level 1:colcon.colcon_core.package_identification:_identify(.) by extension 'python_setup_py'
[1.206s] Level 1:colcon.colcon_core.package_identification:_identify(build) by extensions ['ignore', 'ignore_ament_install']
[1.206s] Level 1:colcon.colcon_core.package_identification:_identify(build) by extension 'ignore'
[1.206s] Level 1:colcon.colcon_core.package_identification:_identify(build) ignored
[1.207s] Level 1:colcon.colcon_core.package_identification:_identify(install) by extensions ['ignore', 'ignore_ament_install']
[1.207s] Level 1:colcon.colcon_core.package_identification:_identify(install) by extension 'ignore'
[1.207s] Level 1:colcon.colcon_core.package_identification:_identify(install) ignored
[1.207s] Level 1:colcon.colcon_core.package_identification:_identify(log) by extensions ['ignore', 'ignore_ament_install']
[1.207s] Level 1:colcon.colcon_core.package_identification:_identify(log) by extension 'ignore'
[1.207s] Level 1:colcon.colcon_core.package_identification:_identify(log) ignored
[1.207s] Level 1:colcon.colcon_core.package_identification:_identify(src) by extensions ['ignore', 'ignore_ament_install']
[1.207s] Level 1:colcon.colcon_core.package_identification:_identify(src) by extension 'ignore'
[1.207s] Level 1:colcon.colcon_core.package_identification:_identify(src) by extension 'ignore_ament_install'
[1.207s] Level 1:colcon.colcon_core.package_identification:_identify(src) by extensions ['colcon_pkg']
[1.207s] Level 1:colcon.colcon_core.package_identification:_identify(src) by extension 'colcon_pkg'
[1.208s] Level 1:colcon.colcon_core.package_identification:_identify(src) by extensions ['colcon_meta']
[1.208s] Level 1:colcon.colcon_core.package_identification:_identify(src) by extension 'colcon_meta'
[1.208s] Level 1:colcon.colcon_core.package_identification:_identify(src) by extensions ['ros']
[1.208s] Level 1:colcon.colcon_core.package_identification:_identify(src) by extension 'ros'
[1.208s] Level 1:colcon.colcon_core.package_identification:_identify(src) by extensions ['cmake', 'python']
[1.208s] Level 1:colcon.colcon_core.package_identification:_identify(src) by extension 'cmake'
[1.208s] Level 1:colcon.colcon_core.package_identification:_identify(src) by extension 'python'
[1.208s] Level 1:colcon.colcon_core.package_identification:_identify(src) by extensions ['python_setup_py']
[1.208s] Level 1:colcon.colcon_core.package_identification:_identify(src) by extension 'python_setup_py'
[1.208s] Level 1:colcon.colcon_core.package_identification:_identify(src/can) by extensions ['ignore', 'ignore_ament_install']
[1.208s] Level 1:colcon.colcon_core.package_identification:_identify(src/can) by extension 'ignore'
[1.208s] Level 1:colcon.colcon_core.package_identification:_identify(src/can) by extension 'ignore_ament_install'
[1.208s] Level 1:colcon.colcon_core.package_identification:_identify(src/can) by extensions ['colcon_pkg']
[1.208s] Level 1:colcon.colcon_core.package_identification:_identify(src/can) by extension 'colcon_pkg'
[1.209s] Level 1:colcon.colcon_core.package_identification:_identify(src/can) by extensions ['colcon_meta']
[1.209s] Level 1:colcon.colcon_core.package_identification:_identify(src/can) by extension 'colcon_meta'
[1.209s] Level 1:colcon.colcon_core.package_identification:_identify(src/can) by extensions ['ros']
[1.209s] Level 1:colcon.colcon_core.package_identification:_identify(src/can) by extension 'ros'
[1.212s] DEBUG:colcon.colcon_core.package_identification:Package 'src/can' with type 'ros.ament_cmake' and name 'can'
[1.212s] Level 1:colcon.colcon_core.package_identification:_identify(src/car_control) by extensions ['ignore', 'ignore_ament_install']
[1.212s] Level 1:colcon.colcon_core.package_identification:_identify(src/car_control) by extension 'ignore'
[1.212s] Level 1:colcon.colcon_core.package_identification:_identify(src/car_control) by extension 'ignore_ament_install'
[1.212s] Level 1:colcon.colcon_core.package_identification:_identify(src/car_control) by extensions ['colcon_pkg']
[1.212s] Level 1:colcon.colcon_core.package_identification:_identify(src/car_control) by extension 'colcon_pkg'
[1.212s] Level 1:colcon.colcon_core.package_identification:_identify(src/car_control) by extensions ['colcon_meta']
[1.212s] Level 1:colcon.colcon_core.package_identification:_identify(src/car_control) by extension 'colcon_meta'
[1.212s] Level 1:colcon.colcon_core.package_identification:_identify(src/car_control) by extensions ['ros']
[1.212s] Level 1:colcon.colcon_core.package_identification:_identify(src/car_control) by extension 'ros'
[1.213s] DEBUG:colcon.colcon_core.package_identification:Package 'src/car_control' with type 'ros.ament_cmake' and name 'car_control'
[1.214s] Level 1:colcon.colcon_core.package_identification:_identify(src/carla_msgs) by extensions ['ignore', 'ignore_ament_install']
[1.214s] Level 1:colcon.colcon_core.package_identification:_identify(src/carla_msgs) by extension 'ignore'
[1.214s] Level 1:colcon.colcon_core.package_identification:_identify(src/carla_msgs) by extension 'ignore_ament_install'
[1.214s] Level 1:colcon.colcon_core.package_identification:_identify(src/carla_msgs) by extensions ['colcon_pkg']
[1.214s] Level 1:colcon.colcon_core.package_identification:_identify(src/carla_msgs) by extension 'colcon_pkg'
[1.214s] Level 1:colcon.colcon_core.package_identification:_identify(src/carla_msgs) by extensions ['colcon_meta']
[1.214s] Level 1:colcon.colcon_core.package_identification:_identify(src/carla_msgs) by extension 'colcon_meta'
[1.214s] Level 1:colcon.colcon_core.package_identification:_identify(src/carla_msgs) by extensions ['ros']
[1.214s] Level 1:colcon.colcon_core.package_identification:_identify(src/carla_msgs) by extension 'ros'
[1.215s] DEBUG:colcon.colcon_core.package_identification:Package 'src/carla_msgs' with type 'ros.ament_cmake' and name 'carla_msgs'
[1.216s] Level 1:colcon.colcon_core.package_identification:_identify(src/geicar_start) by extensions ['ignore', 'ignore_ament_install']
[1.216s] Level 1:colcon.colcon_core.package_identification:_identify(src/geicar_start) by extension 'ignore'
[1.216s] Level 1:colcon.colcon_core.package_identification:_identify(src/geicar_start) by extension 'ignore_ament_install'
[1.216s] Level 1:colcon.colcon_core.package_identification:_identify(src/geicar_start) by extensions ['colcon_pkg']
[1.216s] Level 1:colcon.colcon_core.package_identification:_identify(src/geicar_start) by extension 'colcon_pkg'
[1.216s] Level 1:colcon.colcon_core.package_identification:_identify(src/geicar_start) by extensions ['colcon_meta']
[1.216s] Level 1:colcon.colcon_core.package_identification:_identify(src/geicar_start) by extension 'colcon_meta'
[1.216s] Level 1:colcon.colcon_core.package_identification:_identify(src/geicar_start) by extensions ['ros']
[1.216s] Level 1:colcon.colcon_core.package_identification:_identify(src/geicar_start) by extension 'ros'
[1.217s] DEBUG:colcon.colcon_core.package_identification:Package 'src/geicar_start' with type 'ros.ament_cmake' and name 'geicar_start'
[1.217s] Level 1:colcon.colcon_core.package_identification:_identify(src/imu_tools) by extensions ['ignore', 'ignore_ament_install']
[1.217s] Level 1:colcon.colcon_core.package_identification:_identify(src/imu_tools) by extension 'ignore'
[1.217s] Level 1:colcon.colcon_core.package_identification:_identify(src/imu_tools) by extension 'ignore_ament_install'
[1.217s] Level 1:colcon.colcon_core.package_identification:_identify(src/imu_tools) by extensions ['colcon_pkg']
[1.217s] Level 1:colcon.colcon_core.package_identification:_identify(src/imu_tools) by extension 'colcon_pkg'
[1.217s] Level 1:colcon.colcon_core.package_identification:_identify(src/imu_tools) by extensions ['colcon_meta']
[1.217s] Level 1:colcon.colcon_core.package_identification:_identify(src/imu_tools) by extension 'colcon_meta'
[1.218s] Level 1:colcon.colcon_core.package_identification:_identify(src/imu_tools) by extensions ['ros']
[1.218s] Level 1:colcon.colcon_core.package_identification:_identify(src/imu_tools) by extension 'ros'
[1.218s] Level 1:colcon.colcon_core.package_identification:_identify(src/imu_tools) by extensions ['cmake', 'python']
[1.218s] Level 1:colcon.colcon_core.package_identification:_identify(src/imu_tools) by extension 'cmake'
[1.218s] Level 1:colcon.colcon_core.package_identification:_identify(src/imu_tools) by extension 'python'
[1.218s] Level 1:colcon.colcon_core.package_identification:_identify(src/imu_tools) by extensions ['python_setup_py']
[1.218s] Level 1:colcon.colcon_core.package_identification:_identify(src/imu_tools) by extension 'python_setup_py'
[1.218s] Level 1:colcon.colcon_core.package_identification:_identify(src/imu_tools/imu_complementary_filter) by extensions ['ignore', 'ignore_ament_install']
[1.218s] Level 1:colcon.colcon_core.package_identification:_identify(src/imu_tools/imu_complementary_filter) by extension 'ignore'
[1.218s] Level 1:colcon.colcon_core.package_identification:_identify(src/imu_tools/imu_complementary_filter) by extension 'ignore_ament_install'
[1.218s] Level 1:colcon.colcon_core.package_identification:_identify(src/imu_tools/imu_complementary_filter) by extensions ['colcon_pkg']
[1.218s] Level 1:colcon.colcon_core.package_identification:_identify(src/imu_tools/imu_complementary_filter) by extension 'colcon_pkg'
[1.218s] Level 1:colcon.colcon_core.package_identification:_identify(src/imu_tools/imu_complementary_filter) by extensions ['colcon_meta']
[1.218s] Level 1:colcon.colcon_core.package_identification:_identify(src/imu_tools/imu_complementary_filter) by extension 'colcon_meta'
[1.218s] Level 1:colcon.colcon_core.package_identification:_identify(src/imu_tools/imu_complementary_filter) by extensions ['ros']
[1.219s] Level 1:colcon.colcon_core.package_identification:_identify(src/imu_tools/imu_complementary_filter) by extension 'ros'
[1.219s] DEBUG:colcon.colcon_core.package_identification:Package 'src/imu_tools/imu_complementary_filter' with type 'ros.ament_cmake' and name 'imu_complementary_filter'
[1.220s] Level 1:colcon.colcon_core.package_identification:_identify(src/imu_tools/imu_filter_madgwick) by extensions ['ignore', 'ignore_ament_install']
[1.220s] Level 1:colcon.colcon_core.package_identification:_identify(src/imu_tools/imu_filter_madgwick) by extension 'ignore'
[1.220s] Level 1:colcon.colcon_core.package_identification:_identify(src/imu_tools/imu_filter_madgwick) by extension 'ignore_ament_install'
[1.220s] Level 1:colcon.colcon_core.package_identification:_identify(src/imu_tools/imu_filter_madgwick) by extensions ['colcon_pkg']
[1.220s] Level 1:colcon.colcon_core.package_identification:_identify(src/imu_tools/imu_filter_madgwick) by extension 'colcon_pkg'
[1.220s] Level 1:colcon.colcon_core.package_identification:_identify(src/imu_tools/imu_filter_madgwick) by extensions ['colcon_meta']
[1.220s] Level 1:colcon.colcon_core.package_identification:_identify(src/imu_tools/imu_filter_madgwick) by extension 'colcon_meta'
[1.220s] Level 1:colcon.colcon_core.package_identification:_identify(src/imu_tools/imu_filter_madgwick) by extensions ['ros']
[1.220s] Level 1:colcon.colcon_core.package_identification:_identify(src/imu_tools/imu_filter_madgwick) by extension 'ros'
[1.222s] DEBUG:colcon.colcon_core.package_identification:Package 'src/imu_tools/imu_filter_madgwick' with type 'ros.ament_cmake' and name 'imu_filter_madgwick'
[1.223s] Level 1:colcon.colcon_core.package_identification:_identify(src/imu_tools/imu_tools) by extensions ['ignore', 'ignore_ament_install']
[1.223s] Level 1:colcon.colcon_core.package_identification:_identify(src/imu_tools/imu_tools) by extension 'ignore'
[1.223s] Level 1:colcon.colcon_core.package_identification:_identify(src/imu_tools/imu_tools) by extension 'ignore_ament_install'
[1.223s] Level 1:colcon.colcon_core.package_identification:_identify(src/imu_tools/imu_tools) by extensions ['colcon_pkg']
[1.223s] Level 1:colcon.colcon_core.package_identification:_identify(src/imu_tools/imu_tools) by extension 'colcon_pkg'
[1.223s] Level 1:colcon.colcon_core.package_identification:_identify(src/imu_tools/imu_tools) by extensions ['colcon_meta']
[1.223s] Level 1:colcon.colcon_core.package_identification:_identify(src/imu_tools/imu_tools) by extension 'colcon_meta'
[1.223s] Level 1:colcon.colcon_core.package_identification:_identify(src/imu_tools/imu_tools) by extensions ['ros']
[1.223s] Level 1:colcon.colcon_core.package_identification:_identify(src/imu_tools/imu_tools) by extension 'ros'
[1.224s] DEBUG:colcon.colcon_core.package_identification:Package 'src/imu_tools/imu_tools' with type 'ros.ament_cmake' and name 'imu_tools'
[1.224s] Level 1:colcon.colcon_core.package_identification:_identify(src/imu_tools/rviz_imu_plugin) by extensions ['ignore', 'ignore_ament_install']
[1.224s] Level 1:colcon.colcon_core.package_identification:_identify(src/imu_tools/rviz_imu_plugin) by extension 'ignore'
[1.224s] Level 1:colcon.colcon_core.package_identification:_identify(src/imu_tools/rviz_imu_plugin) by extension 'ignore_ament_install'
[1.224s] Level 1:colcon.colcon_core.package_identification:_identify(src/imu_tools/rviz_imu_plugin) by extensions ['colcon_pkg']
[1.224s] Level 1:colcon.colcon_core.package_identification:_identify(src/imu_tools/rviz_imu_plugin) by extension 'colcon_pkg'
[1.224s] Level 1:colcon.colcon_core.package_identification:_identify(src/imu_tools/rviz_imu_plugin) by extensions ['colcon_meta']
[1.224s] Level 1:colcon.colcon_core.package_identification:_identify(src/imu_tools/rviz_imu_plugin) by extension 'colcon_meta'
[1.224s] Level 1:colcon.colcon_core.package_identification:_identify(src/imu_tools/rviz_imu_plugin) by extensions ['ros']
[1.224s] Level 1:colcon.colcon_core.package_identification:_identify(src/imu_tools/rviz_imu_plugin) by extension 'ros'
[1.226s] DEBUG:colcon.colcon_core.package_identification:Package 'src/imu_tools/rviz_imu_plugin' with type 'ros.ament_cmake' and name 'rviz_imu_plugin'
[1.226s] Level 1:colcon.colcon_core.package_identification:_identify(src/interfaces) by extensions ['ignore', 'ignore_ament_install']
[1.226s] Level 1:colcon.colcon_core.package_identification:_identify(src/interfaces) by extension 'ignore'
[1.226s] Level 1:colcon.colcon_core.package_identification:_identify(src/interfaces) by extension 'ignore_ament_install'
[1.227s] Level 1:colcon.colcon_core.package_identification:_identify(src/interfaces) by extensions ['colcon_pkg']
[1.227s] Level 1:colcon.colcon_core.package_identification:_identify(src/interfaces) by extension 'colcon_pkg'
[1.227s] Level 1:colcon.colcon_core.package_identification:_identify(src/interfaces) by extensions ['colcon_meta']
[1.227s] Level 1:colcon.colcon_core.package_identification:_identify(src/interfaces) by extension 'colcon_meta'
[1.227s] Level 1:colcon.colcon_core.package_identification:_identify(src/interfaces) by extensions ['ros']
[1.227s] Level 1:colcon.colcon_core.package_identification:_identify(src/interfaces) by extension 'ros'
[1.228s] DEBUG:colcon.colcon_core.package_identification:Package 'src/interfaces' with type 'ros.ament_cmake' and name 'interfaces'
[1.228s] Level 1:colcon.colcon_core.package_identification:_identify(src/joystick) by extensions ['ignore', 'ignore_ament_install']
[1.228s] Level 1:colcon.colcon_core.package_identification:_identify(src/joystick) by extension 'ignore'
[1.228s] Level 1:colcon.colcon_core.package_identification:_identify(src/joystick) by extension 'ignore_ament_install'
[1.228s] Level 1:colcon.colcon_core.package_identification:_identify(src/joystick) by extensions ['colcon_pkg']
[1.228s] Level 1:colcon.colcon_core.package_identification:_identify(src/joystick) by extension 'colcon_pkg'
[1.228s] Level 1:colcon.colcon_core.package_identification:_identify(src/joystick) by extensions ['colcon_meta']
[1.228s] Level 1:colcon.colcon_core.package_identification:_identify(src/joystick) by extension 'colcon_meta'
[1.228s] Level 1:colcon.colcon_core.package_identification:_identify(src/joystick) by extensions ['ros']
[1.228s] Level 1:colcon.colcon_core.package_identification:_identify(src/joystick) by extension 'ros'
[1.230s] DEBUG:colcon.colcon_core.package_identification:Package 'src/joystick' with type 'ros.ament_cmake' and name 'joystick'
[1.230s] Level 1:colcon.colcon_core.package_identification:_identify(src/simulation) by extensions ['ignore', 'ignore_ament_install']
[1.230s] Level 1:colcon.colcon_core.package_identification:_identify(src/simulation) by extension 'ignore'
[1.230s] Level 1:colcon.colcon_core.package_identification:_identify(src/simulation) by extension 'ignore_ament_install'
[1.230s] Level 1:colcon.colcon_core.package_identification:_identify(src/simulation) by extensions ['colcon_pkg']
[1.230s] Level 1:colcon.colcon_core.package_identification:_identify(src/simulation) by extension 'colcon_pkg'
[1.230s] Level 1:colcon.colcon_core.package_identification:_identify(src/simulation) by extensions ['colcon_meta']
[1.230s] Level 1:colcon.colcon_core.package_identification:_identify(src/simulation) by extension 'colcon_meta'
[1.230s] Level 1:colcon.colcon_core.package_identification:_identify(src/simulation) by extensions ['ros']
[1.231s] Level 1:colcon.colcon_core.package_identification:_identify(src/simulation) by extension 'ros'
[1.231s] DEBUG:colcon.colcon_core.package_identification:Package 'src/simulation' with type 'ros.ament_cmake' and name 'simulation'
[1.232s] Level 1:colcon.colcon_core.package_identification:_identify(src/system_check) by extensions ['ignore', 'ignore_ament_install']
[1.232s] Level 1:colcon.colcon_core.package_identification:_identify(src/system_check) by extension 'ignore'
[1.232s] Level 1:colcon.colcon_core.package_identification:_identify(src/system_check) by extension 'ignore_ament_install'
[1.232s] Level 1:colcon.colcon_core.package_identification:_identify(src/system_check) by extensions ['colcon_pkg']
[1.232s] Level 1:colcon.colcon_core.package_identification:_identify(src/system_check) by extension 'colcon_pkg'
[1.232s] Level 1:colcon.colcon_core.package_identification:_identify(src/system_check) by extensions ['colcon_meta']
[1.232s] Level 1:colcon.colcon_core.package_identification:_identify(src/system_check) by extension 'colcon_meta'
[1.232s] Level 1:colcon.colcon_core.package_identification:_identify(src/system_check) by extensions ['ros']
[1.232s] Level 1:colcon.colcon_core.package_identification:_identify(src/system_check) by extension 'ros'
[1.233s] DEBUG:colcon.colcon_core.package_identification:Package 'src/system_check' with type 'ros.ament_cmake' and name 'system_check'
[1.233s] Level 1:colcon.colcon_core.package_discovery:discover_packages(recursive) using defaults
[1.233s] Level 1:colcon.colcon_core.package_discovery:discover_packages(ignore) discover
[1.233s] Level 1:colcon.colcon_core.package_discovery:discover_packages(ignore) using defaults
[1.233s] Level 1:colcon.colcon_core.package_discovery:discover_packages(path) discover
[1.233s] Level 1:colcon.colcon_core.package_discovery:discover_packages(path) using defaults
[1.308s] INFO:colcon.colcon_core.package_selection:Skipping not selected package 'imu_complementary_filter' in 'src/imu_tools/imu_complementary_filter'
[1.308s] INFO:colcon.colcon_core.package_selection:Skipping not selected package 'imu_filter_madgwick' in 'src/imu_tools/imu_filter_madgwick'
[1.308s] INFO:colcon.colcon_core.package_selection:Skipping not selected package 'interfaces' in 'src/interfaces'
[1.308s] INFO:colcon.colcon_core.package_selection:Skipping not selected package 'rviz_imu_plugin' in 'src/imu_tools/rviz_imu_plugin'
[1.308s] INFO:colcon.colcon_core.package_selection:Skipping not selected package 'can' in 'src/can'
[1.308s] INFO:colcon.colcon_core.package_selection:Skipping not selected package 'car_control' in 'src/car_control'
[1.308s] INFO:colcon.colcon_core.package_selection:Skipping not selected package 'imu_tools' in 'src/imu_tools/imu_tools'
[1.308s] INFO:colcon.colcon_core.package_selection:Skipping not selected package 'joystick' in 'src/joystick'
[1.308s] INFO:colcon.colcon_core.package_selection:Skipping not selected package 'simulation' in 'src/simulation'
[1.308s] INFO:colcon.colcon_core.package_selection:Skipping not selected package 'system_check' in 'src/system_check'
[1.308s] INFO:colcon.colcon_core.package_selection:Skipping not selected package 'geicar_start' in 'src/geicar_start'
[1.339s] Level 1:colcon.colcon_core.package_discovery:discover_packages(prefix_path) check parameters
[1.339s] Level 1:colcon.colcon_core.package_discovery:discover_packages(prefix_path) discover
[1.372s] DEBUG:colcon.colcon_installed_package_information.package_discovery:Found 270 installed packages in /opt/ros/humble
[1.374s] Level 1:colcon.colcon_core.package_discovery:discover_packages(prefix_path) using defaults
[1.487s] Level 5:colcon.colcon_core.verb:set package 'carla_msgs' build argument 'cmake_args' from command line to 'None'
[1.487s] Level 5:colcon.colcon_core.verb:set package 'carla_msgs' build argument 'cmake_target' from command line to 'None'
[1.487s] Level 5:colcon.colcon_core.verb:set package 'carla_msgs' build argument 'cmake_target_skip_unavailable' from command line to 'False'
[1.487s] Level 5:colcon.colcon_core.verb:set package 'carla_msgs' build argument 'cmake_clean_cache' from command line to 'False'
[1.487s] Level 5:colcon.colcon_core.verb:set package 'carla_msgs' build argument 'cmake_clean_first' from command line to 'False'
[1.487s] Level 5:colcon.colcon_core.verb:set package 'carla_msgs' build argument 'cmake_force_configure' from command line to 'False'
[1.487s] Level 5:colcon.colcon_core.verb:set package 'carla_msgs' build argument 'ament_cmake_args' from command line to 'None'
[1.487s] Level 5:colcon.colcon_core.verb:set package 'carla_msgs' build argument 'catkin_cmake_args' from command line to 'None'
[1.487s] Level 5:colcon.colcon_core.verb:set package 'carla_msgs' build argument 'catkin_skip_building_tests' from command line to 'False'
[1.487s] DEBUG:colcon.colcon_core.verb:Building package 'carla_msgs' with the following arguments: {'ament_cmake_args': None, 'build_base': '/home/loic/Desktop/Xcar_chidi/raspberryPI3/ros2_ws/build/carla_msgs', 'catkin_cmake_args': None, 'catkin_skip_building_tests': False, 'cmake_args': None, 'cmake_clean_cache': False, 'cmake_clean_first': False, 'cmake_force_configure': False, 'cmake_target': None, 'cmake_target_skip_unavailable': False, 'install_base': '/home/loic/Desktop/Xcar_chidi/raspberryPI3/ros2_ws/install/carla_msgs', 'merge_install': False, 'path': '/home/loic/Desktop/Xcar_chidi/raspberryPI3/ros2_ws/src/carla_msgs', 'symlink_install': False, 'test_result_base': None}
[1.503s] INFO:colcon.colcon_core.executor:Executing jobs using 'parallel' executor
[1.520s] DEBUG:colcon.colcon_parallel_executor.executor.parallel:run_until_complete
[1.520s] INFO:colcon.colcon_ros.task.ament_cmake.build:Building ROS package in '/home/loic/Desktop/Xcar_chidi/raspberryPI3/ros2_ws/src/carla_msgs' with build type 'ament_cmake'
[1.520s] INFO:colcon.colcon_cmake.task.cmake.build:Building CMake package in '/home/loic/Desktop/Xcar_chidi/raspberryPI3/ros2_ws/src/carla_msgs'
[1.541s] INFO:colcon.colcon_core.plugin_system:Skipping extension 'colcon_core.shell.bat': Not used on non-Windows systems
[1.541s] INFO:colcon.colcon_core.shell:Skip shell extension 'powershell' for command environment: Not usable outside of PowerShell
[1.541s] DEBUG:colcon.colcon_core.shell:Skip shell extension 'dsv' for command environment
[1.581s] DEBUG:colcon.colcon_core.event_handler.log_command:Invoking command in '/home/loic/Desktop/Xcar_chidi/raspberryPI3/ros2_ws/build/carla_msgs': CMAKE_PREFIX_PATH=/opt/ros/humble /usr/bin/cmake /home/loic/Desktop/Xcar_chidi/raspberryPI3/ros2_ws/src/carla_msgs -DCMAKE_INSTALL_PREFIX=/home/loic/Desktop/Xcar_chidi/raspberryPI3/ros2_ws/install/carla_msgs
[4.527s] DEBUG:colcon.colcon_core.event_handler.log_command:Invoked command in '/home/loic/Desktop/Xcar_chidi/raspberryPI3/ros2_ws/build/carla_msgs' returned '0': CMAKE_PREFIX_PATH=/opt/ros/humble /usr/bin/cmake /home/loic/Desktop/Xcar_chidi/raspberryPI3/ros2_ws/src/carla_msgs -DCMAKE_INSTALL_PREFIX=/home/loic/Desktop/Xcar_chidi/raspberryPI3/ros2_ws/install/carla_msgs
[4.530s] DEBUG:colcon.colcon_core.event_handler.log_command:Invoking command in '/home/loic/Desktop/Xcar_chidi/raspberryPI3/ros2_ws/build/carla_msgs': CMAKE_PREFIX_PATH=/opt/ros/humble /usr/bin/cmake --build /home/loic/Desktop/Xcar_chidi/raspberryPI3/ros2_ws/build/carla_msgs -- -j8 -l8
[7.225s] DEBUG:colcon.colcon_core.event_handler.log_command:Invoked command in '/home/loic/Desktop/Xcar_chidi/raspberryPI3/ros2_ws/build/carla_msgs' returned '0': CMAKE_PREFIX_PATH=/opt/ros/humble /usr/bin/cmake --build /home/loic/Desktop/Xcar_chidi/raspberryPI3/ros2_ws/build/carla_msgs -- -j8 -l8
[7.280s] DEBUG:colcon.colcon_core.event_handler.log_command:Invoking command in '/home/loic/Desktop/Xcar_chidi/raspberryPI3/ros2_ws/build/carla_msgs': CMAKE_PREFIX_PATH=/opt/ros/humble /usr/bin/cmake --install /home/loic/Desktop/Xcar_chidi/raspberryPI3/ros2_ws/build/carla_msgs
[7.351s] Level 1:colcon.colcon_core.environment:create_environment_scripts_only(carla_msgs)
[7.352s] DEBUG:colcon.colcon_core.event_handler.log_command:Invoked command in '/home/loic/Desktop/Xcar_chidi/raspberryPI3/ros2_ws/build/carla_msgs' returned '0': CMAKE_PREFIX_PATH=/opt/ros/humble /usr/bin/cmake --install /home/loic/Desktop/Xcar_chidi/raspberryPI3/ros2_ws/build/carla_msgs
[7.405s] Level 1:colcon.colcon_core.environment:checking '/home/loic/Desktop/Xcar_chidi/raspberryPI3/ros2_ws/install/carla_msgs' for CMake module files
[7.407s] Level 1:colcon.colcon_core.environment:checking '/home/loic/Desktop/Xcar_chidi/raspberryPI3/ros2_ws/install/carla_msgs' for CMake config files
[7.408s] Level 1:colcon.colcon_core.shell:create_environment_hook('carla_msgs', 'cmake_prefix_path')
[7.441s] INFO:colcon.colcon_core.shell:Creating environment hook '/home/loic/Desktop/Xcar_chidi/raspberryPI3/ros2_ws/install/carla_msgs/share/carla_msgs/hook/cmake_prefix_path.ps1'
[7.441s] INFO:colcon.colcon_core.shell:Creating environment descriptor '/home/loic/Desktop/Xcar_chidi/raspberryPI3/ros2_ws/install/carla_msgs/share/carla_msgs/hook/cmake_prefix_path.dsv'
[7.442s] INFO:colcon.colcon_core.shell:Creating environment hook '/home/loic/Desktop/Xcar_chidi/raspberryPI3/ros2_ws/install/carla_msgs/share/carla_msgs/hook/cmake_prefix_path.sh'
[7.442s] Level 1:colcon.colcon_core.environment:checking '/home/loic/Desktop/Xcar_chidi/raspberryPI3/ros2_ws/install/carla_msgs/lib'
[7.443s] Level 1:colcon.colcon_core.shell:create_environment_hook('carla_msgs', 'ld_library_path_lib')
[7.458s] INFO:colcon.colcon_core.shell:Creating environment hook '/home/loic/Desktop/Xcar_chidi/raspberryPI3/ros2_ws/install/carla_msgs/share/carla_msgs/hook/ld_library_path_lib.ps1'
[7.459s] INFO:colcon.colcon_core.shell:Creating environment descriptor '/home/loic/Desktop/Xcar_chidi/raspberryPI3/ros2_ws/install/carla_msgs/share/carla_msgs/hook/ld_library_path_lib.dsv'
[7.459s] INFO:colcon.colcon_core.shell:Creating environment hook '/home/loic/Desktop/Xcar_chidi/raspberryPI3/ros2_ws/install/carla_msgs/share/carla_msgs/hook/ld_library_path_lib.sh'
[7.459s] Level 1:colcon.colcon_core.environment:checking '/home/loic/Desktop/Xcar_chidi/raspberryPI3/ros2_ws/install/carla_msgs/bin'
[7.459s] Level 1:colcon.colcon_core.environment:checking '/home/loic/Desktop/Xcar_chidi/raspberryPI3/ros2_ws/install/carla_msgs/lib/pkgconfig/carla_msgs.pc'
[7.459s] Level 1:colcon.colcon_core.environment:checking '/home/loic/Desktop/Xcar_chidi/raspberryPI3/ros2_ws/install/carla_msgs/lib/python3.10/site-packages'
[7.460s] Level 1:colcon.colcon_core.environment:checking '/home/loic/Desktop/Xcar_chidi/raspberryPI3/ros2_ws/install/carla_msgs/bin'
[7.479s] INFO:colcon.colcon_core.shell:Creating package script '/home/loic/Desktop/Xcar_chidi/raspberryPI3/ros2_ws/install/carla_msgs/share/carla_msgs/package.ps1'
[7.480s] INFO:colcon.colcon_core.shell:Creating package descriptor '/home/loic/Desktop/Xcar_chidi/raspberryPI3/ros2_ws/install/carla_msgs/share/carla_msgs/package.dsv'
[7.480s] INFO:colcon.colcon_core.shell:Creating package script '/home/loic/Desktop/Xcar_chidi/raspberryPI3/ros2_ws/install/carla_msgs/share/carla_msgs/package.sh'
[7.481s] INFO:colcon.colcon_core.shell:Creating package script '/home/loic/Desktop/Xcar_chidi/raspberryPI3/ros2_ws/install/carla_msgs/share/carla_msgs/package.bash'
[7.482s] INFO:colcon.colcon_core.shell:Creating package script '/home/loic/Desktop/Xcar_chidi/raspberryPI3/ros2_ws/install/carla_msgs/share/carla_msgs/package.zsh'
[7.482s] Level 1:colcon.colcon_core.environment:create_file_with_runtime_dependencies(/home/loic/Desktop/Xcar_chidi/raspberryPI3/ros2_ws/install/carla_msgs/share/colcon-core/packages/carla_msgs)
[7.561s] Level 1:colcon.colcon_core.environment:create_environment_scripts_only(carla_msgs)
[7.580s] Level 1:colcon.colcon_core.environment:checking '/home/loic/Desktop/Xcar_chidi/raspberryPI3/ros2_ws/install/carla_msgs' for CMake module files
[7.581s] Level 1:colcon.colcon_core.environment:checking '/home/loic/Desktop/Xcar_chidi/raspberryPI3/ros2_ws/install/carla_msgs' for CMake config files
[7.581s] Level 1:colcon.colcon_core.shell:create_environment_hook('carla_msgs', 'cmake_prefix_path')
[7.597s] INFO:colcon.colcon_core.shell:Creating environment hook '/home/loic/Desktop/Xcar_chidi/raspberryPI3/ros2_ws/install/carla_msgs/share/carla_msgs/hook/cmake_prefix_path.ps1'
[7.597s] INFO:colcon.colcon_core.shell:Creating environment descriptor '/home/loic/Desktop/Xcar_chidi/raspberryPI3/ros2_ws/install/carla_msgs/share/carla_msgs/hook/cmake_prefix_path.dsv'
[7.598s] INFO:colcon.colcon_core.shell:Creating environment hook '/home/loic/Desktop/Xcar_chidi/raspberryPI3/ros2_ws/install/carla_msgs/share/carla_msgs/hook/cmake_prefix_path.sh'
[7.598s] Level 1:colcon.colcon_core.environment:checking '/home/loic/Desktop/Xcar_chidi/raspberryPI3/ros2_ws/install/carla_msgs/lib'
[7.598s] Level 1:colcon.colcon_core.shell:create_environment_hook('carla_msgs', 'ld_library_path_lib')
[7.615s] INFO:colcon.colcon_core.shell:Creating environment hook '/home/loic/Desktop/Xcar_chidi/raspberryPI3/ros2_ws/install/carla_msgs/share/carla_msgs/hook/ld_library_path_lib.ps1'
[7.616s] INFO:colcon.colcon_core.shell:Creating environment descriptor '/home/loic/Desktop/Xcar_chidi/raspberryPI3/ros2_ws/install/carla_msgs/share/carla_msgs/hook/ld_library_path_lib.dsv'
[7.616s] INFO:colcon.colcon_core.shell:Creating environment hook '/home/loic/Desktop/Xcar_chidi/raspberryPI3/ros2_ws/install/carla_msgs/share/carla_msgs/hook/ld_library_path_lib.sh'
[7.616s] Level 1:colcon.colcon_core.environment:checking '/home/loic/Desktop/Xcar_chidi/raspberryPI3/ros2_ws/install/carla_msgs/bin'
[7.616s] Level 1:colcon.colcon_core.environment:checking '/home/loic/Desktop/Xcar_chidi/raspberryPI3/ros2_ws/install/carla_msgs/lib/pkgconfig/carla_msgs.pc'
[7.617s] Level 1:colcon.colcon_core.environment:checking '/home/loic/Desktop/Xcar_chidi/raspberryPI3/ros2_ws/install/carla_msgs/lib/python3.10/site-packages'
[7.617s] Level 1:colcon.colcon_core.environment:checking '/home/loic/Desktop/Xcar_chidi/raspberryPI3/ros2_ws/install/carla_msgs/bin'
[7.636s] INFO:colcon.colcon_core.shell:Creating package script '/home/loic/Desktop/Xcar_chidi/raspberryPI3/ros2_ws/install/carla_msgs/share/carla_msgs/package.ps1'
[7.637s] INFO:colcon.colcon_core.shell:Creating package descriptor '/home/loic/Desktop/Xcar_chidi/raspberryPI3/ros2_ws/install/carla_msgs/share/carla_msgs/package.dsv'
[7.638s] INFO:colcon.colcon_core.shell:Creating package script '/home/loic/Desktop/Xcar_chidi/raspberryPI3/ros2_ws/install/carla_msgs/share/carla_msgs/package.sh'
[7.638s] INFO:colcon.colcon_core.shell:Creating package script '/home/loic/Desktop/Xcar_chidi/raspberryPI3/ros2_ws/install/carla_msgs/share/carla_msgs/package.bash'
[7.638s] INFO:colcon.colcon_core.shell:Creating package script '/home/loic/Desktop/Xcar_chidi/raspberryPI3/ros2_ws/install/carla_msgs/share/carla_msgs/package.zsh'
[7.639s] Level 1:colcon.colcon_core.environment:create_file_with_runtime_dependencies(/home/loic/Desktop/Xcar_chidi/raspberryPI3/ros2_ws/install/carla_msgs/share/colcon-core/packages/carla_msgs)
[7.639s] DEBUG:colcon.colcon_parallel_executor.executor.parallel:closing loop
[7.640s] DEBUG:colcon.colcon_parallel_executor.executor.parallel:loop closed
[7.640s] DEBUG:colcon.colcon_parallel_executor.executor.parallel:run_until_complete finished with '0'
[7.640s] DEBUG:colcon.colcon_core.event_reactor:joining thread
[7.695s] INFO:colcon.colcon_core.plugin_system:Skipping extension 'colcon_notification.desktop_notification.terminal_notifier': Not used on non-Darwin systems
[7.696s] INFO:colcon.colcon_core.plugin_system:Skipping extension 'colcon_notification.desktop_notification.win32': Not used on non-Windows systems
[7.696s] INFO:colcon.colcon_notification.desktop_notification:Sending desktop notification using 'notify2'
[7.818s] DEBUG:colcon.colcon_core.event_reactor:joined thread
[7.839s] INFO:colcon.colcon_core.shell:Creating prefix script '/home/loic/Desktop/Xcar_chidi/raspberryPI3/ros2_ws/install/local_setup.ps1'
[7.840s] INFO:colcon.colcon_core.shell:Creating prefix util module '/home/loic/Desktop/Xcar_chidi/raspberryPI3/ros2_ws/install/_local_setup_util_ps1.py'
[7.842s] INFO:colcon.colcon_core.shell:Creating prefix chain script '/home/loic/Desktop/Xcar_chidi/raspberryPI3/ros2_ws/install/setup.ps1'
[7.859s] INFO:colcon.colcon_core.shell:Creating prefix script '/home/loic/Desktop/Xcar_chidi/raspberryPI3/ros2_ws/install/local_setup.sh'
[7.859s] INFO:colcon.colcon_core.shell:Creating prefix util module '/home/loic/Desktop/Xcar_chidi/raspberryPI3/ros2_ws/install/_local_setup_util_sh.py'
[7.860s] INFO:colcon.colcon_core.shell:Creating prefix chain script '/home/loic/Desktop/Xcar_chidi/raspberryPI3/ros2_ws/install/setup.sh'
[7.876s] INFO:colcon.colcon_core.shell:Creating prefix script '/home/loic/Desktop/Xcar_chidi/raspberryPI3/ros2_ws/install/local_setup.bash'
[7.877s] INFO:colcon.colcon_core.shell:Creating prefix chain script '/home/loic/Desktop/Xcar_chidi/raspberryPI3/ros2_ws/install/setup.bash'
[7.893s] INFO:colcon.colcon_core.shell:Creating prefix script '/home/loic/Desktop/Xcar_chidi/raspberryPI3/ros2_ws/install/local_setup.zsh'
[7.894s] INFO:colcon.colcon_core.shell:Creating prefix chain script '/home/loic/Desktop/Xcar_chidi/raspberryPI3/ros2_ws/install/setup.zsh'
