[1.878s] Invoking command in '/home/loic/Desktop/Xcar_chidi/jetsonNano/ros2_ws/src/img_processing': PYTHONPATH=/home/loic/Desktop/Xcar_chidi/jetsonNano/ros2_ws/build/img_processing/prefix_override:/home/loic/Desktop/Xcar_chidi/jetsonNano/ros2_ws/install/img_processing/lib/python3.10/site-packages:${PYTHONPATH} /usr/bin/python3 setup.py egg_info --egg-base ../../build/img_processing build --build-base /home/loic/Desktop/Xcar_chidi/jetsonNano/ros2_ws/build/img_processing/build install --record /home/loic/Desktop/Xcar_chidi/jetsonNano/ros2_ws/build/img_processing/install.log --single-version-externally-managed
[2.422s] running egg_info
[2.423s] creating ../../build/img_processing/img_processing.egg-info
[2.424s] writing ../../build/img_processing/img_processing.egg-info/PKG-INFO
[2.424s] writing dependency_links to ../../build/img_processing/img_processing.egg-info/dependency_links.txt
[2.425s] writing entry points to ../../build/img_processing/img_processing.egg-info/entry_points.txt
[2.425s] writing requirements to ../../build/img_processing/img_processing.egg-info/requires.txt
[2.425s] writing top-level names to ../../build/img_processing/img_processing.egg-info/top_level.txt
[2.426s] writing manifest file '../../build/img_processing/img_processing.egg-info/SOURCES.txt'
[2.430s] reading manifest file '../../build/img_processing/img_processing.egg-info/SOURCES.txt'
[2.432s] writing manifest file '../../build/img_processing/img_processing.egg-info/SOURCES.txt'
[2.432s] running build
[2.432s] running build_py
[2.433s] creating /home/loic/Desktop/Xcar_chidi/jetsonNano/ros2_ws/build/img_processing/build
[2.433s] creating /home/loic/Desktop/Xcar_chidi/jetsonNano/ros2_ws/build/img_processing/build/lib
[2.433s] creating /home/loic/Desktop/Xcar_chidi/jetsonNano/ros2_ws/build/img_processing/build/lib/img_processing
[2.433s] copying img_processing/__init__.py -> /home/loic/Desktop/Xcar_chidi/jetsonNano/ros2_ws/build/img_processing/build/lib/img_processing
[2.433s] copying img_processing/img_processing_node.py -> /home/loic/Desktop/Xcar_chidi/jetsonNano/ros2_ws/build/img_processing/build/lib/img_processing
[2.433s] running install
[2.434s] /usr/lib/python3/dist-packages/setuptools/command/install.py:34: SetuptoolsDeprecationWarning: setup.py install is deprecated. Use build and pip and other standards-based tools.
[2.434s]   warnings.warn(
[2.434s] running install_lib
[2.439s] creating /home/loic/Desktop/Xcar_chidi/jetsonNano/ros2_ws/install/img_processing/lib/python3.10/site-packages/img_processing
[2.439s] copying /home/loic/Desktop/Xcar_chidi/jetsonNano/ros2_ws/build/img_processing/build/lib/img_processing/__init__.py -> /home/loic/Desktop/Xcar_chidi/jetsonNano/ros2_ws/install/img_processing/lib/python3.10/site-packages/img_processing
[2.439s] copying /home/loic/Desktop/Xcar_chidi/jetsonNano/ros2_ws/build/img_processing/build/lib/img_processing/img_processing_node.py -> /home/loic/Desktop/Xcar_chidi/jetsonNano/ros2_ws/install/img_processing/lib/python3.10/site-packages/img_processing
[2.440s] byte-compiling /home/loic/Desktop/Xcar_chidi/jetsonNano/ros2_ws/install/img_processing/lib/python3.10/site-packages/img_processing/__init__.py to __init__.cpython-310.pyc
[2.441s] byte-compiling /home/loic/Desktop/Xcar_chidi/jetsonNano/ros2_ws/install/img_processing/lib/python3.10/site-packages/img_processing/img_processing_node.py to img_processing_node.cpython-310.pyc
[2.441s] running install_data
[2.443s] creating /home/loic/Desktop/Xcar_chidi/jetsonNano/ros2_ws/install/img_processing/share/ament_index
[2.443s] creating /home/loic/Desktop/Xcar_chidi/jetsonNano/ros2_ws/install/img_processing/share/ament_index/resource_index
[2.443s] creating /home/loic/Desktop/Xcar_chidi/jetsonNano/ros2_ws/install/img_processing/share/ament_index/resource_index/packages
[2.443s] copying resource/img_processing -> /home/loic/Desktop/Xcar_chidi/jetsonNano/ros2_ws/install/img_processing/share/ament_index/resource_index/packages
[2.444s] copying package.xml -> /home/loic/Desktop/Xcar_chidi/jetsonNano/ros2_ws/install/img_processing/share/img_processing
[2.444s] running install_egg_info
[2.448s] Copying ../../build/img_processing/img_processing.egg-info to /home/loic/Desktop/Xcar_chidi/jetsonNano/ros2_ws/install/img_processing/lib/python3.10/site-packages/img_processing-0.0.0-py3.10.egg-info
[2.450s] running install_scripts
[2.498s] Installing img_processing_node script to /home/loic/Desktop/Xcar_chidi/jetsonNano/ros2_ws/install/img_processing/lib/img_processing
[2.499s] writing list of installed files to '/home/loic/Desktop/Xcar_chidi/jetsonNano/ros2_ws/build/img_processing/install.log'
[2.597s] Invoked command in '/home/loic/Desktop/Xcar_chidi/jetsonNano/ros2_ws/src/img_processing' returned '0': PYTHONPATH=/home/loic/Desktop/Xcar_chidi/jetsonNano/ros2_ws/build/img_processing/prefix_override:/home/loic/Desktop/Xcar_chidi/jetsonNano/ros2_ws/install/img_processing/lib/python3.10/site-packages:${PYTHONPATH} /usr/bin/python3 setup.py egg_info --egg-base ../../build/img_processing build --build-base /home/loic/Desktop/Xcar_chidi/jetsonNano/ros2_ws/build/img_processing/build install --record /home/loic/Desktop/Xcar_chidi/jetsonNano/ros2_ws/build/img_processing/install.log --single-version-externally-managed
