[0.087s] Invoking command in '/home/loic/Desktop/Xcar_chidi/raspberryPI3/ros2_ws/build/state_machine': CMAKE_PREFIX_PATH=${CMAKE_PREFIX_PATH}:/opt/ros/humble /usr/bin/cmake --build /home/loic/Desktop/Xcar_chidi/raspberryPI3/ros2_ws/build/state_machine -- -j8 -l8
[0.182s] [35m[1mConsolidate compiler generated dependencies of target state_machine_node[0m
[0.224s] [ 50%] [32mBuilding CXX object CMakeFiles/state_machine_node.dir/src/state_machine_node.cpp.o[0m
[2.892s] [01m[K/home/loic/Desktop/Xcar_chidi/raspberryPI3/ros2_ws/src/state_machine/src/state_machine_node.cpp:[m[K In constructor ‘[01m[Kstate_machine::state_machine()[m[K’:
[2.892s] [01m[K/home/loic/Desktop/Xcar_chidi/raspberryPI3/ros2_ws/src/state_machine/src/state_machine_node.cpp:22:76:[m[K [01;31m[Kerror: [m[K‘[01m[K_1[m[K’ was not declared in this scope; did you mean ‘[01m[Kstd::placeholders::_1[m[K’?
[2.892s]    22 |       "joystick_order", 10, std::bind(&state_machine::stateCallback, this, [01;31m[K_1[m[K));
[2.893s]       |                                                                            [01;31m[K^~[m[K
[2.893s]       |                                                                            [32m[Kstd::placeholders::_1[m[K
[2.893s] In file included from [01m[K/usr/include/c++/11/pstl/glue_algorithm_defs.h:13[m[K,
[2.893s]                  from [01m[K/usr/include/c++/11/algorithm:74[m[K,
[2.893s]                  from [01m[K/opt/ros/humble/include/rclcpp/rclcpp/executor.hpp:18[m[K,
[2.894s]                  from [01m[K/opt/ros/humble/include/rclcpp/rclcpp/executors/multi_threaded_executor.hpp:25[m[K,
[2.894s]                  from [01m[K/opt/ros/humble/include/rclcpp/rclcpp/executors.hpp:21[m[K,
[2.894s]                  from [01m[K/opt/ros/humble/include/rclcpp/rclcpp/rclcpp.hpp:155[m[K,
[2.894s]                  from [01m[K/home/loic/Desktop/Xcar_chidi/raspberryPI3/ros2_ws/src/state_machine/src/state_machine_node.cpp:2[m[K:
[2.894s] [01m[K/usr/include/c++/11/functional:225:34:[m[K [01;36m[Knote: [m[K‘[01m[Kstd::placeholders::_1[m[K’ declared here
[2.895s]   225 |     extern const _Placeholder<1> [01;36m[K_1[m[K;
[2.895s]       |                                  [01;36m[K^~[m[K
[2.895s] [01m[K/home/loic/Desktop/Xcar_chidi/raspberryPI3/ros2_ws/src/state_machine/src/state_machine_node.cpp:[m[K In member function ‘[01m[Kvoid state_machine::stateCallback(const JoystickOrder&)[m[K’:
[2.895s] [01m[K/home/loic/Desktop/Xcar_chidi/raspberryPI3/ros2_ws/src/state_machine/src/state_machine_node.cpp:37:10:[m[K [01;31m[Kerror: [m[Kexpected ‘[01m[K([m[K’ before ‘[01m[KjoyOrder[m[K’
[2.895s]    37 |       if [01;31m[KjoyOrder[m[K.mode == 0
[2.896s]       |          [01;31m[K^~~~~~~~[m[K
[2.896s] [01m[K/home/loic/Desktop/Xcar_chidi/raspberryPI3/ros2_ws/src/state_machine/src/state_machine_node.cpp:34:62:[m[K [01;35m[Kwarning: [m[Kunused parameter ‘[01m[KjoyOrder[m[K’ [[01;35m[K]8;;https://gcc.gnu.org/onlinedocs/gcc/Warning-Options.html#index-Wunused-parameter-Wunused-parameter]8;;[m[K]
[2.896s]    34 |     void stateCallback([01;35m[Kconst interfaces::msg::JoystickOrder &joyOrder[m[K)
[2.896s]       |                        [01;35m[K~~~~~~~~~~~~~~~~~~~~~~~~~~~~~~~~~~~~~~^~~~~~~~[m[K
[3.705s] gmake[2]: *** [CMakeFiles/state_machine_node.dir/build.make:76: CMakeFiles/state_machine_node.dir/src/state_machine_node.cpp.o] Error 1
[3.706s] gmake[1]: *** [CMakeFiles/Makefile2:137: CMakeFiles/state_machine_node.dir/all] Error 2
[3.707s] gmake: *** [Makefile:146: all] Error 2
[3.713s] Invoked command in '/home/loic/Desktop/Xcar_chidi/raspberryPI3/ros2_ws/build/state_machine' returned '2': CMAKE_PREFIX_PATH=${CMAKE_PREFIX_PATH}:/opt/ros/humble /usr/bin/cmake --build /home/loic/Desktop/Xcar_chidi/raspberryPI3/ros2_ws/build/state_machine -- -j8 -l8
