[0.131s] Invoking command in '/home/loic/Desktop/Xcar_chidi/raspberryPI3/ros2_ws/build/state_machine': CMAKE_PREFIX_PATH=/opt/ros/humble /usr/bin/cmake --build /home/loic/Desktop/Xcar_chidi/raspberryPI3/ros2_ws/build/state_machine -- -j8 -l8
[0.239s] [35m[1mConsolidate compiler generated dependencies of target state_machine_node[0m
[0.291s] [ 50%] [32mBuilding CXX object CMakeFiles/state_machine_node.dir/src/state_machine_node.cpp.o[0m
[18.389s] [100%] [32m[1mLinking CXX executable state_machine_node[0m
[20.068s] [100%] Built target state_machine_node
[20.100s] Invoked command in '/home/loic/Desktop/Xcar_chidi/raspberryPI3/ros2_ws/build/state_machine' returned '0': CMAKE_PREFIX_PATH=/opt/ros/humble /usr/bin/cmake --build /home/loic/Desktop/Xcar_chidi/raspberryPI3/ros2_ws/build/state_machine -- -j8 -l8
[20.191s] Invoking command in '/home/loic/Desktop/Xcar_chidi/raspberryPI3/ros2_ws/build/state_machine': CMAKE_PREFIX_PATH=/opt/ros/humble /usr/bin/cmake --install /home/loic/Desktop/Xcar_chidi/raspberryPI3/ros2_ws/build/state_machine
[20.211s] -- Install configuration: ""
[20.212s] -- Installing: /home/loic/Desktop/Xcar_chidi/raspberryPI3/ros2_ws/install/state_machine/lib/state_machine/state_machine_node
[20.235s] -- Set runtime path of "/home/loic/Desktop/Xcar_chidi/raspberryPI3/ros2_ws/install/state_machine/lib/state_machine/state_machine_node" to ""
[20.235s] -- Up-to-date: /home/loic/Desktop/Xcar_chidi/raspberryPI3/ros2_ws/install/state_machine/share/ament_index/resource_index/package_run_dependencies/state_machine
[20.235s] -- Up-to-date: /home/loic/Desktop/Xcar_chidi/raspberryPI3/ros2_ws/install/state_machine/share/ament_index/resource_index/parent_prefix_path/state_machine
[20.235s] -- Up-to-date: /home/loic/Desktop/Xcar_chidi/raspberryPI3/ros2_ws/install/state_machine/share/state_machine/environment/ament_prefix_path.sh
[20.236s] -- Up-to-date: /home/loic/Desktop/Xcar_chidi/raspberryPI3/ros2_ws/install/state_machine/share/state_machine/environment/ament_prefix_path.dsv
[20.236s] -- Up-to-date: /home/loic/Desktop/Xcar_chidi/raspberryPI3/ros2_ws/install/state_machine/share/state_machine/environment/path.sh
[20.236s] -- Up-to-date: /home/loic/Desktop/Xcar_chidi/raspberryPI3/ros2_ws/install/state_machine/share/state_machine/environment/path.dsv
[20.236s] -- Up-to-date: /home/loic/Desktop/Xcar_chidi/raspberryPI3/ros2_ws/install/state_machine/share/state_machine/local_setup.bash
[20.236s] -- Up-to-date: /home/loic/Desktop/Xcar_chidi/raspberryPI3/ros2_ws/install/state_machine/share/state_machine/local_setup.sh
[20.236s] -- Up-to-date: /home/loic/Desktop/Xcar_chidi/raspberryPI3/ros2_ws/install/state_machine/share/state_machine/local_setup.zsh
[20.236s] -- Up-to-date: /home/loic/Desktop/Xcar_chidi/raspberryPI3/ros2_ws/install/state_machine/share/state_machine/local_setup.dsv
[20.237s] -- Installing: /home/loic/Desktop/Xcar_chidi/raspberryPI3/ros2_ws/install/state_machine/share/state_machine/package.dsv
[20.237s] -- Up-to-date: /home/loic/Desktop/Xcar_chidi/raspberryPI3/ros2_ws/install/state_machine/share/ament_index/resource_index/packages/state_machine
[20.237s] -- Up-to-date: /home/loic/Desktop/Xcar_chidi/raspberryPI3/ros2_ws/install/state_machine/share/state_machine/cmake/ament_cmake_export_include_directories-extras.cmake
[20.237s] -- Up-to-date: /home/loic/Desktop/Xcar_chidi/raspberryPI3/ros2_ws/install/state_machine/share/state_machine/cmake/state_machineConfig.cmake
[20.237s] -- Up-to-date: /home/loic/Desktop/Xcar_chidi/raspberryPI3/ros2_ws/install/state_machine/share/state_machine/cmake/state_machineConfig-version.cmake
[20.237s] -- Up-to-date: /home/loic/Desktop/Xcar_chidi/raspberryPI3/ros2_ws/install/state_machine/share/state_machine/package.xml
[20.242s] Invoked command in '/home/loic/Desktop/Xcar_chidi/raspberryPI3/ros2_ws/build/state_machine' returned '0': CMAKE_PREFIX_PATH=/opt/ros/humble /usr/bin/cmake --install /home/loic/Desktop/Xcar_chidi/raspberryPI3/ros2_ws/build/state_machine
