[4.389s] DEBUG:colcon:Command line arguments: ['/usr/bin/colcon', 'build', '--packages-select', 'avoidance']
[4.390s] DEBUG:colcon:Parsed command line arguments: Namespace(log_base=None, log_level=None, verb_name='build', build_base='build', install_base='install', merge_install=False, symlink_install=False, test_result_base=None, continue_on_error=False, executor='parallel', parallel_workers=4, event_handlers=None, ignore_user_meta=False, metas=['./colcon.meta'], base_paths=['.'], packages_ignore=None, packages_ignore_regex=None, paths=None, packages_up_to=None, packages_up_to_regex=None, packages_above=None, packages_above_and_dependencies=None, packages_above_depth=None, packages_select_by_dep=None, packages_skip_by_dep=None, packages_skip_up_to=None, packages_select_build_failed=False, packages_skip_build_finished=False, packages_select_test_failures=False, packages_skip_test_passed=False, packages_select=['avoidance'], packages_skip=None, packages_select_regex=None, packages_skip_regex=None, packages_start=None, packages_end=None, allow_overriding=[], cmake_args=None, cmake_target=None, cmake_target_skip_unavailable=False, cmake_clean_cache=False, cmake_clean_first=False, cmake_force_configure=False, ament_cmake_args=None, catkin_cmake_args=None, catkin_skip_building_tests=False, verb_parser=<colcon_defaults.argument_parser.defaults.DefaultArgumentsDecorator object at 0xffffbb2b5b70>, verb_extension=<colcon_core.verb.build.BuildVerb object at 0xffffbb7b7370>, main=<bound method BuildVerb.main of <colcon_core.verb.build.BuildVerb object at 0xffffbb7b7370>>)
[4.591s] Level 1:colcon.colcon_core.package_discovery:discover_packages(colcon_meta) check parameters
[4.592s] Level 1:colcon.colcon_core.package_discovery:discover_packages(recursive) check parameters
[4.592s] Level 1:colcon.colcon_core.package_discovery:discover_packages(ignore) check parameters
[4.592s] Level 1:colcon.colcon_core.package_discovery:discover_packages(path) check parameters
[4.593s] Level 1:colcon.colcon_core.package_discovery:discover_packages(colcon_meta) discover
[4.593s] Level 1:colcon.colcon_core.package_discovery:discover_packages(recursive) discover
[4.593s] INFO:colcon.colcon_core.package_discovery:Crawling recursively for packages in '/home/pi/avoidance/Xcar_chidi/raspberryPI3'
[4.594s] Level 1:colcon.colcon_core.package_identification:_identify(.) by extensions ['ignore', 'ignore_ament_install']
[4.594s] Level 1:colcon.colcon_core.package_identification:_identify(.) by extension 'ignore'
[4.594s] Level 1:colcon.colcon_core.package_identification:_identify(.) by extension 'ignore_ament_install'
[4.594s] Level 1:colcon.colcon_core.package_identification:_identify(.) by extensions ['colcon_pkg']
[4.595s] Level 1:colcon.colcon_core.package_identification:_identify(.) by extension 'colcon_pkg'
[4.595s] Level 1:colcon.colcon_core.package_identification:_identify(.) by extensions ['colcon_meta']
[4.595s] Level 1:colcon.colcon_core.package_identification:_identify(.) by extension 'colcon_meta'
[4.595s] Level 1:colcon.colcon_core.package_identification:_identify(.) by extensions ['ros']
[4.595s] Level 1:colcon.colcon_core.package_identification:_identify(.) by extension 'ros'
[4.641s] Level 1:colcon.colcon_core.package_identification:_identify(.) by extensions ['cmake', 'python']
[4.642s] Level 1:colcon.colcon_core.package_identification:_identify(.) by extension 'cmake'
[4.642s] Level 1:colcon.colcon_core.package_identification:_identify(.) by extension 'python'
[4.642s] Level 1:colcon.colcon_core.package_identification:_identify(.) by extensions ['python_setup_py']
[4.642s] Level 1:colcon.colcon_core.package_identification:_identify(.) by extension 'python_setup_py'
[4.643s] Level 1:colcon.colcon_core.package_identification:_identify(build) by extensions ['ignore', 'ignore_ament_install']
[4.643s] Level 1:colcon.colcon_core.package_identification:_identify(build) by extension 'ignore'
[4.643s] Level 1:colcon.colcon_core.package_identification:_identify(build) ignored
[4.644s] Level 1:colcon.colcon_core.package_identification:_identify(configuration_files) by extensions ['ignore', 'ignore_ament_install']
[4.644s] Level 1:colcon.colcon_core.package_identification:_identify(configuration_files) by extension 'ignore'
[4.645s] Level 1:colcon.colcon_core.package_identification:_identify(configuration_files) by extension 'ignore_ament_install'
[4.645s] Level 1:colcon.colcon_core.package_identification:_identify(configuration_files) by extensions ['colcon_pkg']
[4.645s] Level 1:colcon.colcon_core.package_identification:_identify(configuration_files) by extension 'colcon_pkg'
[4.645s] Level 1:colcon.colcon_core.package_identification:_identify(configuration_files) by extensions ['colcon_meta']
[4.645s] Level 1:colcon.colcon_core.package_identification:_identify(configuration_files) by extension 'colcon_meta'
[4.646s] Level 1:colcon.colcon_core.package_identification:_identify(configuration_files) by extensions ['ros']
[4.646s] Level 1:colcon.colcon_core.package_identification:_identify(configuration_files) by extension 'ros'
[4.646s] Level 1:colcon.colcon_core.package_identification:_identify(configuration_files) by extensions ['cmake', 'python']
[4.646s] Level 1:colcon.colcon_core.package_identification:_identify(configuration_files) by extension 'cmake'
[4.646s] Level 1:colcon.colcon_core.package_identification:_identify(configuration_files) by extension 'python'
[4.647s] Level 1:colcon.colcon_core.package_identification:_identify(configuration_files) by extensions ['python_setup_py']
[4.647s] Level 1:colcon.colcon_core.package_identification:_identify(configuration_files) by extension 'python_setup_py'
[4.647s] Level 1:colcon.colcon_core.package_identification:_identify(install) by extensions ['ignore', 'ignore_ament_install']
[4.648s] Level 1:colcon.colcon_core.package_identification:_identify(install) by extension 'ignore'
[4.648s] Level 1:colcon.colcon_core.package_identification:_identify(install) ignored
[4.648s] Level 1:colcon.colcon_core.package_identification:_identify(log) by extensions ['ignore', 'ignore_ament_install']
[4.649s] Level 1:colcon.colcon_core.package_identification:_identify(log) by extension 'ignore'
[4.649s] Level 1:colcon.colcon_core.package_identification:_identify(log) ignored
[4.649s] Level 1:colcon.colcon_core.package_identification:_identify(ros2_ws) by extensions ['ignore', 'ignore_ament_install']
[4.650s] Level 1:colcon.colcon_core.package_identification:_identify(ros2_ws) by extension 'ignore'
[4.650s] Level 1:colcon.colcon_core.package_identification:_identify(ros2_ws) by extension 'ignore_ament_install'
[4.650s] Level 1:colcon.colcon_core.package_identification:_identify(ros2_ws) by extensions ['colcon_pkg']
[4.650s] Level 1:colcon.colcon_core.package_identification:_identify(ros2_ws) by extension 'colcon_pkg'
[4.650s] Level 1:colcon.colcon_core.package_identification:_identify(ros2_ws) by extensions ['colcon_meta']
[4.650s] Level 1:colcon.colcon_core.package_identification:_identify(ros2_ws) by extension 'colcon_meta'
[4.651s] Level 1:colcon.colcon_core.package_identification:_identify(ros2_ws) by extensions ['ros']
[4.651s] Level 1:colcon.colcon_core.package_identification:_identify(ros2_ws) by extension 'ros'
[4.651s] Level 1:colcon.colcon_core.package_identification:_identify(ros2_ws) by extensions ['cmake', 'python']
[4.651s] Level 1:colcon.colcon_core.package_identification:_identify(ros2_ws) by extension 'cmake'
[4.651s] Level 1:colcon.colcon_core.package_identification:_identify(ros2_ws) by extension 'python'
[4.652s] Level 1:colcon.colcon_core.package_identification:_identify(ros2_ws) by extensions ['python_setup_py']
[4.652s] Level 1:colcon.colcon_core.package_identification:_identify(ros2_ws) by extension 'python_setup_py'
[4.652s] Level 1:colcon.colcon_core.package_identification:_identify(ros2_ws/build) by extensions ['ignore', 'ignore_ament_install']
[4.653s] Level 1:colcon.colcon_core.package_identification:_identify(ros2_ws/build) by extension 'ignore'
[4.653s] Level 1:colcon.colcon_core.package_identification:_identify(ros2_ws/build) ignored
[4.654s] Level 1:colcon.colcon_core.package_identification:_identify(ros2_ws/install) by extensions ['ignore', 'ignore_ament_install']
[4.654s] Level 1:colcon.colcon_core.package_identification:_identify(ros2_ws/install) by extension 'ignore'
[4.654s] Level 1:colcon.colcon_core.package_identification:_identify(ros2_ws/install) ignored
[4.655s] Level 1:colcon.colcon_core.package_identification:_identify(ros2_ws/log) by extensions ['ignore', 'ignore_ament_install']
[4.656s] Level 1:colcon.colcon_core.package_identification:_identify(ros2_ws/log) by extension 'ignore'
[4.656s] Level 1:colcon.colcon_core.package_identification:_identify(ros2_ws/log) ignored
[4.656s] Level 1:colcon.colcon_core.package_identification:_identify(ros2_ws/src) by extensions ['ignore', 'ignore_ament_install']
[4.657s] Level 1:colcon.colcon_core.package_identification:_identify(ros2_ws/src) by extension 'ignore'
[4.657s] Level 1:colcon.colcon_core.package_identification:_identify(ros2_ws/src) by extension 'ignore_ament_install'
[4.657s] Level 1:colcon.colcon_core.package_identification:_identify(ros2_ws/src) by extensions ['colcon_pkg']
[4.657s] Level 1:colcon.colcon_core.package_identification:_identify(ros2_ws/src) by extension 'colcon_pkg'
[4.657s] Level 1:colcon.colcon_core.package_identification:_identify(ros2_ws/src) by extensions ['colcon_meta']
[4.658s] Level 1:colcon.colcon_core.package_identification:_identify(ros2_ws/src) by extension 'colcon_meta'
[4.658s] Level 1:colcon.colcon_core.package_identification:_identify(ros2_ws/src) by extensions ['ros']
[4.658s] Level 1:colcon.colcon_core.package_identification:_identify(ros2_ws/src) by extension 'ros'
[4.658s] Level 1:colcon.colcon_core.package_identification:_identify(ros2_ws/src) by extensions ['cmake', 'python']
[4.658s] Level 1:colcon.colcon_core.package_identification:_identify(ros2_ws/src) by extension 'cmake'
[4.659s] Level 1:colcon.colcon_core.package_identification:_identify(ros2_ws/src) by extension 'python'
[4.659s] Level 1:colcon.colcon_core.package_identification:_identify(ros2_ws/src) by extensions ['python_setup_py']
[4.659s] Level 1:colcon.colcon_core.package_identification:_identify(ros2_ws/src) by extension 'python_setup_py'
[4.659s] Level 1:colcon.colcon_core.package_identification:_identify(ros2_ws/src/avoidance) by extensions ['ignore', 'ignore_ament_install']
[4.660s] Level 1:colcon.colcon_core.package_identification:_identify(ros2_ws/src/avoidance) by extension 'ignore'
[4.660s] Level 1:colcon.colcon_core.package_identification:_identify(ros2_ws/src/avoidance) by extension 'ignore_ament_install'
[4.660s] Level 1:colcon.colcon_core.package_identification:_identify(ros2_ws/src/avoidance) by extensions ['colcon_pkg']
[4.660s] Level 1:colcon.colcon_core.package_identification:_identify(ros2_ws/src/avoidance) by extension 'colcon_pkg'
[4.661s] Level 1:colcon.colcon_core.package_identification:_identify(ros2_ws/src/avoidance) by extensions ['colcon_meta']
[4.661s] Level 1:colcon.colcon_core.package_identification:_identify(ros2_ws/src/avoidance) by extension 'colcon_meta'
[4.661s] Level 1:colcon.colcon_core.package_identification:_identify(ros2_ws/src/avoidance) by extensions ['ros']
[4.661s] Level 1:colcon.colcon_core.package_identification:_identify(ros2_ws/src/avoidance) by extension 'ros'
[4.671s] DEBUG:colcon.colcon_core.package_identification:Package 'ros2_ws/src/avoidance' with type 'ros.ament_cmake' and name 'avoidance'
[4.671s] Level 1:colcon.colcon_core.package_identification:_identify(ros2_ws/src/can) by extensions ['ignore', 'ignore_ament_install']
[4.672s] Level 1:colcon.colcon_core.package_identification:_identify(ros2_ws/src/can) by extension 'ignore'
[4.672s] Level 1:colcon.colcon_core.package_identification:_identify(ros2_ws/src/can) by extension 'ignore_ament_install'
[4.672s] Level 1:colcon.colcon_core.package_identification:_identify(ros2_ws/src/can) by extensions ['colcon_pkg']
[4.672s] Level 1:colcon.colcon_core.package_identification:_identify(ros2_ws/src/can) by extension 'colcon_pkg'
[4.673s] Level 1:colcon.colcon_core.package_identification:_identify(ros2_ws/src/can) by extensions ['colcon_meta']
[4.673s] Level 1:colcon.colcon_core.package_identification:_identify(ros2_ws/src/can) by extension 'colcon_meta'
[4.673s] Level 1:colcon.colcon_core.package_identification:_identify(ros2_ws/src/can) by extensions ['ros']
[4.673s] Level 1:colcon.colcon_core.package_identification:_identify(ros2_ws/src/can) by extension 'ros'
[4.676s] DEBUG:colcon.colcon_core.package_identification:Package 'ros2_ws/src/can' with type 'ros.ament_cmake' and name 'can'
[4.677s] Level 1:colcon.colcon_core.package_identification:_identify(ros2_ws/src/car_control) by extensions ['ignore', 'ignore_ament_install']
[4.677s] Level 1:colcon.colcon_core.package_identification:_identify(ros2_ws/src/car_control) by extension 'ignore'
[4.677s] Level 1:colcon.colcon_core.package_identification:_identify(ros2_ws/src/car_control) by extension 'ignore_ament_install'
[4.678s] Level 1:colcon.colcon_core.package_identification:_identify(ros2_ws/src/car_control) by extensions ['colcon_pkg']
[4.678s] Level 1:colcon.colcon_core.package_identification:_identify(ros2_ws/src/car_control) by extension 'colcon_pkg'
[4.678s] Level 1:colcon.colcon_core.package_identification:_identify(ros2_ws/src/car_control) by extensions ['colcon_meta']
[4.678s] Level 1:colcon.colcon_core.package_identification:_identify(ros2_ws/src/car_control) by extension 'colcon_meta'
[4.678s] Level 1:colcon.colcon_core.package_identification:_identify(ros2_ws/src/car_control) by extensions ['ros']
[4.678s] Level 1:colcon.colcon_core.package_identification:_identify(ros2_ws/src/car_control) by extension 'ros'
[4.682s] DEBUG:colcon.colcon_core.package_identification:Package 'ros2_ws/src/car_control' with type 'ros.ament_cmake' and name 'car_control'
[4.682s] Level 1:colcon.colcon_core.package_identification:_identify(ros2_ws/src/carla_msgs) by extensions ['ignore', 'ignore_ament_install']
[4.683s] Level 1:colcon.colcon_core.package_identification:_identify(ros2_ws/src/carla_msgs) by extension 'ignore'
[4.683s] Level 1:colcon.colcon_core.package_identification:_identify(ros2_ws/src/carla_msgs) by extension 'ignore_ament_install'
[4.683s] Level 1:colcon.colcon_core.package_identification:_identify(ros2_ws/src/carla_msgs) by extensions ['colcon_pkg']
[4.683s] Level 1:colcon.colcon_core.package_identification:_identify(ros2_ws/src/carla_msgs) by extension 'colcon_pkg'
[4.683s] Level 1:colcon.colcon_core.package_identification:_identify(ros2_ws/src/carla_msgs) by extensions ['colcon_meta']
[4.684s] Level 1:colcon.colcon_core.package_identification:_identify(ros2_ws/src/carla_msgs) by extension 'colcon_meta'
[4.684s] Level 1:colcon.colcon_core.package_identification:_identify(ros2_ws/src/carla_msgs) by extensions ['ros']
[4.684s] Level 1:colcon.colcon_core.package_identification:_identify(ros2_ws/src/carla_msgs) by extension 'ros'
[4.686s] DEBUG:colcon.colcon_core.package_identification:Package 'ros2_ws/src/carla_msgs' with type 'ros.ament_cmake' and name 'carla_msgs'
[4.687s] Level 1:colcon.colcon_core.package_identification:_identify(ros2_ws/src/detection) by extensions ['ignore', 'ignore_ament_install']
[4.688s] Level 1:colcon.colcon_core.package_identification:_identify(ros2_ws/src/detection) by extension 'ignore'
[4.688s] Level 1:colcon.colcon_core.package_identification:_identify(ros2_ws/src/detection) by extension 'ignore_ament_install'
[4.688s] Level 1:colcon.colcon_core.package_identification:_identify(ros2_ws/src/detection) by extensions ['colcon_pkg']
[4.688s] Level 1:colcon.colcon_core.package_identification:_identify(ros2_ws/src/detection) by extension 'colcon_pkg'
[4.688s] Level 1:colcon.colcon_core.package_identification:_identify(ros2_ws/src/detection) by extensions ['colcon_meta']
[4.689s] Level 1:colcon.colcon_core.package_identification:_identify(ros2_ws/src/detection) by extension 'colcon_meta'
[4.689s] Level 1:colcon.colcon_core.package_identification:_identify(ros2_ws/src/detection) by extensions ['ros']
[4.689s] Level 1:colcon.colcon_core.package_identification:_identify(ros2_ws/src/detection) by extension 'ros'
[4.691s] DEBUG:colcon.colcon_core.package_identification:Package 'ros2_ws/src/detection' with type 'ros.ament_cmake' and name 'detection'
[4.692s] Level 1:colcon.colcon_core.package_identification:_identify(ros2_ws/src/geicar_start) by extensions ['ignore', 'ignore_ament_install']
[4.693s] Level 1:colcon.colcon_core.package_identification:_identify(ros2_ws/src/geicar_start) by extension 'ignore'
[4.693s] Level 1:colcon.colcon_core.package_identification:_identify(ros2_ws/src/geicar_start) by extension 'ignore_ament_install'
[4.693s] Level 1:colcon.colcon_core.package_identification:_identify(ros2_ws/src/geicar_start) by extensions ['colcon_pkg']
[4.693s] Level 1:colcon.colcon_core.package_identification:_identify(ros2_ws/src/geicar_start) by extension 'colcon_pkg'
[4.693s] Level 1:colcon.colcon_core.package_identification:_identify(ros2_ws/src/geicar_start) by extensions ['colcon_meta']
[4.694s] Level 1:colcon.colcon_core.package_identification:_identify(ros2_ws/src/geicar_start) by extension 'colcon_meta'
[4.694s] Level 1:colcon.colcon_core.package_identification:_identify(ros2_ws/src/geicar_start) by extensions ['ros']
[4.694s] Level 1:colcon.colcon_core.package_identification:_identify(ros2_ws/src/geicar_start) by extension 'ros'
[4.696s] DEBUG:colcon.colcon_core.package_identification:Package 'ros2_ws/src/geicar_start' with type 'ros.ament_cmake' and name 'geicar_start'
[4.697s] Level 1:colcon.colcon_core.package_identification:_identify(ros2_ws/src/imu_tools) by extensions ['ignore', 'ignore_ament_install']
[4.697s] Level 1:colcon.colcon_core.package_identification:_identify(ros2_ws/src/imu_tools) by extension 'ignore'
[4.698s] Level 1:colcon.colcon_core.package_identification:_identify(ros2_ws/src/imu_tools) by extension 'ignore_ament_install'
[4.698s] Level 1:colcon.colcon_core.package_identification:_identify(ros2_ws/src/imu_tools) by extensions ['colcon_pkg']
[4.698s] Level 1:colcon.colcon_core.package_identification:_identify(ros2_ws/src/imu_tools) by extension 'colcon_pkg'
[4.698s] Level 1:colcon.colcon_core.package_identification:_identify(ros2_ws/src/imu_tools) by extensions ['colcon_meta']
[4.698s] Level 1:colcon.colcon_core.package_identification:_identify(ros2_ws/src/imu_tools) by extension 'colcon_meta'
[4.699s] Level 1:colcon.colcon_core.package_identification:_identify(ros2_ws/src/imu_tools) by extensions ['ros']
[4.699s] Level 1:colcon.colcon_core.package_identification:_identify(ros2_ws/src/imu_tools) by extension 'ros'
[4.699s] Level 1:colcon.colcon_core.package_identification:_identify(ros2_ws/src/imu_tools) by extensions ['cmake', 'python']
[4.699s] Level 1:colcon.colcon_core.package_identification:_identify(ros2_ws/src/imu_tools) by extension 'cmake'
[4.699s] Level 1:colcon.colcon_core.package_identification:_identify(ros2_ws/src/imu_tools) by extension 'python'
[4.700s] Level 1:colcon.colcon_core.package_identification:_identify(ros2_ws/src/imu_tools) by extensions ['python_setup_py']
[4.700s] Level 1:colcon.colcon_core.package_identification:_identify(ros2_ws/src/imu_tools) by extension 'python_setup_py'
[4.700s] Level 1:colcon.colcon_core.package_identification:_identify(ros2_ws/src/imu_tools/imu_complementary_filter) by extensions ['ignore', 'ignore_ament_install']
[4.701s] Level 1:colcon.colcon_core.package_identification:_identify(ros2_ws/src/imu_tools/imu_complementary_filter) by extension 'ignore'
[4.701s] Level 1:colcon.colcon_core.package_identification:_identify(ros2_ws/src/imu_tools/imu_complementary_filter) by extension 'ignore_ament_install'
[4.701s] Level 1:colcon.colcon_core.package_identification:_identify(ros2_ws/src/imu_tools/imu_complementary_filter) by extensions ['colcon_pkg']
[4.701s] Level 1:colcon.colcon_core.package_identification:_identify(ros2_ws/src/imu_tools/imu_complementary_filter) by extension 'colcon_pkg'
[4.701s] Level 1:colcon.colcon_core.package_identification:_identify(ros2_ws/src/imu_tools/imu_complementary_filter) by extensions ['colcon_meta']
[4.702s] Level 1:colcon.colcon_core.package_identification:_identify(ros2_ws/src/imu_tools/imu_complementary_filter) by extension 'colcon_meta'
[4.702s] Level 1:colcon.colcon_core.package_identification:_identify(ros2_ws/src/imu_tools/imu_complementary_filter) by extensions ['ros']
[4.702s] Level 1:colcon.colcon_core.package_identification:_identify(ros2_ws/src/imu_tools/imu_complementary_filter) by extension 'ros'
[4.704s] DEBUG:colcon.colcon_core.package_identification:Package 'ros2_ws/src/imu_tools/imu_complementary_filter' with type 'ros.ament_cmake' and name 'imu_complementary_filter'
[4.705s] Level 1:colcon.colcon_core.package_identification:_identify(ros2_ws/src/imu_tools/imu_filter_madgwick) by extensions ['ignore', 'ignore_ament_install']
[4.706s] Level 1:colcon.colcon_core.package_identification:_identify(ros2_ws/src/imu_tools/imu_filter_madgwick) by extension 'ignore'
[4.706s] Level 1:colcon.colcon_core.package_identification:_identify(ros2_ws/src/imu_tools/imu_filter_madgwick) by extension 'ignore_ament_install'
[4.706s] Level 1:colcon.colcon_core.package_identification:_identify(ros2_ws/src/imu_tools/imu_filter_madgwick) by extensions ['colcon_pkg']
[4.706s] Level 1:colcon.colcon_core.package_identification:_identify(ros2_ws/src/imu_tools/imu_filter_madgwick) by extension 'colcon_pkg'
[4.706s] Level 1:colcon.colcon_core.package_identification:_identify(ros2_ws/src/imu_tools/imu_filter_madgwick) by extensions ['colcon_meta']
[4.707s] Level 1:colcon.colcon_core.package_identification:_identify(ros2_ws/src/imu_tools/imu_filter_madgwick) by extension 'colcon_meta'
[4.707s] Level 1:colcon.colcon_core.package_identification:_identify(ros2_ws/src/imu_tools/imu_filter_madgwick) by extensions ['ros']
[4.707s] Level 1:colcon.colcon_core.package_identification:_identify(ros2_ws/src/imu_tools/imu_filter_madgwick) by extension 'ros'
[4.712s] DEBUG:colcon.colcon_core.package_identification:Package 'ros2_ws/src/imu_tools/imu_filter_madgwick' with type 'ros.ament_cmake' and name 'imu_filter_madgwick'
[4.713s] Level 1:colcon.colcon_core.package_identification:_identify(ros2_ws/src/imu_tools/imu_tools) by extensions ['ignore', 'ignore_ament_install']
[4.713s] Level 1:colcon.colcon_core.package_identification:_identify(ros2_ws/src/imu_tools/imu_tools) by extension 'ignore'
[4.713s] Level 1:colcon.colcon_core.package_identification:_identify(ros2_ws/src/imu_tools/imu_tools) by extension 'ignore_ament_install'
[4.713s] Level 1:colcon.colcon_core.package_identification:_identify(ros2_ws/src/imu_tools/imu_tools) by extensions ['colcon_pkg']
[4.714s] Level 1:colcon.colcon_core.package_identification:_identify(ros2_ws/src/imu_tools/imu_tools) by extension 'colcon_pkg'
[4.714s] Level 1:colcon.colcon_core.package_identification:_identify(ros2_ws/src/imu_tools/imu_tools) by extensions ['colcon_meta']
[4.714s] Level 1:colcon.colcon_core.package_identification:_identify(ros2_ws/src/imu_tools/imu_tools) by extension 'colcon_meta'
[4.714s] Level 1:colcon.colcon_core.package_identification:_identify(ros2_ws/src/imu_tools/imu_tools) by extensions ['ros']
[4.714s] Level 1:colcon.colcon_core.package_identification:_identify(ros2_ws/src/imu_tools/imu_tools) by extension 'ros'
[4.716s] DEBUG:colcon.colcon_core.package_identification:Package 'ros2_ws/src/imu_tools/imu_tools' with type 'ros.ament_cmake' and name 'imu_tools'
[4.717s] Level 1:colcon.colcon_core.package_identification:_identify(ros2_ws/src/imu_tools/rviz_imu_plugin) by extensions ['ignore', 'ignore_ament_install']
[4.717s] Level 1:colcon.colcon_core.package_identification:_identify(ros2_ws/src/imu_tools/rviz_imu_plugin) by extension 'ignore'
[4.717s] Level 1:colcon.colcon_core.package_identification:_identify(ros2_ws/src/imu_tools/rviz_imu_plugin) by extension 'ignore_ament_install'
[4.718s] Level 1:colcon.colcon_core.package_identification:_identify(ros2_ws/src/imu_tools/rviz_imu_plugin) by extensions ['colcon_pkg']
[4.718s] Level 1:colcon.colcon_core.package_identification:_identify(ros2_ws/src/imu_tools/rviz_imu_plugin) by extension 'colcon_pkg'
[4.718s] Level 1:colcon.colcon_core.package_identification:_identify(ros2_ws/src/imu_tools/rviz_imu_plugin) by extensions ['colcon_meta']
[4.718s] Level 1:colcon.colcon_core.package_identification:_identify(ros2_ws/src/imu_tools/rviz_imu_plugin) by extension 'colcon_meta'
[4.718s] Level 1:colcon.colcon_core.package_identification:_identify(ros2_ws/src/imu_tools/rviz_imu_plugin) by extensions ['ros']
[4.719s] Level 1:colcon.colcon_core.package_identification:_identify(ros2_ws/src/imu_tools/rviz_imu_plugin) by extension 'ros'
[4.723s] DEBUG:colcon.colcon_core.package_identification:Package 'ros2_ws/src/imu_tools/rviz_imu_plugin' with type 'ros.ament_cmake' and name 'rviz_imu_plugin'
[4.724s] Level 1:colcon.colcon_core.package_identification:_identify(ros2_ws/src/interfaces) by extensions ['ignore', 'ignore_ament_install']
[4.724s] Level 1:colcon.colcon_core.package_identification:_identify(ros2_ws/src/interfaces) by extension 'ignore'
[4.724s] Level 1:colcon.colcon_core.package_identification:_identify(ros2_ws/src/interfaces) by extension 'ignore_ament_install'
[4.725s] Level 1:colcon.colcon_core.package_identification:_identify(ros2_ws/src/interfaces) by extensions ['colcon_pkg']
[4.725s] Level 1:colcon.colcon_core.package_identification:_identify(ros2_ws/src/interfaces) by extension 'colcon_pkg'
[4.725s] Level 1:colcon.colcon_core.package_identification:_identify(ros2_ws/src/interfaces) by extensions ['colcon_meta']
[4.725s] Level 1:colcon.colcon_core.package_identification:_identify(ros2_ws/src/interfaces) by extension 'colcon_meta'
[4.725s] Level 1:colcon.colcon_core.package_identification:_identify(ros2_ws/src/interfaces) by extensions ['ros']
[4.726s] Level 1:colcon.colcon_core.package_identification:_identify(ros2_ws/src/interfaces) by extension 'ros'
[4.728s] DEBUG:colcon.colcon_core.package_identification:Package 'ros2_ws/src/interfaces' with type 'ros.ament_cmake' and name 'interfaces'
[4.729s] Level 1:colcon.colcon_core.package_identification:_identify(ros2_ws/src/joystick) by extensions ['ignore', 'ignore_ament_install']
[4.729s] Level 1:colcon.colcon_core.package_identification:_identify(ros2_ws/src/joystick) by extension 'ignore'
[4.729s] Level 1:colcon.colcon_core.package_identification:_identify(ros2_ws/src/joystick) by extension 'ignore_ament_install'
[4.730s] Level 1:colcon.colcon_core.package_identification:_identify(ros2_ws/src/joystick) by extensions ['colcon_pkg']
[4.730s] Level 1:colcon.colcon_core.package_identification:_identify(ros2_ws/src/joystick) by extension 'colcon_pkg'
[4.730s] Level 1:colcon.colcon_core.package_identification:_identify(ros2_ws/src/joystick) by extensions ['colcon_meta']
[4.730s] Level 1:colcon.colcon_core.package_identification:_identify(ros2_ws/src/joystick) by extension 'colcon_meta'
[4.730s] Level 1:colcon.colcon_core.package_identification:_identify(ros2_ws/src/joystick) by extensions ['ros']
[4.730s] Level 1:colcon.colcon_core.package_identification:_identify(ros2_ws/src/joystick) by extension 'ros'
[4.733s] DEBUG:colcon.colcon_core.package_identification:Package 'ros2_ws/src/joystick' with type 'ros.ament_cmake' and name 'joystick'
[4.734s] Level 1:colcon.colcon_core.package_identification:_identify(ros2_ws/src/rosbridge_suite) by extensions ['ignore', 'ignore_ament_install']
[4.734s] Level 1:colcon.colcon_core.package_identification:_identify(ros2_ws/src/rosbridge_suite) by extension 'ignore'
[4.734s] Level 1:colcon.colcon_core.package_identification:_identify(ros2_ws/src/rosbridge_suite) by extension 'ignore_ament_install'
[4.735s] Level 1:colcon.colcon_core.package_identification:_identify(ros2_ws/src/rosbridge_suite) by extensions ['colcon_pkg']
[4.735s] Level 1:colcon.colcon_core.package_identification:_identify(ros2_ws/src/rosbridge_suite) by extension 'colcon_pkg'
[4.735s] Level 1:colcon.colcon_core.package_identification:_identify(ros2_ws/src/rosbridge_suite) by extensions ['colcon_meta']
[4.735s] Level 1:colcon.colcon_core.package_identification:_identify(ros2_ws/src/rosbridge_suite) by extension 'colcon_meta'
[4.735s] Level 1:colcon.colcon_core.package_identification:_identify(ros2_ws/src/rosbridge_suite) by extensions ['ros']
[4.735s] Level 1:colcon.colcon_core.package_identification:_identify(ros2_ws/src/rosbridge_suite) by extension 'ros'
[4.736s] Level 1:colcon.colcon_core.package_identification:_identify(ros2_ws/src/rosbridge_suite) by extensions ['cmake', 'python']
[4.736s] Level 1:colcon.colcon_core.package_identification:_identify(ros2_ws/src/rosbridge_suite) by extension 'cmake'
[4.736s] Level 1:colcon.colcon_core.package_identification:_identify(ros2_ws/src/rosbridge_suite) by extension 'python'
[4.736s] Level 1:colcon.colcon_core.package_identification:_identify(ros2_ws/src/rosbridge_suite) by extensions ['python_setup_py']
[4.736s] Level 1:colcon.colcon_core.package_identification:_identify(ros2_ws/src/rosbridge_suite) by extension 'python_setup_py'
[4.737s] Level 1:colcon.colcon_core.package_identification:_identify(ros2_ws/src/rosbridge_suite/rosapi) by extensions ['ignore', 'ignore_ament_install']
[4.737s] Level 1:colcon.colcon_core.package_identification:_identify(ros2_ws/src/rosbridge_suite/rosapi) by extension 'ignore'
[4.738s] Level 1:colcon.colcon_core.package_identification:_identify(ros2_ws/src/rosbridge_suite/rosapi) by extension 'ignore_ament_install'
[4.738s] Level 1:colcon.colcon_core.package_identification:_identify(ros2_ws/src/rosbridge_suite/rosapi) by extensions ['colcon_pkg']
[4.738s] Level 1:colcon.colcon_core.package_identification:_identify(ros2_ws/src/rosbridge_suite/rosapi) by extension 'colcon_pkg'
[4.738s] Level 1:colcon.colcon_core.package_identification:_identify(ros2_ws/src/rosbridge_suite/rosapi) by extensions ['colcon_meta']
[4.738s] Level 1:colcon.colcon_core.package_identification:_identify(ros2_ws/src/rosbridge_suite/rosapi) by extension 'colcon_meta'
[4.739s] Level 1:colcon.colcon_core.package_identification:_identify(ros2_ws/src/rosbridge_suite/rosapi) by extensions ['ros']
[4.739s] Level 1:colcon.colcon_core.package_identification:_identify(ros2_ws/src/rosbridge_suite/rosapi) by extension 'ros'
[4.742s] DEBUG:colcon.colcon_core.package_identification:Package 'ros2_ws/src/rosbridge_suite/rosapi' with type 'ros.ament_cmake' and name 'rosapi'
[4.743s] Level 1:colcon.colcon_core.package_identification:_identify(ros2_ws/src/rosbridge_suite/rosapi_msgs) by extensions ['ignore', 'ignore_ament_install']
[4.743s] Level 1:colcon.colcon_core.package_identification:_identify(ros2_ws/src/rosbridge_suite/rosapi_msgs) by extension 'ignore'
[4.743s] Level 1:colcon.colcon_core.package_identification:_identify(ros2_ws/src/rosbridge_suite/rosapi_msgs) by extension 'ignore_ament_install'
[4.743s] Level 1:colcon.colcon_core.package_identification:_identify(ros2_ws/src/rosbridge_suite/rosapi_msgs) by extensions ['colcon_pkg']
[4.744s] Level 1:colcon.colcon_core.package_identification:_identify(ros2_ws/src/rosbridge_suite/rosapi_msgs) by extension 'colcon_pkg'
[4.744s] Level 1:colcon.colcon_core.package_identification:_identify(ros2_ws/src/rosbridge_suite/rosapi_msgs) by extensions ['colcon_meta']
[4.744s] Level 1:colcon.colcon_core.package_identification:_identify(ros2_ws/src/rosbridge_suite/rosapi_msgs) by extension 'colcon_meta'
[4.744s] Level 1:colcon.colcon_core.package_identification:_identify(ros2_ws/src/rosbridge_suite/rosapi_msgs) by extensions ['ros']
[4.744s] Level 1:colcon.colcon_core.package_identification:_identify(ros2_ws/src/rosbridge_suite/rosapi_msgs) by extension 'ros'
[4.747s] DEBUG:colcon.colcon_core.package_identification:Package 'ros2_ws/src/rosbridge_suite/rosapi_msgs' with type 'ros.ament_cmake' and name 'rosapi_msgs'
[4.747s] Level 1:colcon.colcon_core.package_identification:_identify(ros2_ws/src/rosbridge_suite/rosbridge_library) by extensions ['ignore', 'ignore_ament_install']
[4.748s] Level 1:colcon.colcon_core.package_identification:_identify(ros2_ws/src/rosbridge_suite/rosbridge_library) by extension 'ignore'
[4.748s] Level 1:colcon.colcon_core.package_identification:_identify(ros2_ws/src/rosbridge_suite/rosbridge_library) by extension 'ignore_ament_install'
[4.748s] Level 1:colcon.colcon_core.package_identification:_identify(ros2_ws/src/rosbridge_suite/rosbridge_library) by extensions ['colcon_pkg']
[4.748s] Level 1:colcon.colcon_core.package_identification:_identify(ros2_ws/src/rosbridge_suite/rosbridge_library) by extension 'colcon_pkg'
[4.749s] Level 1:colcon.colcon_core.package_identification:_identify(ros2_ws/src/rosbridge_suite/rosbridge_library) by extensions ['colcon_meta']
[4.749s] Level 1:colcon.colcon_core.package_identification:_identify(ros2_ws/src/rosbridge_suite/rosbridge_library) by extension 'colcon_meta'
[4.749s] Level 1:colcon.colcon_core.package_identification:_identify(ros2_ws/src/rosbridge_suite/rosbridge_library) by extensions ['ros']
[4.749s] Level 1:colcon.colcon_core.package_identification:_identify(ros2_ws/src/rosbridge_suite/rosbridge_library) by extension 'ros'
[4.752s] DEBUG:colcon.colcon_core.package_identification:Package 'ros2_ws/src/rosbridge_suite/rosbridge_library' with type 'ros.ament_cmake' and name 'rosbridge_library'
[4.753s] Level 1:colcon.colcon_core.package_identification:_identify(ros2_ws/src/rosbridge_suite/rosbridge_msgs) by extensions ['ignore', 'ignore_ament_install']
[4.754s] Level 1:colcon.colcon_core.package_identification:_identify(ros2_ws/src/rosbridge_suite/rosbridge_msgs) by extension 'ignore'
[4.754s] Level 1:colcon.colcon_core.package_identification:_identify(ros2_ws/src/rosbridge_suite/rosbridge_msgs) by extension 'ignore_ament_install'
[4.754s] Level 1:colcon.colcon_core.package_identification:_identify(ros2_ws/src/rosbridge_suite/rosbridge_msgs) by extensions ['colcon_pkg']
[4.754s] Level 1:colcon.colcon_core.package_identification:_identify(ros2_ws/src/rosbridge_suite/rosbridge_msgs) by extension 'colcon_pkg'
[4.754s] Level 1:colcon.colcon_core.package_identification:_identify(ros2_ws/src/rosbridge_suite/rosbridge_msgs) by extensions ['colcon_meta']
[4.754s] Level 1:colcon.colcon_core.package_identification:_identify(ros2_ws/src/rosbridge_suite/rosbridge_msgs) by extension 'colcon_meta'
[4.755s] Level 1:colcon.colcon_core.package_identification:_identify(ros2_ws/src/rosbridge_suite/rosbridge_msgs) by extensions ['ros']
[4.755s] Level 1:colcon.colcon_core.package_identification:_identify(ros2_ws/src/rosbridge_suite/rosbridge_msgs) by extension 'ros'
[4.757s] DEBUG:colcon.colcon_core.package_identification:Package 'ros2_ws/src/rosbridge_suite/rosbridge_msgs' with type 'ros.ament_cmake' and name 'rosbridge_msgs'
[4.758s] Level 1:colcon.colcon_core.package_identification:_identify(ros2_ws/src/rosbridge_suite/rosbridge_server) by extensions ['ignore', 'ignore_ament_install']
[4.758s] Level 1:colcon.colcon_core.package_identification:_identify(ros2_ws/src/rosbridge_suite/rosbridge_server) by extension 'ignore'
[4.758s] Level 1:colcon.colcon_core.package_identification:_identify(ros2_ws/src/rosbridge_suite/rosbridge_server) by extension 'ignore_ament_install'
[4.758s] Level 1:colcon.colcon_core.package_identification:_identify(ros2_ws/src/rosbridge_suite/rosbridge_server) by extensions ['colcon_pkg']
[4.759s] Level 1:colcon.colcon_core.package_identification:_identify(ros2_ws/src/rosbridge_suite/rosbridge_server) by extension 'colcon_pkg'
[4.759s] Level 1:colcon.colcon_core.package_identification:_identify(ros2_ws/src/rosbridge_suite/rosbridge_server) by extensions ['colcon_meta']
[4.759s] Level 1:colcon.colcon_core.package_identification:_identify(ros2_ws/src/rosbridge_suite/rosbridge_server) by extension 'colcon_meta'
[4.759s] Level 1:colcon.colcon_core.package_identification:_identify(ros2_ws/src/rosbridge_suite/rosbridge_server) by extensions ['ros']
[4.759s] Level 1:colcon.colcon_core.package_identification:_identify(ros2_ws/src/rosbridge_suite/rosbridge_server) by extension 'ros'
[4.762s] DEBUG:colcon.colcon_core.package_identification:Package 'ros2_ws/src/rosbridge_suite/rosbridge_server' with type 'ros.ament_cmake' and name 'rosbridge_server'
[4.763s] Level 1:colcon.colcon_core.package_identification:_identify(ros2_ws/src/rosbridge_suite/rosbridge_suite) by extensions ['ignore', 'ignore_ament_install']
[4.763s] Level 1:colcon.colcon_core.package_identification:_identify(ros2_ws/src/rosbridge_suite/rosbridge_suite) by extension 'ignore'
[4.764s] Level 1:colcon.colcon_core.package_identification:_identify(ros2_ws/src/rosbridge_suite/rosbridge_suite) by extension 'ignore_ament_install'
[4.764s] Level 1:colcon.colcon_core.package_identification:_identify(ros2_ws/src/rosbridge_suite/rosbridge_suite) by extensions ['colcon_pkg']
[4.764s] Level 1:colcon.colcon_core.package_identification:_identify(ros2_ws/src/rosbridge_suite/rosbridge_suite) by extension 'colcon_pkg'
[4.764s] Level 1:colcon.colcon_core.package_identification:_identify(ros2_ws/src/rosbridge_suite/rosbridge_suite) by extensions ['colcon_meta']
[4.765s] Level 1:colcon.colcon_core.package_identification:_identify(ros2_ws/src/rosbridge_suite/rosbridge_suite) by extension 'colcon_meta'
[4.765s] Level 1:colcon.colcon_core.package_identification:_identify(ros2_ws/src/rosbridge_suite/rosbridge_suite) by extensions ['ros']
[4.765s] Level 1:colcon.colcon_core.package_identification:_identify(ros2_ws/src/rosbridge_suite/rosbridge_suite) by extension 'ros'
[4.767s] DEBUG:colcon.colcon_core.package_identification:Package 'ros2_ws/src/rosbridge_suite/rosbridge_suite' with type 'ros.ament_cmake' and name 'rosbridge_suite'
[4.768s] Level 1:colcon.colcon_core.package_identification:_identify(ros2_ws/src/rosbridge_suite/rosbridge_test_msgs) by extensions ['ignore', 'ignore_ament_install']
[4.768s] Level 1:colcon.colcon_core.package_identification:_identify(ros2_ws/src/rosbridge_suite/rosbridge_test_msgs) by extension 'ignore'
[4.768s] Level 1:colcon.colcon_core.package_identification:_identify(ros2_ws/src/rosbridge_suite/rosbridge_test_msgs) by extension 'ignore_ament_install'
[4.769s] Level 1:colcon.colcon_core.package_identification:_identify(ros2_ws/src/rosbridge_suite/rosbridge_test_msgs) by extensions ['colcon_pkg']
[4.769s] Level 1:colcon.colcon_core.package_identification:_identify(ros2_ws/src/rosbridge_suite/rosbridge_test_msgs) by extension 'colcon_pkg'
[4.769s] Level 1:colcon.colcon_core.package_identification:_identify(ros2_ws/src/rosbridge_suite/rosbridge_test_msgs) by extensions ['colcon_meta']
[4.769s] Level 1:colcon.colcon_core.package_identification:_identify(ros2_ws/src/rosbridge_suite/rosbridge_test_msgs) by extension 'colcon_meta'
[4.769s] Level 1:colcon.colcon_core.package_identification:_identify(ros2_ws/src/rosbridge_suite/rosbridge_test_msgs) by extensions ['ros']
[4.770s] Level 1:colcon.colcon_core.package_identification:_identify(ros2_ws/src/rosbridge_suite/rosbridge_test_msgs) by extension 'ros'
[4.773s] DEBUG:colcon.colcon_core.package_identification:Package 'ros2_ws/src/rosbridge_suite/rosbridge_test_msgs' with type 'ros.ament_cmake' and name 'rosbridge_test_msgs'
[4.773s] Level 1:colcon.colcon_core.package_identification:_identify(ros2_ws/src/simulation) by extensions ['ignore', 'ignore_ament_install']
[4.774s] Level 1:colcon.colcon_core.package_identification:_identify(ros2_ws/src/simulation) by extension 'ignore'
[4.774s] Level 1:colcon.colcon_core.package_identification:_identify(ros2_ws/src/simulation) by extension 'ignore_ament_install'
[4.774s] Level 1:colcon.colcon_core.package_identification:_identify(ros2_ws/src/simulation) by extensions ['colcon_pkg']
[4.774s] Level 1:colcon.colcon_core.package_identification:_identify(ros2_ws/src/simulation) by extension 'colcon_pkg'
[4.775s] Level 1:colcon.colcon_core.package_identification:_identify(ros2_ws/src/simulation) by extensions ['colcon_meta']
[4.775s] Level 1:colcon.colcon_core.package_identification:_identify(ros2_ws/src/simulation) by extension 'colcon_meta'
[4.775s] Level 1:colcon.colcon_core.package_identification:_identify(ros2_ws/src/simulation) by extensions ['ros']
[4.775s] Level 1:colcon.colcon_core.package_identification:_identify(ros2_ws/src/simulation) by extension 'ros'
[4.778s] DEBUG:colcon.colcon_core.package_identification:Package 'ros2_ws/src/simulation' with type 'ros.ament_cmake' and name 'simulation'
[4.778s] Level 1:colcon.colcon_core.package_identification:_identify(ros2_ws/src/state_machine) by extensions ['ignore', 'ignore_ament_install']
[4.779s] Level 1:colcon.colcon_core.package_identification:_identify(ros2_ws/src/state_machine) by extension 'ignore'
[4.779s] Level 1:colcon.colcon_core.package_identification:_identify(ros2_ws/src/state_machine) by extension 'ignore_ament_install'
[4.779s] Level 1:colcon.colcon_core.package_identification:_identify(ros2_ws/src/state_machine) by extensions ['colcon_pkg']
[4.779s] Level 1:colcon.colcon_core.package_identification:_identify(ros2_ws/src/state_machine) by extension 'colcon_pkg'
[4.780s] Level 1:colcon.colcon_core.package_identification:_identify(ros2_ws/src/state_machine) by extensions ['colcon_meta']
[4.780s] Level 1:colcon.colcon_core.package_identification:_identify(ros2_ws/src/state_machine) by extension 'colcon_meta'
[4.780s] Level 1:colcon.colcon_core.package_identification:_identify(ros2_ws/src/state_machine) by extensions ['ros']
[4.780s] Level 1:colcon.colcon_core.package_identification:_identify(ros2_ws/src/state_machine) by extension 'ros'
[4.783s] DEBUG:colcon.colcon_core.package_identification:Package 'ros2_ws/src/state_machine' with type 'ros.ament_cmake' and name 'state_machine'
[4.784s] Level 1:colcon.colcon_core.package_identification:_identify(ros2_ws/src/system_check) by extensions ['ignore', 'ignore_ament_install']
[4.784s] Level 1:colcon.colcon_core.package_identification:_identify(ros2_ws/src/system_check) by extension 'ignore'
[4.784s] Level 1:colcon.colcon_core.package_identification:_identify(ros2_ws/src/system_check) by extension 'ignore_ament_install'
[4.785s] Level 1:colcon.colcon_core.package_identification:_identify(ros2_ws/src/system_check) by extensions ['colcon_pkg']
[4.785s] Level 1:colcon.colcon_core.package_identification:_identify(ros2_ws/src/system_check) by extension 'colcon_pkg'
[4.785s] Level 1:colcon.colcon_core.package_identification:_identify(ros2_ws/src/system_check) by extensions ['colcon_meta']
[4.785s] Level 1:colcon.colcon_core.package_identification:_identify(ros2_ws/src/system_check) by extension 'colcon_meta'
[4.785s] Level 1:colcon.colcon_core.package_identification:_identify(ros2_ws/src/system_check) by extensions ['ros']
[4.785s] Level 1:colcon.colcon_core.package_identification:_identify(ros2_ws/src/system_check) by extension 'ros'
[4.788s] DEBUG:colcon.colcon_core.package_identification:Package 'ros2_ws/src/system_check' with type 'ros.ament_cmake' and name 'system_check'
[4.789s] Level 1:colcon.colcon_core.package_identification:_identify(static) by extensions ['ignore', 'ignore_ament_install']
[4.789s] Level 1:colcon.colcon_core.package_identification:_identify(static) by extension 'ignore'
[4.790s] Level 1:colcon.colcon_core.package_identification:_identify(static) by extension 'ignore_ament_install'
[4.790s] Level 1:colcon.colcon_core.package_identification:_identify(static) by extensions ['colcon_pkg']
[4.790s] Level 1:colcon.colcon_core.package_identification:_identify(static) by extension 'colcon_pkg'
[4.790s] Level 1:colcon.colcon_core.package_identification:_identify(static) by extensions ['colcon_meta']
[4.790s] Level 1:colcon.colcon_core.package_identification:_identify(static) by extension 'colcon_meta'
[4.790s] Level 1:colcon.colcon_core.package_identification:_identify(static) by extensions ['ros']
[4.791s] Level 1:colcon.colcon_core.package_identification:_identify(static) by extension 'ros'
[4.791s] Level 1:colcon.colcon_core.package_identification:_identify(static) by extensions ['cmake', 'python']
[4.791s] Level 1:colcon.colcon_core.package_identification:_identify(static) by extension 'cmake'
[4.791s] Level 1:colcon.colcon_core.package_identification:_identify(static) by extension 'python'
[4.791s] Level 1:colcon.colcon_core.package_identification:_identify(static) by extensions ['python_setup_py']
[4.792s] Level 1:colcon.colcon_core.package_identification:_identify(static) by extension 'python_setup_py'
[4.792s] Level 1:colcon.colcon_core.package_identification:_identify(static/site) by extensions ['ignore', 'ignore_ament_install']
[4.792s] Level 1:colcon.colcon_core.package_identification:_identify(static/site) by extension 'ignore'
[4.793s] Level 1:colcon.colcon_core.package_identification:_identify(static/site) by extension 'ignore_ament_install'
[4.793s] Level 1:colcon.colcon_core.package_identification:_identify(static/site) by extensions ['colcon_pkg']
[4.793s] Level 1:colcon.colcon_core.package_identification:_identify(static/site) by extension 'colcon_pkg'
[4.793s] Level 1:colcon.colcon_core.package_identification:_identify(static/site) by extensions ['colcon_meta']
[4.793s] Level 1:colcon.colcon_core.package_identification:_identify(static/site) by extension 'colcon_meta'
[4.794s] Level 1:colcon.colcon_core.package_identification:_identify(static/site) by extensions ['ros']
[4.794s] Level 1:colcon.colcon_core.package_identification:_identify(static/site) by extension 'ros'
[4.794s] Level 1:colcon.colcon_core.package_identification:_identify(static/site) by extensions ['cmake', 'python']
[4.794s] Level 1:colcon.colcon_core.package_identification:_identify(static/site) by extension 'cmake'
[4.794s] Level 1:colcon.colcon_core.package_identification:_identify(static/site) by extension 'python'
[4.795s] Level 1:colcon.colcon_core.package_identification:_identify(static/site) by extensions ['python_setup_py']
[4.795s] Level 1:colcon.colcon_core.package_identification:_identify(static/site) by extension 'python_setup_py'
[4.795s] Level 1:colcon.colcon_core.package_identification:_identify(static/site/images) by extensions ['ignore', 'ignore_ament_install']
[4.796s] Level 1:colcon.colcon_core.package_identification:_identify(static/site/images) by extension 'ignore'
[4.796s] Level 1:colcon.colcon_core.package_identification:_identify(static/site/images) by extension 'ignore_ament_install'
[4.796s] Level 1:colcon.colcon_core.package_identification:_identify(static/site/images) by extensions ['colcon_pkg']
[4.796s] Level 1:colcon.colcon_core.package_identification:_identify(static/site/images) by extension 'colcon_pkg'
[4.797s] Level 1:colcon.colcon_core.package_identification:_identify(static/site/images) by extensions ['colcon_meta']
[4.797s] Level 1:colcon.colcon_core.package_identification:_identify(static/site/images) by extension 'colcon_meta'
[4.797s] Level 1:colcon.colcon_core.package_identification:_identify(static/site/images) by extensions ['ros']
[4.797s] Level 1:colcon.colcon_core.package_identification:_identify(static/site/images) by extension 'ros'
[4.797s] Level 1:colcon.colcon_core.package_identification:_identify(static/site/images) by extensions ['cmake', 'python']
[4.798s] Level 1:colcon.colcon_core.package_identification:_identify(static/site/images) by extension 'cmake'
[4.798s] Level 1:colcon.colcon_core.package_identification:_identify(static/site/images) by extension 'python'
[4.798s] Level 1:colcon.colcon_core.package_identification:_identify(static/site/images) by extensions ['python_setup_py']
[4.798s] Level 1:colcon.colcon_core.package_identification:_identify(static/site/images) by extension 'python_setup_py'
[4.798s] Level 1:colcon.colcon_core.package_discovery:discover_packages(recursive) using defaults
[4.798s] Level 1:colcon.colcon_core.package_discovery:discover_packages(ignore) discover
[4.799s] Level 1:colcon.colcon_core.package_discovery:discover_packages(ignore) using defaults
[4.799s] Level 1:colcon.colcon_core.package_discovery:discover_packages(path) discover
[4.799s] Level 1:colcon.colcon_core.package_discovery:discover_packages(path) using defaults
[5.079s] INFO:colcon.colcon_core.package_selection:Skipping not selected package 'carla_msgs' in 'ros2_ws/src/carla_msgs'
[5.079s] INFO:colcon.colcon_core.package_selection:Skipping not selected package 'imu_complementary_filter' in 'ros2_ws/src/imu_tools/imu_complementary_filter'
[5.080s] INFO:colcon.colcon_core.package_selection:Skipping not selected package 'imu_filter_madgwick' in 'ros2_ws/src/imu_tools/imu_filter_madgwick'
[5.080s] INFO:colcon.colcon_core.package_selection:Skipping not selected package 'interfaces' in 'ros2_ws/src/interfaces'
[5.080s] INFO:colcon.colcon_core.package_selection:Skipping not selected package 'joystick' in 'ros2_ws/src/joystick'
[5.080s] INFO:colcon.colcon_core.package_selection:Skipping not selected package 'rosapi_msgs' in 'ros2_ws/src/rosbridge_suite/rosapi_msgs'
[5.080s] INFO:colcon.colcon_core.package_selection:Skipping not selected package 'rosbridge_msgs' in 'ros2_ws/src/rosbridge_suite/rosbridge_msgs'
[5.080s] INFO:colcon.colcon_core.package_selection:Skipping not selected package 'rosbridge_test_msgs' in 'ros2_ws/src/rosbridge_suite/rosbridge_test_msgs'
[5.080s] INFO:colcon.colcon_core.package_selection:Skipping not selected package 'rviz_imu_plugin' in 'ros2_ws/src/imu_tools/rviz_imu_plugin'
[5.080s] INFO:colcon.colcon_core.package_selection:Skipping not selected package 'can' in 'ros2_ws/src/can'
[5.081s] INFO:colcon.colcon_core.package_selection:Skipping not selected package 'car_control' in 'ros2_ws/src/car_control'
[5.081s] INFO:colcon.colcon_core.package_selection:Skipping not selected package 'detection' in 'ros2_ws/src/detection'
[5.081s] INFO:colcon.colcon_core.package_selection:Skipping not selected package 'imu_tools' in 'ros2_ws/src/imu_tools/imu_tools'
[5.081s] INFO:colcon.colcon_core.package_selection:Skipping not selected package 'rosbridge_library' in 'ros2_ws/src/rosbridge_suite/rosbridge_library'
[5.081s] INFO:colcon.colcon_core.package_selection:Skipping not selected package 'simulation' in 'ros2_ws/src/simulation'
[5.081s] INFO:colcon.colcon_core.package_selection:Skipping not selected package 'state_machine' in 'ros2_ws/src/state_machine'
[5.081s] INFO:colcon.colcon_core.package_selection:Skipping not selected package 'system_check' in 'ros2_ws/src/system_check'
[5.081s] INFO:colcon.colcon_core.package_selection:Skipping not selected package 'geicar_start' in 'ros2_ws/src/geicar_start'
[5.081s] INFO:colcon.colcon_core.package_selection:Skipping not selected package 'rosapi' in 'ros2_ws/src/rosbridge_suite/rosapi'
[5.082s] INFO:colcon.colcon_core.package_selection:Skipping not selected package 'rosbridge_server' in 'ros2_ws/src/rosbridge_suite/rosbridge_server'
[5.082s] INFO:colcon.colcon_core.package_selection:Skipping not selected package 'rosbridge_suite' in 'ros2_ws/src/rosbridge_suite/rosbridge_suite'
[5.209s] Level 1:colcon.colcon_core.package_discovery:discover_packages(prefix_path) check parameters
[5.209s] Level 1:colcon.colcon_core.package_discovery:discover_packages(prefix_path) discover
[5.348s] DEBUG:colcon.colcon_installed_package_information.package_discovery:Found 282 installed packages in /opt/ros/humble
[5.354s] Level 1:colcon.colcon_core.package_discovery:discover_packages(prefix_path) using defaults
[5.752s] Level 5:colcon.colcon_core.verb:set package 'avoidance' build argument 'cmake_args' from command line to 'None'
[5.752s] Level 5:colcon.colcon_core.verb:set package 'avoidance' build argument 'cmake_target' from command line to 'None'
[5.752s] Level 5:colcon.colcon_core.verb:set package 'avoidance' build argument 'cmake_target_skip_unavailable' from command line to 'False'
[5.752s] Level 5:colcon.colcon_core.verb:set package 'avoidance' build argument 'cmake_clean_cache' from command line to 'False'
[5.752s] Level 5:colcon.colcon_core.verb:set package 'avoidance' build argument 'cmake_clean_first' from command line to 'False'
[5.752s] Level 5:colcon.colcon_core.verb:set package 'avoidance' build argument 'cmake_force_configure' from command line to 'False'
[5.752s] Level 5:colcon.colcon_core.verb:set package 'avoidance' build argument 'ament_cmake_args' from command line to 'None'
[5.753s] Level 5:colcon.colcon_core.verb:set package 'avoidance' build argument 'catkin_cmake_args' from command line to 'None'
[5.753s] Level 5:colcon.colcon_core.verb:set package 'avoidance' build argument 'catkin_skip_building_tests' from command line to 'False'
[5.753s] DEBUG:colcon.colcon_core.verb:Building package 'avoidance' with the following arguments: {'ament_cmake_args': None, 'build_base': '/home/pi/avoidance/Xcar_chidi/raspberryPI3/build/avoidance', 'catkin_cmake_args': None, 'catkin_skip_building_tests': False, 'cmake_args': None, 'cmake_clean_cache': False, 'cmake_clean_first': False, 'cmake_force_configure': False, 'cmake_target': None, 'cmake_target_skip_unavailable': False, 'install_base': '/home/pi/avoidance/Xcar_chidi/raspberryPI3/install/avoidance', 'merge_install': False, 'path': '/home/pi/avoidance/Xcar_chidi/raspberryPI3/ros2_ws/src/avoidance', 'symlink_install': False, 'test_result_base': None}
[5.815s] INFO:colcon.colcon_core.executor:Executing jobs using 'parallel' executor
[5.881s] DEBUG:colcon.colcon_parallel_executor.executor.parallel:run_until_complete
[5.882s] INFO:colcon.colcon_ros.task.ament_cmake.build:Building ROS package in '/home/pi/avoidance/Xcar_chidi/raspberryPI3/ros2_ws/src/avoidance' with build type 'ament_cmake'
[5.882s] INFO:colcon.colcon_cmake.task.cmake.build:Building CMake package in '/home/pi/avoidance/Xcar_chidi/raspberryPI3/ros2_ws/src/avoidance'
[5.960s] INFO:colcon.colcon_core.plugin_system:Skipping extension 'colcon_core.shell.bat': Not used on non-Windows systems
[5.961s] INFO:colcon.colcon_core.shell:Skip shell extension 'powershell' for command environment: Not usable outside of PowerShell
[5.961s] DEBUG:colcon.colcon_core.shell:Skip shell extension 'dsv' for command environment
[6.099s] ERROR:colcon.colcon_cmake.task.cmake.build:Failed to find the following files:
- /home/pi/avoidance/Xcar_chidi/raspberryPI3/install/interfaces/share/interfaces/package.sh
Check that the following packages have been built:
- interfaces
[6.100s] Level 1:colcon.colcon_core.environment:create_environment_scripts_only(avoidance)
[6.172s] Level 1:colcon.colcon_core.environment:checking '/home/pi/avoidance/Xcar_chidi/raspberryPI3/install/avoidance' for CMake module files
[6.174s] Level 1:colcon.colcon_core.environment:checking '/home/pi/avoidance/Xcar_chidi/raspberryPI3/install/avoidance' for CMake config files
[6.175s] Level 1:colcon.colcon_core.environment:checking '/home/pi/avoidance/Xcar_chidi/raspberryPI3/install/avoidance/bin'
[6.175s] Level 1:colcon.colcon_core.environment:checking '/home/pi/avoidance/Xcar_chidi/raspberryPI3/install/avoidance/lib/pkgconfig/avoidance.pc'
[6.176s] Level 1:colcon.colcon_core.environment:checking '/home/pi/avoidance/Xcar_chidi/raspberryPI3/install/avoidance/lib/python3.10/site-packages'
[6.177s] Level 1:colcon.colcon_core.environment:checking '/home/pi/avoidance/Xcar_chidi/raspberryPI3/install/avoidance/bin'
[6.242s] INFO:colcon.colcon_core.shell:Creating package script '/home/pi/avoidance/Xcar_chidi/raspberryPI3/install/avoidance/share/avoidance/package.ps1'
[6.246s] INFO:colcon.colcon_core.shell:Creating package descriptor '/home/pi/avoidance/Xcar_chidi/raspberryPI3/install/avoidance/share/avoidance/package.dsv'
[6.247s] INFO:colcon.colcon_core.shell:Creating package script '/home/pi/avoidance/Xcar_chidi/raspberryPI3/install/avoidance/share/avoidance/package.sh'
[6.250s] INFO:colcon.colcon_core.shell:Creating package script '/home/pi/avoidance/Xcar_chidi/raspberryPI3/install/avoidance/share/avoidance/package.bash'
[6.253s] INFO:colcon.colcon_core.shell:Creating package script '/home/pi/avoidance/Xcar_chidi/raspberryPI3/install/avoidance/share/avoidance/package.zsh'
[6.255s] Level 1:colcon.colcon_core.environment:create_file_with_runtime_dependencies(/home/pi/avoidance/Xcar_chidi/raspberryPI3/install/avoidance/share/colcon-core/packages/avoidance)
[6.267s] DEBUG:colcon.colcon_parallel_executor.executor.parallel:closing loop
[6.268s] DEBUG:colcon.colcon_parallel_executor.executor.parallel:loop closed
[6.268s] DEBUG:colcon.colcon_parallel_executor.executor.parallel:run_until_complete finished with '1'
[6.268s] DEBUG:colcon.colcon_core.event_reactor:joining thread
[6.357s] INFO:colcon.colcon_core.plugin_system:Skipping extension 'colcon_notification.desktop_notification.notify_send': Could not find 'notify-send'
[6.357s] INFO:colcon.colcon_core.plugin_system:Skipping extension 'colcon_notification.desktop_notification.terminal_notifier': Not used on non-Darwin systems
[6.357s] INFO:colcon.colcon_core.plugin_system:Skipping extension 'colcon_notification.desktop_notification.win32': Not used on non-Windows systems
[6.358s] INFO:colcon.colcon_notification.desktop_notification:Sending desktop notification using 'notify2'
[6.360s] DEBUG:colcon.colcon_notification.desktop_notification.notify2:Failed to initialize notify2: org.freedesktop.DBus.Error.ServiceUnknown: The name org.freedesktop.Notifications was not provided by any .service files
[6.361s] DEBUG:colcon.colcon_core.event_reactor:joined thread
[6.427s] INFO:colcon.colcon_core.shell:Creating prefix script '/home/pi/avoidance/Xcar_chidi/raspberryPI3/install/local_setup.ps1'
[6.431s] INFO:colcon.colcon_core.shell:Creating prefix util module '/home/pi/avoidance/Xcar_chidi/raspberryPI3/install/_local_setup_util_ps1.py'
[6.436s] INFO:colcon.colcon_core.shell:Creating prefix chain script '/home/pi/avoidance/Xcar_chidi/raspberryPI3/install/setup.ps1'
[6.505s] INFO:colcon.colcon_core.shell:Creating prefix script '/home/pi/avoidance/Xcar_chidi/raspberryPI3/install/local_setup.sh'
[6.508s] INFO:colcon.colcon_core.shell:Creating prefix util module '/home/pi/avoidance/Xcar_chidi/raspberryPI3/install/_local_setup_util_sh.py'
[6.510s] INFO:colcon.colcon_core.shell:Creating prefix chain script '/home/pi/avoidance/Xcar_chidi/raspberryPI3/install/setup.sh'
[6.616s] INFO:colcon.colcon_core.shell:Creating prefix script '/home/pi/avoidance/Xcar_chidi/raspberryPI3/install/local_setup.bash'
[6.618s] INFO:colcon.colcon_core.shell:Creating prefix chain script '/home/pi/avoidance/Xcar_chidi/raspberryPI3/install/setup.bash'
[6.686s] INFO:colcon.colcon_core.shell:Creating prefix script '/home/pi/avoidance/Xcar_chidi/raspberryPI3/install/local_setup.zsh'
[6.688s] INFO:colcon.colcon_core.shell:Creating prefix chain script '/home/pi/avoidance/Xcar_chidi/raspberryPI3/install/setup.zsh'
