[0.141s] Invoking command in '/home/loic/Desktop/Xcar_chidi/raspberryPI3/ros2_ws/build/state_machine': CMAKE_PREFIX_PATH=/opt/ros/humble /usr/bin/cmake --build /home/loic/Desktop/Xcar_chidi/raspberryPI3/ros2_ws/build/state_machine -- -j8 -l8
[0.278s] [35m[1mConsolidate compiler generated dependencies of target state_machine_node[0m
[0.330s] [ 50%] [32mBuilding CXX object CMakeFiles/state_machine_node.dir/src/state_machine_node.cpp.o[0m
[6.128s] [01m[K/home/loic/Desktop/Xcar_chidi/raspberryPI3/ros2_ws/src/state_machine/src/state_machine_node.cpp:44:43:[m[K [01;31m[Kerror: [m[K‘[01m[KUltrasonic[m[K’ is not a member of ‘[01m[Kinterfaces::msg[m[K’
[6.128s]    44 |     rclcpp::Subscription<interfaces::msg::[01;31m[KUltrasonic[m[K>::SharedPtr subscription_ultrasonic_sensor_;
[6.128s]       |                                           [01;31m[K^~~~~~~~~~[m[K
[6.128s] [01m[K/home/loic/Desktop/Xcar_chidi/raspberryPI3/ros2_ws/src/state_machine/src/state_machine_node.cpp:44:53:[m[K [01;31m[Kerror: [m[Ktemplate argument 1 is invalid
[6.129s]    44 |     rclcpp::Subscription<interfaces::msg::Ultrasonic[01;31m[K>[m[K::SharedPtr subscription_ultrasonic_sensor_;
[6.129s]       |                                                     [01;31m[K^[m[K
[6.129s] [01m[K/home/loic/Desktop/Xcar_chidi/raspberryPI3/ros2_ws/src/state_machine/src/state_machine_node.cpp:44:53:[m[K [01;31m[Kerror: [m[Ktemplate argument 3 is invalid
[6.130s] [01m[K/home/loic/Desktop/Xcar_chidi/raspberryPI3/ros2_ws/src/state_machine/src/state_machine_node.cpp:44:53:[m[K [01;31m[Kerror: [m[Ktemplate argument 4 is invalid
[6.130s] [01m[K/home/loic/Desktop/Xcar_chidi/raspberryPI3/ros2_ws/src/state_machine/src/state_machine_node.cpp:44:53:[m[K [01;31m[Kerror: [m[Ktemplate argument 5 is invalid
[6.130s] [01m[K/home/loic/Desktop/Xcar_chidi/raspberryPI3/ros2_ws/src/state_machine/src/state_machine_node.cpp:44:56:[m[K [01;31m[Kerror: [m[Kexpected ‘[01m[K;[m[K’ at end of member declaration
[6.131s]    44 |     rclcpp::Subscription<interfaces::msg::Ultrasonic>::[01;31m[KSharedPtr[m[K subscription_ultrasonic_sensor_;
[6.131s]       |                                                        [01;31m[K^~~~~~~~~[m[K
[6.131s]       |                                                                 [32m[K;[m[K
[6.139s] [01m[K/home/loic/Desktop/Xcar_chidi/raspberryPI3/ros2_ws/src/state_machine/src/state_machine_node.cpp:44:66:[m[K [01;31m[Kerror: [m[K‘[01m[Ksubscription_ultrasonic_sensor_[m[K’ does not name a type
[6.139s]    44 | clcpp::Subscription<interfaces::msg::Ultrasonic>::SharedPtr [01;31m[Ksubscription_ultrasonic_sensor_[m[K;
[6.139s]       |                                                             [01;31m[K^~~~~~~~~~~~~~~~~~~~~~~~~~~~~~~[m[K
[6.139s] 
[6.153s] [01m[K/home/loic/Desktop/Xcar_chidi/raspberryPI3/ros2_ws/src/state_machine/src/state_machine_node.cpp:47:21:[m[K [01;31m[Kerror: [m[K‘[01m[Kstd_srvs[m[K’ was not declared in this scope
[6.153s]    47 |     rclcpp::Service<[01;31m[Kstd_srvs[m[K::srv::Empty>::SharedPtr state_service_;
[6.153s]       |                     [01;31m[K^~~~~~~~[m[K
[6.153s] [01m[K/home/loic/Desktop/Xcar_chidi/raspberryPI3/ros2_ws/src/state_machine/src/state_machine_node.cpp:47:41:[m[K [01;31m[Kerror: [m[Ktemplate argument 1 is invalid
[6.154s]    47 |     rclcpp::Service<std_srvs::srv::Empty[01;31m[K>[m[K::SharedPtr state_service_;
[6.154s]       |                                         [01;31m[K^[m[K
[6.154s] [01m[K/home/loic/Desktop/Xcar_chidi/raspberryPI3/ros2_ws/src/state_machine/src/state_machine_node.cpp:47:44:[m[K [01;31m[Kerror: [m[Kexpected ‘[01m[K;[m[K’ at end of member declaration
[6.155s]    47 |     rclcpp::Service<std_srvs::srv::Empty>::[01;31m[KSharedPtr[m[K state_service_;
[6.155s]       |                                            [01;31m[K^~~~~~~~~[m[K
[6.155s]       |                                                     [32m[K;[m[K
[6.155s] [01m[K/home/loic/Desktop/Xcar_chidi/raspberryPI3/ros2_ws/src/state_machine/src/state_machine_node.cpp:47:44:[m[K [01;31m[Kerror: [m[Kredeclaration of ‘[01m[Kint state_machine::SharedPtr[m[K’
[6.156s] [01m[K/home/loic/Desktop/Xcar_chidi/raspberryPI3/ros2_ws/src/state_machine/src/state_machine_node.cpp:44:56:[m[K [01;36m[Knote: [m[Kprevious declaration ‘[01m[Kint state_machine::SharedPtr[m[K’
[6.156s]    44 |     rclcpp::Subscription<interfaces::msg::Ultrasonic>::[01;36m[KSharedPtr[m[K subscription_ultrasonic_sensor_;
[6.156s]       |                                                        [01;36m[K^~~~~~~~~[m[K
[6.159s] [01m[K/home/loic/Desktop/Xcar_chidi/raspberryPI3/ros2_ws/src/state_machine/src/state_machine_node.cpp:47:54:[m[K [01;31m[Kerror: [m[K‘[01m[Kstate_service_[m[K’ does not name a type
[6.159s]    47 |     rclcpp::Service<std_srvs::srv::Empty>::SharedPtr [01;31m[Kstate_service_[m[K;
[6.159s]       |                                                      [01;31m[K^~~~~~~~~~~~~~[m[K
[6.159s] [01m[K/home/loic/Desktop/Xcar_chidi/raspberryPI3/ros2_ws/src/state_machine/src/state_machine_node.cpp:65:48:[m[K [01;31m[Kerror: [m[K‘[01m[KUltrasonic[m[K’ in namespace ‘[01m[Kinterfaces::msg[m[K’ does not name a type
[6.160s]    65 |     void stateCallback2(const interfaces::msg::[01;31m[KUltrasonic[m[K &ultrasonic)
[6.160s]       |                                                [01;31m[K^~~~~~~~~~[m[K
[6.208s] [01m[K/home/loic/Desktop/Xcar_chidi/raspberryPI3/ros2_ws/src/state_machine/src/state_machine_node.cpp:[m[K In constructor ‘[01m[Kstate_machine::state_machine()[m[K’:
[6.208s] [01m[K/home/loic/Desktop/Xcar_chidi/raspberryPI3/ros2_ws/src/state_machine/src/state_machine_node.cpp:26:7:[m[K [01;31m[Kerror: [m[K‘[01m[Ksubscription_ultrasonic_sensor_[m[K’ was not declared in this scope
[6.208s]    26 |       [01;31m[Ksubscription_ultrasonic_sensor_[m[K = this->create_subscription<interfaces::msg::Ultrasonic>(
[6.208s]       |       [01;31m[K^~~~~~~~~~~~~~~~~~~~~~~~~~~~~~~[m[K
[6.209s] [01m[K/home/loic/Desktop/Xcar_chidi/raspberryPI3/ros2_ws/src/state_machine/src/state_machine_node.cpp:26:84:[m[K [01;31m[Kerror: [m[K‘[01m[KUltrasonic[m[K’ is not a member of ‘[01m[Kinterfaces::msg[m[K’
[6.209s]    26 | asonic_sensor_ = this->create_subscription<interfaces::msg::[01;31m[KUltrasonic[m[K>(
[6.210s]       |                                                             [01;31m[K^~~~~~~~~~[m[K
[6.210s] 
[6.210s] [01m[K/home/loic/Desktop/Xcar_chidi/raspberryPI3/ros2_ws/src/state_machine/src/state_machine_node.cpp:26:95:[m[K [01;31m[Kerror: [m[Kno matching function for call to ‘[01m[Kstate_machine::create_subscription<<expression error> >(const char [8], int, std::_Bind_helper<false, void (state_machine::*)(const interfaces::msg::JoystickOrder_<std::allocator<void> >&), state_machine*, const std::_Placeholder<1>&>::type)[m[K’
[6.210s]    26 | sonic_sensor_ = [01;31m[Kthis->create_subscription<interfaces::msg::Ultrasonic>([m[K
[6.210s]       |                 [01;31m[K~~~~~~~~~~~~~~~~~~~~~~~~~~~~~~~~~~~~~~~~~~~~~~~~~~~~~~^[m[K
[6.210s] 
[6.210s]    27 | [01;31m[Ktd::bind(&state_machine::stateCallback, this, _1))[m[K;
[6.211s]       | [01;31m[K~~~~~~~~~~~~~~~~~~~~~~~~~~~~~~~~~~~~~~~~~~~~~~~~~~[m[K                     
[6.211s] 
[6.211s] In file included from [01m[K/opt/ros/humble/include/rclcpp/rclcpp/node.hpp:1321[m[K,
[6.211s]                  from [01m[K/opt/ros/humble/include/rclcpp/rclcpp/executors/single_threaded_executor.hpp:28[m[K,
[6.211s]                  from [01m[K/opt/ros/humble/include/rclcpp/rclcpp/executors.hpp:22[m[K,
[6.211s]                  from [01m[K/opt/ros/humble/include/rclcpp/rclcpp/rclcpp.hpp:155[m[K,
[6.211s]                  from [01m[K/home/loic/Desktop/Xcar_chidi/raspberryPI3/ros2_ws/src/state_machine/src/state_machine_node.cpp:2[m[K:
[6.211s] [01m[K/opt/ros/humble/include/rclcpp/rclcpp/node_impl.hpp:92:1:[m[K [01;36m[Knote: [m[Kcandidate: ‘[01m[Ktemplate<class MessageT, class CallbackT, class AllocatorT, class SubscriptionT, class MessageMemoryStrategyT> std::shared_ptr<ROSMessageT> rclcpp::Node::create_subscription(const string&, const rclcpp::QoS&, CallbackT&&, const rclcpp::SubscriptionOptionsWithAllocator<AllocatorT>&, typename MessageMemoryStrategyT::SharedPtr)[m[K’
[6.212s]    92 | [01;36m[KNode[m[K::create_subscription(
[6.212s]       | [01;36m[K^~~~[m[K
[6.212s] [01m[K/opt/ros/humble/include/rclcpp/rclcpp/node_impl.hpp:92:1:[m[K [01;36m[Knote: [m[K  template argument deduction/substitution failed:
[6.212s] [01m[K/home/loic/Desktop/Xcar_chidi/raspberryPI3/ros2_ws/src/state_machine/src/state_machine_node.cpp:26:95:[m[K [01;31m[Kerror: [m[Ktemplate argument 1 is invalid
[6.212s]    26 | sonic_sensor_ = [01;31m[Kthis->create_subscription<interfaces::msg::Ultrasonic>([m[K
[6.212s]       |                 [01;31m[K~~~~~~~~~~~~~~~~~~~~~~~~~~~~~~~~~~~~~~~~~~~~~~~~~~~~~~^[m[K
[6.213s] 
[6.213s]    27 | [01;31m[Ktd::bind(&state_machine::stateCallback, this, _1))[m[K;
[6.213s]       | [01;31m[K~~~~~~~~~~~~~~~~~~~~~~~~~~~~~~~~~~~~~~~~~~~~~~~~~~[m[K                     
[6.213s] 
[6.227s] [01m[K/home/loic/Desktop/Xcar_chidi/raspberryPI3/ros2_ws/src/state_machine/src/state_machine_node.cpp:30:7:[m[K [01;31m[Kerror: [m[K‘[01m[Kstate_service_[m[K’ was not declared in this scope; did you mean ‘[01m[Kcreate_service[m[K’?
[6.227s]    30 |       [01;31m[Kstate_service_[m[K = this->create_service<std_srvs::srv::Empty>(
[6.227s]       |       [01;31m[K^~~~~~~~~~~~~~[m[K
[6.228s]       |       [32m[Kcreate_service[m[K
[6.240s] [01m[K/home/loic/Desktop/Xcar_chidi/raspberryPI3/ros2_ws/src/state_machine/src/state_machine_node.cpp:30:45:[m[K [01;31m[Kerror: [m[K‘[01m[Kstd_srvs[m[K’ was not declared in this scope
[6.240s]    30 |       state_service_ = this->create_service<[01;31m[Kstd_srvs[m[K::srv::Empty>(
[6.241s]       |                                             [01;31m[K^~~~~~~~[m[K
[6.241s] [01m[K/home/loic/Desktop/Xcar_chidi/raspberryPI3/ros2_ws/src/state_machine/src/state_machine_node.cpp:30:30:[m[K [01;31m[Kerror: [m[Kparse error in template argument list
[6.241s]    30 |       state_service_ = this->[01;31m[Kcreate_service<std_srvs::srv::Empty>[m[K(
[6.241s]       |                              [01;31m[K^~~~~~~~~~~~~~~~~~~~~~~~~~~~~~~~~~~~[m[K
[6.241s] In file included from [01m[K/usr/include/c++/11/pstl/glue_algorithm_defs.h:13[m[K,
[6.242s]                  from [01m[K/usr/include/c++/11/algorithm:74[m[K,
[6.242s]                  from [01m[K/opt/ros/humble/include/rclcpp/rclcpp/executor.hpp:18[m[K,
[6.242s]                  from [01m[K/opt/ros/humble/include/rclcpp/rclcpp/executors/multi_threaded_executor.hpp:25[m[K,
[6.242s]                  from [01m[K/opt/ros/humble/include/rclcpp/rclcpp/executors.hpp:21[m[K,
[6.242s]                  from [01m[K/opt/ros/humble/include/rclcpp/rclcpp/rclcpp.hpp:155[m[K,
[6.242s]                  from [01m[K/home/loic/Desktop/Xcar_chidi/raspberryPI3/ros2_ws/src/state_machine/src/state_machine_node.cpp:2[m[K:
[6.242s] /usr/include/c++/11/functional: In instantiation of ‘[01m[Kstruct std::_Bind_check_arity<void (state_machine::*)(const interfaces::msg::JoystickOrder_<std::allocator<void> >&), state_machine*, const std::_Placeholder<1>&, const std::_Placeholder<2>&>[m[K’:
[6.242s] [01m[K/usr/include/c++/11/functional:768:12:[m[K   required from ‘[01m[Kstruct std::_Bind_helper<false, void (state_machine::*)(const interfaces::msg::JoystickOrder_<std::allocator<void> >&), state_machine*, const std::_Placeholder<1>&, const std::_Placeholder<2>&>[m[K’
[6.243s] [01m[K/usr/include/c++/11/functional:789:5:[m[K   required by substitution of ‘[01m[Ktemplate<class _Func, class ... _BoundArgs> typename std::_Bind_helper<std::__is_socketlike<_Func>::value, _Func, _BoundArgs ...>::type std::bind(_Func&&, _BoundArgs&& ...) [with _Func = void (state_machine::*)(const interfaces::msg::JoystickOrder_<std::allocator<void> >&); _BoundArgs = {state_machine*, const std::_Placeholder<1>&, const std::_Placeholder<2>&}][m[K’
[6.243s] [01m[K/home/loic/Desktop/Xcar_chidi/raspberryPI3/ros2_ws/src/state_machine/src/state_machine_node.cpp:31:33:[m[K   required from here
[6.243s] [01m[K/usr/include/c++/11/functional:756:21:[m[K [01;31m[Kerror: [m[Kstatic assertion failed: Wrong number of arguments for pointer-to-member
[6.243s]   755 |       static_assert(_Varargs::[01;31m[Kvalue[m[K
[6.243s]       |                               [01;31m[K~~~~~[m[K
[6.243s]   756 | [01;31m[K                    ? sizeof...(_BoundArgs) >= _Arity::value + 1[m[K
[6.243s]       |                     [01;31m[K^~~~~~~~~~~~~~~~~~~~~~~~~~~~~~~~~~~~~~~~~~~~[m[K
[6.243s]   757 | [01;31m[K                    : sizeof...(_BoundArgs) == _Arity::value + 1[m[K,
[6.243s]       |                     [01;31m[K~~~~~~~~~~~~~~~~~~~~~~~~~~~~~~~~~~~~~~~~~~~~[m[K
[6.244s] [01m[K/usr/include/c++/11/functional:756:21:[m[K [01;36m[Knote: [m[K‘[01m[K(false ? (3 >= (((long unsigned int)std::integral_constant<long unsigned int, 1>::value) + 1)) : (3 == (((long unsigned int)std::integral_constant<long unsigned int, 1>::value) + 1)))[m[K’ evaluates to false
[6.252s] [01m[K/home/loic/Desktop/Xcar_chidi/raspberryPI3/ros2_ws/src/state_machine/src/state_machine_node.cpp:30:66:[m[K [01;31m[Kerror: [m[Kno matching function for call to ‘[01m[Kstate_machine::create_service<<expression error> >(const char [14], std::_Bind_helper<false, void (state_machine::*)(const interfaces::msg::JoystickOrder_<std::allocator<void> >&), state_machine*, const std::_Placeholder<1>&, const std::_Placeholder<2>&>::type)[m[K’
[6.252s]    30 |       state_service_ = [01;31m[Kthis->create_service<std_srvs::srv::Empty>([m[K
[6.253s]       |                        [01;31m[K~~~~~~~~~~~~~~~~~~~~~~~~~~~~~~~~~~~~~~~~~~^[m[K
[6.253s]    31 | [01;31m[K      "state_service", std::bind(&state_machine::stateCallback, this, std::placeholders::_1, std::placeholders::_2))[m[K;
[6.253s]       |       [01;31m[K~~~~~~~~~~~~~~~~~~~~~~~~~~~~~~~~~~~~~~~~~~~~~~~~~~~~~~~~~~~~~~~~~~~~~~~~~~~~~~~~~~~~~~~~~~~~~~~~~~~~~~~~~~~~~~[m[K
[6.253s] In file included from [01m[K/opt/ros/humble/include/rclcpp/rclcpp/executors/single_threaded_executor.hpp:28[m[K,
[6.253s]                  from [01m[K/opt/ros/humble/include/rclcpp/rclcpp/executors.hpp:22[m[K,
[6.254s]                  from [01m[K/opt/ros/humble/include/rclcpp/rclcpp/rclcpp.hpp:155[m[K,
[6.254s]                  from [01m[K/home/loic/Desktop/Xcar_chidi/raspberryPI3/ros2_ws/src/state_machine/src/state_machine_node.cpp:2[m[K:
[6.254s] [01m[K/opt/ros/humble/include/rclcpp/rclcpp/node.hpp:267:3:[m[K [01;36m[Knote: [m[Kcandidate: ‘[01m[Ktemplate<class ServiceT, class CallbackT> typename rclcpp::Service<ServiceT>::SharedPtr rclcpp::Node::create_service(const string&, CallbackT&&, const rmw_qos_profile_t&, rclcpp::CallbackGroup::SharedPtr)[m[K’
[6.255s]   267 |   [01;36m[Kcreate_service[m[K(
[6.256s]       |   [01;36m[K^~~~~~~~~~~~~~[m[K
[6.256s] [01m[K/opt/ros/humble/include/rclcpp/rclcpp/node.hpp:267:3:[m[K [01;36m[Knote: [m[K  template argument deduction/substitution failed:
[6.256s] [01m[K/home/loic/Desktop/Xcar_chidi/raspberryPI3/ros2_ws/src/state_machine/src/state_machine_node.cpp:30:66:[m[K [01;31m[Kerror: [m[Ktemplate argument 1 is invalid
[6.256s]    30 |       state_service_ = [01;31m[Kthis->create_service<std_srvs::srv::Empty>([m[K
[6.257s]       |                        [01;31m[K~~~~~~~~~~~~~~~~~~~~~~~~~~~~~~~~~~~~~~~~~~^[m[K
[6.257s]    31 | [01;31m[K      "state_service", std::bind(&state_machine::stateCallback, this, std::placeholders::_1, std::placeholders::_2))[m[K;
[6.257s]       |       [01;31m[K~~~~~~~~~~~~~~~~~~~~~~~~~~~~~~~~~~~~~~~~~~~~~~~~~~~~~~~~~~~~~~~~~~~~~~~~~~~~~~~~~~~~~~~~~~~~~~~~~~~~~~~~~~~~~~[m[K
[6.269s] [01m[K/home/loic/Desktop/Xcar_chidi/raspberryPI3/ros2_ws/src/state_machine/src/state_machine_node.cpp:[m[K In member function ‘[01m[Kvoid state_machine::stateCallback(const JoystickOrder&)[m[K’:
[6.270s] [01m[K/home/loic/Desktop/Xcar_chidi/raspberryPI3/ros2_ws/src/state_machine/src/state_machine_node.cpp:58:40:[m[K [01;31m[Kerror: [m[K‘[01m[Kultrasonic[m[K’ was not declared in this scope
[6.270s]    58 |       else if (joyOrder.throttle>0 and [01;31m[Kultrasonic[m[K.frontcenter<=20)
[6.270s]       |                                        [01;31m[K^~~~~~~~~~[m[K
[6.270s] [01m[K/home/loic/Desktop/Xcar_chidi/raspberryPI3/ros2_ws/src/state_machine/src/state_machine_node.cpp:[m[K In member function ‘[01m[Kvoid state_machine::stateCallback2(const int&)[m[K’:
[6.270s] [01m[K/home/loic/Desktop/Xcar_chidi/raspberryPI3/ros2_ws/src/state_machine/src/state_machine_node.cpp:68:22:[m[K [01;31m[Kerror: [m[Krequest for member ‘[01m[Kfrontcenter[m[K’ in ‘[01m[Kultrasonic[m[K’, which is of non-class type ‘[01m[Kconst int[m[K’
[6.270s]    68 |       if (ultrasonic.[01;31m[Kfrontcenter[m[K<=20)
[6.271s]       |                      [01;31m[K^~~~~~~~~~~[m[K
[12.814s] gmake[2]: *** [CMakeFiles/state_machine_node.dir/build.make:76: CMakeFiles/state_machine_node.dir/src/state_machine_node.cpp.o] Error 1
[12.815s] gmake[1]: *** [CMakeFiles/Makefile2:137: CMakeFiles/state_machine_node.dir/all] Error 2
[12.815s] gmake: *** [Makefile:146: all] Error 2
[12.825s] Invoked command in '/home/loic/Desktop/Xcar_chidi/raspberryPI3/ros2_ws/build/state_machine' returned '2': CMAKE_PREFIX_PATH=/opt/ros/humble /usr/bin/cmake --build /home/loic/Desktop/Xcar_chidi/raspberryPI3/ros2_ws/build/state_machine -- -j8 -l8
