[3.378s] Invoking command in '/root/Xcar_chidi/jetsonNano/ros2_ws/src/img_processing': PYTHONPATH=/root/Xcar_chidi/jetsonNano/ros2_ws/build/img_processing/prefix_override:/root/Xcar_chidi/jetsonNano/ros2_ws/install/img_processing/lib/python3.10/site-packages:${PYTHONPATH} /usr/bin/python3 setup.py egg_info --egg-base ../../build/img_processing build --build-base /root/Xcar_chidi/jetsonNano/ros2_ws/build/img_processing/build install --record /root/Xcar_chidi/jetsonNano/ros2_ws/build/img_processing/install.log --single-version-externally-managed
[4.466s] running egg_info
[4.469s] creating ../../build/img_processing/img_processing.egg-info
[4.470s] writing ../../build/img_processing/img_processing.egg-info/PKG-INFO
[4.470s] writing dependency_links to ../../build/img_processing/img_processing.egg-info/dependency_links.txt
[4.471s] writing entry points to ../../build/img_processing/img_processing.egg-info/entry_points.txt
[4.472s] writing requirements to ../../build/img_processing/img_processing.egg-info/requires.txt
[4.472s] writing top-level names to ../../build/img_processing/img_processing.egg-info/top_level.txt
[4.472s] writing manifest file '../../build/img_processing/img_processing.egg-info/SOURCES.txt'
[4.480s] reading manifest file '../../build/img_processing/img_processing.egg-info/SOURCES.txt'
[4.485s] writing manifest file '../../build/img_processing/img_processing.egg-info/SOURCES.txt'
[4.486s] running build
[4.487s] running build_py
[4.489s] creating /root/Xcar_chidi/jetsonNano/ros2_ws/build/img_processing/build
[4.491s] creating /root/Xcar_chidi/jetsonNano/ros2_ws/build/img_processing/build/lib
[4.492s] creating /root/Xcar_chidi/jetsonNano/ros2_ws/build/img_processing/build/lib/img_processing
[4.494s] copying img_processing/__init__.py -> /root/Xcar_chidi/jetsonNano/ros2_ws/build/img_processing/build/lib/img_processing
[4.497s] copying img_processing/img_processing_node.py -> /root/Xcar_chidi/jetsonNano/ros2_ws/build/img_processing/build/lib/img_processing
[4.501s] running install
[4.502s] /usr/lib/python3/dist-packages/setuptools/command/install.py:34: SetuptoolsDeprecationWarning: setup.py install is deprecated. Use build and pip and other standards-based tools.
[4.503s]   warnings.warn(
[4.503s] running install_lib
[4.507s] creating /root/Xcar_chidi/jetsonNano/ros2_ws/install/img_processing/lib/python3.10/site-packages/img_processing
[4.508s] copying /root/Xcar_chidi/jetsonNano/ros2_ws/build/img_processing/build/lib/img_processing/__init__.py -> /root/Xcar_chidi/jetsonNano/ros2_ws/install/img_processing/lib/python3.10/site-packages/img_processing
[4.508s] copying /root/Xcar_chidi/jetsonNano/ros2_ws/build/img_processing/build/lib/img_processing/img_processing_node.py -> /root/Xcar_chidi/jetsonNano/ros2_ws/install/img_processing/lib/python3.10/site-packages/img_processing
[4.510s] byte-compiling /root/Xcar_chidi/jetsonNano/ros2_ws/install/img_processing/lib/python3.10/site-packages/img_processing/__init__.py to __init__.cpython-310.pyc
[4.511s] byte-compiling /root/Xcar_chidi/jetsonNano/ros2_ws/install/img_processing/lib/python3.10/site-packages/img_processing/img_processing_node.py to img_processing_node.cpython-310.pyc
[4.520s] running install_data
[4.523s] creating /root/Xcar_chidi/jetsonNano/ros2_ws/install/img_processing/share/ament_index
[4.523s] creating /root/Xcar_chidi/jetsonNano/ros2_ws/install/img_processing/share/ament_index/resource_index
[4.524s] creating /root/Xcar_chidi/jetsonNano/ros2_ws/install/img_processing/share/ament_index/resource_index/packages
[4.524s] copying resource/img_processing -> /root/Xcar_chidi/jetsonNano/ros2_ws/install/img_processing/share/ament_index/resource_index/packages
[4.525s] copying package.xml -> /root/Xcar_chidi/jetsonNano/ros2_ws/install/img_processing/share/img_processing
[4.526s] running install_egg_info
[4.533s] Copying ../../build/img_processing/img_processing.egg-info to /root/Xcar_chidi/jetsonNano/ros2_ws/install/img_processing/lib/python3.10/site-packages/img_processing-0.0.0-py3.10.egg-info
[4.538s] running install_scripts
[4.630s] Installing img_processing_node script to /root/Xcar_chidi/jetsonNano/ros2_ws/install/img_processing/lib/img_processing
[4.633s] writing list of installed files to '/root/Xcar_chidi/jetsonNano/ros2_ws/build/img_processing/install.log'
[4.758s] Invoked command in '/root/Xcar_chidi/jetsonNano/ros2_ws/src/img_processing' returned '0': PYTHONPATH=/root/Xcar_chidi/jetsonNano/ros2_ws/build/img_processing/prefix_override:/root/Xcar_chidi/jetsonNano/ros2_ws/install/img_processing/lib/python3.10/site-packages:${PYTHONPATH} /usr/bin/python3 setup.py egg_info --egg-base ../../build/img_processing build --build-base /root/Xcar_chidi/jetsonNano/ros2_ws/build/img_processing/build install --record /root/Xcar_chidi/jetsonNano/ros2_ws/build/img_processing/install.log --single-version-externally-managed
