[1.831s] DEBUG:colcon:Command line arguments: ['/usr/bin/colcon', 'build']
[1.831s] DEBUG:colcon:Parsed command line arguments: Namespace(log_base=None, log_level=None, verb_name='build', build_base='build', install_base='install', merge_install=False, symlink_install=False, test_result_base=None, continue_on_error=False, executor='parallel', parallel_workers=8, event_handlers=None, ignore_user_meta=False, metas=['./colcon.meta'], base_paths=['.'], packages_ignore=None, packages_ignore_regex=None, paths=None, packages_up_to=None, packages_up_to_regex=None, packages_above=None, packages_above_and_dependencies=None, packages_above_depth=None, packages_select_by_dep=None, packages_skip_by_dep=None, packages_skip_up_to=None, packages_select_build_failed=False, packages_skip_build_finished=False, packages_select_test_failures=False, packages_skip_test_passed=False, packages_select=None, packages_skip=None, packages_select_regex=None, packages_skip_regex=None, packages_start=None, packages_end=None, allow_overriding=[], cmake_args=None, cmake_target=None, cmake_target_skip_unavailable=False, cmake_clean_cache=False, cmake_clean_first=False, cmake_force_configure=False, ament_cmake_args=None, catkin_cmake_args=None, catkin_skip_building_tests=False, verb_parser=<colcon_defaults.argument_parser.defaults.DefaultArgumentsDecorator object at 0x7f24d33b7220>, verb_extension=<colcon_core.verb.build.BuildVerb object at 0x7f24d33b44c0>, main=<bound method BuildVerb.main of <colcon_core.verb.build.BuildVerb object at 0x7f24d33b44c0>>)
[1.917s] Level 1:colcon.colcon_core.package_discovery:discover_packages(colcon_meta) check parameters
[1.917s] Level 1:colcon.colcon_core.package_discovery:discover_packages(recursive) check parameters
[1.917s] Level 1:colcon.colcon_core.package_discovery:discover_packages(ignore) check parameters
[1.917s] Level 1:colcon.colcon_core.package_discovery:discover_packages(path) check parameters
[1.918s] Level 1:colcon.colcon_core.package_discovery:discover_packages(colcon_meta) discover
[1.918s] Level 1:colcon.colcon_core.package_discovery:discover_packages(recursive) discover
[1.918s] INFO:colcon.colcon_core.package_discovery:Crawling recursively for packages in '/home/loic/Desktop/Xcar_chidi/jetsonNano/ros2_ws'
[1.918s] Level 1:colcon.colcon_core.package_identification:_identify(.) by extensions ['ignore', 'ignore_ament_install']
[1.918s] Level 1:colcon.colcon_core.package_identification:_identify(.) by extension 'ignore'
[1.918s] Level 1:colcon.colcon_core.package_identification:_identify(.) by extension 'ignore_ament_install'
[1.918s] Level 1:colcon.colcon_core.package_identification:_identify(.) by extensions ['colcon_pkg']
[1.918s] Level 1:colcon.colcon_core.package_identification:_identify(.) by extension 'colcon_pkg'
[1.919s] Level 1:colcon.colcon_core.package_identification:_identify(.) by extensions ['colcon_meta']
[1.919s] Level 1:colcon.colcon_core.package_identification:_identify(.) by extension 'colcon_meta'
[1.919s] Level 1:colcon.colcon_core.package_identification:_identify(.) by extensions ['ros']
[1.919s] Level 1:colcon.colcon_core.package_identification:_identify(.) by extension 'ros'
[1.938s] Level 1:colcon.colcon_core.package_identification:_identify(.) by extensions ['cmake', 'python']
[1.939s] Level 1:colcon.colcon_core.package_identification:_identify(.) by extension 'cmake'
[1.939s] Level 1:colcon.colcon_core.package_identification:_identify(.) by extension 'python'
[1.939s] Level 1:colcon.colcon_core.package_identification:_identify(.) by extensions ['python_setup_py']
[1.939s] Level 1:colcon.colcon_core.package_identification:_identify(.) by extension 'python_setup_py'
[1.939s] Level 1:colcon.colcon_core.package_identification:_identify(build) by extensions ['ignore', 'ignore_ament_install']
[1.939s] Level 1:colcon.colcon_core.package_identification:_identify(build) by extension 'ignore'
[1.939s] Level 1:colcon.colcon_core.package_identification:_identify(build) ignored
[1.939s] Level 1:colcon.colcon_core.package_identification:_identify(install) by extensions ['ignore', 'ignore_ament_install']
[1.940s] Level 1:colcon.colcon_core.package_identification:_identify(install) by extension 'ignore'
[1.940s] Level 1:colcon.colcon_core.package_identification:_identify(install) ignored
[1.940s] Level 1:colcon.colcon_core.package_identification:_identify(log) by extensions ['ignore', 'ignore_ament_install']
[1.940s] Level 1:colcon.colcon_core.package_identification:_identify(log) by extension 'ignore'
[1.940s] Level 1:colcon.colcon_core.package_identification:_identify(log) ignored
[1.940s] Level 1:colcon.colcon_core.package_identification:_identify(src) by extensions ['ignore', 'ignore_ament_install']
[1.940s] Level 1:colcon.colcon_core.package_identification:_identify(src) by extension 'ignore'
[1.940s] Level 1:colcon.colcon_core.package_identification:_identify(src) by extension 'ignore_ament_install'
[1.940s] Level 1:colcon.colcon_core.package_identification:_identify(src) by extensions ['colcon_pkg']
[1.940s] Level 1:colcon.colcon_core.package_identification:_identify(src) by extension 'colcon_pkg'
[1.941s] Level 1:colcon.colcon_core.package_identification:_identify(src) by extensions ['colcon_meta']
[1.941s] Level 1:colcon.colcon_core.package_identification:_identify(src) by extension 'colcon_meta'
[1.941s] Level 1:colcon.colcon_core.package_identification:_identify(src) by extensions ['ros']
[1.941s] Level 1:colcon.colcon_core.package_identification:_identify(src) by extension 'ros'
[1.941s] Level 1:colcon.colcon_core.package_identification:_identify(src) by extensions ['cmake', 'python']
[1.941s] Level 1:colcon.colcon_core.package_identification:_identify(src) by extension 'cmake'
[1.941s] Level 1:colcon.colcon_core.package_identification:_identify(src) by extension 'python'
[1.941s] Level 1:colcon.colcon_core.package_identification:_identify(src) by extensions ['python_setup_py']
[1.941s] Level 1:colcon.colcon_core.package_identification:_identify(src) by extension 'python_setup_py'
[1.941s] Level 1:colcon.colcon_core.package_identification:_identify(src/geicar_start_jetson) by extensions ['ignore', 'ignore_ament_install']
[1.941s] Level 1:colcon.colcon_core.package_identification:_identify(src/geicar_start_jetson) by extension 'ignore'
[1.941s] Level 1:colcon.colcon_core.package_identification:_identify(src/geicar_start_jetson) by extension 'ignore_ament_install'
[1.942s] Level 1:colcon.colcon_core.package_identification:_identify(src/geicar_start_jetson) by extensions ['colcon_pkg']
[1.942s] Level 1:colcon.colcon_core.package_identification:_identify(src/geicar_start_jetson) by extension 'colcon_pkg'
[1.942s] Level 1:colcon.colcon_core.package_identification:_identify(src/geicar_start_jetson) by extensions ['colcon_meta']
[1.942s] Level 1:colcon.colcon_core.package_identification:_identify(src/geicar_start_jetson) by extension 'colcon_meta'
[1.942s] Level 1:colcon.colcon_core.package_identification:_identify(src/geicar_start_jetson) by extensions ['ros']
[1.942s] Level 1:colcon.colcon_core.package_identification:_identify(src/geicar_start_jetson) by extension 'ros'
[1.946s] DEBUG:colcon.colcon_core.package_identification:Package 'src/geicar_start_jetson' with type 'ros.ament_cmake' and name 'geicar_start_jetson'
[1.946s] Level 1:colcon.colcon_core.package_identification:_identify(src/img_processing) by extensions ['ignore', 'ignore_ament_install']
[1.946s] Level 1:colcon.colcon_core.package_identification:_identify(src/img_processing) by extension 'ignore'
[1.947s] Level 1:colcon.colcon_core.package_identification:_identify(src/img_processing) by extension 'ignore_ament_install'
[1.947s] Level 1:colcon.colcon_core.package_identification:_identify(src/img_processing) by extensions ['colcon_pkg']
[1.947s] Level 1:colcon.colcon_core.package_identification:_identify(src/img_processing) by extension 'colcon_pkg'
[1.947s] Level 1:colcon.colcon_core.package_identification:_identify(src/img_processing) by extensions ['colcon_meta']
[1.947s] Level 1:colcon.colcon_core.package_identification:_identify(src/img_processing) by extension 'colcon_meta'
[1.947s] Level 1:colcon.colcon_core.package_identification:_identify(src/img_processing) by extensions ['ros']
[1.947s] Level 1:colcon.colcon_core.package_identification:_identify(src/img_processing) by extension 'ros'
[1.948s] DEBUG:colcon.colcon_core.package_identification:Package 'src/img_processing' with type 'ros.ament_python' and name 'img_processing'
[1.948s] Level 1:colcon.colcon_core.package_identification:_identify(src/interfaces) by extensions ['ignore', 'ignore_ament_install']
[1.948s] Level 1:colcon.colcon_core.package_identification:_identify(src/interfaces) by extension 'ignore'
[1.948s] Level 1:colcon.colcon_core.package_identification:_identify(src/interfaces) by extension 'ignore_ament_install'
[1.948s] Level 1:colcon.colcon_core.package_identification:_identify(src/interfaces) by extensions ['colcon_pkg']
[1.948s] Level 1:colcon.colcon_core.package_identification:_identify(src/interfaces) by extension 'colcon_pkg'
[1.948s] Level 1:colcon.colcon_core.package_identification:_identify(src/interfaces) by extensions ['colcon_meta']
[1.948s] Level 1:colcon.colcon_core.package_identification:_identify(src/interfaces) by extension 'colcon_meta'
[1.948s] Level 1:colcon.colcon_core.package_identification:_identify(src/interfaces) by extensions ['ros']
[1.949s] Level 1:colcon.colcon_core.package_identification:_identify(src/interfaces) by extension 'ros'
[1.950s] DEBUG:colcon.colcon_core.package_identification:Package 'src/interfaces' with type 'ros.ament_cmake' and name 'interfaces'
[1.950s] Level 1:colcon.colcon_core.package_identification:_identify(src/rplidar_ros2) by extensions ['ignore', 'ignore_ament_install']
[1.950s] Level 1:colcon.colcon_core.package_identification:_identify(src/rplidar_ros2) by extension 'ignore'
[1.950s] Level 1:colcon.colcon_core.package_identification:_identify(src/rplidar_ros2) by extension 'ignore_ament_install'
[1.950s] Level 1:colcon.colcon_core.package_identification:_identify(src/rplidar_ros2) by extensions ['colcon_pkg']
[1.950s] Level 1:colcon.colcon_core.package_identification:_identify(src/rplidar_ros2) by extension 'colcon_pkg'
[1.950s] Level 1:colcon.colcon_core.package_identification:_identify(src/rplidar_ros2) by extensions ['colcon_meta']
[1.950s] Level 1:colcon.colcon_core.package_identification:_identify(src/rplidar_ros2) by extension 'colcon_meta'
[1.951s] Level 1:colcon.colcon_core.package_identification:_identify(src/rplidar_ros2) by extensions ['ros']
[1.951s] Level 1:colcon.colcon_core.package_identification:_identify(src/rplidar_ros2) by extension 'ros'
[1.951s] DEBUG:colcon.colcon_core.package_identification:Package 'src/rplidar_ros2' with type 'ros.ament_cmake' and name 'rplidar_ros'
[1.952s] Level 1:colcon.colcon_core.package_identification:_identify(src/system_check_ack) by extensions ['ignore', 'ignore_ament_install']
[1.952s] Level 1:colcon.colcon_core.package_identification:_identify(src/system_check_ack) by extension 'ignore'
[1.952s] Level 1:colcon.colcon_core.package_identification:_identify(src/system_check_ack) by extension 'ignore_ament_install'
[1.952s] Level 1:colcon.colcon_core.package_identification:_identify(src/system_check_ack) by extensions ['colcon_pkg']
[1.952s] Level 1:colcon.colcon_core.package_identification:_identify(src/system_check_ack) by extension 'colcon_pkg'
[1.952s] Level 1:colcon.colcon_core.package_identification:_identify(src/system_check_ack) by extensions ['colcon_meta']
[1.952s] Level 1:colcon.colcon_core.package_identification:_identify(src/system_check_ack) by extension 'colcon_meta'
[1.952s] Level 1:colcon.colcon_core.package_identification:_identify(src/system_check_ack) by extensions ['ros']
[1.952s] Level 1:colcon.colcon_core.package_identification:_identify(src/system_check_ack) by extension 'ros'
[1.953s] DEBUG:colcon.colcon_core.package_identification:Package 'src/system_check_ack' with type 'ros.ament_cmake' and name 'system_check_ack'
[1.953s] Level 1:colcon.colcon_core.package_identification:_identify(src/usb_cam) by extensions ['ignore', 'ignore_ament_install']
[1.953s] Level 1:colcon.colcon_core.package_identification:_identify(src/usb_cam) by extension 'ignore'
[1.954s] Level 1:colcon.colcon_core.package_identification:_identify(src/usb_cam) by extension 'ignore_ament_install'
[1.954s] Level 1:colcon.colcon_core.package_identification:_identify(src/usb_cam) by extensions ['colcon_pkg']
[1.954s] Level 1:colcon.colcon_core.package_identification:_identify(src/usb_cam) by extension 'colcon_pkg'
[1.954s] Level 1:colcon.colcon_core.package_identification:_identify(src/usb_cam) by extensions ['colcon_meta']
[1.954s] Level 1:colcon.colcon_core.package_identification:_identify(src/usb_cam) by extension 'colcon_meta'
[1.954s] Level 1:colcon.colcon_core.package_identification:_identify(src/usb_cam) by extensions ['ros']
[1.954s] Level 1:colcon.colcon_core.package_identification:_identify(src/usb_cam) by extension 'ros'
[1.956s] DEBUG:colcon.colcon_core.package_identification:Package 'src/usb_cam' with type 'ros.ament_cmake' and name 'usb_cam'
[1.956s] Level 1:colcon.colcon_core.package_discovery:discover_packages(recursive) using defaults
[1.956s] Level 1:colcon.colcon_core.package_discovery:discover_packages(ignore) discover
[1.956s] Level 1:colcon.colcon_core.package_discovery:discover_packages(ignore) using defaults
[1.956s] Level 1:colcon.colcon_core.package_discovery:discover_packages(path) discover
[1.956s] Level 1:colcon.colcon_core.package_discovery:discover_packages(path) using defaults
[2.121s] Level 1:colcon.colcon_core.package_discovery:discover_packages(prefix_path) check parameters
[2.121s] Level 1:colcon.colcon_core.package_discovery:discover_packages(prefix_path) discover
[2.178s] DEBUG:colcon.colcon_installed_package_information.package_discovery:Found 270 installed packages in /opt/ros/humble
[2.181s] Level 1:colcon.colcon_core.package_discovery:discover_packages(prefix_path) using defaults
[2.361s] Level 5:colcon.colcon_core.verb:set package 'img_processing' build argument 'cmake_args' from command line to 'None'
[2.362s] Level 5:colcon.colcon_core.verb:set package 'img_processing' build argument 'cmake_target' from command line to 'None'
[2.362s] Level 5:colcon.colcon_core.verb:set package 'img_processing' build argument 'cmake_target_skip_unavailable' from command line to 'False'
[2.362s] Level 5:colcon.colcon_core.verb:set package 'img_processing' build argument 'cmake_clean_cache' from command line to 'False'
[2.362s] Level 5:colcon.colcon_core.verb:set package 'img_processing' build argument 'cmake_clean_first' from command line to 'False'
[2.362s] Level 5:colcon.colcon_core.verb:set package 'img_processing' build argument 'cmake_force_configure' from command line to 'False'
[2.362s] Level 5:colcon.colcon_core.verb:set package 'img_processing' build argument 'ament_cmake_args' from command line to 'None'
[2.362s] Level 5:colcon.colcon_core.verb:set package 'img_processing' build argument 'catkin_cmake_args' from command line to 'None'
[2.362s] Level 5:colcon.colcon_core.verb:set package 'img_processing' build argument 'catkin_skip_building_tests' from command line to 'False'
[2.362s] DEBUG:colcon.colcon_core.verb:Building package 'img_processing' with the following arguments: {'ament_cmake_args': None, 'build_base': '/home/loic/Desktop/Xcar_chidi/jetsonNano/ros2_ws/build/img_processing', 'catkin_cmake_args': None, 'catkin_skip_building_tests': False, 'cmake_args': None, 'cmake_clean_cache': False, 'cmake_clean_first': False, 'cmake_force_configure': False, 'cmake_target': None, 'cmake_target_skip_unavailable': False, 'install_base': '/home/loic/Desktop/Xcar_chidi/jetsonNano/ros2_ws/install/img_processing', 'merge_install': False, 'path': '/home/loic/Desktop/Xcar_chidi/jetsonNano/ros2_ws/src/img_processing', 'symlink_install': False, 'test_result_base': None}
[2.389s] Level 5:colcon.colcon_core.verb:set package 'interfaces' build argument 'cmake_args' from command line to 'None'
[2.389s] Level 5:colcon.colcon_core.verb:set package 'interfaces' build argument 'cmake_target' from command line to 'None'
[2.389s] Level 5:colcon.colcon_core.verb:set package 'interfaces' build argument 'cmake_target_skip_unavailable' from command line to 'False'
[2.389s] Level 5:colcon.colcon_core.verb:set package 'interfaces' build argument 'cmake_clean_cache' from command line to 'False'
[2.389s] Level 5:colcon.colcon_core.verb:set package 'interfaces' build argument 'cmake_clean_first' from command line to 'False'
[2.389s] Level 5:colcon.colcon_core.verb:set package 'interfaces' build argument 'cmake_force_configure' from command line to 'False'
[2.390s] Level 5:colcon.colcon_core.verb:set package 'interfaces' build argument 'ament_cmake_args' from command line to 'None'
[2.390s] Level 5:colcon.colcon_core.verb:set package 'interfaces' build argument 'catkin_cmake_args' from command line to 'None'
[2.390s] Level 5:colcon.colcon_core.verb:set package 'interfaces' build argument 'catkin_skip_building_tests' from command line to 'False'
[2.390s] DEBUG:colcon.colcon_core.verb:Building package 'interfaces' with the following arguments: {'ament_cmake_args': None, 'build_base': '/home/loic/Desktop/Xcar_chidi/jetsonNano/ros2_ws/build/interfaces', 'catkin_cmake_args': None, 'catkin_skip_building_tests': False, 'cmake_args': None, 'cmake_clean_cache': False, 'cmake_clean_first': False, 'cmake_force_configure': False, 'cmake_target': None, 'cmake_target_skip_unavailable': False, 'install_base': '/home/loic/Desktop/Xcar_chidi/jetsonNano/ros2_ws/install/interfaces', 'merge_install': False, 'path': '/home/loic/Desktop/Xcar_chidi/jetsonNano/ros2_ws/src/interfaces', 'symlink_install': False, 'test_result_base': None}
[2.417s] Level 5:colcon.colcon_core.verb:set package 'rplidar_ros' build argument 'cmake_args' from command line to 'None'
[2.418s] Level 5:colcon.colcon_core.verb:set package 'rplidar_ros' build argument 'cmake_target' from command line to 'None'
[2.418s] Level 5:colcon.colcon_core.verb:set package 'rplidar_ros' build argument 'cmake_target_skip_unavailable' from command line to 'False'
[2.418s] Level 5:colcon.colcon_core.verb:set package 'rplidar_ros' build argument 'cmake_clean_cache' from command line to 'False'
[2.418s] Level 5:colcon.colcon_core.verb:set package 'rplidar_ros' build argument 'cmake_clean_first' from command line to 'False'
[2.418s] Level 5:colcon.colcon_core.verb:set package 'rplidar_ros' build argument 'cmake_force_configure' from command line to 'False'
[2.418s] Level 5:colcon.colcon_core.verb:set package 'rplidar_ros' build argument 'ament_cmake_args' from command line to 'None'
[2.418s] Level 5:colcon.colcon_core.verb:set package 'rplidar_ros' build argument 'catkin_cmake_args' from command line to 'None'
[2.418s] Level 5:colcon.colcon_core.verb:set package 'rplidar_ros' build argument 'catkin_skip_building_tests' from command line to 'False'
[2.418s] DEBUG:colcon.colcon_core.verb:Building package 'rplidar_ros' with the following arguments: {'ament_cmake_args': None, 'build_base': '/home/loic/Desktop/Xcar_chidi/jetsonNano/ros2_ws/build/rplidar_ros', 'catkin_cmake_args': None, 'catkin_skip_building_tests': False, 'cmake_args': None, 'cmake_clean_cache': False, 'cmake_clean_first': False, 'cmake_force_configure': False, 'cmake_target': None, 'cmake_target_skip_unavailable': False, 'install_base': '/home/loic/Desktop/Xcar_chidi/jetsonNano/ros2_ws/install/rplidar_ros', 'merge_install': False, 'path': '/home/loic/Desktop/Xcar_chidi/jetsonNano/ros2_ws/src/rplidar_ros2', 'symlink_install': False, 'test_result_base': None}
[2.449s] Level 5:colcon.colcon_core.verb:set package 'usb_cam' build argument 'cmake_args' from command line to 'None'
[2.450s] Level 5:colcon.colcon_core.verb:set package 'usb_cam' build argument 'cmake_target' from command line to 'None'
[2.450s] Level 5:colcon.colcon_core.verb:set package 'usb_cam' build argument 'cmake_target_skip_unavailable' from command line to 'False'
[2.450s] Level 5:colcon.colcon_core.verb:set package 'usb_cam' build argument 'cmake_clean_cache' from command line to 'False'
[2.450s] Level 5:colcon.colcon_core.verb:set package 'usb_cam' build argument 'cmake_clean_first' from command line to 'False'
[2.450s] Level 5:colcon.colcon_core.verb:set package 'usb_cam' build argument 'cmake_force_configure' from command line to 'False'
[2.450s] Level 5:colcon.colcon_core.verb:set package 'usb_cam' build argument 'ament_cmake_args' from command line to 'None'
[2.450s] Level 5:colcon.colcon_core.verb:set package 'usb_cam' build argument 'catkin_cmake_args' from command line to 'None'
[2.450s] Level 5:colcon.colcon_core.verb:set package 'usb_cam' build argument 'catkin_skip_building_tests' from command line to 'False'
[2.450s] DEBUG:colcon.colcon_core.verb:Building package 'usb_cam' with the following arguments: {'ament_cmake_args': None, 'build_base': '/home/loic/Desktop/Xcar_chidi/jetsonNano/ros2_ws/build/usb_cam', 'catkin_cmake_args': None, 'catkin_skip_building_tests': False, 'cmake_args': None, 'cmake_clean_cache': False, 'cmake_clean_first': False, 'cmake_force_configure': False, 'cmake_target': None, 'cmake_target_skip_unavailable': False, 'install_base': '/home/loic/Desktop/Xcar_chidi/jetsonNano/ros2_ws/install/usb_cam', 'merge_install': False, 'path': '/home/loic/Desktop/Xcar_chidi/jetsonNano/ros2_ws/src/usb_cam', 'symlink_install': False, 'test_result_base': None}
[2.482s] Level 5:colcon.colcon_core.verb:set package 'geicar_start_jetson' build argument 'cmake_args' from command line to 'None'
[2.482s] Level 5:colcon.colcon_core.verb:set package 'geicar_start_jetson' build argument 'cmake_target' from command line to 'None'
[2.482s] Level 5:colcon.colcon_core.verb:set package 'geicar_start_jetson' build argument 'cmake_target_skip_unavailable' from command line to 'False'
[2.482s] Level 5:colcon.colcon_core.verb:set package 'geicar_start_jetson' build argument 'cmake_clean_cache' from command line to 'False'
[2.482s] Level 5:colcon.colcon_core.verb:set package 'geicar_start_jetson' build argument 'cmake_clean_first' from command line to 'False'
[2.482s] Level 5:colcon.colcon_core.verb:set package 'geicar_start_jetson' build argument 'cmake_force_configure' from command line to 'False'
[2.482s] Level 5:colcon.colcon_core.verb:set package 'geicar_start_jetson' build argument 'ament_cmake_args' from command line to 'None'
[2.482s] Level 5:colcon.colcon_core.verb:set package 'geicar_start_jetson' build argument 'catkin_cmake_args' from command line to 'None'
[2.482s] Level 5:colcon.colcon_core.verb:set package 'geicar_start_jetson' build argument 'catkin_skip_building_tests' from command line to 'False'
[2.482s] DEBUG:colcon.colcon_core.verb:Building package 'geicar_start_jetson' with the following arguments: {'ament_cmake_args': None, 'build_base': '/home/loic/Desktop/Xcar_chidi/jetsonNano/ros2_ws/build/geicar_start_jetson', 'catkin_cmake_args': None, 'catkin_skip_building_tests': False, 'cmake_args': None, 'cmake_clean_cache': False, 'cmake_clean_first': False, 'cmake_force_configure': False, 'cmake_target': None, 'cmake_target_skip_unavailable': False, 'install_base': '/home/loic/Desktop/Xcar_chidi/jetsonNano/ros2_ws/install/geicar_start_jetson', 'merge_install': False, 'path': '/home/loic/Desktop/Xcar_chidi/jetsonNano/ros2_ws/src/geicar_start_jetson', 'symlink_install': False, 'test_result_base': None}
[2.512s] Level 5:colcon.colcon_core.verb:set package 'system_check_ack' build argument 'cmake_args' from command line to 'None'
[2.512s] Level 5:colcon.colcon_core.verb:set package 'system_check_ack' build argument 'cmake_target' from command line to 'None'
[2.512s] Level 5:colcon.colcon_core.verb:set package 'system_check_ack' build argument 'cmake_target_skip_unavailable' from command line to 'False'
[2.512s] Level 5:colcon.colcon_core.verb:set package 'system_check_ack' build argument 'cmake_clean_cache' from command line to 'False'
[2.512s] Level 5:colcon.colcon_core.verb:set package 'system_check_ack' build argument 'cmake_clean_first' from command line to 'False'
[2.512s] Level 5:colcon.colcon_core.verb:set package 'system_check_ack' build argument 'cmake_force_configure' from command line to 'False'
[2.512s] Level 5:colcon.colcon_core.verb:set package 'system_check_ack' build argument 'ament_cmake_args' from command line to 'None'
[2.512s] Level 5:colcon.colcon_core.verb:set package 'system_check_ack' build argument 'catkin_cmake_args' from command line to 'None'
[2.513s] Level 5:colcon.colcon_core.verb:set package 'system_check_ack' build argument 'catkin_skip_building_tests' from command line to 'False'
[2.513s] DEBUG:colcon.colcon_core.verb:Building package 'system_check_ack' with the following arguments: {'ament_cmake_args': None, 'build_base': '/home/loic/Desktop/Xcar_chidi/jetsonNano/ros2_ws/build/system_check_ack', 'catkin_cmake_args': None, 'catkin_skip_building_tests': False, 'cmake_args': None, 'cmake_clean_cache': False, 'cmake_clean_first': False, 'cmake_force_configure': False, 'cmake_target': None, 'cmake_target_skip_unavailable': False, 'install_base': '/home/loic/Desktop/Xcar_chidi/jetsonNano/ros2_ws/install/system_check_ack', 'merge_install': False, 'path': '/home/loic/Desktop/Xcar_chidi/jetsonNano/ros2_ws/src/system_check_ack', 'symlink_install': False, 'test_result_base': None}
[2.544s] INFO:colcon.colcon_core.executor:Executing jobs using 'parallel' executor
[2.578s] DEBUG:colcon.colcon_parallel_executor.executor.parallel:run_until_complete
[2.579s] INFO:colcon.colcon_ros.task.ament_cmake.build:Building ROS package in '/home/loic/Desktop/Xcar_chidi/jetsonNano/ros2_ws/src/interfaces' with build type 'ament_cmake'
[2.579s] INFO:colcon.colcon_cmake.task.cmake.build:Building CMake package in '/home/loic/Desktop/Xcar_chidi/jetsonNano/ros2_ws/src/interfaces'
[2.619s] INFO:colcon.colcon_core.plugin_system:Skipping extension 'colcon_core.shell.bat': Not used on non-Windows systems
[2.620s] INFO:colcon.colcon_core.shell:Skip shell extension 'powershell' for command environment: Not usable outside of PowerShell
[2.620s] DEBUG:colcon.colcon_core.shell:Skip shell extension 'dsv' for command environment
[2.687s] INFO:colcon.colcon_ros.task.ament_cmake.build:Building ROS package in '/home/loic/Desktop/Xcar_chidi/jetsonNano/ros2_ws/src/rplidar_ros2' with build type 'ament_cmake'
[2.687s] INFO:colcon.colcon_cmake.task.cmake.build:Building CMake package in '/home/loic/Desktop/Xcar_chidi/jetsonNano/ros2_ws/src/rplidar_ros2'
[2.718s] INFO:colcon.colcon_core.shell:Skip shell extension 'powershell' for command environment: Not usable outside of PowerShell
[2.718s] DEBUG:colcon.colcon_core.shell:Skip shell extension 'dsv' for command environment
[2.780s] INFO:colcon.colcon_ros.task.ament_cmake.build:Building ROS package in '/home/loic/Desktop/Xcar_chidi/jetsonNano/ros2_ws/src/usb_cam' with build type 'ament_cmake'
[2.780s] INFO:colcon.colcon_cmake.task.cmake.build:Building CMake package in '/home/loic/Desktop/Xcar_chidi/jetsonNano/ros2_ws/src/usb_cam'
[2.808s] INFO:colcon.colcon_core.shell:Skip shell extension 'powershell' for command environment: Not usable outside of PowerShell
[2.808s] DEBUG:colcon.colcon_core.shell:Skip shell extension 'dsv' for command environment
[2.868s] INFO:colcon.colcon_ros.task.ament_python.build:Building ROS package in '/home/loic/Desktop/Xcar_chidi/jetsonNano/ros2_ws/src/img_processing' with build type 'ament_python'
[2.869s] Level 1:colcon.colcon_core.shell:create_environment_hook('img_processing', 'ament_prefix_path')
[2.900s] INFO:colcon.colcon_core.shell:Creating environment hook '/home/loic/Desktop/Xcar_chidi/jetsonNano/ros2_ws/install/img_processing/share/img_processing/hook/ament_prefix_path.ps1'
[2.902s] INFO:colcon.colcon_core.shell:Creating environment descriptor '/home/loic/Desktop/Xcar_chidi/jetsonNano/ros2_ws/install/img_processing/share/img_processing/hook/ament_prefix_path.dsv'
[2.903s] INFO:colcon.colcon_core.shell:Creating environment hook '/home/loic/Desktop/Xcar_chidi/jetsonNano/ros2_ws/install/img_processing/share/img_processing/hook/ament_prefix_path.sh'
[2.932s] INFO:colcon.colcon_core.shell:Skip shell extension 'powershell' for command environment: Not usable outside of PowerShell
[2.932s] DEBUG:colcon.colcon_core.shell:Skip shell extension 'dsv' for command environment
[3.001s] DEBUG:colcon.colcon_core.event_handler.log_command:Invoking command in '/home/loic/Desktop/Xcar_chidi/jetsonNano/ros2_ws/build/interfaces': CMAKE_PREFIX_PATH=/opt/ros/humble /usr/bin/cmake /home/loic/Desktop/Xcar_chidi/jetsonNano/ros2_ws/src/interfaces -DCMAKE_INSTALL_PREFIX=/home/loic/Desktop/Xcar_chidi/jetsonNano/ros2_ws/install/interfaces
[3.007s] DEBUG:colcon.colcon_core.event_handler.log_command:Invoking command in '/home/loic/Desktop/Xcar_chidi/jetsonNano/ros2_ws/build/rplidar_ros': CMAKE_PREFIX_PATH=/opt/ros/humble /usr/bin/cmake /home/loic/Desktop/Xcar_chidi/jetsonNano/ros2_ws/src/rplidar_ros2 -DCMAKE_INSTALL_PREFIX=/home/loic/Desktop/Xcar_chidi/jetsonNano/ros2_ws/install/rplidar_ros
[3.016s] DEBUG:colcon.colcon_core.event_handler.log_command:Invoking command in '/home/loic/Desktop/Xcar_chidi/jetsonNano/ros2_ws/build/usb_cam': CMAKE_PREFIX_PATH=/opt/ros/humble /usr/bin/cmake /home/loic/Desktop/Xcar_chidi/jetsonNano/ros2_ws/src/usb_cam -DCMAKE_INSTALL_PREFIX=/home/loic/Desktop/Xcar_chidi/jetsonNano/ros2_ws/install/usb_cam
[3.726s] INFO:colcon.colcon_core.task.python.build:Building Python package in '/home/loic/Desktop/Xcar_chidi/jetsonNano/ros2_ws/src/img_processing'
[3.762s] INFO:colcon.colcon_core.shell:Skip shell extension 'powershell' for command environment: Not usable outside of PowerShell
[3.762s] DEBUG:colcon.colcon_core.shell:Skip shell extension 'dsv' for command environment
[4.748s] DEBUG:colcon.colcon_core.event_handler.log_command:Invoking command in '/home/loic/Desktop/Xcar_chidi/jetsonNano/ros2_ws/src/img_processing': PYTHONPATH=/home/loic/Desktop/Xcar_chidi/jetsonNano/ros2_ws/build/img_processing/prefix_override:/home/loic/Desktop/Xcar_chidi/jetsonNano/ros2_ws/install/img_processing/lib/python3.10/site-packages:${PYTHONPATH} /usr/bin/python3 setup.py egg_info --egg-base ../../build/img_processing build --build-base /home/loic/Desktop/Xcar_chidi/jetsonNano/ros2_ws/build/img_processing/build install --record /home/loic/Desktop/Xcar_chidi/jetsonNano/ros2_ws/build/img_processing/install.log --single-version-externally-managed
[5.467s] DEBUG:colcon.colcon_core.event_handler.log_command:Invoked command in '/home/loic/Desktop/Xcar_chidi/jetsonNano/ros2_ws/src/img_processing' returned '0': PYTHONPATH=/home/loic/Desktop/Xcar_chidi/jetsonNano/ros2_ws/build/img_processing/prefix_override:/home/loic/Desktop/Xcar_chidi/jetsonNano/ros2_ws/install/img_processing/lib/python3.10/site-packages:${PYTHONPATH} /usr/bin/python3 setup.py egg_info --egg-base ../../build/img_processing build --build-base /home/loic/Desktop/Xcar_chidi/jetsonNano/ros2_ws/build/img_processing/build install --record /home/loic/Desktop/Xcar_chidi/jetsonNano/ros2_ws/build/img_processing/install.log --single-version-externally-managed
[5.508s] Level 1:colcon.colcon_core.environment:checking '/home/loic/Desktop/Xcar_chidi/jetsonNano/ros2_ws/install/img_processing' for CMake module files
[5.510s] Level 1:colcon.colcon_core.environment:checking '/home/loic/Desktop/Xcar_chidi/jetsonNano/ros2_ws/install/img_processing' for CMake config files
[5.514s] Level 1:colcon.colcon_core.environment:checking '/home/loic/Desktop/Xcar_chidi/jetsonNano/ros2_ws/install/img_processing/lib'
[5.514s] Level 1:colcon.colcon_core.environment:checking '/home/loic/Desktop/Xcar_chidi/jetsonNano/ros2_ws/install/img_processing/bin'
[5.514s] Level 1:colcon.colcon_core.environment:checking '/home/loic/Desktop/Xcar_chidi/jetsonNano/ros2_ws/install/img_processing/lib/pkgconfig/img_processing.pc'
[5.515s] Level 1:colcon.colcon_core.environment:checking '/home/loic/Desktop/Xcar_chidi/jetsonNano/ros2_ws/install/img_processing/lib/python3.10/site-packages'
[5.515s] Level 1:colcon.colcon_core.shell:create_environment_hook('img_processing', 'pythonpath')
[5.547s] INFO:colcon.colcon_core.shell:Creating environment hook '/home/loic/Desktop/Xcar_chidi/jetsonNano/ros2_ws/install/img_processing/share/img_processing/hook/pythonpath.ps1'
[5.548s] INFO:colcon.colcon_core.shell:Creating environment descriptor '/home/loic/Desktop/Xcar_chidi/jetsonNano/ros2_ws/install/img_processing/share/img_processing/hook/pythonpath.dsv'
[5.549s] INFO:colcon.colcon_core.shell:Creating environment hook '/home/loic/Desktop/Xcar_chidi/jetsonNano/ros2_ws/install/img_processing/share/img_processing/hook/pythonpath.sh'
[5.551s] Level 1:colcon.colcon_core.environment:checking '/home/loic/Desktop/Xcar_chidi/jetsonNano/ros2_ws/install/img_processing/bin'
[5.551s] Level 1:colcon.colcon_core.environment:create_environment_scripts_only(img_processing)
[5.579s] INFO:colcon.colcon_core.shell:Creating package script '/home/loic/Desktop/Xcar_chidi/jetsonNano/ros2_ws/install/img_processing/share/img_processing/package.ps1'
[5.581s] INFO:colcon.colcon_core.shell:Creating package descriptor '/home/loic/Desktop/Xcar_chidi/jetsonNano/ros2_ws/install/img_processing/share/img_processing/package.dsv'
[5.582s] INFO:colcon.colcon_core.shell:Creating package script '/home/loic/Desktop/Xcar_chidi/jetsonNano/ros2_ws/install/img_processing/share/img_processing/package.sh'
[5.583s] INFO:colcon.colcon_core.shell:Creating package script '/home/loic/Desktop/Xcar_chidi/jetsonNano/ros2_ws/install/img_processing/share/img_processing/package.bash'
[5.584s] INFO:colcon.colcon_core.shell:Creating package script '/home/loic/Desktop/Xcar_chidi/jetsonNano/ros2_ws/install/img_processing/share/img_processing/package.zsh'
[5.585s] Level 1:colcon.colcon_core.environment:create_file_with_runtime_dependencies(/home/loic/Desktop/Xcar_chidi/jetsonNano/ros2_ws/install/img_processing/share/colcon-core/packages/img_processing)
[6.926s] DEBUG:colcon.colcon_core.event_handler.log_command:Invoked command in '/home/loic/Desktop/Xcar_chidi/jetsonNano/ros2_ws/build/rplidar_ros' returned '0': CMAKE_PREFIX_PATH=/opt/ros/humble /usr/bin/cmake /home/loic/Desktop/Xcar_chidi/jetsonNano/ros2_ws/src/rplidar_ros2 -DCMAKE_INSTALL_PREFIX=/home/loic/Desktop/Xcar_chidi/jetsonNano/ros2_ws/install/rplidar_ros
[6.931s] DEBUG:colcon.colcon_core.event_handler.log_command:Invoking command in '/home/loic/Desktop/Xcar_chidi/jetsonNano/ros2_ws/build/rplidar_ros': CMAKE_PREFIX_PATH=/opt/ros/humble /usr/bin/cmake --build /home/loic/Desktop/Xcar_chidi/jetsonNano/ros2_ws/build/rplidar_ros -- -j8 -l8
[7.699s] DEBUG:colcon.colcon_core.event_handler.log_command:Invoked command in '/home/loic/Desktop/Xcar_chidi/jetsonNano/ros2_ws/build/usb_cam' returned '0': CMAKE_PREFIX_PATH=/opt/ros/humble /usr/bin/cmake /home/loic/Desktop/Xcar_chidi/jetsonNano/ros2_ws/src/usb_cam -DCMAKE_INSTALL_PREFIX=/home/loic/Desktop/Xcar_chidi/jetsonNano/ros2_ws/install/usb_cam
[7.716s] DEBUG:colcon.colcon_core.event_handler.log_command:Invoking command in '/home/loic/Desktop/Xcar_chidi/jetsonNano/ros2_ws/build/usb_cam': CMAKE_PREFIX_PATH=/opt/ros/humble /usr/bin/cmake --build /home/loic/Desktop/Xcar_chidi/jetsonNano/ros2_ws/build/usb_cam -- -j8 -l8
[9.931s] DEBUG:colcon.colcon_core.event_handler.log_command:Invoked command in '/home/loic/Desktop/Xcar_chidi/jetsonNano/ros2_ws/build/interfaces' returned '0': CMAKE_PREFIX_PATH=/opt/ros/humble /usr/bin/cmake /home/loic/Desktop/Xcar_chidi/jetsonNano/ros2_ws/src/interfaces -DCMAKE_INSTALL_PREFIX=/home/loic/Desktop/Xcar_chidi/jetsonNano/ros2_ws/install/interfaces
[9.932s] DEBUG:colcon.colcon_core.event_handler.log_command:Invoking command in '/home/loic/Desktop/Xcar_chidi/jetsonNano/ros2_ws/build/interfaces': CMAKE_PREFIX_PATH=/opt/ros/humble /usr/bin/cmake --build /home/loic/Desktop/Xcar_chidi/jetsonNano/ros2_ws/build/interfaces -- -j8 -l8
[29.786s] DEBUG:colcon.colcon_core.event_handler.log_command:Invoked command in '/home/loic/Desktop/Xcar_chidi/jetsonNano/ros2_ws/build/usb_cam' returned '2': CMAKE_PREFIX_PATH=/opt/ros/humble /usr/bin/cmake --build /home/loic/Desktop/Xcar_chidi/jetsonNano/ros2_ws/build/usb_cam -- -j8 -l8
[30.619s] Level 1:colcon.colcon_core.environment:create_environment_scripts_only(usb_cam)
[30.681s] Level 1:colcon.colcon_core.environment:checking '/home/loic/Desktop/Xcar_chidi/jetsonNano/ros2_ws/install/usb_cam' for CMake module files
[30.682s] Level 1:colcon.colcon_core.environment:checking '/home/loic/Desktop/Xcar_chidi/jetsonNano/ros2_ws/install/usb_cam' for CMake config files
[30.683s] Level 1:colcon.colcon_core.environment:checking '/home/loic/Desktop/Xcar_chidi/jetsonNano/ros2_ws/install/usb_cam/bin'
[30.683s] Level 1:colcon.colcon_core.environment:checking '/home/loic/Desktop/Xcar_chidi/jetsonNano/ros2_ws/install/usb_cam/lib/pkgconfig/usb_cam.pc'
[30.684s] Level 1:colcon.colcon_core.environment:checking '/home/loic/Desktop/Xcar_chidi/jetsonNano/ros2_ws/install/usb_cam/lib/python3.10/site-packages'
[30.684s] Level 1:colcon.colcon_core.environment:checking '/home/loic/Desktop/Xcar_chidi/jetsonNano/ros2_ws/install/usb_cam/bin'
[30.779s] INFO:colcon.colcon_core.shell:Creating package script '/home/loic/Desktop/Xcar_chidi/jetsonNano/ros2_ws/install/usb_cam/share/usb_cam/package.ps1'
[30.781s] INFO:colcon.colcon_core.shell:Creating package descriptor '/home/loic/Desktop/Xcar_chidi/jetsonNano/ros2_ws/install/usb_cam/share/usb_cam/package.dsv'
[30.799s] INFO:colcon.colcon_core.shell:Creating package script '/home/loic/Desktop/Xcar_chidi/jetsonNano/ros2_ws/install/usb_cam/share/usb_cam/package.sh'
[30.801s] INFO:colcon.colcon_core.shell:Creating package script '/home/loic/Desktop/Xcar_chidi/jetsonNano/ros2_ws/install/usb_cam/share/usb_cam/package.bash'
[30.803s] INFO:colcon.colcon_core.shell:Creating package script '/home/loic/Desktop/Xcar_chidi/jetsonNano/ros2_ws/install/usb_cam/share/usb_cam/package.zsh'
[30.804s] Level 1:colcon.colcon_core.environment:create_file_with_runtime_dependencies(/home/loic/Desktop/Xcar_chidi/jetsonNano/ros2_ws/install/usb_cam/share/colcon-core/packages/usb_cam)
[47.149s] DEBUG:colcon.colcon_parallel_executor.executor.parallel:closing loop
[47.150s] DEBUG:colcon.colcon_parallel_executor.executor.parallel:loop closed
[47.150s] DEBUG:colcon.colcon_parallel_executor.executor.parallel:run_until_complete finished with '2'
[47.150s] DEBUG:colcon.colcon_core.event_reactor:joining thread
[47.195s] INFO:colcon.colcon_core.plugin_system:Skipping extension 'colcon_notification.desktop_notification.terminal_notifier': Not used on non-Darwin systems
[47.195s] INFO:colcon.colcon_core.plugin_system:Skipping extension 'colcon_notification.desktop_notification.win32': Not used on non-Windows systems
[47.195s] INFO:colcon.colcon_notification.desktop_notification:Sending desktop notification using 'notify2'
[47.225s] DEBUG:colcon.colcon_core.event_reactor:joined thread
[47.263s] INFO:colcon.colcon_core.shell:Creating prefix script '/home/loic/Desktop/Xcar_chidi/jetsonNano/ros2_ws/install/local_setup.ps1'
[47.265s] INFO:colcon.colcon_core.shell:Creating prefix util module '/home/loic/Desktop/Xcar_chidi/jetsonNano/ros2_ws/install/_local_setup_util_ps1.py'
[47.268s] INFO:colcon.colcon_core.shell:Creating prefix chain script '/home/loic/Desktop/Xcar_chidi/jetsonNano/ros2_ws/install/setup.ps1'
[47.304s] INFO:colcon.colcon_core.shell:Creating prefix script '/home/loic/Desktop/Xcar_chidi/jetsonNano/ros2_ws/install/local_setup.sh'
[47.306s] INFO:colcon.colcon_core.shell:Creating prefix util module '/home/loic/Desktop/Xcar_chidi/jetsonNano/ros2_ws/install/_local_setup_util_sh.py'
[47.306s] INFO:colcon.colcon_core.shell:Creating prefix chain script '/home/loic/Desktop/Xcar_chidi/jetsonNano/ros2_ws/install/setup.sh'
[47.341s] INFO:colcon.colcon_core.shell:Creating prefix script '/home/loic/Desktop/Xcar_chidi/jetsonNano/ros2_ws/install/local_setup.bash'
[47.343s] INFO:colcon.colcon_core.shell:Creating prefix chain script '/home/loic/Desktop/Xcar_chidi/jetsonNano/ros2_ws/install/setup.bash'
[47.376s] INFO:colcon.colcon_core.shell:Creating prefix script '/home/loic/Desktop/Xcar_chidi/jetsonNano/ros2_ws/install/local_setup.zsh'
[47.378s] INFO:colcon.colcon_core.shell:Creating prefix chain script '/home/loic/Desktop/Xcar_chidi/jetsonNano/ros2_ws/install/setup.zsh'
