[0.134s] Invoking command in '/home/loic/Desktop/Xcar_chidi/raspberryPI3/ros2_ws/build/interfaces': CMAKE_PREFIX_PATH=/opt/ros/humble /usr/bin/cmake --build /home/loic/Desktop/Xcar_chidi/raspberryPI3/ros2_ws/build/interfaces -- -j8 -l8
[0.260s] [35m[1mConsolidate compiler generated dependencies of target interfaces__rosidl_generator_c[0m
[0.288s] [  1%] Built target interfaces__cpp
[0.309s] [ 12%] Built target interfaces__rosidl_generator_c
[0.339s] [35m[1mConsolidate compiler generated dependencies of target interfaces__rosidl_typesupport_cpp[0m
[0.351s] [ 12%] Built target ament_cmake_python_copy_interfaces
[0.354s] [35m[1mConsolidate compiler generated dependencies of target interfaces__rosidl_typesupport_fastrtps_cpp[0m
[0.360s] [35m[1mConsolidate compiler generated dependencies of target interfaces__rosidl_typesupport_introspection_cpp[0m
[0.363s] [35m[1mConsolidate compiler generated dependencies of target interfaces__rosidl_typesupport_fastrtps_c[0m
[0.369s] [35m[1mConsolidate compiler generated dependencies of target interfaces__rosidl_typesupport_c[0m
[0.383s] [35m[1mConsolidate compiler generated dependencies of target interfaces__rosidl_typesupport_introspection_c[0m
[0.406s] [ 35%] Built target interfaces__rosidl_typesupport_cpp
[0.406s] [ 35%] Built target interfaces__rosidl_typesupport_c
[0.425s] [ 47%] Built target interfaces__rosidl_typesupport_fastrtps_c
[0.428s] [ 58%] Built target interfaces__rosidl_typesupport_introspection_c
[0.432s] [ 70%] Built target interfaces__rosidl_typesupport_fastrtps_cpp
[0.433s] [ 82%] Built target interfaces__rosidl_typesupport_introspection_cpp
[0.493s] [ 82%] Built target interfaces
[0.556s] [ 83%] Built target interfaces__py
[0.596s] [35m[1mConsolidate compiler generated dependencies of target interfaces__rosidl_generator_py[0m
[0.657s] [ 93%] Built target interfaces__rosidl_generator_py
[0.686s] [35m[1mConsolidate compiler generated dependencies of target interfaces__rosidl_typesupport_introspection_c__pyext[0m
[0.687s] [35m[1mConsolidate compiler generated dependencies of target interfaces__rosidl_typesupport_fastrtps_c__pyext[0m
[0.694s] [35m[1mConsolidate compiler generated dependencies of target interfaces__rosidl_typesupport_c__pyext[0m
[0.722s] [ 95%] Built target interfaces__rosidl_typesupport_introspection_c__pyext
[0.727s] [ 97%] Built target interfaces__rosidl_typesupport_fastrtps_c__pyext
[0.740s] [100%] Built target interfaces__rosidl_typesupport_c__pyext
[0.964s] running egg_info
[0.966s] writing interfaces.egg-info/PKG-INFO
[0.967s] writing dependency_links to interfaces.egg-info/dependency_links.txt
[0.967s] writing top-level names to interfaces.egg-info/top_level.txt
[0.976s] reading manifest file 'interfaces.egg-info/SOURCES.txt'
[0.978s] writing manifest file 'interfaces.egg-info/SOURCES.txt'
[1.089s] [100%] Built target ament_cmake_python_build_interfaces_egg
[1.126s] Invoked command in '/home/loic/Desktop/Xcar_chidi/raspberryPI3/ros2_ws/build/interfaces' returned '0': CMAKE_PREFIX_PATH=/opt/ros/humble /usr/bin/cmake --build /home/loic/Desktop/Xcar_chidi/raspberryPI3/ros2_ws/build/interfaces -- -j8 -l8
[1.676s] Invoking command in '/home/loic/Desktop/Xcar_chidi/raspberryPI3/ros2_ws/build/interfaces': CMAKE_PREFIX_PATH=/opt/ros/humble /usr/bin/cmake --install /home/loic/Desktop/Xcar_chidi/raspberryPI3/ros2_ws/build/interfaces
[1.703s] -- Install configuration: ""
[1.703s] -- Up-to-date: /home/loic/Desktop/Xcar_chidi/raspberryPI3/ros2_ws/install/interfaces/share/ament_index/resource_index/rosidl_interfaces/interfaces
[1.704s] -- Up-to-date: /home/loic/Desktop/Xcar_chidi/raspberryPI3/ros2_ws/install/interfaces/include/interfaces/interfaces
[1.704s] -- Up-to-date: /home/loic/Desktop/Xcar_chidi/raspberryPI3/ros2_ws/install/interfaces/include/interfaces/interfaces/msg
[1.704s] -- Up-to-date: /home/loic/Desktop/Xcar_chidi/raspberryPI3/ros2_ws/install/interfaces/include/interfaces/interfaces/msg/general_data.h
[1.704s] -- Up-to-date: /home/loic/Desktop/Xcar_chidi/raspberryPI3/ros2_ws/install/interfaces/include/interfaces/interfaces/msg/system_check.h
[1.704s] -- Up-to-date: /home/loic/Desktop/Xcar_chidi/raspberryPI3/ros2_ws/install/interfaces/include/interfaces/interfaces/msg/steering_calibration.h
[1.705s] -- Up-to-date: /home/loic/Desktop/Xcar_chidi/raspberryPI3/ros2_ws/install/interfaces/include/interfaces/interfaces/msg/state.h
[1.705s] -- Up-to-date: /home/loic/Desktop/Xcar_chidi/raspberryPI3/ros2_ws/install/interfaces/include/interfaces/interfaces/msg/ultrasonic.h
[1.705s] -- Up-to-date: /home/loic/Desktop/Xcar_chidi/raspberryPI3/ros2_ws/install/interfaces/include/interfaces/interfaces/msg/detail
[1.705s] -- Up-to-date: /home/loic/Desktop/Xcar_chidi/raspberryPI3/ros2_ws/install/interfaces/include/interfaces/interfaces/msg/detail/motors_order__functions.c
[1.706s] -- Up-to-date: /home/loic/Desktop/Xcar_chidi/raspberryPI3/ros2_ws/install/interfaces/include/interfaces/interfaces/msg/detail/motors_feedback__functions.c
[1.706s] -- Up-to-date: /home/loic/Desktop/Xcar_chidi/raspberryPI3/ros2_ws/install/interfaces/include/interfaces/interfaces/msg/detail/ultrasonic__functions.h
[1.706s] -- Up-to-date: /home/loic/Desktop/Xcar_chidi/raspberryPI3/ros2_ws/install/interfaces/include/interfaces/interfaces/msg/detail/gnss__functions.c
[1.706s] -- Up-to-date: /home/loic/Desktop/Xcar_chidi/raspberryPI3/ros2_ws/install/interfaces/include/interfaces/interfaces/msg/detail/motors_feedback__struct.h
[1.706s] -- Up-to-date: /home/loic/Desktop/Xcar_chidi/raspberryPI3/ros2_ws/install/interfaces/include/interfaces/interfaces/msg/detail/steering_calibration__struct.h
[1.707s] -- Up-to-date: /home/loic/Desktop/Xcar_chidi/raspberryPI3/ros2_ws/install/interfaces/include/interfaces/interfaces/msg/detail/state__functions.c
[1.707s] -- Up-to-date: /home/loic/Desktop/Xcar_chidi/raspberryPI3/ros2_ws/install/interfaces/include/interfaces/interfaces/msg/detail/system_check__type_support.h
[1.707s] -- Up-to-date: /home/loic/Desktop/Xcar_chidi/raspberryPI3/ros2_ws/install/interfaces/include/interfaces/interfaces/msg/detail/ultrasonic__struct.h
[1.707s] -- Up-to-date: /home/loic/Desktop/Xcar_chidi/raspberryPI3/ros2_ws/install/interfaces/include/interfaces/interfaces/msg/detail/general_data__functions.h
[1.707s] -- Up-to-date: /home/loic/Desktop/Xcar_chidi/raspberryPI3/ros2_ws/install/interfaces/include/interfaces/interfaces/msg/detail/general_data__functions.c
[1.707s] -- Up-to-date: /home/loic/Desktop/Xcar_chidi/raspberryPI3/ros2_ws/install/interfaces/include/interfaces/interfaces/msg/detail/ultrasonic__functions.c
[1.707s] -- Up-to-date: /home/loic/Desktop/Xcar_chidi/raspberryPI3/ros2_ws/install/interfaces/include/interfaces/interfaces/msg/detail/joystick_order__struct.h
[1.708s] -- Up-to-date: /home/loic/Desktop/Xcar_chidi/raspberryPI3/ros2_ws/install/interfaces/include/interfaces/interfaces/msg/detail/system_check__functions.c
[1.708s] -- Up-to-date: /home/loic/Desktop/Xcar_chidi/raspberryPI3/ros2_ws/install/interfaces/include/interfaces/interfaces/msg/detail/gnss__functions.h
[1.708s] -- Up-to-date: /home/loic/Desktop/Xcar_chidi/raspberryPI3/ros2_ws/install/interfaces/include/interfaces/interfaces/msg/detail/joystick_order__functions.c
[1.708s] -- Up-to-date: /home/loic/Desktop/Xcar_chidi/raspberryPI3/ros2_ws/install/interfaces/include/interfaces/interfaces/msg/detail/motors_order__functions.h
[1.709s] -- Up-to-date: /home/loic/Desktop/Xcar_chidi/raspberryPI3/ros2_ws/install/interfaces/include/interfaces/interfaces/msg/detail/system_check__functions.h
[1.709s] -- Up-to-date: /home/loic/Desktop/Xcar_chidi/raspberryPI3/ros2_ws/install/interfaces/include/interfaces/interfaces/msg/detail/motors_feedback__functions.h
[1.709s] -- Up-to-date: /home/loic/Desktop/Xcar_chidi/raspberryPI3/ros2_ws/install/interfaces/include/interfaces/interfaces/msg/detail/gnss__struct.h
[1.709s] -- Up-to-date: /home/loic/Desktop/Xcar_chidi/raspberryPI3/ros2_ws/install/interfaces/include/interfaces/interfaces/msg/detail/motors_feedback__type_support.h
[1.709s] -- Up-to-date: /home/loic/Desktop/Xcar_chidi/raspberryPI3/ros2_ws/install/interfaces/include/interfaces/interfaces/msg/detail/motors_order__struct.h
[1.710s] -- Up-to-date: /home/loic/Desktop/Xcar_chidi/raspberryPI3/ros2_ws/install/interfaces/include/interfaces/interfaces/msg/detail/motors_order__type_support.h
[1.710s] -- Up-to-date: /home/loic/Desktop/Xcar_chidi/raspberryPI3/ros2_ws/install/interfaces/include/interfaces/interfaces/msg/detail/joystick_order__functions.h
[1.710s] -- Up-to-date: /home/loic/Desktop/Xcar_chidi/raspberryPI3/ros2_ws/install/interfaces/include/interfaces/interfaces/msg/detail/state__type_support.h
[1.710s] -- Up-to-date: /home/loic/Desktop/Xcar_chidi/raspberryPI3/ros2_ws/install/interfaces/include/interfaces/interfaces/msg/detail/state__struct.h
[1.710s] -- Up-to-date: /home/loic/Desktop/Xcar_chidi/raspberryPI3/ros2_ws/install/interfaces/include/interfaces/interfaces/msg/detail/state__functions.h
[1.710s] -- Up-to-date: /home/loic/Desktop/Xcar_chidi/raspberryPI3/ros2_ws/install/interfaces/include/interfaces/interfaces/msg/detail/steering_calibration__type_support.h
[1.710s] -- Up-to-date: /home/loic/Desktop/Xcar_chidi/raspberryPI3/ros2_ws/install/interfaces/include/interfaces/interfaces/msg/detail/steering_calibration__functions.c
[1.710s] -- Up-to-date: /home/loic/Desktop/Xcar_chidi/raspberryPI3/ros2_ws/install/interfaces/include/interfaces/interfaces/msg/detail/joystick_order__type_support.h
[1.711s] -- Up-to-date: /home/loic/Desktop/Xcar_chidi/raspberryPI3/ros2_ws/install/interfaces/include/interfaces/interfaces/msg/detail/steering_calibration__functions.h
[1.711s] -- Up-to-date: /home/loic/Desktop/Xcar_chidi/raspberryPI3/ros2_ws/install/interfaces/include/interfaces/interfaces/msg/detail/gnss__type_support.h
[1.711s] -- Up-to-date: /home/loic/Desktop/Xcar_chidi/raspberryPI3/ros2_ws/install/interfaces/include/interfaces/interfaces/msg/detail/system_check__struct.h
[1.711s] -- Up-to-date: /home/loic/Desktop/Xcar_chidi/raspberryPI3/ros2_ws/install/interfaces/include/interfaces/interfaces/msg/detail/general_data__type_support.h
[1.711s] -- Up-to-date: /home/loic/Desktop/Xcar_chidi/raspberryPI3/ros2_ws/install/interfaces/include/interfaces/interfaces/msg/detail/general_data__struct.h
[1.712s] -- Up-to-date: /home/loic/Desktop/Xcar_chidi/raspberryPI3/ros2_ws/install/interfaces/include/interfaces/interfaces/msg/detail/ultrasonic__type_support.h
[1.712s] -- Up-to-date: /home/loic/Desktop/Xcar_chidi/raspberryPI3/ros2_ws/install/interfaces/include/interfaces/interfaces/msg/motors_feedback.h
[1.712s] -- Up-to-date: /home/loic/Desktop/Xcar_chidi/raspberryPI3/ros2_ws/install/interfaces/include/interfaces/interfaces/msg/gnss.h
[1.712s] -- Up-to-date: /home/loic/Desktop/Xcar_chidi/raspberryPI3/ros2_ws/install/interfaces/include/interfaces/interfaces/msg/joystick_order.h
[1.713s] -- Up-to-date: /home/loic/Desktop/Xcar_chidi/raspberryPI3/ros2_ws/install/interfaces/include/interfaces/interfaces/msg/rosidl_generator_c__visibility_control.h
[1.713s] -- Up-to-date: /home/loic/Desktop/Xcar_chidi/raspberryPI3/ros2_ws/install/interfaces/include/interfaces/interfaces/msg/motors_order.h
[1.713s] -- Up-to-date: /home/loic/Desktop/Xcar_chidi/raspberryPI3/ros2_ws/install/interfaces/share/interfaces/environment/library_path.sh
[1.713s] -- Up-to-date: /home/loic/Desktop/Xcar_chidi/raspberryPI3/ros2_ws/install/interfaces/share/interfaces/environment/library_path.dsv
[1.713s] -- Up-to-date: /home/loic/Desktop/Xcar_chidi/raspberryPI3/ros2_ws/install/interfaces/lib/libinterfaces__rosidl_generator_c.so
[1.714s] -- Up-to-date: /home/loic/Desktop/Xcar_chidi/raspberryPI3/ros2_ws/install/interfaces/include/interfaces/interfaces
[1.714s] -- Up-to-date: /home/loic/Desktop/Xcar_chidi/raspberryPI3/ros2_ws/install/interfaces/include/interfaces/interfaces/msg
[1.714s] -- Up-to-date: /home/loic/Desktop/Xcar_chidi/raspberryPI3/ros2_ws/install/interfaces/include/interfaces/interfaces/msg/detail
[1.714s] -- Up-to-date: /home/loic/Desktop/Xcar_chidi/raspberryPI3/ros2_ws/install/interfaces/include/interfaces/interfaces/msg/detail/ultrasonic__rosidl_typesupport_fastrtps_c.h
[1.714s] -- Up-to-date: /home/loic/Desktop/Xcar_chidi/raspberryPI3/ros2_ws/install/interfaces/include/interfaces/interfaces/msg/detail/gnss__rosidl_typesupport_fastrtps_c.h
[1.715s] -- Up-to-date: /home/loic/Desktop/Xcar_chidi/raspberryPI3/ros2_ws/install/interfaces/include/interfaces/interfaces/msg/detail/joystick_order__rosidl_typesupport_fastrtps_c.h
[1.715s] -- Up-to-date: /home/loic/Desktop/Xcar_chidi/raspberryPI3/ros2_ws/install/interfaces/include/interfaces/interfaces/msg/detail/motors_order__rosidl_typesupport_fastrtps_c.h
[1.715s] -- Up-to-date: /home/loic/Desktop/Xcar_chidi/raspberryPI3/ros2_ws/install/interfaces/include/interfaces/interfaces/msg/detail/motors_feedback__rosidl_typesupport_fastrtps_c.h
[1.715s] -- Up-to-date: /home/loic/Desktop/Xcar_chidi/raspberryPI3/ros2_ws/install/interfaces/include/interfaces/interfaces/msg/detail/steering_calibration__rosidl_typesupport_fastrtps_c.h
[1.715s] -- Up-to-date: /home/loic/Desktop/Xcar_chidi/raspberryPI3/ros2_ws/install/interfaces/include/interfaces/interfaces/msg/detail/system_check__rosidl_typesupport_fastrtps_c.h
[1.716s] -- Up-to-date: /home/loic/Desktop/Xcar_chidi/raspberryPI3/ros2_ws/install/interfaces/include/interfaces/interfaces/msg/detail/state__rosidl_typesupport_fastrtps_c.h
[1.716s] -- Up-to-date: /home/loic/Desktop/Xcar_chidi/raspberryPI3/ros2_ws/install/interfaces/include/interfaces/interfaces/msg/detail/general_data__rosidl_typesupport_fastrtps_c.h
[1.716s] -- Up-to-date: /home/loic/Desktop/Xcar_chidi/raspberryPI3/ros2_ws/install/interfaces/include/interfaces/interfaces/msg/rosidl_typesupport_fastrtps_c__visibility_control.h
[1.716s] -- Up-to-date: /home/loic/Desktop/Xcar_chidi/raspberryPI3/ros2_ws/install/interfaces/lib/libinterfaces__rosidl_typesupport_fastrtps_c.so
[1.716s] -- Up-to-date: /home/loic/Desktop/Xcar_chidi/raspberryPI3/ros2_ws/install/interfaces/include/interfaces/interfaces
[1.716s] -- Up-to-date: /home/loic/Desktop/Xcar_chidi/raspberryPI3/ros2_ws/install/interfaces/include/interfaces/interfaces/msg
[1.717s] -- Up-to-date: /home/loic/Desktop/Xcar_chidi/raspberryPI3/ros2_ws/install/interfaces/include/interfaces/interfaces/msg/gnss.hpp
[1.717s] -- Up-to-date: /home/loic/Desktop/Xcar_chidi/raspberryPI3/ros2_ws/install/interfaces/include/interfaces/interfaces/msg/ultrasonic.hpp
[1.717s] -- Up-to-date: /home/loic/Desktop/Xcar_chidi/raspberryPI3/ros2_ws/install/interfaces/include/interfaces/interfaces/msg/steering_calibration.hpp
[1.717s] -- Up-to-date: /home/loic/Desktop/Xcar_chidi/raspberryPI3/ros2_ws/install/interfaces/include/interfaces/interfaces/msg/system_check.hpp
[1.718s] -- Up-to-date: /home/loic/Desktop/Xcar_chidi/raspberryPI3/ros2_ws/install/interfaces/include/interfaces/interfaces/msg/motors_order.hpp
[1.718s] -- Up-to-date: /home/loic/Desktop/Xcar_chidi/raspberryPI3/ros2_ws/install/interfaces/include/interfaces/interfaces/msg/state.hpp
[1.718s] -- Up-to-date: /home/loic/Desktop/Xcar_chidi/raspberryPI3/ros2_ws/install/interfaces/include/interfaces/interfaces/msg/detail
[1.718s] -- Up-to-date: /home/loic/Desktop/Xcar_chidi/raspberryPI3/ros2_ws/install/interfaces/include/interfaces/interfaces/msg/detail/ultrasonic__struct.hpp
[1.718s] -- Up-to-date: /home/loic/Desktop/Xcar_chidi/raspberryPI3/ros2_ws/install/interfaces/include/interfaces/interfaces/msg/detail/steering_calibration__struct.hpp
[1.719s] -- Up-to-date: /home/loic/Desktop/Xcar_chidi/raspberryPI3/ros2_ws/install/interfaces/include/interfaces/interfaces/msg/detail/steering_calibration__builder.hpp
[1.719s] -- Up-to-date: /home/loic/Desktop/Xcar_chidi/raspberryPI3/ros2_ws/install/interfaces/include/interfaces/interfaces/msg/detail/steering_calibration__traits.hpp
[1.719s] -- Up-to-date: /home/loic/Desktop/Xcar_chidi/raspberryPI3/ros2_ws/install/interfaces/include/interfaces/interfaces/msg/detail/joystick_order__struct.hpp
[1.719s] -- Up-to-date: /home/loic/Desktop/Xcar_chidi/raspberryPI3/ros2_ws/install/interfaces/include/interfaces/interfaces/msg/detail/state__struct.hpp
[1.719s] -- Up-to-date: /home/loic/Desktop/Xcar_chidi/raspberryPI3/ros2_ws/install/interfaces/include/interfaces/interfaces/msg/detail/system_check__builder.hpp
[1.719s] -- Up-to-date: /home/loic/Desktop/Xcar_chidi/raspberryPI3/ros2_ws/install/interfaces/include/interfaces/interfaces/msg/detail/motors_feedback__traits.hpp
[1.719s] -- Up-to-date: /home/loic/Desktop/Xcar_chidi/raspberryPI3/ros2_ws/install/interfaces/include/interfaces/interfaces/msg/detail/general_data__traits.hpp
[1.720s] -- Up-to-date: /home/loic/Desktop/Xcar_chidi/raspberryPI3/ros2_ws/install/interfaces/include/interfaces/interfaces/msg/detail/state__traits.hpp
[1.720s] -- Up-to-date: /home/loic/Desktop/Xcar_chidi/raspberryPI3/ros2_ws/install/interfaces/include/interfaces/interfaces/msg/detail/gnss__builder.hpp
[1.720s] -- Up-to-date: /home/loic/Desktop/Xcar_chidi/raspberryPI3/ros2_ws/install/interfaces/include/interfaces/interfaces/msg/detail/joystick_order__builder.hpp
[1.720s] -- Up-to-date: /home/loic/Desktop/Xcar_chidi/raspberryPI3/ros2_ws/install/interfaces/include/interfaces/interfaces/msg/detail/ultrasonic__builder.hpp
[1.720s] -- Up-to-date: /home/loic/Desktop/Xcar_chidi/raspberryPI3/ros2_ws/install/interfaces/include/interfaces/interfaces/msg/detail/state__builder.hpp
[1.720s] -- Up-to-date: /home/loic/Desktop/Xcar_chidi/raspberryPI3/ros2_ws/install/interfaces/include/interfaces/interfaces/msg/detail/gnss__traits.hpp
[1.720s] -- Up-to-date: /home/loic/Desktop/Xcar_chidi/raspberryPI3/ros2_ws/install/interfaces/include/interfaces/interfaces/msg/detail/motors_order__builder.hpp
[1.721s] -- Up-to-date: /home/loic/Desktop/Xcar_chidi/raspberryPI3/ros2_ws/install/interfaces/include/interfaces/interfaces/msg/detail/motors_feedback__struct.hpp
[1.721s] -- Up-to-date: /home/loic/Desktop/Xcar_chidi/raspberryPI3/ros2_ws/install/interfaces/include/interfaces/interfaces/msg/detail/ultrasonic__traits.hpp
[1.721s] -- Up-to-date: /home/loic/Desktop/Xcar_chidi/raspberryPI3/ros2_ws/install/interfaces/include/interfaces/interfaces/msg/detail/joystick_order__traits.hpp
[1.721s] -- Up-to-date: /home/loic/Desktop/Xcar_chidi/raspberryPI3/ros2_ws/install/interfaces/include/interfaces/interfaces/msg/detail/system_check__traits.hpp
[1.721s] -- Up-to-date: /home/loic/Desktop/Xcar_chidi/raspberryPI3/ros2_ws/install/interfaces/include/interfaces/interfaces/msg/detail/gnss__struct.hpp
[1.721s] -- Up-to-date: /home/loic/Desktop/Xcar_chidi/raspberryPI3/ros2_ws/install/interfaces/include/interfaces/interfaces/msg/detail/general_data__builder.hpp
[1.721s] -- Up-to-date: /home/loic/Desktop/Xcar_chidi/raspberryPI3/ros2_ws/install/interfaces/include/interfaces/interfaces/msg/detail/motors_order__struct.hpp
[1.722s] -- Up-to-date: /home/loic/Desktop/Xcar_chidi/raspberryPI3/ros2_ws/install/interfaces/include/interfaces/interfaces/msg/detail/system_check__struct.hpp
[1.722s] -- Up-to-date: /home/loic/Desktop/Xcar_chidi/raspberryPI3/ros2_ws/install/interfaces/include/interfaces/interfaces/msg/detail/motors_feedback__builder.hpp
[1.722s] -- Up-to-date: /home/loic/Desktop/Xcar_chidi/raspberryPI3/ros2_ws/install/interfaces/include/interfaces/interfaces/msg/detail/general_data__struct.hpp
[1.722s] -- Up-to-date: /home/loic/Desktop/Xcar_chidi/raspberryPI3/ros2_ws/install/interfaces/include/interfaces/interfaces/msg/detail/motors_order__traits.hpp
[1.722s] -- Up-to-date: /home/loic/Desktop/Xcar_chidi/raspberryPI3/ros2_ws/install/interfaces/include/interfaces/interfaces/msg/general_data.hpp
[1.723s] -- Up-to-date: /home/loic/Desktop/Xcar_chidi/raspberryPI3/ros2_ws/install/interfaces/include/interfaces/interfaces/msg/joystick_order.hpp
[1.723s] -- Up-to-date: /home/loic/Desktop/Xcar_chidi/raspberryPI3/ros2_ws/install/interfaces/include/interfaces/interfaces/msg/motors_feedback.hpp
[1.723s] -- Up-to-date: /home/loic/Desktop/Xcar_chidi/raspberryPI3/ros2_ws/install/interfaces/include/interfaces/interfaces
[1.723s] -- Up-to-date: /home/loic/Desktop/Xcar_chidi/raspberryPI3/ros2_ws/install/interfaces/include/interfaces/interfaces/msg
[1.723s] -- Up-to-date: /home/loic/Desktop/Xcar_chidi/raspberryPI3/ros2_ws/install/interfaces/include/interfaces/interfaces/msg/detail
[1.723s] -- Up-to-date: /home/loic/Desktop/Xcar_chidi/raspberryPI3/ros2_ws/install/interfaces/include/interfaces/interfaces/msg/detail/system_check__rosidl_typesupport_fastrtps_cpp.hpp
[1.723s] -- Up-to-date: /home/loic/Desktop/Xcar_chidi/raspberryPI3/ros2_ws/install/interfaces/include/interfaces/interfaces/msg/detail/gnss__rosidl_typesupport_fastrtps_cpp.hpp
[1.724s] -- Up-to-date: /home/loic/Desktop/Xcar_chidi/raspberryPI3/ros2_ws/install/interfaces/include/interfaces/interfaces/msg/detail/joystick_order__rosidl_typesupport_fastrtps_cpp.hpp
[1.724s] -- Up-to-date: /home/loic/Desktop/Xcar_chidi/raspberryPI3/ros2_ws/install/interfaces/include/interfaces/interfaces/msg/detail/motors_order__rosidl_typesupport_fastrtps_cpp.hpp
[1.724s] -- Up-to-date: /home/loic/Desktop/Xcar_chidi/raspberryPI3/ros2_ws/install/interfaces/include/interfaces/interfaces/msg/detail/general_data__rosidl_typesupport_fastrtps_cpp.hpp
[1.724s] -- Up-to-date: /home/loic/Desktop/Xcar_chidi/raspberryPI3/ros2_ws/install/interfaces/include/interfaces/interfaces/msg/detail/dds_fastrtps
[1.724s] -- Up-to-date: /home/loic/Desktop/Xcar_chidi/raspberryPI3/ros2_ws/install/interfaces/include/interfaces/interfaces/msg/detail/ultrasonic__rosidl_typesupport_fastrtps_cpp.hpp
[1.724s] -- Up-to-date: /home/loic/Desktop/Xcar_chidi/raspberryPI3/ros2_ws/install/interfaces/include/interfaces/interfaces/msg/detail/state__rosidl_typesupport_fastrtps_cpp.hpp
[1.724s] -- Up-to-date: /home/loic/Desktop/Xcar_chidi/raspberryPI3/ros2_ws/install/interfaces/include/interfaces/interfaces/msg/detail/steering_calibration__rosidl_typesupport_fastrtps_cpp.hpp
[1.724s] -- Up-to-date: /home/loic/Desktop/Xcar_chidi/raspberryPI3/ros2_ws/install/interfaces/include/interfaces/interfaces/msg/detail/motors_feedback__rosidl_typesupport_fastrtps_cpp.hpp
[1.725s] -- Up-to-date: /home/loic/Desktop/Xcar_chidi/raspberryPI3/ros2_ws/install/interfaces/include/interfaces/interfaces/msg/rosidl_typesupport_fastrtps_cpp__visibility_control.h
[1.725s] -- Up-to-date: /home/loic/Desktop/Xcar_chidi/raspberryPI3/ros2_ws/install/interfaces/lib/libinterfaces__rosidl_typesupport_fastrtps_cpp.so
[1.725s] -- Up-to-date: /home/loic/Desktop/Xcar_chidi/raspberryPI3/ros2_ws/install/interfaces/include/interfaces/interfaces
[1.725s] -- Up-to-date: /home/loic/Desktop/Xcar_chidi/raspberryPI3/ros2_ws/install/interfaces/include/interfaces/interfaces/msg
[1.725s] -- Up-to-date: /home/loic/Desktop/Xcar_chidi/raspberryPI3/ros2_ws/install/interfaces/include/interfaces/interfaces/msg/rosidl_typesupport_introspection_c__visibility_control.h
[1.725s] -- Up-to-date: /home/loic/Desktop/Xcar_chidi/raspberryPI3/ros2_ws/install/interfaces/include/interfaces/interfaces/msg/detail
[1.725s] -- Up-to-date: /home/loic/Desktop/Xcar_chidi/raspberryPI3/ros2_ws/install/interfaces/include/interfaces/interfaces/msg/detail/general_data__rosidl_typesupport_introspection_c.h
[1.726s] -- Up-to-date: /home/loic/Desktop/Xcar_chidi/raspberryPI3/ros2_ws/install/interfaces/include/interfaces/interfaces/msg/detail/motors_order__rosidl_typesupport_introspection_c.h
[1.726s] -- Up-to-date: /home/loic/Desktop/Xcar_chidi/raspberryPI3/ros2_ws/install/interfaces/include/interfaces/interfaces/msg/detail/joystick_order__rosidl_typesupport_introspection_c.h
[1.726s] -- Up-to-date: /home/loic/Desktop/Xcar_chidi/raspberryPI3/ros2_ws/install/interfaces/include/interfaces/interfaces/msg/detail/steering_calibration__rosidl_typesupport_introspection_c.h
[1.726s] -- Up-to-date: /home/loic/Desktop/Xcar_chidi/raspberryPI3/ros2_ws/install/interfaces/include/interfaces/interfaces/msg/detail/system_check__rosidl_typesupport_introspection_c.h
[1.726s] -- Up-to-date: /home/loic/Desktop/Xcar_chidi/raspberryPI3/ros2_ws/install/interfaces/include/interfaces/interfaces/msg/detail/motors_order__type_support.c
[1.726s] -- Up-to-date: /home/loic/Desktop/Xcar_chidi/raspberryPI3/ros2_ws/install/interfaces/include/interfaces/interfaces/msg/detail/motors_feedback__type_support.c
[1.727s] -- Up-to-date: /home/loic/Desktop/Xcar_chidi/raspberryPI3/ros2_ws/install/interfaces/include/interfaces/interfaces/msg/detail/gnss__type_support.c
[1.727s] -- Up-to-date: /home/loic/Desktop/Xcar_chidi/raspberryPI3/ros2_ws/install/interfaces/include/interfaces/interfaces/msg/detail/ultrasonic__rosidl_typesupport_introspection_c.h
[1.727s] -- Up-to-date: /home/loic/Desktop/Xcar_chidi/raspberryPI3/ros2_ws/install/interfaces/include/interfaces/interfaces/msg/detail/system_check__type_support.c
[1.728s] -- Up-to-date: /home/loic/Desktop/Xcar_chidi/raspberryPI3/ros2_ws/install/interfaces/include/interfaces/interfaces/msg/detail/general_data__type_support.c
[1.728s] -- Up-to-date: /home/loic/Desktop/Xcar_chidi/raspberryPI3/ros2_ws/install/interfaces/include/interfaces/interfaces/msg/detail/joystick_order__type_support.c
[1.728s] -- Up-to-date: /home/loic/Desktop/Xcar_chidi/raspberryPI3/ros2_ws/install/interfaces/include/interfaces/interfaces/msg/detail/ultrasonic__type_support.c
[1.728s] -- Up-to-date: /home/loic/Desktop/Xcar_chidi/raspberryPI3/ros2_ws/install/interfaces/include/interfaces/interfaces/msg/detail/steering_calibration__type_support.c
[1.728s] -- Up-to-date: /home/loic/Desktop/Xcar_chidi/raspberryPI3/ros2_ws/install/interfaces/include/interfaces/interfaces/msg/detail/motors_feedback__rosidl_typesupport_introspection_c.h
[1.729s] -- Up-to-date: /home/loic/Desktop/Xcar_chidi/raspberryPI3/ros2_ws/install/interfaces/include/interfaces/interfaces/msg/detail/state__type_support.c
[1.729s] -- Up-to-date: /home/loic/Desktop/Xcar_chidi/raspberryPI3/ros2_ws/install/interfaces/include/interfaces/interfaces/msg/detail/gnss__rosidl_typesupport_introspection_c.h
[1.729s] -- Up-to-date: /home/loic/Desktop/Xcar_chidi/raspberryPI3/ros2_ws/install/interfaces/include/interfaces/interfaces/msg/detail/state__rosidl_typesupport_introspection_c.h
[1.729s] -- Up-to-date: /home/loic/Desktop/Xcar_chidi/raspberryPI3/ros2_ws/install/interfaces/lib/libinterfaces__rosidl_typesupport_introspection_c.so
[1.730s] -- Up-to-date: /home/loic/Desktop/Xcar_chidi/raspberryPI3/ros2_ws/install/interfaces/lib/libinterfaces__rosidl_typesupport_c.so
[1.730s] -- Up-to-date: /home/loic/Desktop/Xcar_chidi/raspberryPI3/ros2_ws/install/interfaces/include/interfaces/interfaces
[1.730s] -- Up-to-date: /home/loic/Desktop/Xcar_chidi/raspberryPI3/ros2_ws/install/interfaces/include/interfaces/interfaces/msg
[1.732s] -- Up-to-date: /home/loic/Desktop/Xcar_chidi/raspberryPI3/ros2_ws/install/interfaces/include/interfaces/interfaces/msg/detail
[1.732s] -- Up-to-date: /home/loic/Desktop/Xcar_chidi/raspberryPI3/ros2_ws/install/interfaces/include/interfaces/interfaces/msg/detail/motors_feedback__type_support.cpp
[1.732s] -- Up-to-date: /home/loic/Desktop/Xcar_chidi/raspberryPI3/ros2_ws/install/interfaces/include/interfaces/interfaces/msg/detail/joystick_order__rosidl_typesupport_introspection_cpp.hpp
[1.732s] -- Up-to-date: /home/loic/Desktop/Xcar_chidi/raspberryPI3/ros2_ws/install/interfaces/include/interfaces/interfaces/msg/detail/gnss__rosidl_typesupport_introspection_cpp.hpp
[1.732s] -- Up-to-date: /home/loic/Desktop/Xcar_chidi/raspberryPI3/ros2_ws/install/interfaces/include/interfaces/interfaces/msg/detail/ultrasonic__rosidl_typesupport_introspection_cpp.hpp
[1.733s] -- Up-to-date: /home/loic/Desktop/Xcar_chidi/raspberryPI3/ros2_ws/install/interfaces/include/interfaces/interfaces/msg/detail/motors_feedback__rosidl_typesupport_introspection_cpp.hpp
[1.733s] -- Up-to-date: /home/loic/Desktop/Xcar_chidi/raspberryPI3/ros2_ws/install/interfaces/include/interfaces/interfaces/msg/detail/motors_order__rosidl_typesupport_introspection_cpp.hpp
[1.733s] -- Up-to-date: /home/loic/Desktop/Xcar_chidi/raspberryPI3/ros2_ws/install/interfaces/include/interfaces/interfaces/msg/detail/system_check__type_support.cpp
[1.733s] -- Up-to-date: /home/loic/Desktop/Xcar_chidi/raspberryPI3/ros2_ws/install/interfaces/include/interfaces/interfaces/msg/detail/state__type_support.cpp
[1.733s] -- Up-to-date: /home/loic/Desktop/Xcar_chidi/raspberryPI3/ros2_ws/install/interfaces/include/interfaces/interfaces/msg/detail/gnss__type_support.cpp
[1.733s] -- Up-to-date: /home/loic/Desktop/Xcar_chidi/raspberryPI3/ros2_ws/install/interfaces/include/interfaces/interfaces/msg/detail/steering_calibration__rosidl_typesupport_introspection_cpp.hpp
[1.733s] -- Up-to-date: /home/loic/Desktop/Xcar_chidi/raspberryPI3/ros2_ws/install/interfaces/include/interfaces/interfaces/msg/detail/state__rosidl_typesupport_introspection_cpp.hpp
[1.733s] -- Up-to-date: /home/loic/Desktop/Xcar_chidi/raspberryPI3/ros2_ws/install/interfaces/include/interfaces/interfaces/msg/detail/general_data__rosidl_typesupport_introspection_cpp.hpp
[1.734s] -- Up-to-date: /home/loic/Desktop/Xcar_chidi/raspberryPI3/ros2_ws/install/interfaces/include/interfaces/interfaces/msg/detail/general_data__type_support.cpp
[1.734s] -- Up-to-date: /home/loic/Desktop/Xcar_chidi/raspberryPI3/ros2_ws/install/interfaces/include/interfaces/interfaces/msg/detail/ultrasonic__type_support.cpp
[1.734s] -- Up-to-date: /home/loic/Desktop/Xcar_chidi/raspberryPI3/ros2_ws/install/interfaces/include/interfaces/interfaces/msg/detail/motors_order__type_support.cpp
[1.734s] -- Up-to-date: /home/loic/Desktop/Xcar_chidi/raspberryPI3/ros2_ws/install/interfaces/include/interfaces/interfaces/msg/detail/system_check__rosidl_typesupport_introspection_cpp.hpp
[1.734s] -- Up-to-date: /home/loic/Desktop/Xcar_chidi/raspberryPI3/ros2_ws/install/interfaces/include/interfaces/interfaces/msg/detail/steering_calibration__type_support.cpp
[1.734s] -- Up-to-date: /home/loic/Desktop/Xcar_chidi/raspberryPI3/ros2_ws/install/interfaces/include/interfaces/interfaces/msg/detail/joystick_order__type_support.cpp
[1.734s] -- Up-to-date: /home/loic/Desktop/Xcar_chidi/raspberryPI3/ros2_ws/install/interfaces/lib/libinterfaces__rosidl_typesupport_introspection_cpp.so
[1.734s] -- Up-to-date: /home/loic/Desktop/Xcar_chidi/raspberryPI3/ros2_ws/install/interfaces/lib/libinterfaces__rosidl_typesupport_cpp.so
[1.735s] -- Up-to-date: /home/loic/Desktop/Xcar_chidi/raspberryPI3/ros2_ws/install/interfaces/share/interfaces/environment/pythonpath.sh
[1.735s] -- Up-to-date: /home/loic/Desktop/Xcar_chidi/raspberryPI3/ros2_ws/install/interfaces/share/interfaces/environment/pythonpath.dsv
[1.735s] -- Up-to-date: /home/loic/Desktop/Xcar_chidi/raspberryPI3/ros2_ws/install/interfaces/local/lib/python3.10/dist-packages/interfaces-0.0.0-py3.10.egg-info
[1.735s] -- Installing: /home/loic/Desktop/Xcar_chidi/raspberryPI3/ros2_ws/install/interfaces/local/lib/python3.10/dist-packages/interfaces-0.0.0-py3.10.egg-info/top_level.txt
[1.735s] -- Installing: /home/loic/Desktop/Xcar_chidi/raspberryPI3/ros2_ws/install/interfaces/local/lib/python3.10/dist-packages/interfaces-0.0.0-py3.10.egg-info/PKG-INFO
[1.735s] -- Installing: /home/loic/Desktop/Xcar_chidi/raspberryPI3/ros2_ws/install/interfaces/local/lib/python3.10/dist-packages/interfaces-0.0.0-py3.10.egg-info/dependency_links.txt
[1.735s] -- Installing: /home/loic/Desktop/Xcar_chidi/raspberryPI3/ros2_ws/install/interfaces/local/lib/python3.10/dist-packages/interfaces-0.0.0-py3.10.egg-info/SOURCES.txt
[1.736s] -- Up-to-date: /home/loic/Desktop/Xcar_chidi/raspberryPI3/ros2_ws/install/interfaces/local/lib/python3.10/dist-packages/interfaces
[1.736s] -- Up-to-date: /home/loic/Desktop/Xcar_chidi/raspberryPI3/ros2_ws/install/interfaces/local/lib/python3.10/dist-packages/interfaces/msg
[1.736s] -- Up-to-date: /home/loic/Desktop/Xcar_chidi/raspberryPI3/ros2_ws/install/interfaces/local/lib/python3.10/dist-packages/interfaces/msg/_general_data.py
[1.736s] -- Up-to-date: /home/loic/Desktop/Xcar_chidi/raspberryPI3/ros2_ws/install/interfaces/local/lib/python3.10/dist-packages/interfaces/msg/_motors_order_s.c
[1.736s] -- Up-to-date: /home/loic/Desktop/Xcar_chidi/raspberryPI3/ros2_ws/install/interfaces/local/lib/python3.10/dist-packages/interfaces/msg/_steering_calibration_s.c
[1.736s] -- Up-to-date: /home/loic/Desktop/Xcar_chidi/raspberryPI3/ros2_ws/install/interfaces/local/lib/python3.10/dist-packages/interfaces/msg/_motors_order.py
[1.736s] -- Up-to-date: /home/loic/Desktop/Xcar_chidi/raspberryPI3/ros2_ws/install/interfaces/local/lib/python3.10/dist-packages/interfaces/msg/_gnss.py
[1.736s] -- Up-to-date: /home/loic/Desktop/Xcar_chidi/raspberryPI3/ros2_ws/install/interfaces/local/lib/python3.10/dist-packages/interfaces/msg/_motors_feedback.py
[1.736s] -- Up-to-date: /home/loic/Desktop/Xcar_chidi/raspberryPI3/ros2_ws/install/interfaces/local/lib/python3.10/dist-packages/interfaces/msg/_ultrasonic.py
[1.737s] -- Up-to-date: /home/loic/Desktop/Xcar_chidi/raspberryPI3/ros2_ws/install/interfaces/local/lib/python3.10/dist-packages/interfaces/msg/_state.py
[1.737s] -- Up-to-date: /home/loic/Desktop/Xcar_chidi/raspberryPI3/ros2_ws/install/interfaces/local/lib/python3.10/dist-packages/interfaces/msg/__init__.py
[1.737s] -- Up-to-date: /home/loic/Desktop/Xcar_chidi/raspberryPI3/ros2_ws/install/interfaces/local/lib/python3.10/dist-packages/interfaces/msg/_gnss_s.c
[1.737s] -- Up-to-date: /home/loic/Desktop/Xcar_chidi/raspberryPI3/ros2_ws/install/interfaces/local/lib/python3.10/dist-packages/interfaces/msg/_system_check_s.c
[1.737s] -- Up-to-date: /home/loic/Desktop/Xcar_chidi/raspberryPI3/ros2_ws/install/interfaces/local/lib/python3.10/dist-packages/interfaces/msg/_motors_feedback_s.c
[1.737s] -- Up-to-date: /home/loic/Desktop/Xcar_chidi/raspberryPI3/ros2_ws/install/interfaces/local/lib/python3.10/dist-packages/interfaces/msg/_state_s.c
[1.737s] -- Up-to-date: /home/loic/Desktop/Xcar_chidi/raspberryPI3/ros2_ws/install/interfaces/local/lib/python3.10/dist-packages/interfaces/msg/_ultrasonic_s.c
[1.737s] -- Up-to-date: /home/loic/Desktop/Xcar_chidi/raspberryPI3/ros2_ws/install/interfaces/local/lib/python3.10/dist-packages/interfaces/msg/_system_check.py
[1.738s] -- Up-to-date: /home/loic/Desktop/Xcar_chidi/raspberryPI3/ros2_ws/install/interfaces/local/lib/python3.10/dist-packages/interfaces/msg/_general_data_s.c
[1.738s] -- Up-to-date: /home/loic/Desktop/Xcar_chidi/raspberryPI3/ros2_ws/install/interfaces/local/lib/python3.10/dist-packages/interfaces/msg/_joystick_order_s.c
[1.738s] -- Up-to-date: /home/loic/Desktop/Xcar_chidi/raspberryPI3/ros2_ws/install/interfaces/local/lib/python3.10/dist-packages/interfaces/msg/_joystick_order.py
[1.738s] -- Up-to-date: /home/loic/Desktop/Xcar_chidi/raspberryPI3/ros2_ws/install/interfaces/local/lib/python3.10/dist-packages/interfaces/msg/_steering_calibration.py
[1.738s] -- Up-to-date: /home/loic/Desktop/Xcar_chidi/raspberryPI3/ros2_ws/install/interfaces/local/lib/python3.10/dist-packages/interfaces/_interfaces_s.ep.rosidl_typesupport_c.c
[1.738s] -- Up-to-date: /home/loic/Desktop/Xcar_chidi/raspberryPI3/ros2_ws/install/interfaces/local/lib/python3.10/dist-packages/interfaces/_interfaces_s.ep.rosidl_typesupport_fastrtps_c.c
[1.738s] -- Up-to-date: /home/loic/Desktop/Xcar_chidi/raspberryPI3/ros2_ws/install/interfaces/local/lib/python3.10/dist-packages/interfaces/interfaces_s__rosidl_typesupport_introspection_c.cpython-310-x86_64-linux-gnu.so
[1.739s] -- Up-to-date: /home/loic/Desktop/Xcar_chidi/raspberryPI3/ros2_ws/install/interfaces/local/lib/python3.10/dist-packages/interfaces/interfaces_s__rosidl_typesupport_c.cpython-310-x86_64-linux-gnu.so
[1.739s] -- Up-to-date: /home/loic/Desktop/Xcar_chidi/raspberryPI3/ros2_ws/install/interfaces/local/lib/python3.10/dist-packages/interfaces/__init__.py
[1.739s] -- Up-to-date: /home/loic/Desktop/Xcar_chidi/raspberryPI3/ros2_ws/install/interfaces/local/lib/python3.10/dist-packages/interfaces/_interfaces_s.ep.rosidl_typesupport_introspection_c.c
[1.739s] -- Up-to-date: /home/loic/Desktop/Xcar_chidi/raspberryPI3/ros2_ws/install/interfaces/local/lib/python3.10/dist-packages/interfaces/interfaces_s__rosidl_typesupport_fastrtps_c.cpython-310-x86_64-linux-gnu.so
[1.739s] -- Up-to-date: /home/loic/Desktop/Xcar_chidi/raspberryPI3/ros2_ws/install/interfaces/local/lib/python3.10/dist-packages/interfaces/libinterfaces__rosidl_generator_py.so
[1.801s] Listing '/home/loic/Desktop/Xcar_chidi/raspberryPI3/ros2_ws/install/interfaces/local/lib/python3.10/dist-packages/interfaces'...
[1.801s] Listing '/home/loic/Desktop/Xcar_chidi/raspberryPI3/ros2_ws/install/interfaces/local/lib/python3.10/dist-packages/interfaces/msg'...
[1.812s] -- Up-to-date: /home/loic/Desktop/Xcar_chidi/raspberryPI3/ros2_ws/install/interfaces/local/lib/python3.10/dist-packages/interfaces/interfaces_s__rosidl_typesupport_fastrtps_c.cpython-310-x86_64-linux-gnu.so
[1.812s] -- Up-to-date: /home/loic/Desktop/Xcar_chidi/raspberryPI3/ros2_ws/install/interfaces/local/lib/python3.10/dist-packages/interfaces/interfaces_s__rosidl_typesupport_introspection_c.cpython-310-x86_64-linux-gnu.so
[1.813s] -- Up-to-date: /home/loic/Desktop/Xcar_chidi/raspberryPI3/ros2_ws/install/interfaces/local/lib/python3.10/dist-packages/interfaces/interfaces_s__rosidl_typesupport_c.cpython-310-x86_64-linux-gnu.so
[1.815s] -- Up-to-date: /home/loic/Desktop/Xcar_chidi/raspberryPI3/ros2_ws/install/interfaces/lib/libinterfaces__rosidl_generator_py.so
[1.815s] -- Up-to-date: /home/loic/Desktop/Xcar_chidi/raspberryPI3/ros2_ws/install/interfaces/share/interfaces/msg/JoystickOrder.idl
[1.816s] -- Up-to-date: /home/loic/Desktop/Xcar_chidi/raspberryPI3/ros2_ws/install/interfaces/share/interfaces/msg/MotorsOrder.idl
[1.816s] -- Up-to-date: /home/loic/Desktop/Xcar_chidi/raspberryPI3/ros2_ws/install/interfaces/share/interfaces/msg/MotorsFeedback.idl
[1.816s] -- Up-to-date: /home/loic/Desktop/Xcar_chidi/raspberryPI3/ros2_ws/install/interfaces/share/interfaces/msg/GeneralData.idl
[1.817s] -- Up-to-date: /home/loic/Desktop/Xcar_chidi/raspberryPI3/ros2_ws/install/interfaces/share/interfaces/msg/SteeringCalibration.idl
[1.817s] -- Up-to-date: /home/loic/Desktop/Xcar_chidi/raspberryPI3/ros2_ws/install/interfaces/share/interfaces/msg/Ultrasonic.idl
[1.817s] -- Up-to-date: /home/loic/Desktop/Xcar_chidi/raspberryPI3/ros2_ws/install/interfaces/share/interfaces/msg/Gnss.idl
[1.818s] -- Up-to-date: /home/loic/Desktop/Xcar_chidi/raspberryPI3/ros2_ws/install/interfaces/share/interfaces/msg/SystemCheck.idl
[1.818s] -- Up-to-date: /home/loic/Desktop/Xcar_chidi/raspberryPI3/ros2_ws/install/interfaces/share/interfaces/msg/State.idl
[1.818s] -- Up-to-date: /home/loic/Desktop/Xcar_chidi/raspberryPI3/ros2_ws/install/interfaces/share/interfaces/msg/JoystickOrder.msg
[1.818s] -- Up-to-date: /home/loic/Desktop/Xcar_chidi/raspberryPI3/ros2_ws/install/interfaces/share/interfaces/msg/MotorsOrder.msg
[1.819s] -- Up-to-date: /home/loic/Desktop/Xcar_chidi/raspberryPI3/ros2_ws/install/interfaces/share/interfaces/msg/MotorsFeedback.msg
[1.819s] -- Up-to-date: /home/loic/Desktop/Xcar_chidi/raspberryPI3/ros2_ws/install/interfaces/share/interfaces/msg/GeneralData.msg
[1.819s] -- Up-to-date: /home/loic/Desktop/Xcar_chidi/raspberryPI3/ros2_ws/install/interfaces/share/interfaces/msg/SteeringCalibration.msg
[1.819s] -- Up-to-date: /home/loic/Desktop/Xcar_chidi/raspberryPI3/ros2_ws/install/interfaces/share/interfaces/msg/Ultrasonic.msg
[1.820s] -- Up-to-date: /home/loic/Desktop/Xcar_chidi/raspberryPI3/ros2_ws/install/interfaces/share/interfaces/msg/Gnss.msg
[1.820s] -- Up-to-date: /home/loic/Desktop/Xcar_chidi/raspberryPI3/ros2_ws/install/interfaces/share/interfaces/msg/SystemCheck.msg
[1.820s] -- Up-to-date: /home/loic/Desktop/Xcar_chidi/raspberryPI3/ros2_ws/install/interfaces/share/interfaces/msg/State.msg
[1.821s] -- Up-to-date: /home/loic/Desktop/Xcar_chidi/raspberryPI3/ros2_ws/install/interfaces/share/ament_index/resource_index/package_run_dependencies/interfaces
[1.821s] -- Up-to-date: /home/loic/Desktop/Xcar_chidi/raspberryPI3/ros2_ws/install/interfaces/share/ament_index/resource_index/parent_prefix_path/interfaces
[1.821s] -- Up-to-date: /home/loic/Desktop/Xcar_chidi/raspberryPI3/ros2_ws/install/interfaces/share/interfaces/environment/ament_prefix_path.sh
[1.821s] -- Up-to-date: /home/loic/Desktop/Xcar_chidi/raspberryPI3/ros2_ws/install/interfaces/share/interfaces/environment/ament_prefix_path.dsv
[1.822s] -- Up-to-date: /home/loic/Desktop/Xcar_chidi/raspberryPI3/ros2_ws/install/interfaces/share/interfaces/environment/path.sh
[1.822s] -- Up-to-date: /home/loic/Desktop/Xcar_chidi/raspberryPI3/ros2_ws/install/interfaces/share/interfaces/environment/path.dsv
[1.822s] -- Up-to-date: /home/loic/Desktop/Xcar_chidi/raspberryPI3/ros2_ws/install/interfaces/share/interfaces/local_setup.bash
[1.822s] -- Up-to-date: /home/loic/Desktop/Xcar_chidi/raspberryPI3/ros2_ws/install/interfaces/share/interfaces/local_setup.sh
[1.823s] -- Up-to-date: /home/loic/Desktop/Xcar_chidi/raspberryPI3/ros2_ws/install/interfaces/share/interfaces/local_setup.zsh
[1.823s] -- Up-to-date: /home/loic/Desktop/Xcar_chidi/raspberryPI3/ros2_ws/install/interfaces/share/interfaces/local_setup.dsv
[1.823s] -- Installing: /home/loic/Desktop/Xcar_chidi/raspberryPI3/ros2_ws/install/interfaces/share/interfaces/package.dsv
[1.824s] -- Up-to-date: /home/loic/Desktop/Xcar_chidi/raspberryPI3/ros2_ws/install/interfaces/share/ament_index/resource_index/packages/interfaces
[1.824s] -- Up-to-date: /home/loic/Desktop/Xcar_chidi/raspberryPI3/ros2_ws/install/interfaces/share/interfaces/cmake/export_interfaces__rosidl_generator_cExport.cmake
[1.824s] -- Up-to-date: /home/loic/Desktop/Xcar_chidi/raspberryPI3/ros2_ws/install/interfaces/share/interfaces/cmake/export_interfaces__rosidl_generator_cExport-noconfig.cmake
[1.824s] -- Up-to-date: /home/loic/Desktop/Xcar_chidi/raspberryPI3/ros2_ws/install/interfaces/share/interfaces/cmake/export_interfaces__rosidl_typesupport_fastrtps_cExport.cmake
[1.825s] -- Up-to-date: /home/loic/Desktop/Xcar_chidi/raspberryPI3/ros2_ws/install/interfaces/share/interfaces/cmake/export_interfaces__rosidl_typesupport_fastrtps_cExport-noconfig.cmake
[1.825s] -- Up-to-date: /home/loic/Desktop/Xcar_chidi/raspberryPI3/ros2_ws/install/interfaces/share/interfaces/cmake/export_interfaces__rosidl_generator_cppExport.cmake
[1.825s] -- Up-to-date: /home/loic/Desktop/Xcar_chidi/raspberryPI3/ros2_ws/install/interfaces/share/interfaces/cmake/export_interfaces__rosidl_typesupport_fastrtps_cppExport.cmake
[1.825s] -- Up-to-date: /home/loic/Desktop/Xcar_chidi/raspberryPI3/ros2_ws/install/interfaces/share/interfaces/cmake/export_interfaces__rosidl_typesupport_fastrtps_cppExport-noconfig.cmake
[1.826s] -- Up-to-date: /home/loic/Desktop/Xcar_chidi/raspberryPI3/ros2_ws/install/interfaces/share/interfaces/cmake/interfaces__rosidl_typesupport_introspection_cExport.cmake
[1.826s] -- Up-to-date: /home/loic/Desktop/Xcar_chidi/raspberryPI3/ros2_ws/install/interfaces/share/interfaces/cmake/interfaces__rosidl_typesupport_introspection_cExport-noconfig.cmake
[1.826s] -- Up-to-date: /home/loic/Desktop/Xcar_chidi/raspberryPI3/ros2_ws/install/interfaces/share/interfaces/cmake/interfaces__rosidl_typesupport_cExport.cmake
[1.827s] -- Up-to-date: /home/loic/Desktop/Xcar_chidi/raspberryPI3/ros2_ws/install/interfaces/share/interfaces/cmake/interfaces__rosidl_typesupport_cExport-noconfig.cmake
[1.827s] -- Up-to-date: /home/loic/Desktop/Xcar_chidi/raspberryPI3/ros2_ws/install/interfaces/share/interfaces/cmake/interfaces__rosidl_typesupport_introspection_cppExport.cmake
[1.827s] -- Up-to-date: /home/loic/Desktop/Xcar_chidi/raspberryPI3/ros2_ws/install/interfaces/share/interfaces/cmake/interfaces__rosidl_typesupport_introspection_cppExport-noconfig.cmake
[1.827s] -- Up-to-date: /home/loic/Desktop/Xcar_chidi/raspberryPI3/ros2_ws/install/interfaces/share/interfaces/cmake/interfaces__rosidl_typesupport_cppExport.cmake
[1.828s] -- Up-to-date: /home/loic/Desktop/Xcar_chidi/raspberryPI3/ros2_ws/install/interfaces/share/interfaces/cmake/interfaces__rosidl_typesupport_cppExport-noconfig.cmake
[1.828s] -- Up-to-date: /home/loic/Desktop/Xcar_chidi/raspberryPI3/ros2_ws/install/interfaces/share/interfaces/cmake/export_interfaces__rosidl_generator_pyExport.cmake
[1.828s] -- Up-to-date: /home/loic/Desktop/Xcar_chidi/raspberryPI3/ros2_ws/install/interfaces/share/interfaces/cmake/export_interfaces__rosidl_generator_pyExport-noconfig.cmake
[1.829s] -- Up-to-date: /home/loic/Desktop/Xcar_chidi/raspberryPI3/ros2_ws/install/interfaces/share/interfaces/cmake/rosidl_cmake-extras.cmake
[1.829s] -- Up-to-date: /home/loic/Desktop/Xcar_chidi/raspberryPI3/ros2_ws/install/interfaces/share/interfaces/cmake/ament_cmake_export_include_directories-extras.cmake
[1.829s] -- Up-to-date: /home/loic/Desktop/Xcar_chidi/raspberryPI3/ros2_ws/install/interfaces/share/interfaces/cmake/ament_cmake_export_libraries-extras.cmake
[1.829s] -- Up-to-date: /home/loic/Desktop/Xcar_chidi/raspberryPI3/ros2_ws/install/interfaces/share/interfaces/cmake/ament_cmake_export_targets-extras.cmake
[1.830s] -- Up-to-date: /home/loic/Desktop/Xcar_chidi/raspberryPI3/ros2_ws/install/interfaces/share/interfaces/cmake/rosidl_cmake_export_typesupport_targets-extras.cmake
[1.830s] -- Up-to-date: /home/loic/Desktop/Xcar_chidi/raspberryPI3/ros2_ws/install/interfaces/share/interfaces/cmake/ament_cmake_export_dependencies-extras.cmake
[1.830s] -- Up-to-date: /home/loic/Desktop/Xcar_chidi/raspberryPI3/ros2_ws/install/interfaces/share/interfaces/cmake/rosidl_cmake_export_typesupport_libraries-extras.cmake
[1.831s] -- Up-to-date: /home/loic/Desktop/Xcar_chidi/raspberryPI3/ros2_ws/install/interfaces/share/interfaces/cmake/interfacesConfig.cmake
[1.831s] -- Up-to-date: /home/loic/Desktop/Xcar_chidi/raspberryPI3/ros2_ws/install/interfaces/share/interfaces/cmake/interfacesConfig-version.cmake
[1.831s] -- Up-to-date: /home/loic/Desktop/Xcar_chidi/raspberryPI3/ros2_ws/install/interfaces/share/interfaces/package.xml
[1.834s] Invoked command in '/home/loic/Desktop/Xcar_chidi/raspberryPI3/ros2_ws/build/interfaces' returned '0': CMAKE_PREFIX_PATH=/opt/ros/humble /usr/bin/cmake --install /home/loic/Desktop/Xcar_chidi/raspberryPI3/ros2_ws/build/interfaces
